/home/runner/work/tls/tls/output/effective.xml:37:73: error: element "modules" not allowed anywhere; expected element "foreword", "pp-preferences" or "sec:Introduction"
/home/runner/work/tls/tls/output/effective.xml:60:46: error: element "usecases" not allowed anywhere; expected the element end-tag, text, element "_", "assignable", "choice", "comment", "componentsneeded", "ctr", "depends", "endnote", "equation", "figure", "implements", "no-link", "provides", "refinement", "requires", "rule", "section", "selectables", "snip", "testlist" or "xref" or an element from another namespace
/home/runner/work/tls/tls/output/effective.xml:62:67: error: element "usecases" not allowed anywhere; expected the element end-tag, text, element "_", "assignable", "choice", "comment", "componentsneeded", "ctr", "depends", "endnote", "equation", "figure", "implements", "no-link", "provides", "refinement", "requires", "rule", "section", "selectables", "snip", "testlist" or "xref" or an element from another namespace
/home/runner/work/tls/tls/output/effective.xml:74:43: error: element "selectables" incomplete; missing required element "selectable"
/home/runner/work/tls/tls/output/effective.xml:98:29: error: element "OSPs" not allowed here; expected the element end-tag, text, element "_", "assignable", "choice", "comment", "componentsneeded", "ctr", "depends", "endnote", "equation", "figure", "implements", "no-link", "provides", "refinement", "requires", "rule", "section", "selectables", "snip", "testlist" or "xref" or an element from another namespace
/home/runner/work/tls/tls/output/effective.xml:105:84: error: element "SOEs" not allowed here; expected the element end-tag, text, element "_", "assignable", "choice", "comment", "componentsneeded", "ctr", "depends", "endnote", "equation", "figure", "implements", "no-link", "provides", "refinement", "requires", "rule", "section", "selectables", "snip", "testlist" or "xref" or an element from another namespace
/home/runner/work/tls/tls/output/effective.xml:122:85: error: element "ext-comp-def" not allowed here; expected the element end-tag, text, element "_", "assignable", "choice", "comment", "componentsneeded", "ctr", "depends", "endnote", "equation", "figure", "implements", "no-link", "provides", "refinement", "requires", "rule", "section", "selectables", "snip", "testlist" or "xref" or an element from another namespace
/home/runner/work/tls/tls/output/effective.xml:126:95: error: element "ext-comp-def" not allowed here; expected the element end-tag, text, element "_", "assignable", "choice", "comment", "componentsneeded", "ctr", "depends", "endnote", "equation", "figure", "implements", "no-link", "provides", "refinement", "requires", "rule", "section", "selectables", "snip", "testlist" or "xref" or an element from another namespace
/home/runner/work/tls/tls/output/effective.xml:130:95: error: element "ext-comp-def" not allowed here; expected the element end-tag, text, element "_", "assignable", "choice", "comment", "componentsneeded", "ctr", "depends", "endnote", "equation", "figure", "implements", "no-link", "provides", "refinement", "requires", "rule", "section", "selectables", "snip", "testlist" or "xref" or an element from another namespace
/home/runner/work/tls/tls/output/effective.xml:134:93: error: element "ext-comp-def" not allowed here; expected the element end-tag, text, element "_", "assignable", "choice", "comment", "componentsneeded", "ctr", "depends", "endnote", "equation", "figure", "implements", "no-link", "provides", "refinement", "requires", "rule", "section", "selectables", "snip", "testlist" or "xref" or an element from another namespace
/home/runner/work/tls/tls/output/effective.xml:138:93: error: element "ext-comp-def" not allowed here; expected the element end-tag, text, element "_", "assignable", "choice", "comment", "componentsneeded", "ctr", "depends", "endnote", "equation", "figure", "implements", "no-link", "provides", "refinement", "requires", "rule", "section", "selectables", "snip", "testlist" or "xref" or an element from another namespace
/home/runner/work/tls/tls/output/effective.xml:144:134: error: element "f-component" not allowed here; expected the element end-tag, text, element "_", "assignable", "choice", "comment", "componentsneeded", "ctr", "depends", "endnote", "equation", "figure", "implements", "no-link", "provides", "refinement", "requires", "rule", "section", "selectables", "snip", "testlist" or "xref" or an element from another namespace
/home/runner/work/tls/tls/output/effective.xml:180:53: error: element "p" not allowed anywhere; expected the element end-tag, text, element "_", "assignable", "choice", "comment", "componentsneeded", "ctr", "depends", "endnote", "equation", "figure", "implements", "no-link", "provides", "refinement", "requires", "rule", "selectables", "snip", "testlist" or "xref" or an element from another namespace
/home/runner/work/tls/tls/output/effective.xml:182:53: error: element "p" not allowed anywhere; expected the element end-tag, text, element "_", "assignable", "choice", "comment", "componentsneeded", "ctr", "depends", "endnote", "equation", "figure", "implements", "no-link", "provides", "refinement", "requires", "rule", "selectables", "snip", "testlist" or "xref" or an element from another namespace
/home/runner/work/tls/tls/output/effective.xml:184:53: error: element "p" not allowed anywhere; expected the element end-tag, text, element "_", "assignable", "choice", "comment", "componentsneeded", "ctr", "depends", "endnote", "equation", "figure", "implements", "no-link", "provides", "refinement", "requires", "rule", "selectables", "snip", "testlist" or "xref" or an element from another namespace
/home/runner/work/tls/tls/output/effective.xml:189:53: error: element "p" not allowed anywhere; expected the element end-tag, text, element "_", "assignable", "choice", "comment", "componentsneeded", "ctr", "depends", "endnote", "equation", "figure", "implements", "no-link", "provides", "refinement", "requires", "rule", "selectables", "snip", "testlist" or "xref" or an element from another namespace
/home/runner/work/tls/tls/output/effective.xml:192:53: error: element "p" not allowed anywhere; expected the element end-tag, text, element "_", "assignable", "choice", "comment", "componentsneeded", "ctr", "depends", "endnote", "equation", "figure", "implements", "no-link", "provides", "refinement", "requires", "rule", "selectables", "snip", "testlist" or "xref" or an element from another namespace
/home/runner/work/tls/tls/output/effective.xml:201:53: error: element "p" not allowed anywhere; expected the element end-tag, text, element "_", "assignable", "choice", "comment", "componentsneeded", "ctr", "depends", "endnote", "equation", "figure", "implements", "no-link", "provides", "refinement", "requires", "rule", "selectables", "snip", "testlist" or "xref" or an element from another namespace
/home/runner/work/tls/tls/output/effective.xml:203:53: error: element "p" not allowed anywhere; expected the element end-tag, text, element "_", "assignable", "choice", "comment", "componentsneeded", "ctr", "depends", "endnote", "equation", "figure", "implements", "no-link", "provides", "refinement", "requires", "rule", "selectables", "snip", "testlist" or "xref" or an element from another namespace
/home/runner/work/tls/tls/output/effective.xml:208:58: error: element "p" not allowed anywhere; expected the element end-tag, text, element "_", "assignable", "choice", "comment", "componentsneeded", "ctr", "depends", "endnote", "equation", "figure", "implements", "no-link", "provides", "refinement", "requires", "rule", "selectables", "snip", "testlist" or "xref" or an element from another namespace
/home/runner/work/tls/tls/output/effective.xml:212:53: error: element "p" not allowed anywhere; expected the element end-tag, text, element "_", "assignable", "choice", "comment", "componentsneeded", "ctr", "depends", "endnote", "equation", "figure", "implements", "no-link", "provides", "refinement", "requires", "rule", "selectables", "snip", "testlist" or "xref" or an element from another namespace
/home/runner/work/tls/tls/output/effective.xml:216:86: error: element "p" not allowed anywhere; expected the element end-tag, text, element "_", "assignable", "choice", "comment", "componentsneeded", "ctr", "depends", "endnote", "equation", "figure", "implements", "no-link", "provides", "refinement", "requires", "rule", "selectables", "snip", "testlist" or "xref" or an element from another namespace
/home/runner/work/tls/tls/output/effective.xml:218:52: error: element "p" not allowed anywhere; expected the element end-tag, text, element "_", "assignable", "choice", "comment", "componentsneeded", "ctr", "depends", "endnote", "equation", "figure", "implements", "no-link", "provides", "refinement", "requires", "rule", "selectables", "snip", "testlist" or "xref" or an element from another namespace
/home/runner/work/tls/tls/output/effective.xml:219:108: error: element "p" not allowed anywhere; expected the element end-tag, text, element "_", "assignable", "choice", "comment", "componentsneeded", "ctr", "depends", "endnote", "equation", "figure", "implements", "no-link", "provides", "refinement", "requires", "rule", "selectables", "snip", "testlist" or "xref" or an element from another namespace
/home/runner/work/tls/tls/output/effective.xml:267:76: error: element "p" not allowed anywhere; expected the element end-tag, text, element "_", "assignable", "choice", "comment", "componentsneeded", "ctr", "depends", "endnote", "equation", "figure", "implements", "no-link", "provides", "refinement", "requires", "rule", "selectables", "snip", "testlist" or "xref" or an element from another namespace
/home/runner/work/tls/tls/output/effective.xml:270:86: error: element "p" not allowed anywhere; expected the element end-tag, text, element "_", "assignable", "choice", "comment", "componentsneeded", "ctr", "depends", "endnote", "equation", "figure", "implements", "no-link", "provides", "refinement", "requires", "rule", "selectables", "snip", "testlist" or "xref" or an element from another namespace
/home/runner/work/tls/tls/output/effective.xml:273:56: error: element "p" not allowed anywhere; expected the element end-tag, text, element "_", "assignable", "choice", "comment", "componentsneeded", "ctr", "depends", "endnote", "equation", "figure", "implements", "no-link", "provides", "refinement", "requires", "rule", "selectables", "snip", "testlist" or "xref" or an element from another namespace
/home/runner/work/tls/tls/output/effective.xml:275:90: error: element "p" not allowed anywhere; expected the element end-tag, text, element "_", "assignable", "choice", "comment", "componentsneeded", "ctr", "depends", "endnote", "equation", "figure", "implements", "no-link", "provides", "refinement", "requires", "rule", "selectables", "snip", "testlist" or "xref" or an element from another namespace
/home/runner/work/tls/tls/output/effective.xml:283:60: error: element "p" not allowed anywhere; expected the element end-tag, text, element "_", "assignable", "choice", "comment", "componentsneeded", "ctr", "depends", "endnote", "equation", "figure", "implements", "no-link", "provides", "refinement", "requires", "rule", "selectables", "snip", "testlist" or "xref" or an element from another namespace
/home/runner/work/tls/tls/output/effective.xml:287:60: error: element "p" not allowed anywhere; expected the element end-tag, text, element "_", "assignable", "choice", "comment", "componentsneeded", "ctr", "depends", "endnote", "equation", "figure", "implements", "no-link", "provides", "refinement", "requires", "rule", "selectables", "snip", "testlist" or "xref" or an element from another namespace
/home/runner/work/tls/tls/output/effective.xml:290:60: error: element "p" not allowed anywhere; expected the element end-tag, text, element "_", "assignable", "choice", "comment", "componentsneeded", "ctr", "depends", "endnote", "equation", "figure", "implements", "no-link", "provides", "refinement", "requires", "rule", "selectables", "snip", "testlist" or "xref" or an element from another namespace
/home/runner/work/tls/tls/output/effective.xml:290:124: error: element "p" not allowed anywhere; expected the element end-tag, text, element "_", "assignable", "choice", "comment", "componentsneeded", "ctr", "depends", "endnote", "equation", "figure", "implements", "no-link", "provides", "refinement", "requires", "rule", "selectables", "snip", "testlist" or "xref" or an element from another namespace
/home/runner/work/tls/tls/output/effective.xml:293:60: error: element "p" not allowed anywhere; expected the element end-tag, text, element "_", "assignable", "choice", "comment", "componentsneeded", "ctr", "depends", "endnote", "equation", "figure", "implements", "no-link", "provides", "refinement", "requires", "rule", "selectables", "snip", "testlist" or "xref" or an element from another namespace
/home/runner/work/tls/tls/output/effective.xml:301:73: error: element "p" not allowed anywhere; expected the element end-tag, text, element "_", "assignable", "choice", "comment", "componentsneeded", "ctr", "depends", "endnote", "equation", "evidence", "figure", "implements", "no-link", "provides", "refinement", "requires", "rule", "selectables", "snip", "steplist", "test-obj", "testlist" or "xref" or an element from another namespace
/home/runner/work/tls/tls/output/effective.xml:304:30: error: element "p" not allowed anywhere; expected the element end-tag, text, element "_", "assignable", "choice", "comment", "componentsneeded", "ctr", "depends", "endnote", "equation", "evidence", "figure", "implements", "no-link", "provides", "refinement", "requires", "rule", "selectables", "snip", "steplist", "test-obj", "testlist" or "xref" or an element from another namespace
/home/runner/work/tls/tls/output/effective.xml:307:48: error: element "p" not allowed anywhere; expected the element end-tag, text, element "_", "assignable", "choice", "comment", "componentsneeded", "ctr", "depends", "endnote", "equation", "evidence", "figure", "implements", "no-link", "provides", "refinement", "requires", "rule", "selectables", "snip", "steplist", "test-obj", "testlist" or "xref" or an element from another namespace
/home/runner/work/tls/tls/output/effective.xml:310:38: error: element "p" not allowed anywhere; expected the element end-tag, text, element "_", "assignable", "choice", "comment", "componentsneeded", "ctr", "depends", "endnote", "equation", "evidence", "figure", "implements", "no-link", "provides", "refinement", "requires", "rule", "selectables", "snip", "steplist", "test-obj", "testlist" or "xref" or an element from another namespace
/home/runner/work/tls/tls/output/effective.xml:311:41: error: element "p" not allowed anywhere; expected the element end-tag, text, element "_", "assignable", "choice", "comment", "componentsneeded", "ctr", "depends", "endnote", "equation", "evidence", "figure", "implements", "no-link", "provides", "refinement", "requires", "rule", "selectables", "snip", "steplist", "test-obj", "testlist" or "xref" or an element from another namespace
/home/runner/work/tls/tls/output/effective.xml:316:105: error: element "p" not allowed anywhere; expected the element end-tag, text, element "_", "assignable", "choice", "comment", "componentsneeded", "ctr", "depends", "endnote", "equation", "evidence", "figure", "implements", "no-link", "provides", "refinement", "requires", "rule", "selectables", "snip", "steplist", "test-obj", "testlist" or "xref" or an element from another namespace
/home/runner/work/tls/tls/output/effective.xml:318:74: error: element "p" not allowed anywhere; expected the element end-tag, text, element "_", "assignable", "choice", "comment", "componentsneeded", "ctr", "depends", "endnote", "equation", "evidence", "figure", "implements", "no-link", "provides", "refinement", "requires", "rule", "selectables", "snip", "steplist", "test-obj", "testlist" or "xref" or an element from another namespace
/home/runner/work/tls/tls/output/effective.xml:320:30: error: element "p" not allowed anywhere; expected the element end-tag, text, element "_", "assignable", "choice", "comment", "componentsneeded", "ctr", "depends", "endnote", "equation", "evidence", "figure", "implements", "no-link", "provides", "refinement", "requires", "rule", "selectables", "snip", "steplist", "test-obj", "testlist" or "xref" or an element from another namespace
/home/runner/work/tls/tls/output/effective.xml:320:97: error: element "p" not allowed anywhere; expected the element end-tag, text, element "_", "assignable", "choice", "comment", "componentsneeded", "ctr", "depends", "endnote", "equation", "evidence", "figure", "implements", "no-link", "provides", "refinement", "requires", "rule", "selectables", "snip", "steplist", "test-obj", "testlist" or "xref" or an element from another namespace
/home/runner/work/tls/tls/output/effective.xml:322:41: error: element "p" not allowed anywhere; expected the element end-tag, text, element "_", "assignable", "choice", "comment", "componentsneeded", "ctr", "depends", "endnote", "equation", "evidence", "figure", "implements", "no-link", "provides", "refinement", "requires", "rule", "selectables", "snip", "steplist", "test-obj", "testlist" or "xref" or an element from another namespace
/home/runner/work/tls/tls/output/effective.xml:355:62: error: element "p" not allowed anywhere; expected the element end-tag, text, element "_", "assignable", "choice", "comment", "componentsneeded", "ctr", "depends", "endnote", "equation", "evidence", "figure", "implements", "no-link", "provides", "refinement", "requires", "rule", "selectables", "snip", "steplist", "test-obj", "testlist" or "xref" or an element from another namespace
/home/runner/work/tls/tls/output/effective.xml:360:59: error: element "p" not allowed anywhere; expected the element end-tag, text, element "_", "assignable", "choice", "comment", "componentsneeded", "ctr", "depends", "endnote", "equation", "evidence", "figure", "implements", "no-link", "provides", "refinement", "requires", "rule", "selectables", "snip", "steplist", "test-obj", "testlist" or "xref" or an element from another namespace
/home/runner/work/tls/tls/output/effective.xml:372:74: error: element "p" not allowed anywhere; expected the element end-tag, text, element "_", "applies-if", "assignable", "choice", "comment", "componentsneeded", "ctr", "depends", "endnote", "equation", "evidence", "figure", "implements", "no-link", "provides", "refinement", "requires", "rule", "selectables", "snip", "steplist", "test-obj", "testlist" or "xref" or an element from another namespace
/home/runner/work/tls/tls/output/effective.xml:424:53: error: element "p" not allowed anywhere; expected the element end-tag, text, element "_", "assignable", "choice", "comment", "componentsneeded", "ctr", "depends", "endnote", "equation", "figure", "implements", "no-link", "provides", "refinement", "requires", "rule", "selectables", "snip", "testlist" or "xref" or an element from another namespace
/home/runner/work/tls/tls/output/effective.xml:429:53: error: element "p" not allowed anywhere; expected the element end-tag, text, element "_", "assignable", "choice", "comment", "componentsneeded", "ctr", "depends", "endnote", "equation", "figure", "implements", "no-link", "provides", "refinement", "requires", "rule", "selectables", "snip", "testlist" or "xref" or an element from another namespace
/home/runner/work/tls/tls/output/effective.xml:433:53: error: element "p" not allowed anywhere; expected the element end-tag, text, element "_", "assignable", "choice", "comment", "componentsneeded", "ctr", "depends", "endnote", "equation", "figure", "implements", "no-link", "provides", "refinement", "requires", "rule", "selectables", "snip", "testlist" or "xref" or an element from another namespace
/home/runner/work/tls/tls/output/effective.xml:449:45: error: element "ul" not allowed anywhere; expected the element end-tag, text, element "_", "assignable", "choice", "comment", "componentsneeded", "ctr", "depends", "endnote", "equation", "figure", "implements", "management-function-set", "no-link", "provides", "refinement", "requires", "rule", "selectables", "snip", "testlist" or "xref" or an element from another namespace
/home/runner/work/tls/tls/output/effective.xml:459:53: error: element "p" not allowed anywhere; expected the element end-tag, text, element "_", "assignable", "choice", "comment", "componentsneeded", "ctr", "depends", "endnote", "equation", "figure", "implements", "no-link", "provides", "refinement", "requires", "rule", "selectables", "snip", "testlist" or "xref" or an element from another namespace
/home/runner/work/tls/tls/output/effective.xml:467:53: error: element "p" not allowed anywhere; expected the element end-tag, text, element "_", "assignable", "choice", "comment", "componentsneeded", "ctr", "depends", "endnote", "equation", "figure", "implements", "no-link", "provides", "refinement", "requires", "rule", "selectables", "snip", "testlist" or "xref" or an element from another namespace
/home/runner/work/tls/tls/output/effective.xml:472:53: error: element "p" not allowed anywhere; expected the element end-tag, text, element "_", "assignable", "choice", "comment", "componentsneeded", "ctr", "depends", "endnote", "equation", "figure", "implements", "no-link", "provides", "refinement", "requires", "rule", "selectables", "snip", "testlist" or "xref" or an element from another namespace
/home/runner/work/tls/tls/output/effective.xml:481:51: error: element "ul" not allowed anywhere; expected the element end-tag, text, element "_", "assignable", "choice", "comment", "componentsneeded", "ctr", "depends", "endnote", "equation", "figure", "implements", "management-function-set", "no-link", "provides", "refinement", "requires", "rule", "selectables", "snip", "testlist" or "xref" or an element from another namespace
/home/runner/work/tls/tls/output/effective.xml:488:78: error: element "ul" not allowed anywhere; expected the element end-tag, text, element "_", "assignable", "choice", "comment", "componentsneeded", "ctr", "depends", "endnote", "equation", "figure", "implements", "management-function-set", "no-link", "provides", "refinement", "requires", "rule", "selectables", "snip", "testlist" or "xref" or an element from another namespace
/home/runner/work/tls/tls/output/effective.xml:496:78: error: element "ul" not allowed anywhere; expected the element end-tag, text, element "_", "assignable", "choice", "comment", "componentsneeded", "ctr", "depends", "endnote", "equation", "figure", "implements", "management-function-set", "no-link", "provides", "refinement", "requires", "rule", "selectables", "snip", "testlist" or "xref" or an element from another namespace
/home/runner/work/tls/tls/output/effective.xml:551:60: error: element "ul" not allowed anywhere; expected the element end-tag, text, element "_", "assignable", "choice", "comment", "componentsneeded", "ctr", "depends", "endnote", "equation", "figure", "implements", "management-function-set", "no-link", "provides", "refinement", "requires", "rule", "selectables", "snip", "testlist" or "xref" or an element from another namespace
/home/runner/work/tls/tls/output/effective.xml:557:53: error: element "p" not allowed anywhere; expected the element end-tag, text, element "_", "assignable", "choice", "comment", "componentsneeded", "ctr", "depends", "endnote", "equation", "figure", "implements", "no-link", "provides", "refinement", "requires", "rule", "selectables", "snip", "testlist" or "xref" or an element from another namespace
/home/runner/work/tls/tls/output/effective.xml:558:53: error: element "p" not allowed anywhere; expected the element end-tag, text, element "_", "assignable", "choice", "comment", "componentsneeded", "ctr", "depends", "endnote", "equation", "figure", "implements", "no-link", "provides", "refinement", "requires", "rule", "selectables", "snip", "testlist" or "xref" or an element from another namespace
/home/runner/work/tls/tls/output/effective.xml:563:53: error: element "p" not allowed anywhere; expected the element end-tag, text, element "_", "assignable", "choice", "comment", "componentsneeded", "ctr", "depends", "endnote", "equation", "figure", "implements", "no-link", "provides", "refinement", "requires", "rule", "selectables", "snip", "testlist" or "xref" or an element from another namespace
/home/runner/work/tls/tls/output/effective.xml:567:53: error: element "p" not allowed anywhere; expected the element end-tag, text, element "_", "assignable", "choice", "comment", "componentsneeded", "ctr", "depends", "endnote", "equation", "figure", "implements", "no-link", "provides", "refinement", "requires", "rule", "selectables", "snip", "testlist" or "xref" or an element from another namespace
/home/runner/work/tls/tls/output/effective.xml:570:53: error: element "p" not allowed anywhere; expected the element end-tag, text, element "_", "assignable", "choice", "comment", "componentsneeded", "ctr", "depends", "endnote", "equation", "figure", "implements", "no-link", "provides", "refinement", "requires", "rule", "selectables", "snip", "testlist" or "xref" or an element from another namespace
/home/runner/work/tls/tls/output/effective.xml:573:53: error: element "p" not allowed anywhere; expected the element end-tag, text, element "_", "assignable", "choice", "comment", "componentsneeded", "ctr", "depends", "endnote", "equation", "figure", "implements", "no-link", "provides", "refinement", "requires", "rule", "selectables", "snip", "testlist" or "xref" or an element from another namespace
/home/runner/work/tls/tls/output/effective.xml:575:53: error: element "p" not allowed anywhere; expected the element end-tag, text, element "_", "assignable", "choice", "comment", "componentsneeded", "ctr", "depends", "endnote", "equation", "figure", "implements", "no-link", "provides", "refinement", "requires", "rule", "selectables", "snip", "testlist" or "xref" or an element from another namespace
/home/runner/work/tls/tls/output/effective.xml:611:53: error: element "p" not allowed anywhere; expected the element end-tag, text, element "_", "assignable", "choice", "comment", "componentsneeded", "ctr", "depends", "endnote", "equation", "figure", "implements", "no-link", "provides", "refinement", "requires", "rule", "selectables", "snip", "testlist" or "xref" or an element from another namespace
/home/runner/work/tls/tls/output/effective.xml:623:55: error: element "br" not allowed anywhere; expected the element end-tag, text, element "_", "assignable", "choice", "comment", "componentsneeded", "ctr", "depends", "endnote", "equation", "figure", "implements", "no-link", "provides", "refinement", "requires", "rule", "selectables", "snip", "testlist" or "xref" or an element from another namespace
/home/runner/work/tls/tls/output/effective.xml:624:55: error: element "br" not allowed anywhere; expected the element end-tag, text, element "_", "assignable", "choice", "comment", "componentsneeded", "ctr", "depends", "endnote", "equation", "figure", "implements", "no-link", "provides", "refinement", "requires", "rule", "selectables", "snip", "testlist" or "xref" or an element from another namespace
/home/runner/work/tls/tls/output/effective.xml:625:53: error: element "p" not allowed anywhere; expected the element end-tag, text, element "_", "assignable", "choice", "comment", "componentsneeded", "ctr", "depends", "endnote", "equation", "figure", "implements", "no-link", "provides", "refinement", "requires", "rule", "selectables", "snip", "testlist" or "xref" or an element from another namespace
/home/runner/work/tls/tls/output/effective.xml:640:53: error: element "p" not allowed anywhere; expected the element end-tag, text, element "_", "assignable", "choice", "comment", "componentsneeded", "ctr", "depends", "endnote", "equation", "figure", "implements", "no-link", "provides", "refinement", "requires", "rule", "selectables", "snip", "testlist" or "xref" or an element from another namespace
/home/runner/work/tls/tls/output/effective.xml:645:53: error: element "p" not allowed anywhere; expected the element end-tag, text, element "_", "assignable", "choice", "comment", "componentsneeded", "ctr", "depends", "endnote", "equation", "figure", "implements", "no-link", "provides", "refinement", "requires", "rule", "selectables", "snip", "testlist" or "xref" or an element from another namespace
/home/runner/work/tls/tls/output/effective.xml:651:53: error: element "p" not allowed anywhere; expected the element end-tag, text, element "_", "assignable", "choice", "comment", "componentsneeded", "ctr", "depends", "endnote", "equation", "figure", "implements", "no-link", "provides", "refinement", "requires", "rule", "selectables", "snip", "testlist" or "xref" or an element from another namespace
/home/runner/work/tls/tls/output/effective.xml:668:53: error: element "p" not allowed anywhere; expected the element end-tag, text, element "_", "assignable", "choice", "comment", "componentsneeded", "ctr", "depends", "endnote", "equation", "figure", "implements", "no-link", "provides", "refinement", "requires", "rule", "selectables", "snip", "testlist" or "xref" or an element from another namespace
/home/runner/work/tls/tls/output/effective.xml:676:53: error: element "p" not allowed anywhere; expected the element end-tag, text, element "_", "assignable", "choice", "comment", "componentsneeded", "ctr", "depends", "endnote", "equation", "figure", "implements", "no-link", "provides", "refinement", "requires", "rule", "selectables", "snip", "testlist" or "xref" or an element from another namespace
/home/runner/work/tls/tls/output/effective.xml:699:53: error: element "p" not allowed anywhere; expected the element end-tag, text, element "_", "assignable", "choice", "comment", "componentsneeded", "ctr", "depends", "endnote", "equation", "figure", "implements", "no-link", "provides", "refinement", "requires", "rule", "selectables", "snip", "testlist" or "xref" or an element from another namespace
/home/runner/work/tls/tls/output/effective.xml:706:159: error: element "f-component" not allowed here; expected the element end-tag, text, element "_", "assignable", "choice", "comment", "componentsneeded", "ctr", "depends", "endnote", "equation", "figure", "implements", "no-link", "provides", "refinement", "requires", "rule", "section", "selectables", "snip", "testlist" or "xref" or an element from another namespace
/home/runner/work/tls/tls/output/effective.xml:729:53: error: element "p" not allowed anywhere; expected the element end-tag, text, element "_", "assignable", "choice", "comment", "componentsneeded", "ctr", "depends", "endnote", "equation", "figure", "implements", "no-link", "provides", "refinement", "requires", "rule", "selectables", "snip", "testlist" or "xref" or an element from another namespace
/home/runner/work/tls/tls/output/effective.xml:731:53: error: element "p" not allowed anywhere; expected the element end-tag, text, element "_", "assignable", "choice", "comment", "componentsneeded", "ctr", "depends", "endnote", "equation", "figure", "implements", "no-link", "provides", "refinement", "requires", "rule", "selectables", "snip", "testlist" or "xref" or an element from another namespace
/home/runner/work/tls/tls/output/effective.xml:736:53: error: element "p" not allowed anywhere; expected the element end-tag, text, element "_", "assignable", "choice", "comment", "componentsneeded", "ctr", "depends", "endnote", "equation", "figure", "implements", "no-link", "provides", "refinement", "requires", "rule", "selectables", "snip", "testlist" or "xref" or an element from another namespace
/home/runner/work/tls/tls/output/effective.xml:752:60: error: element "p" not allowed anywhere; expected the element end-tag, text, element "_", "assignable", "choice", "comment", "componentsneeded", "ctr", "depends", "endnote", "equation", "figure", "implements", "no-link", "provides", "refinement", "requires", "rule", "selectables", "snip", "testlist" or "xref" or an element from another namespace
/home/runner/work/tls/tls/output/effective.xml:759:60: error: element "p" not allowed anywhere; expected the element end-tag, text, element "_", "assignable", "choice", "comment", "componentsneeded", "ctr", "depends", "endnote", "equation", "figure", "implements", "no-link", "provides", "refinement", "requires", "rule", "selectables", "snip", "testlist" or "xref" or an element from another namespace
/home/runner/work/tls/tls/output/effective.xml:789:100: error: element "p" not allowed anywhere; expected the element end-tag, text, element "_", "assignable", "choice", "comment", "componentsneeded", "ctr", "depends", "endnote", "equation", "evidence", "figure", "implements", "no-link", "provides", "refinement", "requires", "rule", "selectables", "snip", "steplist", "test-obj", "testlist" or "xref" or an element from another namespace
/home/runner/work/tls/tls/output/effective.xml:803:146: error: element "f-component" not allowed here; expected the element end-tag, text, element "_", "assignable", "choice", "comment", "componentsneeded", "ctr", "depends", "endnote", "equation", "figure", "implements", "no-link", "provides", "refinement", "requires", "rule", "section", "selectables", "snip", "testlist" or "xref" or an element from another namespace
/home/runner/work/tls/tls/output/effective.xml:820:53: error: element "p" not allowed anywhere; expected the element end-tag, text, element "_", "assignable", "choice", "comment", "componentsneeded", "ctr", "depends", "endnote", "equation", "figure", "implements", "no-link", "provides", "refinement", "requires", "rule", "selectables", "snip", "testlist" or "xref" or an element from another namespace
/home/runner/work/tls/tls/output/effective.xml:822:53: error: element "p" not allowed anywhere; expected the element end-tag, text, element "_", "assignable", "choice", "comment", "componentsneeded", "ctr", "depends", "endnote", "equation", "figure", "implements", "no-link", "provides", "refinement", "requires", "rule", "selectables", "snip", "testlist" or "xref" or an element from another namespace
/home/runner/work/tls/tls/output/effective.xml:823:53: error: element "p" not allowed anywhere; expected the element end-tag, text, element "_", "assignable", "choice", "comment", "componentsneeded", "ctr", "depends", "endnote", "equation", "figure", "implements", "no-link", "provides", "refinement", "requires", "rule", "selectables", "snip", "testlist" or "xref" or an element from another namespace
/home/runner/work/tls/tls/output/effective.xml:836:60: error: element "p" not allowed anywhere; expected the element end-tag, text, element "_", "assignable", "choice", "comment", "componentsneeded", "ctr", "depends", "endnote", "equation", "figure", "implements", "no-link", "provides", "refinement", "requires", "rule", "selectables", "snip", "testlist" or "xref" or an element from another namespace
/home/runner/work/tls/tls/output/effective.xml:847:60: error: element "p" not allowed anywhere; expected the element end-tag, text, element "_", "assignable", "choice", "comment", "componentsneeded", "ctr", "depends", "endnote", "equation", "figure", "implements", "no-link", "provides", "refinement", "requires", "rule", "selectables", "snip", "testlist" or "xref" or an element from another namespace
/home/runner/work/tls/tls/output/effective.xml:859:52: error: element "p" not allowed anywhere; expected the element end-tag, text, element "_", "assignable", "choice", "comment", "componentsneeded", "ctr", "depends", "endnote", "equation", "evidence", "figure", "implements", "no-link", "provides", "refinement", "requires", "rule", "selectables", "snip", "steplist", "test-obj", "testlist" or "xref" or an element from another namespace
/home/runner/work/tls/tls/output/effective.xml:874:38: error: element "p" not allowed anywhere; expected the element end-tag, text, element "_", "assignable", "choice", "comment", "componentsneeded", "ctr", "depends", "endnote", "equation", "evidence", "figure", "implements", "no-link", "provides", "refinement", "requires", "rule", "selectables", "snip", "steplist", "test-obj", "testlist" or "xref" or an element from another namespace
/home/runner/work/tls/tls/output/effective.xml:884:45: error: element "p" not allowed anywhere; expected the element end-tag, text, element "_", "assignable", "choice", "comment", "componentsneeded", "ctr", "depends", "endnote", "equation", "evidence", "figure", "implements", "no-link", "provides", "refinement", "requires", "rule", "selectables", "snip", "steplist", "test-obj", "testlist" or "xref" or an element from another namespace
/home/runner/work/tls/tls/output/effective.xml:886:118: error: element "p" not allowed anywhere; expected the element end-tag, text, element "_", "assignable", "choice", "comment", "componentsneeded", "ctr", "depends", "endnote", "equation", "evidence", "figure", "implements", "no-link", "provides", "refinement", "requires", "rule", "selectables", "snip", "steplist", "test-obj", "testlist" or "xref" or an element from another namespace
/home/runner/work/tls/tls/output/effective.xml:897:151: error: element "f-component" not allowed here; expected the element end-tag, text, element "_", "assignable", "choice", "comment", "componentsneeded", "ctr", "depends", "endnote", "equation", "figure", "implements", "no-link", "provides", "refinement", "requires", "rule", "section", "selectables", "snip", "testlist" or "xref" or an element from another namespace
/home/runner/work/tls/tls/output/effective.xml:929:53: error: element "p" not allowed anywhere; expected the element end-tag, text, element "_", "assignable", "choice", "comment", "componentsneeded", "ctr", "depends", "endnote", "equation", "figure", "implements", "no-link", "provides", "refinement", "requires", "rule", "selectables", "snip", "testlist" or "xref" or an element from another namespace
/home/runner/work/tls/tls/output/effective.xml:931:53: error: element "p" not allowed anywhere; expected the element end-tag, text, element "_", "assignable", "choice", "comment", "componentsneeded", "ctr", "depends", "endnote", "equation", "figure", "implements", "no-link", "provides", "refinement", "requires", "rule", "selectables", "snip", "testlist" or "xref" or an element from another namespace
/home/runner/work/tls/tls/output/effective.xml:934:53: error: element "p" not allowed anywhere; expected the element end-tag, text, element "_", "assignable", "choice", "comment", "componentsneeded", "ctr", "depends", "endnote", "equation", "figure", "implements", "no-link", "provides", "refinement", "requires", "rule", "selectables", "snip", "testlist" or "xref" or an element from another namespace
/home/runner/work/tls/tls/output/effective.xml:938:53: error: element "p" not allowed anywhere; expected the element end-tag, text, element "_", "assignable", "choice", "comment", "componentsneeded", "ctr", "depends", "endnote", "equation", "figure", "implements", "no-link", "provides", "refinement", "requires", "rule", "selectables", "snip", "testlist" or "xref" or an element from another namespace
/home/runner/work/tls/tls/output/effective.xml:949:53: error: element "p" not allowed anywhere; expected the element end-tag, text, element "_", "assignable", "choice", "comment", "componentsneeded", "ctr", "depends", "endnote", "equation", "figure", "implements", "no-link", "provides", "refinement", "requires", "rule", "selectables", "snip", "testlist" or "xref" or an element from another namespace
/home/runner/work/tls/tls/output/effective.xml:957:60: error: element "p" not allowed anywhere; expected the element end-tag, text, element "_", "assignable", "choice", "comment", "componentsneeded", "ctr", "depends", "endnote", "equation", "figure", "implements", "no-link", "provides", "refinement", "requires", "rule", "selectables", "snip", "testlist" or "xref" or an element from another namespace
/home/runner/work/tls/tls/output/effective.xml:963:60: error: element "p" not allowed anywhere; expected the element end-tag, text, element "_", "assignable", "choice", "comment", "componentsneeded", "ctr", "depends", "endnote", "equation", "figure", "implements", "no-link", "provides", "refinement", "requires", "rule", "selectables", "snip", "testlist" or "xref" or an element from another namespace
/home/runner/work/tls/tls/output/effective.xml:982:156: error: element "f-component" not allowed here; expected the element end-tag, text, element "_", "assignable", "choice", "comment", "componentsneeded", "ctr", "depends", "endnote", "equation", "figure", "implements", "no-link", "provides", "refinement", "requires", "rule", "section", "selectables", "snip", "testlist" or "xref" or an element from another namespace
/home/runner/work/tls/tls/output/effective.xml:1001:53: error: element "p" not allowed anywhere; expected the element end-tag, text, element "_", "assignable", "choice", "comment", "componentsneeded", "ctr", "depends", "endnote", "equation", "figure", "implements", "no-link", "provides", "refinement", "requires", "rule", "selectables", "snip", "testlist" or "xref" or an element from another namespace
/home/runner/work/tls/tls/output/effective.xml:1003:53: error: element "p" not allowed anywhere; expected the element end-tag, text, element "_", "assignable", "choice", "comment", "componentsneeded", "ctr", "depends", "endnote", "equation", "figure", "implements", "no-link", "provides", "refinement", "requires", "rule", "selectables", "snip", "testlist" or "xref" or an element from another namespace
/home/runner/work/tls/tls/output/effective.xml:1009:53: error: element "p" not allowed anywhere; expected the element end-tag, text, element "_", "assignable", "choice", "comment", "componentsneeded", "ctr", "depends", "endnote", "equation", "figure", "implements", "no-link", "provides", "refinement", "requires", "rule", "selectables", "snip", "testlist" or "xref" or an element from another namespace
/home/runner/work/tls/tls/output/effective.xml:1016:60: error: element "p" not allowed anywhere; expected the element end-tag, text, element "_", "assignable", "choice", "comment", "componentsneeded", "ctr", "depends", "endnote", "equation", "figure", "implements", "no-link", "provides", "refinement", "requires", "rule", "selectables", "snip", "testlist" or "xref" or an element from another namespace
/home/runner/work/tls/tls/output/effective.xml:1021:60: error: element "p" not allowed anywhere; expected the element end-tag, text, element "_", "assignable", "choice", "comment", "componentsneeded", "ctr", "depends", "endnote", "equation", "figure", "implements", "no-link", "provides", "refinement", "requires", "rule", "selectables", "snip", "testlist" or "xref" or an element from another namespace
/home/runner/work/tls/tls/output/effective.xml:1034:87: error: element "p" not allowed anywhere; expected the element end-tag, text, element "_", "assignable", "choice", "comment", "componentsneeded", "ctr", "depends", "endnote", "equation", "evidence", "figure", "implements", "no-link", "provides", "refinement", "requires", "rule", "selectables", "snip", "steplist", "test-obj", "testlist" or "xref" or an element from another namespace
/home/runner/work/tls/tls/output/effective.xml:1043:83: error: element "p" not allowed anywhere; expected the element end-tag, text, element "_", "assignable", "choice", "comment", "componentsneeded", "ctr", "depends", "endnote", "equation", "evidence", "figure", "implements", "no-link", "provides", "refinement", "requires", "rule", "selectables", "snip", "steplist", "test-obj", "testlist" or "xref" or an element from another namespace
/home/runner/work/tls/tls/output/effective.xml:1056:157: error: element "f-component" not allowed here; expected the element end-tag, text, element "_", "assignable", "choice", "comment", "componentsneeded", "ctr", "depends", "endnote", "equation", "figure", "implements", "no-link", "provides", "refinement", "requires", "rule", "section", "selectables", "snip", "testlist" or "xref" or an element from another namespace
/home/runner/work/tls/tls/output/effective.xml:1069:60: error: element "p" not allowed anywhere; expected the element end-tag, text, element "_", "assignable", "choice", "comment", "componentsneeded", "ctr", "depends", "endnote", "equation", "figure", "implements", "no-link", "provides", "refinement", "requires", "rule", "selectables", "snip", "testlist" or "xref" or an element from another namespace
/home/runner/work/tls/tls/output/effective.xml:1077:60: error: element "p" not allowed anywhere; expected the element end-tag, text, element "_", "assignable", "choice", "comment", "componentsneeded", "ctr", "depends", "endnote", "equation", "figure", "implements", "no-link", "provides", "refinement", "requires", "rule", "selectables", "snip", "testlist" or "xref" or an element from another namespace
/home/runner/work/tls/tls/output/effective.xml:1091:38: error: element "p" not allowed anywhere; expected the element end-tag, text, element "_", "assignable", "choice", "comment", "componentsneeded", "ctr", "depends", "endnote", "equation", "evidence", "figure", "implements", "no-link", "provides", "refinement", "requires", "rule", "selectables", "snip", "test-obj", "testlist" or "xref" or an element from another namespace
/home/runner/work/tls/tls/output/effective.xml:1099:53: error: element "p" not allowed anywhere; expected the element end-tag, text, element "_", "assignable", "choice", "comment", "componentsneeded", "ctr", "depends", "endnote", "equation", "figure", "implements", "no-link", "provides", "refinement", "requires", "rule", "selectables", "snip", "testlist" or "xref" or an element from another namespace
/home/runner/work/tls/tls/output/effective.xml:1101:53: error: element "p" not allowed anywhere; expected the element end-tag, text, element "_", "assignable", "choice", "comment", "componentsneeded", "ctr", "depends", "endnote", "equation", "figure", "implements", "no-link", "provides", "refinement", "requires", "rule", "selectables", "snip", "testlist" or "xref" or an element from another namespace
/home/runner/work/tls/tls/output/effective.xml:1111:134: error: element "f-component" not allowed here; expected the element end-tag, text, element "_", "assignable", "choice", "comment", "componentsneeded", "ctr", "depends", "endnote", "equation", "figure", "implements", "no-link", "provides", "refinement", "requires", "rule", "section", "selectables", "snip", "testlist" or "xref" or an element from another namespace
/home/runner/work/tls/tls/output/effective.xml:1146:53: error: element "p" not allowed anywhere; expected the element end-tag, text, element "_", "assignable", "choice", "comment", "componentsneeded", "ctr", "depends", "endnote", "equation", "figure", "implements", "no-link", "provides", "refinement", "requires", "rule", "selectables", "snip", "testlist" or "xref" or an element from another namespace
/home/runner/work/tls/tls/output/effective.xml:1148:53: error: element "p" not allowed anywhere; expected the element end-tag, text, element "_", "assignable", "choice", "comment", "componentsneeded", "ctr", "depends", "endnote", "equation", "figure", "implements", "no-link", "provides", "refinement", "requires", "rule", "selectables", "snip", "testlist" or "xref" or an element from another namespace
/home/runner/work/tls/tls/output/effective.xml:1150:53: error: element "p" not allowed anywhere; expected the element end-tag, text, element "_", "assignable", "choice", "comment", "componentsneeded", "ctr", "depends", "endnote", "equation", "figure", "implements", "no-link", "provides", "refinement", "requires", "rule", "selectables", "snip", "testlist" or "xref" or an element from another namespace
/home/runner/work/tls/tls/output/effective.xml:1155:53: error: element "p" not allowed anywhere; expected the element end-tag, text, element "_", "assignable", "choice", "comment", "componentsneeded", "ctr", "depends", "endnote", "equation", "figure", "implements", "no-link", "provides", "refinement", "requires", "rule", "selectables", "snip", "testlist" or "xref" or an element from another namespace
/home/runner/work/tls/tls/output/effective.xml:1158:53: error: element "p" not allowed anywhere; expected the element end-tag, text, element "_", "assignable", "choice", "comment", "componentsneeded", "ctr", "depends", "endnote", "equation", "figure", "implements", "no-link", "provides", "refinement", "requires", "rule", "selectables", "snip", "testlist" or "xref" or an element from another namespace
/home/runner/work/tls/tls/output/effective.xml:1161:53: error: element "p" not allowed anywhere; expected the element end-tag, text, element "_", "assignable", "choice", "comment", "componentsneeded", "ctr", "depends", "endnote", "equation", "figure", "implements", "no-link", "provides", "refinement", "requires", "rule", "selectables", "snip", "testlist" or "xref" or an element from another namespace
/home/runner/work/tls/tls/output/effective.xml:1163:53: error: element "p" not allowed anywhere; expected the element end-tag, text, element "_", "assignable", "choice", "comment", "componentsneeded", "ctr", "depends", "endnote", "equation", "figure", "implements", "no-link", "provides", "refinement", "requires", "rule", "selectables", "snip", "testlist" or "xref" or an element from another namespace
/home/runner/work/tls/tls/output/effective.xml:1169:60: error: element "p" not allowed anywhere; expected the element end-tag, text, element "_", "assignable", "choice", "comment", "componentsneeded", "ctr", "depends", "endnote", "equation", "figure", "implements", "no-link", "provides", "refinement", "requires", "rule", "selectables", "snip", "testlist" or "xref" or an element from another namespace
/home/runner/work/tls/tls/output/effective.xml:1174:60: error: element "p" not allowed anywhere; expected the element end-tag, text, element "_", "assignable", "choice", "comment", "componentsneeded", "ctr", "depends", "endnote", "equation", "figure", "implements", "no-link", "provides", "refinement", "requires", "rule", "selectables", "snip", "testlist" or "xref" or an element from another namespace
/home/runner/work/tls/tls/output/effective.xml:1179:60: error: element "p" not allowed anywhere; expected the element end-tag, text, element "_", "assignable", "choice", "comment", "componentsneeded", "ctr", "depends", "endnote", "equation", "figure", "implements", "no-link", "provides", "refinement", "requires", "rule", "selectables", "snip", "testlist" or "xref" or an element from another namespace
/home/runner/work/tls/tls/output/effective.xml:1181:60: error: element "p" not allowed anywhere; expected the element end-tag, text, element "_", "assignable", "choice", "comment", "componentsneeded", "ctr", "depends", "endnote", "equation", "figure", "implements", "no-link", "provides", "refinement", "requires", "rule", "selectables", "snip", "testlist" or "xref" or an element from another namespace
/home/runner/work/tls/tls/output/effective.xml:1186:60: error: element "p" not allowed anywhere; expected the element end-tag, text, element "_", "assignable", "choice", "comment", "componentsneeded", "ctr", "depends", "endnote", "equation", "figure", "implements", "no-link", "provides", "refinement", "requires", "rule", "selectables", "snip", "testlist" or "xref" or an element from another namespace
/home/runner/work/tls/tls/output/effective.xml:1191:60: error: element "p" not allowed anywhere; expected the element end-tag, text, element "_", "assignable", "choice", "comment", "componentsneeded", "ctr", "depends", "endnote", "equation", "figure", "implements", "no-link", "provides", "refinement", "requires", "rule", "selectables", "snip", "testlist" or "xref" or an element from another namespace
/home/runner/work/tls/tls/output/effective.xml:1272:53: error: element "P" not allowed anywhere; expected the element end-tag, text, element "_", "assignable", "choice", "comment", "componentsneeded", "ctr", "depends", "endnote", "equation", "figure", "implements", "no-link", "provides", "refinement", "requires", "rule", "selectables", "snip", "testlist" or "xref" or an element from another namespace
/home/runner/work/tls/tls/output/effective.xml:1280:53: error: element "p" not allowed anywhere; expected the element end-tag, text, element "_", "assignable", "choice", "comment", "componentsneeded", "ctr", "depends", "endnote", "equation", "figure", "implements", "no-link", "provides", "refinement", "requires", "rule", "selectables", "snip", "testlist" or "xref" or an element from another namespace
/home/runner/work/tls/tls/output/effective.xml:1284:53: error: element "p" not allowed anywhere; expected the element end-tag, text, element "_", "assignable", "choice", "comment", "componentsneeded", "ctr", "depends", "endnote", "equation", "figure", "implements", "no-link", "provides", "refinement", "requires", "rule", "selectables", "snip", "testlist" or "xref" or an element from another namespace
/home/runner/work/tls/tls/output/effective.xml:1288:53: error: element "p" not allowed anywhere; expected the element end-tag, text, element "_", "assignable", "choice", "comment", "componentsneeded", "ctr", "depends", "endnote", "equation", "figure", "implements", "no-link", "provides", "refinement", "requires", "rule", "selectables", "snip", "testlist" or "xref" or an element from another namespace
/home/runner/work/tls/tls/output/effective.xml:1300:53: error: element "p" not allowed anywhere; expected the element end-tag, text, element "_", "assignable", "choice", "comment", "componentsneeded", "ctr", "depends", "endnote", "equation", "figure", "implements", "no-link", "provides", "refinement", "requires", "rule", "selectables", "snip", "testlist" or "xref" or an element from another namespace
/home/runner/work/tls/tls/output/effective.xml:1306:53: error: element "p" not allowed anywhere; expected the element end-tag, text, element "_", "assignable", "choice", "comment", "componentsneeded", "ctr", "depends", "endnote", "equation", "figure", "implements", "no-link", "provides", "refinement", "requires", "rule", "selectables", "snip", "testlist" or "xref" or an element from another namespace
/home/runner/work/tls/tls/output/effective.xml:1309:53: error: element "p" not allowed anywhere; expected the element end-tag, text, element "_", "assignable", "choice", "comment", "componentsneeded", "ctr", "depends", "endnote", "equation", "figure", "implements", "no-link", "provides", "refinement", "requires", "rule", "selectables", "snip", "testlist" or "xref" or an element from another namespace
/home/runner/work/tls/tls/output/effective.xml:1317:51: error: element "ul" not allowed anywhere; expected the element end-tag, text, element "_", "assignable", "choice", "comment", "componentsneeded", "ctr", "depends", "endnote", "equation", "figure", "implements", "management-function-set", "no-link", "provides", "refinement", "requires", "rule", "selectables", "snip", "testlist" or "xref" or an element from another namespace
/home/runner/work/tls/tls/output/effective.xml:1324:78: error: element "ul" not allowed anywhere; expected the element end-tag, text, element "_", "assignable", "choice", "comment", "componentsneeded", "ctr", "depends", "endnote", "equation", "figure", "implements", "management-function-set", "no-link", "provides", "refinement", "requires", "rule", "selectables", "snip", "testlist" or "xref" or an element from another namespace
/home/runner/work/tls/tls/output/effective.xml:1332:78: error: element "ul" not allowed anywhere; expected the element end-tag, text, element "_", "assignable", "choice", "comment", "componentsneeded", "ctr", "depends", "endnote", "equation", "figure", "implements", "management-function-set", "no-link", "provides", "refinement", "requires", "rule", "selectables", "snip", "testlist" or "xref" or an element from another namespace
/home/runner/work/tls/tls/output/effective.xml:1386:53: error: element "p" not allowed anywhere; expected the element end-tag, text, element "_", "assignable", "choice", "comment", "componentsneeded", "ctr", "depends", "endnote", "equation", "figure", "implements", "no-link", "provides", "refinement", "requires", "rule", "selectables", "snip", "testlist" or "xref" or an element from another namespace
/home/runner/work/tls/tls/output/effective.xml:1387:53: error: element "p" not allowed anywhere; expected the element end-tag, text, element "_", "assignable", "choice", "comment", "componentsneeded", "ctr", "depends", "endnote", "equation", "figure", "implements", "no-link", "provides", "refinement", "requires", "rule", "selectables", "snip", "testlist" or "xref" or an element from another namespace
/home/runner/work/tls/tls/output/effective.xml:1392:53: error: element "p" not allowed anywhere; expected the element end-tag, text, element "_", "assignable", "choice", "comment", "componentsneeded", "ctr", "depends", "endnote", "equation", "figure", "implements", "no-link", "provides", "refinement", "requires", "rule", "selectables", "snip", "testlist" or "xref" or an element from another namespace
/home/runner/work/tls/tls/output/effective.xml:1396:53: error: element "p" not allowed anywhere; expected the element end-tag, text, element "_", "assignable", "choice", "comment", "componentsneeded", "ctr", "depends", "endnote", "equation", "figure", "implements", "no-link", "provides", "refinement", "requires", "rule", "selectables", "snip", "testlist" or "xref" or an element from another namespace
/home/runner/work/tls/tls/output/effective.xml:1399:53: error: element "p" not allowed anywhere; expected the element end-tag, text, element "_", "assignable", "choice", "comment", "componentsneeded", "ctr", "depends", "endnote", "equation", "figure", "implements", "no-link", "provides", "refinement", "requires", "rule", "selectables", "snip", "testlist" or "xref" or an element from another namespace
/home/runner/work/tls/tls/output/effective.xml:1452:53: error: element "p" not allowed anywhere; expected the element end-tag, text, element "_", "assignable", "choice", "comment", "componentsneeded", "ctr", "depends", "endnote", "equation", "figure", "implements", "no-link", "provides", "refinement", "requires", "rule", "selectables", "snip", "testlist" or "xref" or an element from another namespace
/home/runner/work/tls/tls/output/effective.xml:1454:53: error: element "p" not allowed anywhere; expected the element end-tag, text, element "_", "assignable", "choice", "comment", "componentsneeded", "ctr", "depends", "endnote", "equation", "figure", "implements", "no-link", "provides", "refinement", "requires", "rule", "selectables", "snip", "testlist" or "xref" or an element from another namespace
/home/runner/work/tls/tls/output/effective.xml:1458:53: error: element "p" not allowed anywhere; expected the element end-tag, text, element "_", "assignable", "choice", "comment", "componentsneeded", "ctr", "depends", "endnote", "equation", "figure", "implements", "no-link", "provides", "refinement", "requires", "rule", "selectables", "snip", "testlist" or "xref" or an element from another namespace
/home/runner/work/tls/tls/output/effective.xml:1463:53: error: element "p" not allowed anywhere; expected the element end-tag, text, element "_", "assignable", "choice", "comment", "componentsneeded", "ctr", "depends", "endnote", "equation", "figure", "implements", "no-link", "provides", "refinement", "requires", "rule", "selectables", "snip", "testlist" or "xref" or an element from another namespace
/home/runner/work/tls/tls/output/effective.xml:1487:159: error: element "f-component" not allowed here; expected the element end-tag, text, element "_", "assignable", "choice", "comment", "componentsneeded", "ctr", "depends", "endnote", "equation", "figure", "implements", "no-link", "provides", "refinement", "requires", "rule", "section", "selectables", "snip", "testlist" or "xref" or an element from another namespace
/home/runner/work/tls/tls/output/effective.xml:1510:53: error: element "p" not allowed anywhere; expected the element end-tag, text, element "_", "assignable", "choice", "comment", "componentsneeded", "ctr", "depends", "endnote", "equation", "figure", "implements", "no-link", "provides", "refinement", "requires", "rule", "selectables", "snip", "testlist" or "xref" or an element from another namespace
/home/runner/work/tls/tls/output/effective.xml:1512:53: error: element "p" not allowed anywhere; expected the element end-tag, text, element "_", "assignable", "choice", "comment", "componentsneeded", "ctr", "depends", "endnote", "equation", "figure", "implements", "no-link", "provides", "refinement", "requires", "rule", "selectables", "snip", "testlist" or "xref" or an element from another namespace
/home/runner/work/tls/tls/output/effective.xml:1518:60: error: element "p" not allowed anywhere; expected the element end-tag, text, element "_", "assignable", "choice", "comment", "componentsneeded", "ctr", "depends", "endnote", "equation", "figure", "implements", "no-link", "provides", "refinement", "requires", "rule", "selectables", "snip", "testlist" or "xref" or an element from another namespace
/home/runner/work/tls/tls/output/effective.xml:1525:60: error: element "p" not allowed anywhere; expected the element end-tag, text, element "_", "assignable", "choice", "comment", "componentsneeded", "ctr", "depends", "endnote", "equation", "figure", "implements", "no-link", "provides", "refinement", "requires", "rule", "selectables", "snip", "testlist" or "xref" or an element from another namespace
/home/runner/work/tls/tls/output/effective.xml:1531:60: error: element "p" not allowed anywhere; expected the element end-tag, text, element "_", "assignable", "choice", "comment", "componentsneeded", "ctr", "depends", "endnote", "equation", "figure", "implements", "no-link", "provides", "refinement", "requires", "rule", "selectables", "snip", "testlist" or "xref" or an element from another namespace
/home/runner/work/tls/tls/output/effective.xml:1550:62: error: element "p" not allowed anywhere; expected the element end-tag, text, element "_", "assignable", "choice", "comment", "componentsneeded", "ctr", "depends", "endnote", "equation", "evidence", "figure", "implements", "no-link", "provides", "refinement", "requires", "rule", "selectables", "snip", "steplist", "test-obj", "testlist" or "xref" or an element from another namespace
/home/runner/work/tls/tls/output/effective.xml:1567:66: error: element "ul" not allowed anywhere; expected the element end-tag, text, element "_", "assignable", "choice", "comment", "componentsneeded", "ctr", "depends", "endnote", "equation", "evidence", "figure", "implements", "no-link", "provides", "refinement", "requires", "rule", "selectables", "snip", "steplist", "test-obj", "testlist" or "xref" or an element from another namespace
/home/runner/work/tls/tls/output/effective.xml:1620:79: error: element "p" not allowed anywhere; expected the element end-tag, text, element "_", "assignable", "choice", "comment", "componentsneeded", "ctr", "depends", "endnote", "equation", "evidence", "figure", "implements", "no-link", "provides", "refinement", "requires", "rule", "selectables", "snip", "steplist", "test-obj", "testlist" or "xref" or an element from another namespace
/home/runner/work/tls/tls/output/effective.xml:1626:59: error: element "p" not allowed anywhere; expected the element end-tag, text, element "_", "assignable", "choice", "comment", "componentsneeded", "ctr", "depends", "endnote", "equation", "evidence", "figure", "implements", "no-link", "provides", "refinement", "requires", "rule", "selectables", "snip", "steplist", "test-obj", "testlist" or "xref" or an element from another namespace
/home/runner/work/tls/tls/output/effective.xml:1694:53: error: element "p" not allowed anywhere; expected the element end-tag, text, element "_", "assignable", "choice", "comment", "componentsneeded", "ctr", "depends", "endnote", "equation", "figure", "implements", "no-link", "provides", "refinement", "requires", "rule", "selectables", "snip", "testlist" or "xref" or an element from another namespace
/home/runner/work/tls/tls/output/effective.xml:1701:53: error: element "p" not allowed anywhere; expected the element end-tag, text, element "_", "assignable", "choice", "comment", "componentsneeded", "ctr", "depends", "endnote", "equation", "figure", "implements", "no-link", "provides", "refinement", "requires", "rule", "selectables", "snip", "testlist" or "xref" or an element from another namespace
/home/runner/work/tls/tls/output/effective.xml:1781:53: error: element "p" not allowed anywhere; expected the element end-tag, text, element "_", "assignable", "choice", "comment", "componentsneeded", "ctr", "depends", "endnote", "equation", "figure", "implements", "no-link", "provides", "refinement", "requires", "rule", "selectables", "snip", "testlist" or "xref" or an element from another namespace
/home/runner/work/tls/tls/output/effective.xml:1794:53: error: element "p" not allowed anywhere; expected the element end-tag, text, element "_", "assignable", "choice", "comment", "componentsneeded", "ctr", "depends", "endnote", "equation", "figure", "implements", "no-link", "provides", "refinement", "requires", "rule", "selectables", "snip", "testlist" or "xref" or an element from another namespace
/home/runner/work/tls/tls/output/effective.xml:1804:146: error: element "f-component" not allowed here; expected the element end-tag, text, element "_", "assignable", "choice", "comment", "componentsneeded", "ctr", "depends", "endnote", "equation", "figure", "implements", "no-link", "provides", "refinement", "requires", "rule", "section", "selectables", "snip", "testlist" or "xref" or an element from another namespace
/home/runner/work/tls/tls/output/effective.xml:1816:53: error: element "p" not allowed anywhere; expected the element end-tag, text, element "_", "assignable", "choice", "comment", "componentsneeded", "ctr", "depends", "endnote", "equation", "figure", "implements", "no-link", "provides", "refinement", "requires", "rule", "selectables", "snip", "testlist" or "xref" or an element from another namespace
/home/runner/work/tls/tls/output/effective.xml:1818:53: error: element "p" not allowed anywhere; expected the element end-tag, text, element "_", "assignable", "choice", "comment", "componentsneeded", "ctr", "depends", "endnote", "equation", "figure", "implements", "no-link", "provides", "refinement", "requires", "rule", "selectables", "snip", "testlist" or "xref" or an element from another namespace
/home/runner/work/tls/tls/output/effective.xml:1825:60: error: element "p" not allowed anywhere; expected the element end-tag, text, element "_", "assignable", "choice", "comment", "componentsneeded", "ctr", "depends", "endnote", "equation", "figure", "implements", "no-link", "provides", "refinement", "requires", "rule", "selectables", "snip", "testlist" or "xref" or an element from another namespace
/home/runner/work/tls/tls/output/effective.xml:1830:60: error: element "p" not allowed anywhere; expected the element end-tag, text, element "_", "assignable", "choice", "comment", "componentsneeded", "ctr", "depends", "endnote", "equation", "figure", "implements", "no-link", "provides", "refinement", "requires", "rule", "selectables", "snip", "testlist" or "xref" or an element from another namespace
/home/runner/work/tls/tls/output/effective.xml:1845:151: error: element "f-component" not allowed here; expected the element end-tag, text, element "_", "assignable", "choice", "comment", "componentsneeded", "ctr", "depends", "endnote", "equation", "figure", "implements", "no-link", "provides", "refinement", "requires", "rule", "section", "selectables", "snip", "testlist" or "xref" or an element from another namespace
/home/runner/work/tls/tls/output/effective.xml:1863:60: error: element "p" not allowed anywhere; expected the element end-tag, text, element "_", "assignable", "choice", "comment", "componentsneeded", "ctr", "depends", "endnote", "equation", "figure", "implements", "no-link", "provides", "refinement", "requires", "rule", "selectables", "snip", "testlist" or "xref" or an element from another namespace
/home/runner/work/tls/tls/output/effective.xml:1868:60: error: element "p" not allowed anywhere; expected the element end-tag, text, element "_", "assignable", "choice", "comment", "componentsneeded", "ctr", "depends", "endnote", "equation", "figure", "implements", "no-link", "provides", "refinement", "requires", "rule", "selectables", "snip", "testlist" or "xref" or an element from another namespace
/home/runner/work/tls/tls/output/effective.xml:1916:53: error: element "p" not allowed anywhere; expected the element end-tag, text, element "_", "assignable", "choice", "comment", "componentsneeded", "ctr", "depends", "endnote", "equation", "figure", "implements", "no-link", "provides", "refinement", "requires", "rule", "selectables", "snip", "testlist" or "xref" or an element from another namespace
/home/runner/work/tls/tls/output/effective.xml:1918:53: error: element "p" not allowed anywhere; expected the element end-tag, text, element "_", "assignable", "choice", "comment", "componentsneeded", "ctr", "depends", "endnote", "equation", "figure", "implements", "no-link", "provides", "refinement", "requires", "rule", "selectables", "snip", "testlist" or "xref" or an element from another namespace
/home/runner/work/tls/tls/output/effective.xml:1929:53: error: element "p" not allowed anywhere; expected the element end-tag, text, element "_", "assignable", "choice", "comment", "componentsneeded", "ctr", "depends", "endnote", "equation", "figure", "implements", "no-link", "provides", "refinement", "requires", "rule", "selectables", "snip", "testlist" or "xref" or an element from another namespace
/home/runner/work/tls/tls/output/effective.xml:1931:53: error: element "p" not allowed anywhere; expected the element end-tag, text, element "_", "assignable", "choice", "comment", "componentsneeded", "ctr", "depends", "endnote", "equation", "figure", "implements", "no-link", "provides", "refinement", "requires", "rule", "selectables", "snip", "testlist" or "xref" or an element from another namespace
/home/runner/work/tls/tls/output/effective.xml:1940:156: error: element "f-component" not allowed here; expected the element end-tag, text, element "_", "assignable", "choice", "comment", "componentsneeded", "ctr", "depends", "endnote", "equation", "figure", "implements", "no-link", "provides", "refinement", "requires", "rule", "section", "selectables", "snip", "testlist" or "xref" or an element from another namespace
/home/runner/work/tls/tls/output/effective.xml:1959:53: error: element "p" not allowed anywhere; expected the element end-tag, text, element "_", "assignable", "choice", "comment", "componentsneeded", "ctr", "depends", "endnote", "equation", "figure", "implements", "no-link", "provides", "refinement", "requires", "rule", "selectables", "snip", "testlist" or "xref" or an element from another namespace
/home/runner/work/tls/tls/output/effective.xml:1961:53: error: element "p" not allowed anywhere; expected the element end-tag, text, element "_", "assignable", "choice", "comment", "componentsneeded", "ctr", "depends", "endnote", "equation", "figure", "implements", "no-link", "provides", "refinement", "requires", "rule", "selectables", "snip", "testlist" or "xref" or an element from another namespace
/home/runner/work/tls/tls/output/effective.xml:1966:53: error: element "p" not allowed anywhere; expected the element end-tag, text, element "_", "assignable", "choice", "comment", "componentsneeded", "ctr", "depends", "endnote", "equation", "figure", "implements", "no-link", "provides", "refinement", "requires", "rule", "selectables", "snip", "testlist" or "xref" or an element from another namespace
/home/runner/work/tls/tls/output/effective.xml:1973:60: error: element "p" not allowed anywhere; expected the element end-tag, text, element "_", "assignable", "choice", "comment", "componentsneeded", "ctr", "depends", "endnote", "equation", "figure", "implements", "no-link", "provides", "refinement", "requires", "rule", "selectables", "snip", "testlist" or "xref" or an element from another namespace
/home/runner/work/tls/tls/output/effective.xml:1978:60: error: element "p" not allowed anywhere; expected the element end-tag, text, element "_", "assignable", "choice", "comment", "componentsneeded", "ctr", "depends", "endnote", "equation", "figure", "implements", "no-link", "provides", "refinement", "requires", "rule", "selectables", "snip", "testlist" or "xref" or an element from another namespace
/home/runner/work/tls/tls/output/effective.xml:1999:41: error: element "p" not allowed anywhere; expected the element end-tag, text, element "_", "assignable", "choice", "comment", "componentsneeded", "ctr", "depends", "endnote", "equation", "evidence", "figure", "implements", "no-link", "provides", "refinement", "requires", "rule", "selectables", "snip", "steplist", "test-obj", "testlist" or "xref" or an element from another namespace
/home/runner/work/tls/tls/output/effective.xml:2005:73: error: element "p" not allowed anywhere; expected the element end-tag, text, element "_", "assignable", "choice", "comment", "componentsneeded", "ctr", "depends", "endnote", "equation", "evidence", "figure", "implements", "no-link", "provides", "refinement", "requires", "rule", "selectables", "snip", "steplist", "test-obj", "testlist" or "xref" or an element from another namespace
/home/runner/work/tls/tls/output/effective.xml:2018:157: error: element "f-component" not allowed here; expected the element end-tag, text, element "_", "assignable", "choice", "comment", "componentsneeded", "ctr", "depends", "endnote", "equation", "figure", "implements", "no-link", "provides", "refinement", "requires", "rule", "section", "selectables", "snip", "testlist" or "xref" or an element from another namespace
/home/runner/work/tls/tls/output/effective.xml:2031:60: error: element "p" not allowed anywhere; expected the element end-tag, text, element "_", "assignable", "choice", "comment", "componentsneeded", "ctr", "depends", "endnote", "equation", "figure", "implements", "no-link", "provides", "refinement", "requires", "rule", "selectables", "snip", "testlist" or "xref" or an element from another namespace
/home/runner/work/tls/tls/output/effective.xml:2040:60: error: element "p" not allowed anywhere; expected the element end-tag, text, element "_", "assignable", "choice", "comment", "componentsneeded", "ctr", "depends", "endnote", "equation", "figure", "implements", "no-link", "provides", "refinement", "requires", "rule", "selectables", "snip", "testlist" or "xref" or an element from another namespace
/home/runner/work/tls/tls/output/effective.xml:2052:42: error: element "p" not allowed anywhere; expected the element end-tag, text, element "_", "assignable", "choice", "comment", "componentsneeded", "ctr", "depends", "endnote", "equation", "evidence", "figure", "implements", "no-link", "provides", "refinement", "requires", "rule", "selectables", "snip", "steplist", "test-obj", "testlist" or "xref" or an element from another namespace
/home/runner/work/tls/tls/output/effective.xml:2066:30: error: element "p" not allowed anywhere; expected the element end-tag, text, element "_", "assignable", "choice", "comment", "componentsneeded", "ctr", "depends", "endnote", "equation", "evidence", "figure", "implements", "no-link", "provides", "refinement", "requires", "rule", "selectables", "snip", "steplist", "test-obj", "testlist" or "xref" or an element from another namespace
/home/runner/work/tls/tls/output/effective.xml:2080:53: error: element "p" not allowed anywhere; expected the element end-tag, text, element "_", "assignable", "choice", "comment", "componentsneeded", "ctr", "depends", "endnote", "equation", "figure", "implements", "no-link", "provides", "refinement", "requires", "rule", "selectables", "snip", "testlist" or "xref" or an element from another namespace
/home/runner/work/tls/tls/output/effective.xml:2082:53: error: element "p" not allowed anywhere; expected the element end-tag, text, element "_", "assignable", "choice", "comment", "componentsneeded", "ctr", "depends", "endnote", "equation", "figure", "implements", "no-link", "provides", "refinement", "requires", "rule", "selectables", "snip", "testlist" or "xref" or an element from another namespace
/home/runner/work/tls/tls/output/effective.xml:2091:131: error: element "f-component" not allowed here; expected the element end-tag, text, element "_", "assignable", "choice", "comment", "componentsneeded", "ctr", "depends", "endnote", "equation", "figure", "implements", "no-link", "provides", "refinement", "requires", "rule", "section", "selectables", "snip", "testlist" or "xref" or an element from another namespace
/home/runner/work/tls/tls/output/effective.xml:2127:53: error: element "p" not allowed anywhere; expected the element end-tag, text, element "_", "assignable", "choice", "comment", "componentsneeded", "ctr", "depends", "endnote", "equation", "figure", "implements", "no-link", "provides", "refinement", "requires", "rule", "selectables", "snip", "testlist" or "xref" or an element from another namespace
/home/runner/work/tls/tls/output/effective.xml:2129:53: error: element "p" not allowed anywhere; expected the element end-tag, text, element "_", "assignable", "choice", "comment", "componentsneeded", "ctr", "depends", "endnote", "equation", "figure", "implements", "no-link", "provides", "refinement", "requires", "rule", "selectables", "snip", "testlist" or "xref" or an element from another namespace
/home/runner/work/tls/tls/output/effective.xml:2133:53: error: element "p" not allowed anywhere; expected the element end-tag, text, element "_", "assignable", "choice", "comment", "componentsneeded", "ctr", "depends", "endnote", "equation", "figure", "implements", "no-link", "provides", "refinement", "requires", "rule", "selectables", "snip", "testlist" or "xref" or an element from another namespace
/home/runner/work/tls/tls/output/effective.xml:2135:53: error: element "p" not allowed anywhere; expected the element end-tag, text, element "_", "assignable", "choice", "comment", "componentsneeded", "ctr", "depends", "endnote", "equation", "figure", "implements", "no-link", "provides", "refinement", "requires", "rule", "selectables", "snip", "testlist" or "xref" or an element from another namespace
/home/runner/work/tls/tls/output/effective.xml:2138:53: error: element "p" not allowed anywhere; expected the element end-tag, text, element "_", "assignable", "choice", "comment", "componentsneeded", "ctr", "depends", "endnote", "equation", "figure", "implements", "no-link", "provides", "refinement", "requires", "rule", "selectables", "snip", "testlist" or "xref" or an element from another namespace
/home/runner/work/tls/tls/output/effective.xml:2146:53: error: element "p" not allowed anywhere; expected the element end-tag, text, element "_", "assignable", "choice", "comment", "componentsneeded", "ctr", "depends", "endnote", "equation", "figure", "implements", "no-link", "provides", "refinement", "requires", "rule", "selectables", "snip", "testlist" or "xref" or an element from another namespace
/home/runner/work/tls/tls/output/effective.xml:2151:60: error: element "p" not allowed anywhere; expected the element end-tag, text, element "_", "assignable", "choice", "comment", "componentsneeded", "ctr", "depends", "endnote", "equation", "figure", "implements", "no-link", "provides", "refinement", "requires", "rule", "selectables", "snip", "testlist" or "xref" or an element from another namespace
/home/runner/work/tls/tls/output/effective.xml:2156:60: error: element "p" not allowed anywhere; expected the element end-tag, text, element "_", "assignable", "choice", "comment", "componentsneeded", "ctr", "depends", "endnote", "equation", "figure", "implements", "no-link", "provides", "refinement", "requires", "rule", "selectables", "snip", "testlist" or "xref" or an element from another namespace
/home/runner/work/tls/tls/output/effective.xml:2161:60: error: element "p" not allowed anywhere; expected the element end-tag, text, element "_", "assignable", "choice", "comment", "componentsneeded", "ctr", "depends", "endnote", "equation", "figure", "implements", "no-link", "provides", "refinement", "requires", "rule", "selectables", "snip", "testlist" or "xref" or an element from another namespace
/home/runner/work/tls/tls/output/effective.xml:2163:60: error: element "p" not allowed anywhere; expected the element end-tag, text, element "_", "assignable", "choice", "comment", "componentsneeded", "ctr", "depends", "endnote", "equation", "figure", "implements", "no-link", "provides", "refinement", "requires", "rule", "selectables", "snip", "testlist" or "xref" or an element from another namespace
/home/runner/work/tls/tls/output/effective.xml:2166:60: error: element "p" not allowed anywhere; expected the element end-tag, text, element "_", "assignable", "choice", "comment", "componentsneeded", "ctr", "depends", "endnote", "equation", "figure", "implements", "no-link", "provides", "refinement", "requires", "rule", "selectables", "snip", "testlist" or "xref" or an element from another namespace
/home/runner/work/tls/tls/output/effective.xml:2215:60: error: element "p" not allowed anywhere; expected the element end-tag, text, element "_", "assignable", "choice", "comment", "componentsneeded", "ctr", "depends", "endnote", "equation", "figure", "implements", "no-link", "provides", "refinement", "requires", "rule", "selectables", "snip", "testlist" or "xref" or an element from another namespace
/home/runner/work/tls/tls/output/effective.xml:2219:60: error: element "p" not allowed anywhere; expected the element end-tag, text, element "_", "assignable", "choice", "comment", "componentsneeded", "ctr", "depends", "endnote", "equation", "figure", "implements", "no-link", "provides", "refinement", "requires", "rule", "selectables", "snip", "testlist" or "xref" or an element from another namespace
/home/runner/work/tls/tls/output/effective.xml:2219:123: error: element "p" not allowed anywhere; expected the element end-tag, text, element "_", "assignable", "choice", "comment", "componentsneeded", "ctr", "depends", "endnote", "equation", "figure", "implements", "no-link", "provides", "refinement", "requires", "rule", "selectables", "snip", "testlist" or "xref" or an element from another namespace
/home/runner/work/tls/tls/output/effective.xml:2222:60: error: element "p" not allowed anywhere; expected the element end-tag, text, element "_", "assignable", "choice", "comment", "componentsneeded", "ctr", "depends", "endnote", "equation", "figure", "implements", "no-link", "provides", "refinement", "requires", "rule", "selectables", "snip", "testlist" or "xref" or an element from another namespace
/home/runner/work/tls/tls/output/effective.xml:2228:60: error: element "p" not allowed anywhere; expected the element end-tag, text, element "_", "assignable", "choice", "comment", "componentsneeded", "ctr", "depends", "endnote", "equation", "figure", "implements", "no-link", "provides", "refinement", "requires", "rule", "selectables", "snip", "testlist" or "xref" or an element from another namespace
/home/runner/work/tls/tls/output/effective.xml:2232:60: error: element "p" not allowed anywhere; expected the element end-tag, text, element "_", "assignable", "choice", "comment", "componentsneeded", "ctr", "depends", "endnote", "equation", "figure", "implements", "no-link", "provides", "refinement", "requires", "rule", "selectables", "snip", "testlist" or "xref" or an element from another namespace
/home/runner/work/tls/tls/output/effective.xml:2235:60: error: element "p" not allowed anywhere; expected the element end-tag, text, element "_", "assignable", "choice", "comment", "componentsneeded", "ctr", "depends", "endnote", "equation", "figure", "implements", "no-link", "provides", "refinement", "requires", "rule", "selectables", "snip", "testlist" or "xref" or an element from another namespace
/home/runner/work/tls/tls/output/effective.xml:2235:123: error: element "p" not allowed anywhere; expected the element end-tag, text, element "_", "assignable", "choice", "comment", "componentsneeded", "ctr", "depends", "endnote", "equation", "figure", "implements", "no-link", "provides", "refinement", "requires", "rule", "selectables", "snip", "testlist" or "xref" or an element from another namespace
/home/runner/work/tls/tls/output/effective.xml:2242:73: error: element "p" not allowed anywhere; expected the element end-tag, text, element "_", "assignable", "choice", "comment", "componentsneeded", "ctr", "depends", "endnote", "equation", "evidence", "figure", "implements", "no-link", "provides", "refinement", "requires", "rule", "selectables", "snip", "steplist", "test-obj", "testlist" or "xref" or an element from another namespace
/home/runner/work/tls/tls/output/effective.xml:2245:30: error: element "p" not allowed anywhere; expected the element end-tag, text, element "_", "assignable", "choice", "comment", "componentsneeded", "ctr", "depends", "endnote", "equation", "evidence", "figure", "implements", "no-link", "provides", "refinement", "requires", "rule", "selectables", "snip", "steplist", "test-obj", "testlist" or "xref" or an element from another namespace
/home/runner/work/tls/tls/output/effective.xml:2248:42: error: element "p" not allowed anywhere; expected the element end-tag, text, element "_", "assignable", "choice", "comment", "componentsneeded", "ctr", "depends", "endnote", "equation", "evidence", "figure", "implements", "no-link", "provides", "refinement", "requires", "rule", "selectables", "snip", "steplist", "test-obj", "testlist" or "xref" or an element from another namespace
/home/runner/work/tls/tls/output/effective.xml:2251:34: error: element "p" not allowed anywhere; expected the element end-tag, text, element "_", "assignable", "choice", "comment", "componentsneeded", "ctr", "depends", "endnote", "equation", "evidence", "figure", "implements", "no-link", "provides", "refinement", "requires", "rule", "selectables", "snip", "steplist", "test-obj", "testlist" or "xref" or an element from another namespace
/home/runner/work/tls/tls/output/effective.xml:2252:36: error: element "p" not allowed anywhere; expected the element end-tag, text, element "_", "assignable", "choice", "comment", "componentsneeded", "ctr", "depends", "endnote", "equation", "evidence", "figure", "implements", "no-link", "provides", "refinement", "requires", "rule", "selectables", "snip", "steplist", "test-obj", "testlist" or "xref" or an element from another namespace
/home/runner/work/tls/tls/output/effective.xml:2257:103: error: element "p" not allowed anywhere; expected the element end-tag, text, element "_", "assignable", "choice", "comment", "componentsneeded", "ctr", "depends", "endnote", "equation", "evidence", "figure", "implements", "no-link", "provides", "refinement", "requires", "rule", "selectables", "snip", "steplist", "test-obj", "testlist" or "xref" or an element from another namespace
/home/runner/work/tls/tls/output/effective.xml:2259:68: error: element "p" not allowed anywhere; expected the element end-tag, text, element "_", "assignable", "choice", "comment", "componentsneeded", "ctr", "depends", "endnote", "equation", "evidence", "figure", "implements", "no-link", "provides", "refinement", "requires", "rule", "selectables", "snip", "steplist", "test-obj", "testlist" or "xref" or an element from another namespace
/home/runner/work/tls/tls/output/effective.xml:2261:30: error: element "p" not allowed anywhere; expected the element end-tag, text, element "_", "assignable", "choice", "comment", "componentsneeded", "ctr", "depends", "endnote", "equation", "evidence", "figure", "implements", "no-link", "provides", "refinement", "requires", "rule", "selectables", "snip", "steplist", "test-obj", "testlist" or "xref" or an element from another namespace
/home/runner/work/tls/tls/output/effective.xml:2261:96: error: element "p" not allowed anywhere; expected the element end-tag, text, element "_", "assignable", "choice", "comment", "componentsneeded", "ctr", "depends", "endnote", "equation", "evidence", "figure", "implements", "no-link", "provides", "refinement", "requires", "rule", "selectables", "snip", "steplist", "test-obj", "testlist" or "xref" or an element from another namespace
/home/runner/work/tls/tls/output/effective.xml:2263:40: error: element "p" not allowed anywhere; expected the element end-tag, text, element "_", "assignable", "choice", "comment", "componentsneeded", "ctr", "depends", "endnote", "equation", "evidence", "figure", "implements", "no-link", "provides", "refinement", "requires", "rule", "selectables", "snip", "steplist", "test-obj", "testlist" or "xref" or an element from another namespace
/home/runner/work/tls/tls/output/effective.xml:2295:35: error: element "p" not allowed anywhere; expected the element end-tag, text, element "_", "assignable", "choice", "comment", "componentsneeded", "ctr", "depends", "endnote", "equation", "evidence", "figure", "implements", "no-link", "provides", "refinement", "requires", "rule", "selectables", "snip", "steplist", "test-obj", "testlist" or "xref" or an element from another namespace
/home/runner/work/tls/tls/output/effective.xml:2297:105: error: element "p" not allowed anywhere; expected the element end-tag, text, element "_", "assignable", "choice", "comment", "componentsneeded", "ctr", "depends", "endnote", "equation", "evidence", "figure", "implements", "no-link", "provides", "refinement", "requires", "rule", "selectables", "snip", "steplist", "test-obj", "testlist" or "xref" or an element from another namespace
/home/runner/work/tls/tls/output/effective.xml:2352:53: error: element "p" not allowed anywhere; expected the element end-tag, text, element "_", "assignable", "choice", "comment", "componentsneeded", "ctr", "depends", "endnote", "equation", "figure", "implements", "no-link", "provides", "refinement", "requires", "rule", "selectables", "snip", "testlist" or "xref" or an element from another namespace
/home/runner/work/tls/tls/output/effective.xml:2363:53: error: element "p" not allowed anywhere; expected the element end-tag, text, element "_", "assignable", "choice", "comment", "componentsneeded", "ctr", "depends", "endnote", "equation", "figure", "implements", "no-link", "provides", "refinement", "requires", "rule", "selectables", "snip", "testlist" or "xref" or an element from another namespace
/home/runner/work/tls/tls/output/effective.xml:2367:53: error: element "p" not allowed anywhere; expected the element end-tag, text, element "_", "assignable", "choice", "comment", "componentsneeded", "ctr", "depends", "endnote", "equation", "figure", "implements", "no-link", "provides", "refinement", "requires", "rule", "selectables", "snip", "testlist" or "xref" or an element from another namespace
/home/runner/work/tls/tls/output/effective.xml:2371:53: error: element "p" not allowed anywhere; expected the element end-tag, text, element "_", "assignable", "choice", "comment", "componentsneeded", "ctr", "depends", "endnote", "equation", "figure", "implements", "no-link", "provides", "refinement", "requires", "rule", "selectables", "snip", "testlist" or "xref" or an element from another namespace
/home/runner/work/tls/tls/output/effective.xml:2387:45: error: element "ul" not allowed anywhere; expected the element end-tag, text, element "_", "assignable", "choice", "comment", "componentsneeded", "ctr", "depends", "endnote", "equation", "figure", "implements", "management-function-set", "no-link", "provides", "refinement", "requires", "rule", "selectables", "snip", "testlist" or "xref" or an element from another namespace
/home/runner/work/tls/tls/output/effective.xml:2397:53: error: element "p" not allowed anywhere; expected the element end-tag, text, element "_", "assignable", "choice", "comment", "componentsneeded", "ctr", "depends", "endnote", "equation", "figure", "implements", "no-link", "provides", "refinement", "requires", "rule", "selectables", "snip", "testlist" or "xref" or an element from another namespace
/home/runner/work/tls/tls/output/effective.xml:2405:53: error: element "p" not allowed anywhere; expected the element end-tag, text, element "_", "assignable", "choice", "comment", "componentsneeded", "ctr", "depends", "endnote", "equation", "figure", "implements", "no-link", "provides", "refinement", "requires", "rule", "selectables", "snip", "testlist" or "xref" or an element from another namespace
/home/runner/work/tls/tls/output/effective.xml:2410:53: error: element "p" not allowed anywhere; expected the element end-tag, text, element "_", "assignable", "choice", "comment", "componentsneeded", "ctr", "depends", "endnote", "equation", "figure", "implements", "no-link", "provides", "refinement", "requires", "rule", "selectables", "snip", "testlist" or "xref" or an element from another namespace
/home/runner/work/tls/tls/output/effective.xml:2419:51: error: element "ul" not allowed anywhere; expected the element end-tag, text, element "_", "assignable", "choice", "comment", "componentsneeded", "ctr", "depends", "endnote", "equation", "figure", "implements", "management-function-set", "no-link", "provides", "refinement", "requires", "rule", "selectables", "snip", "testlist" or "xref" or an element from another namespace
/home/runner/work/tls/tls/output/effective.xml:2426:78: error: element "ul" not allowed anywhere; expected the element end-tag, text, element "_", "assignable", "choice", "comment", "componentsneeded", "ctr", "depends", "endnote", "equation", "figure", "implements", "management-function-set", "no-link", "provides", "refinement", "requires", "rule", "selectables", "snip", "testlist" or "xref" or an element from another namespace
/home/runner/work/tls/tls/output/effective.xml:2434:78: error: element "ul" not allowed anywhere; expected the element end-tag, text, element "_", "assignable", "choice", "comment", "componentsneeded", "ctr", "depends", "endnote", "equation", "figure", "implements", "management-function-set", "no-link", "provides", "refinement", "requires", "rule", "selectables", "snip", "testlist" or "xref" or an element from another namespace
/home/runner/work/tls/tls/output/effective.xml:2489:60: error: element "ul" not allowed anywhere; expected the element end-tag, text, element "_", "assignable", "choice", "comment", "componentsneeded", "ctr", "depends", "endnote", "equation", "figure", "implements", "management-function-set", "no-link", "provides", "refinement", "requires", "rule", "selectables", "snip", "testlist" or "xref" or an element from another namespace
/home/runner/work/tls/tls/output/effective.xml:2495:53: error: element "p" not allowed anywhere; expected the element end-tag, text, element "_", "assignable", "choice", "comment", "componentsneeded", "ctr", "depends", "endnote", "equation", "figure", "implements", "no-link", "provides", "refinement", "requires", "rule", "selectables", "snip", "testlist" or "xref" or an element from another namespace
/home/runner/work/tls/tls/output/effective.xml:2500:53: error: element "p" not allowed anywhere; expected the element end-tag, text, element "_", "assignable", "choice", "comment", "componentsneeded", "ctr", "depends", "endnote", "equation", "figure", "implements", "no-link", "provides", "refinement", "requires", "rule", "selectables", "snip", "testlist" or "xref" or an element from another namespace
/home/runner/work/tls/tls/output/effective.xml:2504:53: error: element "p" not allowed anywhere; expected the element end-tag, text, element "_", "assignable", "choice", "comment", "componentsneeded", "ctr", "depends", "endnote", "equation", "figure", "implements", "no-link", "provides", "refinement", "requires", "rule", "selectables", "snip", "testlist" or "xref" or an element from another namespace
/home/runner/work/tls/tls/output/effective.xml:2507:53: error: element "p" not allowed anywhere; expected the element end-tag, text, element "_", "assignable", "choice", "comment", "componentsneeded", "ctr", "depends", "endnote", "equation", "figure", "implements", "no-link", "provides", "refinement", "requires", "rule", "selectables", "snip", "testlist" or "xref" or an element from another namespace
/home/runner/work/tls/tls/output/effective.xml:2510:53: error: element "p" not allowed anywhere; expected the element end-tag, text, element "_", "assignable", "choice", "comment", "componentsneeded", "ctr", "depends", "endnote", "equation", "figure", "implements", "no-link", "provides", "refinement", "requires", "rule", "selectables", "snip", "testlist" or "xref" or an element from another namespace
/home/runner/work/tls/tls/output/effective.xml:2557:53: error: element "p" not allowed anywhere; expected the element end-tag, text, element "_", "assignable", "choice", "comment", "componentsneeded", "ctr", "depends", "endnote", "equation", "figure", "implements", "no-link", "provides", "refinement", "requires", "rule", "selectables", "snip", "testlist" or "xref" or an element from another namespace
/home/runner/work/tls/tls/output/effective.xml:2569:55: error: element "br" not allowed anywhere; expected the element end-tag, text, element "_", "assignable", "choice", "comment", "componentsneeded", "ctr", "depends", "endnote", "equation", "figure", "implements", "no-link", "provides", "refinement", "requires", "rule", "selectables", "snip", "testlist" or "xref" or an element from another namespace
/home/runner/work/tls/tls/output/effective.xml:2570:55: error: element "br" not allowed anywhere; expected the element end-tag, text, element "_", "assignable", "choice", "comment", "componentsneeded", "ctr", "depends", "endnote", "equation", "figure", "implements", "no-link", "provides", "refinement", "requires", "rule", "selectables", "snip", "testlist" or "xref" or an element from another namespace
/home/runner/work/tls/tls/output/effective.xml:2571:53: error: element "p" not allowed anywhere; expected the element end-tag, text, element "_", "assignable", "choice", "comment", "componentsneeded", "ctr", "depends", "endnote", "equation", "figure", "implements", "no-link", "provides", "refinement", "requires", "rule", "selectables", "snip", "testlist" or "xref" or an element from another namespace
/home/runner/work/tls/tls/output/effective.xml:2586:53: error: element "p" not allowed anywhere; expected the element end-tag, text, element "_", "assignable", "choice", "comment", "componentsneeded", "ctr", "depends", "endnote", "equation", "figure", "implements", "no-link", "provides", "refinement", "requires", "rule", "selectables", "snip", "testlist" or "xref" or an element from another namespace
/home/runner/work/tls/tls/output/effective.xml:2591:53: error: element "p" not allowed anywhere; expected the element end-tag, text, element "_", "assignable", "choice", "comment", "componentsneeded", "ctr", "depends", "endnote", "equation", "figure", "implements", "no-link", "provides", "refinement", "requires", "rule", "selectables", "snip", "testlist" or "xref" or an element from another namespace
/home/runner/work/tls/tls/output/effective.xml:2597:53: error: element "p" not allowed anywhere; expected the element end-tag, text, element "_", "assignable", "choice", "comment", "componentsneeded", "ctr", "depends", "endnote", "equation", "figure", "implements", "no-link", "provides", "refinement", "requires", "rule", "selectables", "snip", "testlist" or "xref" or an element from another namespace
/home/runner/work/tls/tls/output/effective.xml:2618:53: error: element "p" not allowed anywhere; expected the element end-tag, text, element "_", "assignable", "choice", "comment", "componentsneeded", "ctr", "depends", "endnote", "equation", "figure", "implements", "no-link", "provides", "refinement", "requires", "rule", "selectables", "snip", "testlist" or "xref" or an element from another namespace
/home/runner/work/tls/tls/output/effective.xml:2628:53: error: element "p" not allowed anywhere; expected the element end-tag, text, element "_", "assignable", "choice", "comment", "componentsneeded", "ctr", "depends", "endnote", "equation", "figure", "implements", "no-link", "provides", "refinement", "requires", "rule", "selectables", "snip", "testlist" or "xref" or an element from another namespace
/home/runner/work/tls/tls/output/effective.xml:2631:53: error: element "p" not allowed anywhere; expected the element end-tag, text, element "_", "assignable", "choice", "comment", "componentsneeded", "ctr", "depends", "endnote", "equation", "figure", "implements", "no-link", "provides", "refinement", "requires", "rule", "selectables", "snip", "testlist" or "xref" or an element from another namespace
/home/runner/work/tls/tls/output/effective.xml:2647:156: error: element "f-component" not allowed here; expected the element end-tag, text, element "_", "assignable", "choice", "comment", "componentsneeded", "ctr", "depends", "endnote", "equation", "figure", "implements", "no-link", "provides", "refinement", "requires", "rule", "section", "selectables", "snip", "testlist" or "xref" or an element from another namespace
/home/runner/work/tls/tls/output/effective.xml:2670:53: error: element "p" not allowed anywhere; expected the element end-tag, text, element "_", "assignable", "choice", "comment", "componentsneeded", "ctr", "depends", "endnote", "equation", "figure", "implements", "no-link", "provides", "refinement", "requires", "rule", "selectables", "snip", "testlist" or "xref" or an element from another namespace
/home/runner/work/tls/tls/output/effective.xml:2672:53: error: element "p" not allowed anywhere; expected the element end-tag, text, element "_", "assignable", "choice", "comment", "componentsneeded", "ctr", "depends", "endnote", "equation", "figure", "implements", "no-link", "provides", "refinement", "requires", "rule", "selectables", "snip", "testlist" or "xref" or an element from another namespace
/home/runner/work/tls/tls/output/effective.xml:2677:53: error: element "p" not allowed anywhere; expected the element end-tag, text, element "_", "assignable", "choice", "comment", "componentsneeded", "ctr", "depends", "endnote", "equation", "figure", "implements", "no-link", "provides", "refinement", "requires", "rule", "selectables", "snip", "testlist" or "xref" or an element from another namespace
/home/runner/work/tls/tls/output/effective.xml:2693:60: error: element "p" not allowed anywhere; expected the element end-tag, text, element "_", "assignable", "choice", "comment", "componentsneeded", "ctr", "depends", "endnote", "equation", "figure", "implements", "no-link", "provides", "refinement", "requires", "rule", "selectables", "snip", "testlist" or "xref" or an element from another namespace
/home/runner/work/tls/tls/output/effective.xml:2700:60: error: element "p" not allowed anywhere; expected the element end-tag, text, element "_", "assignable", "choice", "comment", "componentsneeded", "ctr", "depends", "endnote", "equation", "figure", "implements", "no-link", "provides", "refinement", "requires", "rule", "selectables", "snip", "testlist" or "xref" or an element from another namespace
/home/runner/work/tls/tls/output/effective.xml:2730:65: error: element "p" not allowed anywhere; expected the element end-tag, text, element "_", "assignable", "choice", "comment", "componentsneeded", "ctr", "depends", "endnote", "equation", "evidence", "figure", "implements", "no-link", "provides", "refinement", "requires", "rule", "selectables", "snip", "steplist", "test-obj", "testlist" or "xref" or an element from another namespace
/home/runner/work/tls/tls/output/effective.xml:2743:143: error: element "f-component" not allowed here; expected the element end-tag, text, element "_", "assignable", "choice", "comment", "componentsneeded", "ctr", "depends", "endnote", "equation", "figure", "implements", "no-link", "provides", "refinement", "requires", "rule", "section", "selectables", "snip", "testlist" or "xref" or an element from another namespace
/home/runner/work/tls/tls/output/effective.xml:2760:53: error: element "p" not allowed anywhere; expected the element end-tag, text, element "_", "assignable", "choice", "comment", "componentsneeded", "ctr", "depends", "endnote", "equation", "figure", "implements", "no-link", "provides", "refinement", "requires", "rule", "selectables", "snip", "testlist" or "xref" or an element from another namespace
/home/runner/work/tls/tls/output/effective.xml:2762:53: error: element "p" not allowed anywhere; expected the element end-tag, text, element "_", "assignable", "choice", "comment", "componentsneeded", "ctr", "depends", "endnote", "equation", "figure", "implements", "no-link", "provides", "refinement", "requires", "rule", "selectables", "snip", "testlist" or "xref" or an element from another namespace
/home/runner/work/tls/tls/output/effective.xml:2775:60: error: element "p" not allowed anywhere; expected the element end-tag, text, element "_", "assignable", "choice", "comment", "componentsneeded", "ctr", "depends", "endnote", "equation", "figure", "implements", "no-link", "provides", "refinement", "requires", "rule", "selectables", "snip", "testlist" or "xref" or an element from another namespace
/home/runner/work/tls/tls/output/effective.xml:2785:60: error: element "p" not allowed anywhere; expected the element end-tag, text, element "_", "assignable", "choice", "comment", "componentsneeded", "ctr", "depends", "endnote", "equation", "figure", "implements", "no-link", "provides", "refinement", "requires", "rule", "selectables", "snip", "testlist" or "xref" or an element from another namespace
/home/runner/work/tls/tls/output/effective.xml:2796:89: error: element "p" not allowed anywhere; expected the element end-tag, text, element "_", "assignable", "choice", "comment", "componentsneeded", "ctr", "depends", "endnote", "equation", "evidence", "figure", "implements", "no-link", "provides", "refinement", "requires", "rule", "selectables", "snip", "steplist", "test-obj", "testlist" or "xref" or an element from another namespace
/home/runner/work/tls/tls/output/effective.xml:2808:77: error: element "p" not allowed anywhere; expected the element end-tag, text, element "_", "assignable", "choice", "comment", "componentsneeded", "ctr", "depends", "endnote", "equation", "evidence", "figure", "implements", "no-link", "provides", "refinement", "requires", "rule", "selectables", "snip", "steplist", "test-obj", "testlist" or "xref" or an element from another namespace
/home/runner/work/tls/tls/output/effective.xml:2811:45: error: element "p" not allowed anywhere; expected the element end-tag, text, element "_", "assignable", "choice", "comment", "componentsneeded", "ctr", "depends", "endnote", "equation", "evidence", "figure", "implements", "no-link", "provides", "refinement", "requires", "rule", "selectables", "snip", "steplist", "test-obj", "testlist" or "xref" or an element from another namespace
/home/runner/work/tls/tls/output/effective.xml:2813:117: error: element "p" not allowed anywhere; expected the element end-tag, text, element "_", "assignable", "choice", "comment", "componentsneeded", "ctr", "depends", "endnote", "equation", "evidence", "figure", "implements", "no-link", "provides", "refinement", "requires", "rule", "selectables", "snip", "steplist", "test-obj", "testlist" or "xref" or an element from another namespace
/home/runner/work/tls/tls/output/effective.xml:2824:148: error: element "f-component" not allowed here; expected the element end-tag, text, element "_", "assignable", "choice", "comment", "componentsneeded", "ctr", "depends", "endnote", "equation", "figure", "implements", "no-link", "provides", "refinement", "requires", "rule", "section", "selectables", "snip", "testlist" or "xref" or an element from another namespace
/home/runner/work/tls/tls/output/effective.xml:2850:53: error: element "p" not allowed anywhere; expected the element end-tag, text, element "_", "assignable", "choice", "comment", "componentsneeded", "ctr", "depends", "endnote", "equation", "figure", "implements", "no-link", "provides", "refinement", "requires", "rule", "selectables", "snip", "testlist" or "xref" or an element from another namespace
/home/runner/work/tls/tls/output/effective.xml:2852:53: error: element "p" not allowed anywhere; expected the element end-tag, text, element "_", "assignable", "choice", "comment", "componentsneeded", "ctr", "depends", "endnote", "equation", "figure", "implements", "no-link", "provides", "refinement", "requires", "rule", "selectables", "snip", "testlist" or "xref" or an element from another namespace
/home/runner/work/tls/tls/output/effective.xml:2853:53: error: element "p" not allowed anywhere; expected the element end-tag, text, element "_", "assignable", "choice", "comment", "componentsneeded", "ctr", "depends", "endnote", "equation", "figure", "implements", "no-link", "provides", "refinement", "requires", "rule", "selectables", "snip", "testlist" or "xref" or an element from another namespace
/home/runner/work/tls/tls/output/effective.xml:2857:53: error: element "p" not allowed anywhere; expected the element end-tag, text, element "_", "assignable", "choice", "comment", "componentsneeded", "ctr", "depends", "endnote", "equation", "figure", "implements", "no-link", "provides", "refinement", "requires", "rule", "selectables", "snip", "testlist" or "xref" or an element from another namespace
/home/runner/work/tls/tls/output/effective.xml:2860:53: error: element "p" not allowed anywhere; expected the element end-tag, text, element "_", "assignable", "choice", "comment", "componentsneeded", "ctr", "depends", "endnote", "equation", "figure", "implements", "no-link", "provides", "refinement", "requires", "rule", "selectables", "snip", "testlist" or "xref" or an element from another namespace
/home/runner/work/tls/tls/output/effective.xml:2864:53: error: element "p" not allowed anywhere; expected the element end-tag, text, element "_", "assignable", "choice", "comment", "componentsneeded", "ctr", "depends", "endnote", "equation", "figure", "implements", "no-link", "provides", "refinement", "requires", "rule", "selectables", "snip", "testlist" or "xref" or an element from another namespace
/home/runner/work/tls/tls/output/effective.xml:2874:53: error: element "p" not allowed anywhere; expected the element end-tag, text, element "_", "assignable", "choice", "comment", "componentsneeded", "ctr", "depends", "endnote", "equation", "figure", "implements", "no-link", "provides", "refinement", "requires", "rule", "selectables", "snip", "testlist" or "xref" or an element from another namespace
/home/runner/work/tls/tls/output/effective.xml:2882:60: error: element "p" not allowed anywhere; expected the element end-tag, text, element "_", "assignable", "choice", "comment", "componentsneeded", "ctr", "depends", "endnote", "equation", "figure", "implements", "no-link", "provides", "refinement", "requires", "rule", "selectables", "snip", "testlist" or "xref" or an element from another namespace
/home/runner/work/tls/tls/output/effective.xml:2888:60: error: element "p" not allowed anywhere; expected the element end-tag, text, element "_", "assignable", "choice", "comment", "componentsneeded", "ctr", "depends", "endnote", "equation", "figure", "implements", "no-link", "provides", "refinement", "requires", "rule", "selectables", "snip", "testlist" or "xref" or an element from another namespace
/home/runner/work/tls/tls/output/effective.xml:2907:153: error: element "f-component" not allowed here; expected the element end-tag, text, element "_", "assignable", "choice", "comment", "componentsneeded", "ctr", "depends", "endnote", "equation", "figure", "implements", "no-link", "provides", "refinement", "requires", "rule", "section", "selectables", "snip", "testlist" or "xref" or an element from another namespace
/home/runner/work/tls/tls/output/effective.xml:2926:53: error: element "p" not allowed anywhere; expected the element end-tag, text, element "_", "assignable", "choice", "comment", "componentsneeded", "ctr", "depends", "endnote", "equation", "figure", "implements", "no-link", "provides", "refinement", "requires", "rule", "selectables", "snip", "testlist" or "xref" or an element from another namespace
/home/runner/work/tls/tls/output/effective.xml:2928:53: error: element "p" not allowed anywhere; expected the element end-tag, text, element "_", "assignable", "choice", "comment", "componentsneeded", "ctr", "depends", "endnote", "equation", "figure", "implements", "no-link", "provides", "refinement", "requires", "rule", "selectables", "snip", "testlist" or "xref" or an element from another namespace
/home/runner/work/tls/tls/output/effective.xml:2934:53: error: element "p" not allowed anywhere; expected the element end-tag, text, element "_", "assignable", "choice", "comment", "componentsneeded", "ctr", "depends", "endnote", "equation", "figure", "implements", "no-link", "provides", "refinement", "requires", "rule", "selectables", "snip", "testlist" or "xref" or an element from another namespace
/home/runner/work/tls/tls/output/effective.xml:2941:60: error: element "p" not allowed anywhere; expected the element end-tag, text, element "_", "assignable", "choice", "comment", "componentsneeded", "ctr", "depends", "endnote", "equation", "figure", "implements", "no-link", "provides", "refinement", "requires", "rule", "selectables", "snip", "testlist" or "xref" or an element from another namespace
/home/runner/work/tls/tls/output/effective.xml:2946:60: error: element "p" not allowed anywhere; expected the element end-tag, text, element "_", "assignable", "choice", "comment", "componentsneeded", "ctr", "depends", "endnote", "equation", "figure", "implements", "no-link", "provides", "refinement", "requires", "rule", "selectables", "snip", "testlist" or "xref" or an element from another namespace
/home/runner/work/tls/tls/output/effective.xml:2959:87: error: element "p" not allowed anywhere; expected the element end-tag, text, element "_", "assignable", "choice", "comment", "componentsneeded", "ctr", "depends", "endnote", "equation", "evidence", "figure", "implements", "no-link", "provides", "refinement", "requires", "rule", "selectables", "snip", "steplist", "test-obj", "testlist" or "xref" or an element from another namespace
/home/runner/work/tls/tls/output/effective.xml:2968:41: error: element "p" not allowed anywhere; expected the element end-tag, text, element "_", "assignable", "choice", "comment", "componentsneeded", "ctr", "depends", "endnote", "equation", "evidence", "figure", "implements", "no-link", "provides", "refinement", "requires", "rule", "selectables", "snip", "steplist", "test-obj", "testlist" or "xref" or an element from another namespace
/home/runner/work/tls/tls/output/effective.xml:2979:153: error: element "f-component" not allowed here; expected the element end-tag, text, element "_", "assignable", "choice", "comment", "componentsneeded", "ctr", "depends", "endnote", "equation", "figure", "implements", "no-link", "provides", "refinement", "requires", "rule", "section", "selectables", "snip", "testlist" or "xref" or an element from another namespace
/home/runner/work/tls/tls/output/effective.xml:2992:60: error: element "p" not allowed anywhere; expected the element end-tag, text, element "_", "assignable", "choice", "comment", "componentsneeded", "ctr", "depends", "endnote", "equation", "figure", "implements", "no-link", "provides", "refinement", "requires", "rule", "selectables", "snip", "testlist" or "xref" or an element from another namespace
/home/runner/work/tls/tls/output/effective.xml:3000:60: error: element "p" not allowed anywhere; expected the element end-tag, text, element "_", "assignable", "choice", "comment", "componentsneeded", "ctr", "depends", "endnote", "equation", "figure", "implements", "no-link", "provides", "refinement", "requires", "rule", "selectables", "snip", "testlist" or "xref" or an element from another namespace
/home/runner/work/tls/tls/output/effective.xml:3014:38: error: element "p" not allowed anywhere; expected the element end-tag, text, element "_", "assignable", "choice", "comment", "componentsneeded", "ctr", "depends", "endnote", "equation", "evidence", "figure", "implements", "no-link", "provides", "refinement", "requires", "rule", "selectables", "snip", "test-obj", "testlist" or "xref" or an element from another namespace
/home/runner/work/tls/tls/output/effective.xml:3022:53: error: element "p" not allowed anywhere; expected the element end-tag, text, element "_", "assignable", "choice", "comment", "componentsneeded", "ctr", "depends", "endnote", "equation", "figure", "implements", "no-link", "provides", "refinement", "requires", "rule", "selectables", "snip", "testlist" or "xref" or an element from another namespace
/home/runner/work/tls/tls/output/effective.xml:3024:53: error: element "p" not allowed anywhere; expected the element end-tag, text, element "_", "assignable", "choice", "comment", "componentsneeded", "ctr", "depends", "endnote", "equation", "figure", "implements", "no-link", "provides", "refinement", "requires", "rule", "selectables", "snip", "testlist" or "xref" or an element from another namespace
/home/runner/work/tls/tls/output/effective.xml:3034:131: error: element "f-component" not allowed here; expected the element end-tag, text, element "_", "assignable", "choice", "comment", "componentsneeded", "ctr", "depends", "endnote", "equation", "figure", "implements", "no-link", "provides", "refinement", "requires", "rule", "section", "selectables", "snip", "testlist" or "xref" or an element from another namespace
/home/runner/work/tls/tls/output/effective.xml:3070:53: error: element "p" not allowed anywhere; expected the element end-tag, text, element "_", "assignable", "choice", "comment", "componentsneeded", "ctr", "depends", "endnote", "equation", "figure", "implements", "no-link", "provides", "refinement", "requires", "rule", "selectables", "snip", "testlist" or "xref" or an element from another namespace
/home/runner/work/tls/tls/output/effective.xml:3072:53: error: element "p" not allowed anywhere; expected the element end-tag, text, element "_", "assignable", "choice", "comment", "componentsneeded", "ctr", "depends", "endnote", "equation", "figure", "implements", "no-link", "provides", "refinement", "requires", "rule", "selectables", "snip", "testlist" or "xref" or an element from another namespace
/home/runner/work/tls/tls/output/effective.xml:3074:53: error: element "p" not allowed anywhere; expected the element end-tag, text, element "_", "assignable", "choice", "comment", "componentsneeded", "ctr", "depends", "endnote", "equation", "figure", "implements", "no-link", "provides", "refinement", "requires", "rule", "selectables", "snip", "testlist" or "xref" or an element from another namespace
/home/runner/work/tls/tls/output/effective.xml:3078:53: error: element "p" not allowed anywhere; expected the element end-tag, text, element "_", "assignable", "choice", "comment", "componentsneeded", "ctr", "depends", "endnote", "equation", "figure", "implements", "no-link", "provides", "refinement", "requires", "rule", "selectables", "snip", "testlist" or "xref" or an element from another namespace
/home/runner/work/tls/tls/output/effective.xml:3081:53: error: element "p" not allowed anywhere; expected the element end-tag, text, element "_", "assignable", "choice", "comment", "componentsneeded", "ctr", "depends", "endnote", "equation", "figure", "implements", "no-link", "provides", "refinement", "requires", "rule", "selectables", "snip", "testlist" or "xref" or an element from another namespace
/home/runner/work/tls/tls/output/effective.xml:3086:53: error: element "p" not allowed anywhere; expected the element end-tag, text, element "_", "assignable", "choice", "comment", "componentsneeded", "ctr", "depends", "endnote", "equation", "figure", "implements", "no-link", "provides", "refinement", "requires", "rule", "selectables", "snip", "testlist" or "xref" or an element from another namespace
/home/runner/work/tls/tls/output/effective.xml:3091:60: error: element "p" not allowed anywhere; expected the element end-tag, text, element "_", "assignable", "choice", "comment", "componentsneeded", "ctr", "depends", "endnote", "equation", "figure", "implements", "no-link", "provides", "refinement", "requires", "rule", "selectables", "snip", "testlist" or "xref" or an element from another namespace
/home/runner/work/tls/tls/output/effective.xml:3096:60: error: element "p" not allowed anywhere; expected the element end-tag, text, element "_", "assignable", "choice", "comment", "componentsneeded", "ctr", "depends", "endnote", "equation", "figure", "implements", "no-link", "provides", "refinement", "requires", "rule", "selectables", "snip", "testlist" or "xref" or an element from another namespace
/home/runner/work/tls/tls/output/effective.xml:3101:60: error: element "p" not allowed anywhere; expected the element end-tag, text, element "_", "assignable", "choice", "comment", "componentsneeded", "ctr", "depends", "endnote", "equation", "figure", "implements", "no-link", "provides", "refinement", "requires", "rule", "selectables", "snip", "testlist" or "xref" or an element from another namespace
/home/runner/work/tls/tls/output/effective.xml:3103:60: error: element "p" not allowed anywhere; expected the element end-tag, text, element "_", "assignable", "choice", "comment", "componentsneeded", "ctr", "depends", "endnote", "equation", "figure", "implements", "no-link", "provides", "refinement", "requires", "rule", "selectables", "snip", "testlist" or "xref" or an element from another namespace
/home/runner/work/tls/tls/output/effective.xml:3108:60: error: element "p" not allowed anywhere; expected the element end-tag, text, element "_", "assignable", "choice", "comment", "componentsneeded", "ctr", "depends", "endnote", "equation", "figure", "implements", "no-link", "provides", "refinement", "requires", "rule", "selectables", "snip", "testlist" or "xref" or an element from another namespace
/home/runner/work/tls/tls/output/effective.xml:3113:60: error: element "p" not allowed anywhere; expected the element end-tag, text, element "_", "assignable", "choice", "comment", "componentsneeded", "ctr", "depends", "endnote", "equation", "figure", "implements", "no-link", "provides", "refinement", "requires", "rule", "selectables", "snip", "testlist" or "xref" or an element from another namespace
/home/runner/work/tls/tls/output/effective.xml:3120:34: error: element "p" not allowed anywhere; expected the element end-tag, text, element "_", "assignable", "choice", "comment", "componentsneeded", "ctr", "depends", "endnote", "equation", "evidence", "figure", "implements", "no-link", "provides", "refinement", "requires", "rule", "selectables", "snip", "steplist", "test-obj", "testlist" or "xref" or an element from another namespace
/home/runner/work/tls/tls/output/effective.xml:3120:113: error: element "p" not allowed anywhere; expected the element end-tag, text, element "_", "assignable", "choice", "comment", "componentsneeded", "ctr", "depends", "endnote", "equation", "evidence", "figure", "implements", "no-link", "provides", "refinement", "requires", "rule", "selectables", "snip", "steplist", "test-obj", "testlist" or "xref" or an element from another namespace
/home/runner/work/tls/tls/output/effective.xml:3122:40: error: element "p" not allowed anywhere; expected the element end-tag, text, element "_", "assignable", "choice", "comment", "componentsneeded", "ctr", "depends", "endnote", "equation", "evidence", "figure", "implements", "no-link", "provides", "refinement", "requires", "rule", "selectables", "snip", "steplist", "test-obj", "testlist" or "xref" or an element from another namespace
/home/runner/work/tls/tls/output/effective.xml:3126:35: error: element "p" not allowed anywhere; expected the element end-tag, text, element "_", "assignable", "choice", "comment", "componentsneeded", "ctr", "depends", "endnote", "equation", "evidence", "figure", "implements", "no-link", "provides", "refinement", "requires", "rule", "selectables", "snip", "steplist", "test-obj", "testlist" or "xref" or an element from another namespace
/home/runner/work/tls/tls/output/effective.xml:3128:105: error: element "p" not allowed anywhere; expected the element end-tag, text, element "_", "assignable", "choice", "comment", "componentsneeded", "ctr", "depends", "endnote", "equation", "evidence", "figure", "implements", "no-link", "provides", "refinement", "requires", "rule", "selectables", "snip", "steplist", "test-obj", "testlist" or "xref" or an element from another namespace
/home/runner/work/tls/tls/output/effective.xml:3193:53: error: element "p" not allowed anywhere; expected the element end-tag, text, element "_", "assignable", "choice", "comment", "componentsneeded", "ctr", "depends", "endnote", "equation", "figure", "implements", "no-link", "provides", "refinement", "requires", "rule", "selectables", "snip", "testlist" or "xref" or an element from another namespace
/home/runner/work/tls/tls/output/effective.xml:3200:53: error: element "p" not allowed anywhere; expected the element end-tag, text, element "_", "assignable", "choice", "comment", "componentsneeded", "ctr", "depends", "endnote", "equation", "figure", "implements", "no-link", "provides", "refinement", "requires", "rule", "selectables", "snip", "testlist" or "xref" or an element from another namespace
/home/runner/work/tls/tls/output/effective.xml:3205:53: error: element "p" not allowed anywhere; expected the element end-tag, text, element "_", "assignable", "choice", "comment", "componentsneeded", "ctr", "depends", "endnote", "equation", "figure", "implements", "no-link", "provides", "refinement", "requires", "rule", "selectables", "snip", "testlist" or "xref" or an element from another namespace
/home/runner/work/tls/tls/output/effective.xml:3209:53: error: element "p" not allowed anywhere; expected the element end-tag, text, element "_", "assignable", "choice", "comment", "componentsneeded", "ctr", "depends", "endnote", "equation", "figure", "implements", "no-link", "provides", "refinement", "requires", "rule", "selectables", "snip", "testlist" or "xref" or an element from another namespace
/home/runner/work/tls/tls/output/effective.xml:3221:53: error: element "p" not allowed anywhere; expected the element end-tag, text, element "_", "assignable", "choice", "comment", "componentsneeded", "ctr", "depends", "endnote", "equation", "figure", "implements", "no-link", "provides", "refinement", "requires", "rule", "selectables", "snip", "testlist" or "xref" or an element from another namespace
/home/runner/work/tls/tls/output/effective.xml:3227:53: error: element "p" not allowed anywhere; expected the element end-tag, text, element "_", "assignable", "choice", "comment", "componentsneeded", "ctr", "depends", "endnote", "equation", "figure", "implements", "no-link", "provides", "refinement", "requires", "rule", "selectables", "snip", "testlist" or "xref" or an element from another namespace
/home/runner/work/tls/tls/output/effective.xml:3230:53: error: element "p" not allowed anywhere; expected the element end-tag, text, element "_", "assignable", "choice", "comment", "componentsneeded", "ctr", "depends", "endnote", "equation", "figure", "implements", "no-link", "provides", "refinement", "requires", "rule", "selectables", "snip", "testlist" or "xref" or an element from another namespace
/home/runner/work/tls/tls/output/effective.xml:3238:51: error: element "ul" not allowed anywhere; expected the element end-tag, text, element "_", "assignable", "choice", "comment", "componentsneeded", "ctr", "depends", "endnote", "equation", "figure", "implements", "management-function-set", "no-link", "provides", "refinement", "requires", "rule", "selectables", "snip", "testlist" or "xref" or an element from another namespace
/home/runner/work/tls/tls/output/effective.xml:3245:78: error: element "ul" not allowed anywhere; expected the element end-tag, text, element "_", "assignable", "choice", "comment", "componentsneeded", "ctr", "depends", "endnote", "equation", "figure", "implements", "management-function-set", "no-link", "provides", "refinement", "requires", "rule", "selectables", "snip", "testlist" or "xref" or an element from another namespace
/home/runner/work/tls/tls/output/effective.xml:3253:78: error: element "ul" not allowed anywhere; expected the element end-tag, text, element "_", "assignable", "choice", "comment", "componentsneeded", "ctr", "depends", "endnote", "equation", "figure", "implements", "management-function-set", "no-link", "provides", "refinement", "requires", "rule", "selectables", "snip", "testlist" or "xref" or an element from another namespace
/home/runner/work/tls/tls/output/effective.xml:3307:53: error: element "p" not allowed anywhere; expected the element end-tag, text, element "_", "assignable", "choice", "comment", "componentsneeded", "ctr", "depends", "endnote", "equation", "figure", "implements", "no-link", "provides", "refinement", "requires", "rule", "selectables", "snip", "testlist" or "xref" or an element from another namespace
/home/runner/work/tls/tls/output/effective.xml:3312:53: error: element "p" not allowed anywhere; expected the element end-tag, text, element "_", "assignable", "choice", "comment", "componentsneeded", "ctr", "depends", "endnote", "equation", "figure", "implements", "no-link", "provides", "refinement", "requires", "rule", "selectables", "snip", "testlist" or "xref" or an element from another namespace
/home/runner/work/tls/tls/output/effective.xml:3316:53: error: element "p" not allowed anywhere; expected the element end-tag, text, element "_", "assignable", "choice", "comment", "componentsneeded", "ctr", "depends", "endnote", "equation", "figure", "implements", "no-link", "provides", "refinement", "requires", "rule", "selectables", "snip", "testlist" or "xref" or an element from another namespace
/home/runner/work/tls/tls/output/effective.xml:3319:53: error: element "p" not allowed anywhere; expected the element end-tag, text, element "_", "assignable", "choice", "comment", "componentsneeded", "ctr", "depends", "endnote", "equation", "figure", "implements", "no-link", "provides", "refinement", "requires", "rule", "selectables", "snip", "testlist" or "xref" or an element from another namespace
/home/runner/work/tls/tls/output/effective.xml:3324:53: error: element "p" not allowed anywhere; expected the element end-tag, text, element "_", "assignable", "choice", "comment", "componentsneeded", "ctr", "depends", "endnote", "equation", "figure", "implements", "no-link", "provides", "refinement", "requires", "rule", "selectables", "snip", "testlist" or "xref" or an element from another namespace
/home/runner/work/tls/tls/output/effective.xml:3376:53: error: element "p" not allowed anywhere; expected the element end-tag, text, element "_", "assignable", "choice", "comment", "componentsneeded", "ctr", "depends", "endnote", "equation", "figure", "implements", "no-link", "provides", "refinement", "requires", "rule", "selectables", "snip", "testlist" or "xref" or an element from another namespace
/home/runner/work/tls/tls/output/effective.xml:3378:53: error: element "p" not allowed anywhere; expected the element end-tag, text, element "_", "assignable", "choice", "comment", "componentsneeded", "ctr", "depends", "endnote", "equation", "figure", "implements", "no-link", "provides", "refinement", "requires", "rule", "selectables", "snip", "testlist" or "xref" or an element from another namespace
/home/runner/work/tls/tls/output/effective.xml:3382:53: error: element "p" not allowed anywhere; expected the element end-tag, text, element "_", "assignable", "choice", "comment", "componentsneeded", "ctr", "depends", "endnote", "equation", "figure", "implements", "no-link", "provides", "refinement", "requires", "rule", "selectables", "snip", "testlist" or "xref" or an element from another namespace
/home/runner/work/tls/tls/output/effective.xml:3385:53: error: element "p" not allowed anywhere; expected the element end-tag, text, element "_", "assignable", "choice", "comment", "componentsneeded", "ctr", "depends", "endnote", "equation", "figure", "implements", "no-link", "provides", "refinement", "requires", "rule", "selectables", "snip", "testlist" or "xref" or an element from another namespace
/home/runner/work/tls/tls/output/effective.xml:3390:53: error: element "p" not allowed anywhere; expected the element end-tag, text, element "_", "assignable", "choice", "comment", "componentsneeded", "ctr", "depends", "endnote", "equation", "figure", "implements", "no-link", "provides", "refinement", "requires", "rule", "selectables", "snip", "testlist" or "xref" or an element from another namespace
/home/runner/work/tls/tls/output/effective.xml:3400:156: error: element "f-component" not allowed here; expected the element end-tag, text, element "_", "assignable", "choice", "comment", "componentsneeded", "ctr", "depends", "endnote", "equation", "figure", "implements", "no-link", "provides", "refinement", "requires", "rule", "section", "selectables", "snip", "testlist" or "xref" or an element from another namespace
/home/runner/work/tls/tls/output/effective.xml:3422:53: error: element "p" not allowed anywhere; expected the element end-tag, text, element "_", "assignable", "choice", "comment", "componentsneeded", "ctr", "depends", "endnote", "equation", "figure", "implements", "no-link", "provides", "refinement", "requires", "rule", "selectables", "snip", "testlist" or "xref" or an element from another namespace
/home/runner/work/tls/tls/output/effective.xml:3424:53: error: element "p" not allowed anywhere; expected the element end-tag, text, element "_", "assignable", "choice", "comment", "componentsneeded", "ctr", "depends", "endnote", "equation", "figure", "implements", "no-link", "provides", "refinement", "requires", "rule", "selectables", "snip", "testlist" or "xref" or an element from another namespace
/home/runner/work/tls/tls/output/effective.xml:3434:60: error: element "p" not allowed anywhere; expected the element end-tag, text, element "_", "assignable", "choice", "comment", "componentsneeded", "ctr", "depends", "endnote", "equation", "figure", "implements", "no-link", "provides", "refinement", "requires", "rule", "selectables", "snip", "testlist" or "xref" or an element from another namespace
/home/runner/work/tls/tls/output/effective.xml:3441:60: error: element "p" not allowed anywhere; expected the element end-tag, text, element "_", "assignable", "choice", "comment", "componentsneeded", "ctr", "depends", "endnote", "equation", "figure", "implements", "no-link", "provides", "refinement", "requires", "rule", "selectables", "snip", "testlist" or "xref" or an element from another namespace
/home/runner/work/tls/tls/output/effective.xml:3442:114: error: element "p" not allowed anywhere; expected the element end-tag, text, element "_", "assignable", "choice", "comment", "componentsneeded", "ctr", "depends", "endnote", "equation", "figure", "implements", "no-link", "provides", "refinement", "requires", "rule", "selectables", "snip", "testlist" or "xref" or an element from another namespace
/home/runner/work/tls/tls/output/effective.xml:3447:60: error: element "p" not allowed anywhere; expected the element end-tag, text, element "_", "assignable", "choice", "comment", "componentsneeded", "ctr", "depends", "endnote", "equation", "figure", "implements", "no-link", "provides", "refinement", "requires", "rule", "selectables", "snip", "testlist" or "xref" or an element from another namespace
/home/runner/work/tls/tls/output/effective.xml:3465:24: error: element "p" not allowed anywhere; expected the element end-tag, text, element "_", "assignable", "choice", "comment", "componentsneeded", "ctr", "depends", "endnote", "equation", "evidence", "figure", "implements", "no-link", "provides", "refinement", "requires", "rule", "selectables", "snip", "steplist", "test-obj", "testlist" or "xref" or an element from another namespace
/home/runner/work/tls/tls/output/effective.xml:3479:66: error: element "ul" not allowed anywhere; expected the element end-tag, text, element "_", "assignable", "choice", "comment", "componentsneeded", "ctr", "depends", "endnote", "equation", "evidence", "figure", "implements", "no-link", "provides", "refinement", "requires", "rule", "selectables", "snip", "steplist", "test-obj", "testlist" or "xref" or an element from another namespace
/home/runner/work/tls/tls/output/effective.xml:3531:79: error: element "p" not allowed anywhere; expected the element end-tag, text, element "_", "assignable", "choice", "comment", "componentsneeded", "ctr", "depends", "endnote", "equation", "evidence", "figure", "implements", "no-link", "provides", "refinement", "requires", "rule", "selectables", "snip", "steplist", "test-obj", "testlist" or "xref" or an element from another namespace
/home/runner/work/tls/tls/output/effective.xml:3534:86: error: element "p" not allowed anywhere; expected the element end-tag, text, element "_", "assignable", "choice", "comment", "componentsneeded", "ctr", "depends", "endnote", "equation", "evidence", "figure", "implements", "no-link", "provides", "refinement", "requires", "rule", "selectables", "snip", "steplist", "test-obj", "testlist" or "xref" or an element from another namespace
/home/runner/work/tls/tls/output/effective.xml:3542:63: error: element "p" not allowed anywhere; expected the element end-tag, text, element "_", "assignable", "choice", "comment", "componentsneeded", "ctr", "depends", "endnote", "equation", "evidence", "figure", "implements", "no-link", "provides", "refinement", "requires", "rule", "selectables", "snip", "steplist", "test-obj", "testlist" or "xref" or an element from another namespace
/home/runner/work/tls/tls/output/effective.xml:3607:53: error: element "p" not allowed anywhere; expected the element end-tag, text, element "_", "assignable", "choice", "comment", "componentsneeded", "ctr", "depends", "endnote", "equation", "figure", "implements", "no-link", "provides", "refinement", "requires", "rule", "selectables", "snip", "testlist" or "xref" or an element from another namespace
/home/runner/work/tls/tls/output/effective.xml:3614:53: error: element "p" not allowed anywhere; expected the element end-tag, text, element "_", "assignable", "choice", "comment", "componentsneeded", "ctr", "depends", "endnote", "equation", "figure", "implements", "no-link", "provides", "refinement", "requires", "rule", "selectables", "snip", "testlist" or "xref" or an element from another namespace
/home/runner/work/tls/tls/output/effective.xml:3623:53: error: element "p" not allowed anywhere; expected the element end-tag, text, element "_", "assignable", "choice", "comment", "componentsneeded", "ctr", "depends", "endnote", "equation", "figure", "implements", "no-link", "provides", "refinement", "requires", "rule", "selectables", "snip", "testlist" or "xref" or an element from another namespace
/home/runner/work/tls/tls/output/effective.xml:3696:53: error: element "p" not allowed anywhere; expected the element end-tag, text, element "_", "assignable", "choice", "comment", "componentsneeded", "ctr", "depends", "endnote", "equation", "figure", "implements", "no-link", "provides", "refinement", "requires", "rule", "selectables", "snip", "testlist" or "xref" or an element from another namespace
/home/runner/work/tls/tls/output/effective.xml:3709:53: error: element "p" not allowed anywhere; expected the element end-tag, text, element "_", "assignable", "choice", "comment", "componentsneeded", "ctr", "depends", "endnote", "equation", "figure", "implements", "no-link", "provides", "refinement", "requires", "rule", "selectables", "snip", "testlist" or "xref" or an element from another namespace
/home/runner/work/tls/tls/output/effective.xml:3719:143: error: element "f-component" not allowed here; expected the element end-tag, text, element "_", "assignable", "choice", "comment", "componentsneeded", "ctr", "depends", "endnote", "equation", "figure", "implements", "no-link", "provides", "refinement", "requires", "rule", "section", "selectables", "snip", "testlist" or "xref" or an element from another namespace
/home/runner/work/tls/tls/output/effective.xml:3731:53: error: element "p" not allowed anywhere; expected the element end-tag, text, element "_", "assignable", "choice", "comment", "componentsneeded", "ctr", "depends", "endnote", "equation", "figure", "implements", "no-link", "provides", "refinement", "requires", "rule", "selectables", "snip", "testlist" or "xref" or an element from another namespace
/home/runner/work/tls/tls/output/effective.xml:3733:53: error: element "p" not allowed anywhere; expected the element end-tag, text, element "_", "assignable", "choice", "comment", "componentsneeded", "ctr", "depends", "endnote", "equation", "figure", "implements", "no-link", "provides", "refinement", "requires", "rule", "selectables", "snip", "testlist" or "xref" or an element from another namespace
/home/runner/work/tls/tls/output/effective.xml:3740:60: error: element "p" not allowed anywhere; expected the element end-tag, text, element "_", "assignable", "choice", "comment", "componentsneeded", "ctr", "depends", "endnote", "equation", "figure", "implements", "no-link", "provides", "refinement", "requires", "rule", "selectables", "snip", "testlist" or "xref" or an element from another namespace
/home/runner/work/tls/tls/output/effective.xml:3745:60: error: element "p" not allowed anywhere; expected the element end-tag, text, element "_", "assignable", "choice", "comment", "componentsneeded", "ctr", "depends", "endnote", "equation", "figure", "implements", "no-link", "provides", "refinement", "requires", "rule", "selectables", "snip", "testlist" or "xref" or an element from another namespace
/home/runner/work/tls/tls/output/effective.xml:3760:148: error: element "f-component" not allowed here; expected the element end-tag, text, element "_", "assignable", "choice", "comment", "componentsneeded", "ctr", "depends", "endnote", "equation", "figure", "implements", "no-link", "provides", "refinement", "requires", "rule", "section", "selectables", "snip", "testlist" or "xref" or an element from another namespace
/home/runner/work/tls/tls/output/effective.xml:3778:60: error: element "p" not allowed anywhere; expected the element end-tag, text, element "_", "assignable", "choice", "comment", "componentsneeded", "ctr", "depends", "endnote", "equation", "figure", "implements", "no-link", "provides", "refinement", "requires", "rule", "selectables", "snip", "testlist" or "xref" or an element from another namespace
/home/runner/work/tls/tls/output/effective.xml:3783:60: error: element "p" not allowed anywhere; expected the element end-tag, text, element "_", "assignable", "choice", "comment", "componentsneeded", "ctr", "depends", "endnote", "equation", "figure", "implements", "no-link", "provides", "refinement", "requires", "rule", "selectables", "snip", "testlist" or "xref" or an element from another namespace
/home/runner/work/tls/tls/output/effective.xml:3827:53: error: element "p" not allowed anywhere; expected the element end-tag, text, element "_", "assignable", "choice", "comment", "componentsneeded", "ctr", "depends", "endnote", "equation", "figure", "implements", "no-link", "provides", "refinement", "requires", "rule", "selectables", "snip", "testlist" or "xref" or an element from another namespace
/home/runner/work/tls/tls/output/effective.xml:3829:53: error: element "p" not allowed anywhere; expected the element end-tag, text, element "_", "assignable", "choice", "comment", "componentsneeded", "ctr", "depends", "endnote", "equation", "figure", "implements", "no-link", "provides", "refinement", "requires", "rule", "selectables", "snip", "testlist" or "xref" or an element from another namespace
/home/runner/work/tls/tls/output/effective.xml:3839:53: error: element "p" not allowed anywhere; expected the element end-tag, text, element "_", "assignable", "choice", "comment", "componentsneeded", "ctr", "depends", "endnote", "equation", "figure", "implements", "no-link", "provides", "refinement", "requires", "rule", "selectables", "snip", "testlist" or "xref" or an element from another namespace
/home/runner/work/tls/tls/output/effective.xml:3849:153: error: element "f-component" not allowed here; expected the element end-tag, text, element "_", "assignable", "choice", "comment", "componentsneeded", "ctr", "depends", "endnote", "equation", "figure", "implements", "no-link", "provides", "refinement", "requires", "rule", "section", "selectables", "snip", "testlist" or "xref" or an element from another namespace
/home/runner/work/tls/tls/output/effective.xml:3868:53: error: element "p" not allowed anywhere; expected the element end-tag, text, element "_", "assignable", "choice", "comment", "componentsneeded", "ctr", "depends", "endnote", "equation", "figure", "implements", "no-link", "provides", "refinement", "requires", "rule", "selectables", "snip", "testlist" or "xref" or an element from another namespace
/home/runner/work/tls/tls/output/effective.xml:3870:53: error: element "p" not allowed anywhere; expected the element end-tag, text, element "_", "assignable", "choice", "comment", "componentsneeded", "ctr", "depends", "endnote", "equation", "figure", "implements", "no-link", "provides", "refinement", "requires", "rule", "selectables", "snip", "testlist" or "xref" or an element from another namespace
/home/runner/work/tls/tls/output/effective.xml:3875:53: error: element "p" not allowed anywhere; expected the element end-tag, text, element "_", "assignable", "choice", "comment", "componentsneeded", "ctr", "depends", "endnote", "equation", "figure", "implements", "no-link", "provides", "refinement", "requires", "rule", "selectables", "snip", "testlist" or "xref" or an element from another namespace
/home/runner/work/tls/tls/output/effective.xml:3882:60: error: element "p" not allowed anywhere; expected the element end-tag, text, element "_", "assignable", "choice", "comment", "componentsneeded", "ctr", "depends", "endnote", "equation", "figure", "implements", "no-link", "provides", "refinement", "requires", "rule", "selectables", "snip", "testlist" or "xref" or an element from another namespace
/home/runner/work/tls/tls/output/effective.xml:3887:60: error: element "p" not allowed anywhere; expected the element end-tag, text, element "_", "assignable", "choice", "comment", "componentsneeded", "ctr", "depends", "endnote", "equation", "figure", "implements", "no-link", "provides", "refinement", "requires", "rule", "selectables", "snip", "testlist" or "xref" or an element from another namespace
/home/runner/work/tls/tls/output/effective.xml:3908:30: error: element "p" not allowed anywhere; expected the element end-tag, text, element "_", "assignable", "choice", "comment", "componentsneeded", "ctr", "depends", "endnote", "equation", "evidence", "figure", "implements", "no-link", "provides", "refinement", "requires", "rule", "selectables", "snip", "steplist", "test-obj", "testlist" or "xref" or an element from another namespace
/home/runner/work/tls/tls/output/effective.xml:3922:153: error: element "f-component" not allowed here; expected the element end-tag, text, element "_", "assignable", "choice", "comment", "componentsneeded", "ctr", "depends", "endnote", "equation", "figure", "implements", "no-link", "provides", "refinement", "requires", "rule", "section", "selectables", "snip", "testlist" or "xref" or an element from another namespace
/home/runner/work/tls/tls/output/effective.xml:3935:60: error: element "p" not allowed anywhere; expected the element end-tag, text, element "_", "assignable", "choice", "comment", "componentsneeded", "ctr", "depends", "endnote", "equation", "figure", "implements", "no-link", "provides", "refinement", "requires", "rule", "selectables", "snip", "testlist" or "xref" or an element from another namespace
/home/runner/work/tls/tls/output/effective.xml:3944:60: error: element "p" not allowed anywhere; expected the element end-tag, text, element "_", "assignable", "choice", "comment", "componentsneeded", "ctr", "depends", "endnote", "equation", "figure", "implements", "no-link", "provides", "refinement", "requires", "rule", "selectables", "snip", "testlist" or "xref" or an element from another namespace
/home/runner/work/tls/tls/output/effective.xml:3955:94: error: element "p" not allowed anywhere; expected the element end-tag, text, element "_", "assignable", "choice", "comment", "componentsneeded", "ctr", "depends", "endnote", "equation", "evidence", "figure", "implements", "no-link", "provides", "refinement", "requires", "rule", "selectables", "snip", "steplist", "test-obj", "testlist" or "xref" or an element from another namespace
/home/runner/work/tls/tls/output/effective.xml:3967:30: error: element "p" not allowed anywhere; expected the element end-tag, text, element "_", "assignable", "choice", "comment", "componentsneeded", "ctr", "depends", "endnote", "equation", "evidence", "figure", "implements", "no-link", "provides", "refinement", "requires", "rule", "selectables", "snip", "steplist", "test-obj", "testlist" or "xref" or an element from another namespace
/home/runner/work/tls/tls/output/effective.xml:3981:53: error: element "p" not allowed anywhere; expected the element end-tag, text, element "_", "assignable", "choice", "comment", "componentsneeded", "ctr", "depends", "endnote", "equation", "figure", "implements", "no-link", "provides", "refinement", "requires", "rule", "selectables", "snip", "testlist" or "xref" or an element from another namespace
/home/runner/work/tls/tls/output/effective.xml:3983:53: error: element "p" not allowed anywhere; expected the element end-tag, text, element "_", "assignable", "choice", "comment", "componentsneeded", "ctr", "depends", "endnote", "equation", "figure", "implements", "no-link", "provides", "refinement", "requires", "rule", "selectables", "snip", "testlist" or "xref" or an element from another namespace
/home/runner/work/tls/tls/output/effective.xml:3992:103: error: element "f-component" not allowed here; expected the element end-tag, text, element "_", "assignable", "choice", "comment", "componentsneeded", "ctr", "depends", "endnote", "equation", "figure", "implements", "no-link", "provides", "refinement", "requires", "rule", "section", "selectables", "snip", "testlist" or "xref" or an element from another namespace
/home/runner/work/tls/tls/output/effective.xml:4006:73: error: element "i" not allowed anywhere; expected the element end-tag, text, element "_", "assignable", "choice", "comment", "componentsneeded", "ctr", "depends", "endnote", "equation", "figure", "implements", "no-link", "provides", "refinement", "requires", "rule", "selectables", "snip", "testlist" or "xref" or an element from another namespace
/home/runner/work/tls/tls/output/effective.xml:4008:35: error: element "br" not allowed anywhere; expected the element end-tag, text, element "_", "assignable", "choice", "comment", "componentsneeded", "ctr", "depends", "endnote", "equation", "figure", "implements", "no-link", "provides", "refinement", "requires", "rule", "selectables", "snip", "testlist" or "xref" or an element from another namespace
/home/runner/work/tls/tls/output/effective.xml:4008:40: error: element "i" not allowed anywhere; expected the element end-tag, text, element "_", "assignable", "choice", "comment", "componentsneeded", "ctr", "depends", "endnote", "equation", "figure", "implements", "no-link", "provides", "refinement", "requires", "rule", "selectables", "snip", "testlist" or "xref" or an element from another namespace
/home/runner/work/tls/tls/output/effective.xml:4009:72: error: element "br" not allowed anywhere; expected the element end-tag, text, element "_", "assignable", "choice", "comment", "componentsneeded", "ctr", "depends", "endnote", "equation", "figure", "implements", "no-link", "provides", "refinement", "requires", "rule", "selectables", "snip", "testlist" or "xref" or an element from another namespace
/home/runner/work/tls/tls/output/effective.xml:4009:77: error: element "br" not allowed anywhere; expected the element end-tag, text, element "_", "assignable", "choice", "comment", "componentsneeded", "ctr", "depends", "endnote", "equation", "figure", "implements", "no-link", "provides", "refinement", "requires", "rule", "selectables", "snip", "testlist" or "xref" or an element from another namespace
/home/runner/work/tls/tls/output/effective.xml:4009:82: error: element "i" not allowed anywhere; expected the element end-tag, text, element "_", "assignable", "choice", "comment", "componentsneeded", "ctr", "depends", "endnote", "equation", "figure", "implements", "no-link", "provides", "refinement", "requires", "rule", "selectables", "snip", "testlist" or "xref" or an element from another namespace
/home/runner/work/tls/tls/output/effective.xml:4011:36: error: element "br" not allowed anywhere; expected the element end-tag, text, element "_", "assignable", "choice", "comment", "componentsneeded", "ctr", "depends", "endnote", "equation", "figure", "implements", "no-link", "provides", "refinement", "requires", "rule", "selectables", "snip", "testlist" or "xref" or an element from another namespace
/home/runner/work/tls/tls/output/effective.xml:4011:41: error: element "i" not allowed anywhere; expected the element end-tag, text, element "_", "assignable", "choice", "comment", "componentsneeded", "ctr", "depends", "endnote", "equation", "figure", "implements", "no-link", "provides", "refinement", "requires", "rule", "selectables", "snip", "testlist" or "xref" or an element from another namespace
/home/runner/work/tls/tls/output/effective.xml:4015:60: error: element "p" not allowed anywhere; expected the element end-tag, text, element "_", "assignable", "choice", "comment", "componentsneeded", "ctr", "depends", "endnote", "equation", "figure", "implements", "no-link", "provides", "refinement", "requires", "rule", "selectables", "snip", "testlist" or "xref" or an element from another namespace
/home/runner/work/tls/tls/output/effective.xml:4022:60: error: element "p" not allowed anywhere; expected the element end-tag, text, element "_", "assignable", "choice", "comment", "componentsneeded", "ctr", "depends", "endnote", "equation", "evidence", "figure", "implements", "no-link", "provides", "refinement", "requires", "rule", "selectables", "snip", "test-obj", "testlist" or "xref" or an element from another namespace
/home/runner/work/tls/tls/output/effective.xml:4025:60: error: element "p" not allowed anywhere; expected the element end-tag, text, element "_", "assignable", "choice", "comment", "componentsneeded", "ctr", "depends", "endnote", "equation", "evidence", "figure", "implements", "no-link", "provides", "refinement", "requires", "rule", "selectables", "snip", "test-obj", "testlist" or "xref" or an element from another namespace
/home/runner/work/tls/tls/output/effective.xml:4028:60: error: element "p" not allowed anywhere; expected the element end-tag, text, element "_", "assignable", "choice", "comment", "componentsneeded", "ctr", "depends", "endnote", "equation", "evidence", "figure", "implements", "no-link", "provides", "refinement", "requires", "rule", "selectables", "snip", "test-obj", "testlist" or "xref" or an element from another namespace
/home/runner/work/tls/tls/output/effective.xml:4033:60: error: element "p" not allowed anywhere; expected the element end-tag, text, element "_", "assignable", "choice", "comment", "componentsneeded", "ctr", "depends", "endnote", "equation", "evidence", "figure", "implements", "no-link", "provides", "refinement", "requires", "rule", "selectables", "snip", "test-obj", "testlist" or "xref" or an element from another namespace
/home/runner/work/tls/tls/output/effective.xml:4034:202: error: element "p" not allowed anywhere; expected the element end-tag, text, element "_", "assignable", "choice", "comment", "componentsneeded", "ctr", "depends", "endnote", "equation", "evidence", "figure", "implements", "no-link", "provides", "refinement", "requires", "rule", "selectables", "snip", "test-obj", "testlist" or "xref" or an element from another namespace
/home/runner/work/tls/tls/output/effective.xml:4036:60: error: element "p" not allowed anywhere; expected the element end-tag, text, element "_", "assignable", "choice", "comment", "componentsneeded", "ctr", "depends", "endnote", "equation", "evidence", "figure", "implements", "no-link", "provides", "refinement", "requires", "rule", "selectables", "snip", "test-obj", "testlist" or "xref" or an element from another namespace
/home/runner/work/tls/tls/output/effective.xml:4044:60: error: element "p" not allowed anywhere; expected the element end-tag, text, element "_", "assignable", "choice", "comment", "componentsneeded", "ctr", "depends", "endnote", "equation", "evidence", "figure", "implements", "no-link", "provides", "refinement", "requires", "rule", "selectables", "snip", "test-obj", "testlist" or "xref" or an element from another namespace
/home/runner/work/tls/tls/output/effective.xml:4045:213: error: element "p" not allowed anywhere; expected the element end-tag, text, element "_", "assignable", "choice", "comment", "componentsneeded", "ctr", "depends", "endnote", "equation", "evidence", "figure", "implements", "no-link", "provides", "refinement", "requires", "rule", "selectables", "snip", "test-obj", "testlist" or "xref" or an element from another namespace
/home/runner/work/tls/tls/output/effective.xml:4047:60: error: element "p" not allowed anywhere; expected the element end-tag, text, element "_", "assignable", "choice", "comment", "componentsneeded", "ctr", "depends", "endnote", "equation", "evidence", "figure", "implements", "no-link", "provides", "refinement", "requires", "rule", "selectables", "snip", "test-obj", "testlist" or "xref" or an element from another namespace
/home/runner/work/tls/tls/output/effective.xml:4051:60: error: element "p" not allowed anywhere; expected the element end-tag, text, element "_", "assignable", "choice", "comment", "componentsneeded", "ctr", "depends", "endnote", "equation", "evidence", "figure", "implements", "no-link", "provides", "refinement", "requires", "rule", "selectables", "snip", "test-obj", "testlist" or "xref" or an element from another namespace
/home/runner/work/tls/tls/output/effective.xml:4068:22: error: element "bibliography" not allowed yet; expected element "section" or an element from another namespace
/home/runner/work/tls/tls/output/effective.xml:4072:106: error: element "a" not allowed anywhere; expected the element end-tag, text, element "_", "assignable", "choice", "comment", "componentsneeded", "ctr", "depends", "endnote", "equation", "figure", "implements", "no-link", "provides", "refinement", "requires", "rule", "selectables", "snip", "testlist" or "xref" or an element from another namespace
/home/runner/work/tls/tls/output/effective.xml:4077:26: error: element "sec.Introduction" not allowed anywhere; expected the element end-tag
/home/runner/work/tls/tls/output/effective.xml:4089:46: error: element "sec.Introduction" not allowed anywhere; expected the element end-tag
/home/runner/work/tls/tls/output/effective.xml:4129:28: error: element "sec.Introduction" not allowed anywhere; expected the element end-tag
/home/runner/work/tls/tls/output/effective.xml:4133:53: error: element "componentneeded" not allowed here; expected element "componentid"
/home/runner/work/tls/tls/output/effective.xml:4134:56: error: element "componentID" not allowed anywhere; expected element "componentid"
/home/runner/work/tls/tls/output/effective.xml:4135:50: error: element "notes" not allowed yet; missing required element "componentid"
/home/runner/work/tls/tls/output/effective.xml:4140:47: error: element "componentneeded" incomplete; missing required element "componentid"
/home/runner/work/tls/tls/output/effective.xml:4142:53: error: element "componentneeded" not allowed here; expected element "componentid"
/home/runner/work/tls/tls/output/effective.xml:4143:56: error: element "componentID" not allowed anywhere; expected element "componentid"
/home/runner/work/tls/tls/output/effective.xml:4144:50: error: element "notes" not allowed yet; missing required element "componentid"
/home/runner/work/tls/tls/output/effective.xml:4149:47: error: element "componentneeded" incomplete; missing required element "componentid"
/home/runner/work/tls/tls/output/effective.xml:4151:53: error: element "componentneeded" not allowed here; expected element "componentid"
/home/runner/work/tls/tls/output/effective.xml:4152:56: error: element "componentID" not allowed anywhere; expected element "componentid"
/home/runner/work/tls/tls/output/effective.xml:4153:50: error: element "notes" not allowed yet; missing required element "componentid"
/home/runner/work/tls/tls/output/effective.xml:4162:47: error: element "componentneeded" incomplete; missing required element "componentid"
/home/runner/work/tls/tls/output/effective.xml:4164:53: error: element "componentneeded" not allowed here; expected element "componentid"
/home/runner/work/tls/tls/output/effective.xml:4165:56: error: element "componentID" not allowed anywhere; expected element "componentid"
/home/runner/work/tls/tls/output/effective.xml:4166:50: error: element "notes" not allowed yet; missing required element "componentid"
/home/runner/work/tls/tls/output/effective.xml:4171:47: error: element "componentneeded" incomplete; missing required element "componentid"
/home/runner/work/tls/tls/output/effective.xml:4173:53: error: element "componentneeded" not allowed here; expected element "componentid"
/home/runner/work/tls/tls/output/effective.xml:4174:56: error: element "componentID" not allowed anywhere; expected element "componentid"
/home/runner/work/tls/tls/output/effective.xml:4175:50: error: element "notes" not allowed yet; missing required element "componentid"
/home/runner/work/tls/tls/output/effective.xml:4179:47: error: element "componentneeded" incomplete; missing required element "componentid"
/home/runner/work/tls/tls/output/effective.xml:4181:53: error: element "componentneeded" not allowed here; expected element "componentid"
/home/runner/work/tls/tls/output/effective.xml:4182:56: error: element "componentID" not allowed anywhere; expected element "componentid"
/home/runner/work/tls/tls/output/effective.xml:4183:50: error: element "notes" not allowed yet; missing required element "componentid"
/home/runner/work/tls/tls/output/effective.xml:4187:47: error: element "componentneeded" incomplete; missing required element "componentid"
/home/runner/work/tls/tls/output/effective.xml:4189:25: error: element "componentneeded" incomplete; missing required element "componentid"
/home/runner/work/tls/tls/output/effective.xml:4190:31: error: element "componentneeded" incomplete; missing required element "componentid"
