/home/runner/work/tls/tls/input/tls.xml:44:19: error: element "modules" not allowed anywhere; expected element "RevisionHistory", "foreword", "pp-preferences", "release-notes" or "sec:Introduction"
/home/runner/work/tls/tls/input/tls.xml:67:46: error: element "usecases" not allowed anywhere; expected the element end-tag, text, element "_", "assignable", "choice", "comment", "componentsneeded", "ctr", "depends", "endnote", "equation", "figure", "implements", "no-link", "provides", "refinement", "requires", "rule", "section", "selectables", "snip", "testlist" or "xref" or an element from another namespace
/home/runner/work/tls/tls/input/tls.xml:69:67: error: element "usecases" not allowed anywhere; expected the element end-tag, text, element "_", "assignable", "choice", "comment", "componentsneeded", "ctr", "depends", "endnote", "equation", "figure", "implements", "no-link", "provides", "refinement", "requires", "rule", "section", "selectables", "snip", "testlist" or "xref" or an element from another namespace
/home/runner/work/tls/tls/input/tls.xml:81:43: error: element "selectables" incomplete; missing required element "selectable"
/home/runner/work/tls/tls/input/tls.xml:105:30: error: element "OSPs" not allowed here; expected the element end-tag, text, element "_", "assignable", "choice", "comment", "componentsneeded", "ctr", "depends", "endnote", "equation", "figure", "implements", "no-link", "provides", "refinement", "requires", "rule", "section", "selectables", "snip", "testlist" or "xref" or an element from another namespace
/home/runner/work/tls/tls/input/tls.xml:112:84: error: element "SOEs" not allowed here; expected the element end-tag, text, element "_", "assignable", "choice", "comment", "componentsneeded", "ctr", "depends", "endnote", "equation", "figure", "implements", "no-link", "provides", "refinement", "requires", "rule", "section", "selectables", "snip", "testlist" or "xref" or an element from another namespace
/home/runner/work/tls/tls/input/tls.xml:129:85: error: element "ext-comp-def" not allowed here; expected the element end-tag, text, element "_", "assignable", "choice", "comment", "componentsneeded", "ctr", "depends", "endnote", "equation", "figure", "implements", "no-link", "provides", "refinement", "requires", "rule", "section", "selectables", "snip", "testlist" or "xref" or an element from another namespace
/home/runner/work/tls/tls/input/tls.xml:133:95: error: element "ext-comp-def" not allowed here; expected the element end-tag, text, element "_", "assignable", "choice", "comment", "componentsneeded", "ctr", "depends", "endnote", "equation", "figure", "implements", "no-link", "provides", "refinement", "requires", "rule", "section", "selectables", "snip", "testlist" or "xref" or an element from another namespace
/home/runner/work/tls/tls/input/tls.xml:137:95: error: element "ext-comp-def" not allowed here; expected the element end-tag, text, element "_", "assignable", "choice", "comment", "componentsneeded", "ctr", "depends", "endnote", "equation", "figure", "implements", "no-link", "provides", "refinement", "requires", "rule", "section", "selectables", "snip", "testlist" or "xref" or an element from another namespace
/home/runner/work/tls/tls/input/tls.xml:141:93: error: element "ext-comp-def" not allowed here; expected the element end-tag, text, element "_", "assignable", "choice", "comment", "componentsneeded", "ctr", "depends", "endnote", "equation", "figure", "implements", "no-link", "provides", "refinement", "requires", "rule", "section", "selectables", "snip", "testlist" or "xref" or an element from another namespace
/home/runner/work/tls/tls/input/tls.xml:145:93: error: element "ext-comp-def" not allowed here; expected the element end-tag, text, element "_", "assignable", "choice", "comment", "componentsneeded", "ctr", "depends", "endnote", "equation", "figure", "implements", "no-link", "provides", "refinement", "requires", "rule", "section", "selectables", "snip", "testlist" or "xref" or an element from another namespace
/home/runner/work/tls/tls/input/tls.xml:152:83: error: element "f-component" not allowed here; expected the element end-tag, text, element "_", "assignable", "choice", "comment", "componentsneeded", "ctr", "depends", "endnote", "equation", "figure", "implements", "no-link", "provides", "refinement", "requires", "rule", "section", "selectables", "snip", "testlist" or "xref" or an element from another namespace
/home/runner/work/tls/tls/input/tls.xml:188:53: error: element "p" not allowed anywhere; expected the element end-tag, text, element "_", "assignable", "choice", "comment", "componentsneeded", "ctr", "depends", "endnote", "equation", "figure", "implements", "no-link", "provides", "refinement", "requires", "rule", "selectables", "snip", "testlist" or "xref" or an element from another namespace
/home/runner/work/tls/tls/input/tls.xml:190:53: error: element "p" not allowed anywhere; expected the element end-tag, text, element "_", "assignable", "choice", "comment", "componentsneeded", "ctr", "depends", "endnote", "equation", "figure", "implements", "no-link", "provides", "refinement", "requires", "rule", "selectables", "snip", "testlist" or "xref" or an element from another namespace
/home/runner/work/tls/tls/input/tls.xml:192:53: error: element "p" not allowed anywhere; expected the element end-tag, text, element "_", "assignable", "choice", "comment", "componentsneeded", "ctr", "depends", "endnote", "equation", "figure", "implements", "no-link", "provides", "refinement", "requires", "rule", "selectables", "snip", "testlist" or "xref" or an element from another namespace
/home/runner/work/tls/tls/input/tls.xml:197:53: error: element "p" not allowed anywhere; expected the element end-tag, text, element "_", "assignable", "choice", "comment", "componentsneeded", "ctr", "depends", "endnote", "equation", "figure", "implements", "no-link", "provides", "refinement", "requires", "rule", "selectables", "snip", "testlist" or "xref" or an element from another namespace
/home/runner/work/tls/tls/input/tls.xml:200:53: error: element "p" not allowed anywhere; expected the element end-tag, text, element "_", "assignable", "choice", "comment", "componentsneeded", "ctr", "depends", "endnote", "equation", "figure", "implements", "no-link", "provides", "refinement", "requires", "rule", "selectables", "snip", "testlist" or "xref" or an element from another namespace
/home/runner/work/tls/tls/input/tls.xml:209:53: error: element "p" not allowed anywhere; expected the element end-tag, text, element "_", "assignable", "choice", "comment", "componentsneeded", "ctr", "depends", "endnote", "equation", "figure", "implements", "no-link", "provides", "refinement", "requires", "rule", "selectables", "snip", "testlist" or "xref" or an element from another namespace
/home/runner/work/tls/tls/input/tls.xml:211:53: error: element "p" not allowed anywhere; expected the element end-tag, text, element "_", "assignable", "choice", "comment", "componentsneeded", "ctr", "depends", "endnote", "equation", "figure", "implements", "no-link", "provides", "refinement", "requires", "rule", "selectables", "snip", "testlist" or "xref" or an element from another namespace
/home/runner/work/tls/tls/input/tls.xml:216:58: error: element "p" not allowed anywhere; expected the element end-tag, text, element "_", "assignable", "choice", "comment", "componentsneeded", "ctr", "depends", "endnote", "equation", "figure", "implements", "no-link", "provides", "refinement", "requires", "rule", "selectables", "snip", "testlist" or "xref" or an element from another namespace
/home/runner/work/tls/tls/input/tls.xml:220:53: error: element "p" not allowed anywhere; expected the element end-tag, text, element "_", "assignable", "choice", "comment", "componentsneeded", "ctr", "depends", "endnote", "equation", "figure", "implements", "no-link", "provides", "refinement", "requires", "rule", "selectables", "snip", "testlist" or "xref" or an element from another namespace
/home/runner/work/tls/tls/input/tls.xml:224:86: error: element "p" not allowed anywhere; expected the element end-tag, text, element "_", "assignable", "choice", "comment", "componentsneeded", "ctr", "depends", "endnote", "equation", "figure", "implements", "no-link", "provides", "refinement", "requires", "rule", "selectables", "snip", "testlist" or "xref" or an element from another namespace
/home/runner/work/tls/tls/input/tls.xml:226:52: error: element "p" not allowed anywhere; expected the element end-tag, text, element "_", "assignable", "choice", "comment", "componentsneeded", "ctr", "depends", "endnote", "equation", "figure", "implements", "no-link", "provides", "refinement", "requires", "rule", "selectables", "snip", "testlist" or "xref" or an element from another namespace
/home/runner/work/tls/tls/input/tls.xml:227:108: error: element "p" not allowed anywhere; expected the element end-tag, text, element "_", "assignable", "choice", "comment", "componentsneeded", "ctr", "depends", "endnote", "equation", "figure", "implements", "no-link", "provides", "refinement", "requires", "rule", "selectables", "snip", "testlist" or "xref" or an element from another namespace
/home/runner/work/tls/tls/input/tls.xml:275:76: error: element "p" not allowed anywhere; expected the element end-tag, text, element "_", "assignable", "choice", "comment", "componentsneeded", "ctr", "depends", "endnote", "equation", "figure", "implements", "no-link", "provides", "refinement", "requires", "rule", "selectables", "snip", "testlist" or "xref" or an element from another namespace
/home/runner/work/tls/tls/input/tls.xml:278:86: error: element "p" not allowed anywhere; expected the element end-tag, text, element "_", "assignable", "choice", "comment", "componentsneeded", "ctr", "depends", "endnote", "equation", "figure", "implements", "no-link", "provides", "refinement", "requires", "rule", "selectables", "snip", "testlist" or "xref" or an element from another namespace
/home/runner/work/tls/tls/input/tls.xml:281:56: error: element "p" not allowed anywhere; expected the element end-tag, text, element "_", "assignable", "choice", "comment", "componentsneeded", "ctr", "depends", "endnote", "equation", "figure", "implements", "no-link", "provides", "refinement", "requires", "rule", "selectables", "snip", "testlist" or "xref" or an element from another namespace
/home/runner/work/tls/tls/input/tls.xml:283:96: error: element "p" not allowed anywhere; expected the element end-tag, text, element "_", "assignable", "choice", "comment", "componentsneeded", "ctr", "depends", "endnote", "equation", "figure", "implements", "no-link", "provides", "refinement", "requires", "rule", "selectables", "snip", "testlist" or "xref" or an element from another namespace
/home/runner/work/tls/tls/input/tls.xml:292:60: error: element "p" not allowed anywhere; expected the element end-tag, text, element "_", "assignable", "choice", "comment", "componentsneeded", "ctr", "depends", "endnote", "equation", "figure", "implements", "no-link", "provides", "refinement", "requires", "rule", "selectables", "snip", "testlist" or "xref" or an element from another namespace
/home/runner/work/tls/tls/input/tls.xml:296:60: error: element "p" not allowed anywhere; expected the element end-tag, text, element "_", "assignable", "choice", "comment", "componentsneeded", "ctr", "depends", "endnote", "equation", "figure", "implements", "no-link", "provides", "refinement", "requires", "rule", "selectables", "snip", "testlist" or "xref" or an element from another namespace
/home/runner/work/tls/tls/input/tls.xml:299:60: error: element "p" not allowed anywhere; expected the element end-tag, text, element "_", "assignable", "choice", "comment", "componentsneeded", "ctr", "depends", "endnote", "equation", "figure", "implements", "no-link", "provides", "refinement", "requires", "rule", "selectables", "snip", "testlist" or "xref" or an element from another namespace
/home/runner/work/tls/tls/input/tls.xml:300:102: error: element "p" not allowed anywhere; expected the element end-tag, text, element "_", "assignable", "choice", "comment", "componentsneeded", "ctr", "depends", "endnote", "equation", "figure", "implements", "no-link", "provides", "refinement", "requires", "rule", "selectables", "snip", "testlist" or "xref" or an element from another namespace
/home/runner/work/tls/tls/input/tls.xml:303:60: error: element "p" not allowed anywhere; expected the element end-tag, text, element "_", "assignable", "choice", "comment", "componentsneeded", "ctr", "depends", "endnote", "equation", "figure", "implements", "no-link", "provides", "refinement", "requires", "rule", "selectables", "snip", "testlist" or "xref" or an element from another namespace
/home/runner/work/tls/tls/input/tls.xml:311:73: error: element "p" not allowed anywhere; expected the element end-tag, text, element "_", "assignable", "choice", "comment", "componentsneeded", "ctr", "depends", "endnote", "equation", "evidence", "figure", "implements", "no-link", "provides", "refinement", "requires", "rule", "selectables", "snip", "steplist", "test-obj", "testlist" or "xref" or an element from another namespace
/home/runner/work/tls/tls/input/tls.xml:314:30: error: element "p" not allowed anywhere; expected the element end-tag, text, element "_", "assignable", "choice", "comment", "componentsneeded", "ctr", "depends", "endnote", "equation", "evidence", "figure", "implements", "no-link", "provides", "refinement", "requires", "rule", "selectables", "snip", "steplist", "test-obj", "testlist" or "xref" or an element from another namespace
/home/runner/work/tls/tls/input/tls.xml:317:48: error: element "p" not allowed anywhere; expected the element end-tag, text, element "_", "assignable", "choice", "comment", "componentsneeded", "ctr", "depends", "endnote", "equation", "evidence", "figure", "implements", "no-link", "provides", "refinement", "requires", "rule", "selectables", "snip", "steplist", "test-obj", "testlist" or "xref" or an element from another namespace
/home/runner/work/tls/tls/input/tls.xml:320:38: error: element "p" not allowed anywhere; expected the element end-tag, text, element "_", "assignable", "choice", "comment", "componentsneeded", "ctr", "depends", "endnote", "equation", "evidence", "figure", "implements", "no-link", "provides", "refinement", "requires", "rule", "selectables", "snip", "steplist", "test-obj", "testlist" or "xref" or an element from another namespace
/home/runner/work/tls/tls/input/tls.xml:321:41: error: element "p" not allowed anywhere; expected the element end-tag, text, element "_", "assignable", "choice", "comment", "componentsneeded", "ctr", "depends", "endnote", "equation", "evidence", "figure", "implements", "no-link", "provides", "refinement", "requires", "rule", "selectables", "snip", "steplist", "test-obj", "testlist" or "xref" or an element from another namespace
/home/runner/work/tls/tls/input/tls.xml:326:105: error: element "p" not allowed anywhere; expected the element end-tag, text, element "_", "assignable", "choice", "comment", "componentsneeded", "ctr", "depends", "endnote", "equation", "evidence", "figure", "implements", "no-link", "provides", "refinement", "requires", "rule", "selectables", "snip", "steplist", "test-obj", "testlist" or "xref" or an element from another namespace
/home/runner/work/tls/tls/input/tls.xml:328:80: error: element "p" not allowed anywhere; expected the element end-tag, text, element "_", "assignable", "choice", "comment", "componentsneeded", "ctr", "depends", "endnote", "equation", "evidence", "figure", "implements", "no-link", "provides", "refinement", "requires", "rule", "selectables", "snip", "steplist", "test-obj", "testlist" or "xref" or an element from another namespace
/home/runner/work/tls/tls/input/tls.xml:330:30: error: element "p" not allowed anywhere; expected the element end-tag, text, element "_", "assignable", "choice", "comment", "componentsneeded", "ctr", "depends", "endnote", "equation", "evidence", "figure", "implements", "no-link", "provides", "refinement", "requires", "rule", "selectables", "snip", "steplist", "test-obj", "testlist" or "xref" or an element from another namespace
/home/runner/work/tls/tls/input/tls.xml:330:103: error: element "p" not allowed anywhere; expected the element end-tag, text, element "_", "assignable", "choice", "comment", "componentsneeded", "ctr", "depends", "endnote", "equation", "evidence", "figure", "implements", "no-link", "provides", "refinement", "requires", "rule", "selectables", "snip", "steplist", "test-obj", "testlist" or "xref" or an element from another namespace
/home/runner/work/tls/tls/input/tls.xml:332:41: error: element "p" not allowed anywhere; expected the element end-tag, text, element "_", "assignable", "choice", "comment", "componentsneeded", "ctr", "depends", "endnote", "equation", "evidence", "figure", "implements", "no-link", "provides", "refinement", "requires", "rule", "selectables", "snip", "steplist", "test-obj", "testlist" or "xref" or an element from another namespace
/home/runner/work/tls/tls/input/tls.xml:365:62: error: element "p" not allowed anywhere; expected the element end-tag, text, element "_", "assignable", "choice", "comment", "componentsneeded", "ctr", "depends", "endnote", "equation", "evidence", "figure", "implements", "no-link", "provides", "refinement", "requires", "rule", "selectables", "snip", "steplist", "test-obj", "testlist" or "xref" or an element from another namespace
/home/runner/work/tls/tls/input/tls.xml:370:59: error: element "p" not allowed anywhere; expected the element end-tag, text, element "_", "assignable", "choice", "comment", "componentsneeded", "ctr", "depends", "endnote", "equation", "evidence", "figure", "implements", "no-link", "provides", "refinement", "requires", "rule", "selectables", "snip", "steplist", "test-obj", "testlist" or "xref" or an element from another namespace
/home/runner/work/tls/tls/input/tls.xml:382:74: error: element "p" not allowed anywhere; expected the element end-tag, text, element "_", "applies-if", "assignable", "choice", "comment", "componentsneeded", "ctr", "depends", "endnote", "equation", "evidence", "figure", "implements", "no-link", "provides", "refinement", "requires", "rule", "selectables", "snip", "steplist", "test-obj", "testlist" or "xref" or an element from another namespace
/home/runner/work/tls/tls/input/tls.xml:447:53: error: element "p" not allowed anywhere; expected the element end-tag, text, element "_", "assignable", "choice", "comment", "componentsneeded", "ctr", "depends", "endnote", "equation", "figure", "implements", "no-link", "provides", "refinement", "requires", "rule", "selectables", "snip", "testlist" or "xref" or an element from another namespace
/home/runner/work/tls/tls/input/tls.xml:452:53: error: element "p" not allowed anywhere; expected the element end-tag, text, element "_", "assignable", "choice", "comment", "componentsneeded", "ctr", "depends", "endnote", "equation", "figure", "implements", "no-link", "provides", "refinement", "requires", "rule", "selectables", "snip", "testlist" or "xref" or an element from another namespace
/home/runner/work/tls/tls/input/tls.xml:456:53: error: element "p" not allowed anywhere; expected the element end-tag, text, element "_", "assignable", "choice", "comment", "componentsneeded", "ctr", "depends", "endnote", "equation", "figure", "implements", "no-link", "provides", "refinement", "requires", "rule", "selectables", "snip", "testlist" or "xref" or an element from another namespace
/home/runner/work/tls/tls/input/tls.xml:472:45: error: element "ul" not allowed anywhere; expected the element end-tag, text, element "_", "assignable", "choice", "comment", "componentsneeded", "ctr", "depends", "endnote", "equation", "figure", "implements", "management-function-set", "no-link", "provides", "refinement", "requires", "rule", "selectables", "snip", "testlist" or "xref" or an element from another namespace
/home/runner/work/tls/tls/input/tls.xml:482:53: error: element "p" not allowed anywhere; expected the element end-tag, text, element "_", "assignable", "choice", "comment", "componentsneeded", "ctr", "depends", "endnote", "equation", "figure", "implements", "no-link", "provides", "refinement", "requires", "rule", "selectables", "snip", "testlist" or "xref" or an element from another namespace
/home/runner/work/tls/tls/input/tls.xml:490:53: error: element "p" not allowed anywhere; expected the element end-tag, text, element "_", "assignable", "choice", "comment", "componentsneeded", "ctr", "depends", "endnote", "equation", "figure", "implements", "no-link", "provides", "refinement", "requires", "rule", "selectables", "snip", "testlist" or "xref" or an element from another namespace
/home/runner/work/tls/tls/input/tls.xml:495:53: error: element "p" not allowed anywhere; expected the element end-tag, text, element "_", "assignable", "choice", "comment", "componentsneeded", "ctr", "depends", "endnote", "equation", "figure", "implements", "no-link", "provides", "refinement", "requires", "rule", "selectables", "snip", "testlist" or "xref" or an element from another namespace
/home/runner/work/tls/tls/input/tls.xml:504:51: error: element "ul" not allowed anywhere; expected the element end-tag, text, element "_", "assignable", "choice", "comment", "componentsneeded", "ctr", "depends", "endnote", "equation", "figure", "implements", "management-function-set", "no-link", "provides", "refinement", "requires", "rule", "selectables", "snip", "testlist" or "xref" or an element from another namespace
/home/runner/work/tls/tls/input/tls.xml:513:78: error: element "ul" not allowed anywhere; expected the element end-tag, text, element "_", "assignable", "choice", "comment", "componentsneeded", "ctr", "depends", "endnote", "equation", "figure", "implements", "management-function-set", "no-link", "provides", "refinement", "requires", "rule", "selectables", "snip", "testlist" or "xref" or an element from another namespace
/home/runner/work/tls/tls/input/tls.xml:524:78: error: element "ul" not allowed anywhere; expected the element end-tag, text, element "_", "assignable", "choice", "comment", "componentsneeded", "ctr", "depends", "endnote", "equation", "figure", "implements", "management-function-set", "no-link", "provides", "refinement", "requires", "rule", "selectables", "snip", "testlist" or "xref" or an element from another namespace
/home/runner/work/tls/tls/input/tls.xml:595:60: error: element "ul" not allowed anywhere; expected the element end-tag, text, element "_", "assignable", "choice", "comment", "componentsneeded", "ctr", "depends", "endnote", "equation", "figure", "implements", "management-function-set", "no-link", "provides", "refinement", "requires", "rule", "selectables", "snip", "testlist" or "xref" or an element from another namespace
/home/runner/work/tls/tls/input/tls.xml:601:53: error: element "p" not allowed anywhere; expected the element end-tag, text, element "_", "assignable", "choice", "comment", "componentsneeded", "ctr", "depends", "endnote", "equation", "figure", "implements", "no-link", "provides", "refinement", "requires", "rule", "selectables", "snip", "testlist" or "xref" or an element from another namespace
/home/runner/work/tls/tls/input/tls.xml:602:53: error: element "p" not allowed anywhere; expected the element end-tag, text, element "_", "assignable", "choice", "comment", "componentsneeded", "ctr", "depends", "endnote", "equation", "figure", "implements", "no-link", "provides", "refinement", "requires", "rule", "selectables", "snip", "testlist" or "xref" or an element from another namespace
/home/runner/work/tls/tls/input/tls.xml:607:53: error: element "p" not allowed anywhere; expected the element end-tag, text, element "_", "assignable", "choice", "comment", "componentsneeded", "ctr", "depends", "endnote", "equation", "figure", "implements", "no-link", "provides", "refinement", "requires", "rule", "selectables", "snip", "testlist" or "xref" or an element from another namespace
/home/runner/work/tls/tls/input/tls.xml:611:53: error: element "p" not allowed anywhere; expected the element end-tag, text, element "_", "assignable", "choice", "comment", "componentsneeded", "ctr", "depends", "endnote", "equation", "figure", "implements", "no-link", "provides", "refinement", "requires", "rule", "selectables", "snip", "testlist" or "xref" or an element from another namespace
/home/runner/work/tls/tls/input/tls.xml:614:53: error: element "p" not allowed anywhere; expected the element end-tag, text, element "_", "assignable", "choice", "comment", "componentsneeded", "ctr", "depends", "endnote", "equation", "figure", "implements", "no-link", "provides", "refinement", "requires", "rule", "selectables", "snip", "testlist" or "xref" or an element from another namespace
/home/runner/work/tls/tls/input/tls.xml:617:53: error: element "p" not allowed anywhere; expected the element end-tag, text, element "_", "assignable", "choice", "comment", "componentsneeded", "ctr", "depends", "endnote", "equation", "figure", "implements", "no-link", "provides", "refinement", "requires", "rule", "selectables", "snip", "testlist" or "xref" or an element from another namespace
/home/runner/work/tls/tls/input/tls.xml:619:53: error: element "p" not allowed anywhere; expected the element end-tag, text, element "_", "assignable", "choice", "comment", "componentsneeded", "ctr", "depends", "endnote", "equation", "figure", "implements", "no-link", "provides", "refinement", "requires", "rule", "selectables", "snip", "testlist" or "xref" or an element from another namespace
/home/runner/work/tls/tls/input/tls.xml:664:53: error: element "p" not allowed anywhere; expected the element end-tag, text, element "_", "assignable", "choice", "comment", "componentsneeded", "ctr", "depends", "endnote", "equation", "figure", "implements", "no-link", "provides", "refinement", "requires", "rule", "selectables", "snip", "testlist" or "xref" or an element from another namespace
/home/runner/work/tls/tls/input/tls.xml:676:56: error: element "br" not allowed anywhere; expected the element end-tag, text, element "_", "assignable", "choice", "comment", "componentsneeded", "ctr", "depends", "endnote", "equation", "figure", "implements", "no-link", "provides", "refinement", "requires", "rule", "selectables", "snip", "testlist" or "xref" or an element from another namespace
/home/runner/work/tls/tls/input/tls.xml:677:56: error: element "br" not allowed anywhere; expected the element end-tag, text, element "_", "assignable", "choice", "comment", "componentsneeded", "ctr", "depends", "endnote", "equation", "figure", "implements", "no-link", "provides", "refinement", "requires", "rule", "selectables", "snip", "testlist" or "xref" or an element from another namespace
/home/runner/work/tls/tls/input/tls.xml:678:53: error: element "p" not allowed anywhere; expected the element end-tag, text, element "_", "assignable", "choice", "comment", "componentsneeded", "ctr", "depends", "endnote", "equation", "figure", "implements", "no-link", "provides", "refinement", "requires", "rule", "selectables", "snip", "testlist" or "xref" or an element from another namespace
/home/runner/work/tls/tls/input/tls.xml:693:53: error: element "p" not allowed anywhere; expected the element end-tag, text, element "_", "assignable", "choice", "comment", "componentsneeded", "ctr", "depends", "endnote", "equation", "figure", "implements", "no-link", "provides", "refinement", "requires", "rule", "selectables", "snip", "testlist" or "xref" or an element from another namespace
/home/runner/work/tls/tls/input/tls.xml:698:53: error: element "p" not allowed anywhere; expected the element end-tag, text, element "_", "assignable", "choice", "comment", "componentsneeded", "ctr", "depends", "endnote", "equation", "figure", "implements", "no-link", "provides", "refinement", "requires", "rule", "selectables", "snip", "testlist" or "xref" or an element from another namespace
/home/runner/work/tls/tls/input/tls.xml:704:53: error: element "p" not allowed anywhere; expected the element end-tag, text, element "_", "assignable", "choice", "comment", "componentsneeded", "ctr", "depends", "endnote", "equation", "figure", "implements", "no-link", "provides", "refinement", "requires", "rule", "selectables", "snip", "testlist" or "xref" or an element from another namespace
/home/runner/work/tls/tls/input/tls.xml:721:53: error: element "p" not allowed anywhere; expected the element end-tag, text, element "_", "assignable", "choice", "comment", "componentsneeded", "ctr", "depends", "endnote", "equation", "figure", "implements", "no-link", "provides", "refinement", "requires", "rule", "selectables", "snip", "testlist" or "xref" or an element from another namespace
/home/runner/work/tls/tls/input/tls.xml:729:53: error: element "p" not allowed anywhere; expected the element end-tag, text, element "_", "assignable", "choice", "comment", "componentsneeded", "ctr", "depends", "endnote", "equation", "figure", "implements", "no-link", "provides", "refinement", "requires", "rule", "selectables", "snip", "testlist" or "xref" or an element from another namespace
/home/runner/work/tls/tls/input/tls.xml:752:53: error: element "p" not allowed anywhere; expected the element end-tag, text, element "_", "assignable", "choice", "comment", "componentsneeded", "ctr", "depends", "endnote", "equation", "figure", "implements", "no-link", "provides", "refinement", "requires", "rule", "selectables", "snip", "testlist" or "xref" or an element from another namespace
/home/runner/work/tls/tls/input/tls.xml:761:55: error: element "f-component" not allowed here; expected the element end-tag, text, element "_", "assignable", "choice", "comment", "componentsneeded", "ctr", "depends", "endnote", "equation", "figure", "implements", "no-link", "provides", "refinement", "requires", "rule", "section", "selectables", "snip", "testlist" or "xref" or an element from another namespace
/home/runner/work/tls/tls/input/tls.xml:784:53: error: element "p" not allowed anywhere; expected the element end-tag, text, element "_", "assignable", "choice", "comment", "componentsneeded", "ctr", "depends", "endnote", "equation", "figure", "implements", "no-link", "provides", "refinement", "requires", "rule", "selectables", "snip", "testlist" or "xref" or an element from another namespace
/home/runner/work/tls/tls/input/tls.xml:786:53: error: element "p" not allowed anywhere; expected the element end-tag, text, element "_", "assignable", "choice", "comment", "componentsneeded", "ctr", "depends", "endnote", "equation", "figure", "implements", "no-link", "provides", "refinement", "requires", "rule", "selectables", "snip", "testlist" or "xref" or an element from another namespace
/home/runner/work/tls/tls/input/tls.xml:791:53: error: element "p" not allowed anywhere; expected the element end-tag, text, element "_", "assignable", "choice", "comment", "componentsneeded", "ctr", "depends", "endnote", "equation", "figure", "implements", "no-link", "provides", "refinement", "requires", "rule", "selectables", "snip", "testlist" or "xref" or an element from another namespace
/home/runner/work/tls/tls/input/tls.xml:807:60: error: element "p" not allowed anywhere; expected the element end-tag, text, element "_", "assignable", "choice", "comment", "componentsneeded", "ctr", "depends", "endnote", "equation", "figure", "implements", "no-link", "provides", "refinement", "requires", "rule", "selectables", "snip", "testlist" or "xref" or an element from another namespace
/home/runner/work/tls/tls/input/tls.xml:814:60: error: element "p" not allowed anywhere; expected the element end-tag, text, element "_", "assignable", "choice", "comment", "componentsneeded", "ctr", "depends", "endnote", "equation", "figure", "implements", "no-link", "provides", "refinement", "requires", "rule", "selectables", "snip", "testlist" or "xref" or an element from another namespace
/home/runner/work/tls/tls/input/tls.xml:844:100: error: element "p" not allowed anywhere; expected the element end-tag, text, element "_", "assignable", "choice", "comment", "componentsneeded", "ctr", "depends", "endnote", "equation", "evidence", "figure", "implements", "no-link", "provides", "refinement", "requires", "rule", "selectables", "snip", "steplist", "test-obj", "testlist" or "xref" or an element from another namespace
/home/runner/work/tls/tls/input/tls.xml:859:95: error: element "f-component" not allowed here; expected the element end-tag, text, element "_", "assignable", "choice", "comment", "componentsneeded", "ctr", "depends", "endnote", "equation", "figure", "implements", "no-link", "provides", "refinement", "requires", "rule", "section", "selectables", "snip", "testlist" or "xref" or an element from another namespace
/home/runner/work/tls/tls/input/tls.xml:876:53: error: element "p" not allowed anywhere; expected the element end-tag, text, element "_", "assignable", "choice", "comment", "componentsneeded", "ctr", "depends", "endnote", "equation", "figure", "implements", "no-link", "provides", "refinement", "requires", "rule", "selectables", "snip", "testlist" or "xref" or an element from another namespace
/home/runner/work/tls/tls/input/tls.xml:878:53: error: element "p" not allowed anywhere; expected the element end-tag, text, element "_", "assignable", "choice", "comment", "componentsneeded", "ctr", "depends", "endnote", "equation", "figure", "implements", "no-link", "provides", "refinement", "requires", "rule", "selectables", "snip", "testlist" or "xref" or an element from another namespace
/home/runner/work/tls/tls/input/tls.xml:879:53: error: element "p" not allowed anywhere; expected the element end-tag, text, element "_", "assignable", "choice", "comment", "componentsneeded", "ctr", "depends", "endnote", "equation", "figure", "implements", "no-link", "provides", "refinement", "requires", "rule", "selectables", "snip", "testlist" or "xref" or an element from another namespace
/home/runner/work/tls/tls/input/tls.xml:892:60: error: element "p" not allowed anywhere; expected the element end-tag, text, element "_", "assignable", "choice", "comment", "componentsneeded", "ctr", "depends", "endnote", "equation", "figure", "implements", "no-link", "provides", "refinement", "requires", "rule", "selectables", "snip", "testlist" or "xref" or an element from another namespace
/home/runner/work/tls/tls/input/tls.xml:903:60: error: element "p" not allowed anywhere; expected the element end-tag, text, element "_", "assignable", "choice", "comment", "componentsneeded", "ctr", "depends", "endnote", "equation", "figure", "implements", "no-link", "provides", "refinement", "requires", "rule", "selectables", "snip", "testlist" or "xref" or an element from another namespace
/home/runner/work/tls/tls/input/tls.xml:915:52: error: element "p" not allowed anywhere; expected the element end-tag, text, element "_", "assignable", "choice", "comment", "componentsneeded", "ctr", "depends", "endnote", "equation", "evidence", "figure", "implements", "no-link", "provides", "refinement", "requires", "rule", "selectables", "snip", "steplist", "test-obj", "testlist" or "xref" or an element from another namespace
/home/runner/work/tls/tls/input/tls.xml:930:38: error: element "p" not allowed anywhere; expected the element end-tag, text, element "_", "assignable", "choice", "comment", "componentsneeded", "ctr", "depends", "endnote", "equation", "evidence", "figure", "implements", "no-link", "provides", "refinement", "requires", "rule", "selectables", "snip", "steplist", "test-obj", "testlist" or "xref" or an element from another namespace
/home/runner/work/tls/tls/input/tls.xml:940:45: error: element "p" not allowed anywhere; expected the element end-tag, text, element "_", "assignable", "choice", "comment", "componentsneeded", "ctr", "depends", "endnote", "equation", "evidence", "figure", "implements", "no-link", "provides", "refinement", "requires", "rule", "selectables", "snip", "steplist", "test-obj", "testlist" or "xref" or an element from another namespace
/home/runner/work/tls/tls/input/tls.xml:943:127: error: element "p" not allowed anywhere; expected the element end-tag, text, element "_", "assignable", "choice", "comment", "componentsneeded", "ctr", "depends", "endnote", "equation", "evidence", "figure", "implements", "no-link", "provides", "refinement", "requires", "rule", "selectables", "snip", "steplist", "test-obj", "testlist" or "xref" or an element from another namespace
/home/runner/work/tls/tls/input/tls.xml:955:100: error: element "f-component" not allowed here; expected the element end-tag, text, element "_", "assignable", "choice", "comment", "componentsneeded", "ctr", "depends", "endnote", "equation", "figure", "implements", "no-link", "provides", "refinement", "requires", "rule", "section", "selectables", "snip", "testlist" or "xref" or an element from another namespace
/home/runner/work/tls/tls/input/tls.xml:987:53: error: element "p" not allowed anywhere; expected the element end-tag, text, element "_", "assignable", "choice", "comment", "componentsneeded", "ctr", "depends", "endnote", "equation", "figure", "implements", "no-link", "provides", "refinement", "requires", "rule", "selectables", "snip", "testlist" or "xref" or an element from another namespace
/home/runner/work/tls/tls/input/tls.xml:989:53: error: element "p" not allowed anywhere; expected the element end-tag, text, element "_", "assignable", "choice", "comment", "componentsneeded", "ctr", "depends", "endnote", "equation", "figure", "implements", "no-link", "provides", "refinement", "requires", "rule", "selectables", "snip", "testlist" or "xref" or an element from another namespace
/home/runner/work/tls/tls/input/tls.xml:992:53: error: element "p" not allowed anywhere; expected the element end-tag, text, element "_", "assignable", "choice", "comment", "componentsneeded", "ctr", "depends", "endnote", "equation", "figure", "implements", "no-link", "provides", "refinement", "requires", "rule", "selectables", "snip", "testlist" or "xref" or an element from another namespace
/home/runner/work/tls/tls/input/tls.xml:996:53: error: element "p" not allowed anywhere; expected the element end-tag, text, element "_", "assignable", "choice", "comment", "componentsneeded", "ctr", "depends", "endnote", "equation", "figure", "implements", "no-link", "provides", "refinement", "requires", "rule", "selectables", "snip", "testlist" or "xref" or an element from another namespace
/home/runner/work/tls/tls/input/tls.xml:1007:53: error: element "p" not allowed anywhere; expected the element end-tag, text, element "_", "assignable", "choice", "comment", "componentsneeded", "ctr", "depends", "endnote", "equation", "figure", "implements", "no-link", "provides", "refinement", "requires", "rule", "selectables", "snip", "testlist" or "xref" or an element from another namespace
/home/runner/work/tls/tls/input/tls.xml:1015:60: error: element "p" not allowed anywhere; expected the element end-tag, text, element "_", "assignable", "choice", "comment", "componentsneeded", "ctr", "depends", "endnote", "equation", "figure", "implements", "no-link", "provides", "refinement", "requires", "rule", "selectables", "snip", "testlist" or "xref" or an element from another namespace
/home/runner/work/tls/tls/input/tls.xml:1021:60: error: element "p" not allowed anywhere; expected the element end-tag, text, element "_", "assignable", "choice", "comment", "componentsneeded", "ctr", "depends", "endnote", "equation", "figure", "implements", "no-link", "provides", "refinement", "requires", "rule", "selectables", "snip", "testlist" or "xref" or an element from another namespace
/home/runner/work/tls/tls/input/tls.xml:1042:55: error: element "f-component" not allowed here; expected the element end-tag, text, element "_", "assignable", "choice", "comment", "componentsneeded", "ctr", "depends", "endnote", "equation", "figure", "implements", "no-link", "provides", "refinement", "requires", "rule", "section", "selectables", "snip", "testlist" or "xref" or an element from another namespace
/home/runner/work/tls/tls/input/tls.xml:1061:53: error: element "p" not allowed anywhere; expected the element end-tag, text, element "_", "assignable", "choice", "comment", "componentsneeded", "ctr", "depends", "endnote", "equation", "figure", "implements", "no-link", "provides", "refinement", "requires", "rule", "selectables", "snip", "testlist" or "xref" or an element from another namespace
/home/runner/work/tls/tls/input/tls.xml:1063:53: error: element "p" not allowed anywhere; expected the element end-tag, text, element "_", "assignable", "choice", "comment", "componentsneeded", "ctr", "depends", "endnote", "equation", "figure", "implements", "no-link", "provides", "refinement", "requires", "rule", "selectables", "snip", "testlist" or "xref" or an element from another namespace
/home/runner/work/tls/tls/input/tls.xml:1069:53: error: element "p" not allowed anywhere; expected the element end-tag, text, element "_", "assignable", "choice", "comment", "componentsneeded", "ctr", "depends", "endnote", "equation", "figure", "implements", "no-link", "provides", "refinement", "requires", "rule", "selectables", "snip", "testlist" or "xref" or an element from another namespace
/home/runner/work/tls/tls/input/tls.xml:1076:60: error: element "p" not allowed anywhere; expected the element end-tag, text, element "_", "assignable", "choice", "comment", "componentsneeded", "ctr", "depends", "endnote", "equation", "figure", "implements", "no-link", "provides", "refinement", "requires", "rule", "selectables", "snip", "testlist" or "xref" or an element from another namespace
/home/runner/work/tls/tls/input/tls.xml:1081:60: error: element "p" not allowed anywhere; expected the element end-tag, text, element "_", "assignable", "choice", "comment", "componentsneeded", "ctr", "depends", "endnote", "equation", "figure", "implements", "no-link", "provides", "refinement", "requires", "rule", "selectables", "snip", "testlist" or "xref" or an element from another namespace
/home/runner/work/tls/tls/input/tls.xml:1094:87: error: element "p" not allowed anywhere; expected the element end-tag, text, element "_", "assignable", "choice", "comment", "componentsneeded", "ctr", "depends", "endnote", "equation", "evidence", "figure", "implements", "no-link", "provides", "refinement", "requires", "rule", "selectables", "snip", "steplist", "test-obj", "testlist" or "xref" or an element from another namespace
/home/runner/work/tls/tls/input/tls.xml:1103:83: error: element "p" not allowed anywhere; expected the element end-tag, text, element "_", "assignable", "choice", "comment", "componentsneeded", "ctr", "depends", "endnote", "equation", "evidence", "figure", "implements", "no-link", "provides", "refinement", "requires", "rule", "selectables", "snip", "steplist", "test-obj", "testlist" or "xref" or an element from another namespace
/home/runner/work/tls/tls/input/tls.xml:1118:55: error: element "f-component" not allowed here; expected the element end-tag, text, element "_", "assignable", "choice", "comment", "componentsneeded", "ctr", "depends", "endnote", "equation", "figure", "implements", "no-link", "provides", "refinement", "requires", "rule", "section", "selectables", "snip", "testlist" or "xref" or an element from another namespace
/home/runner/work/tls/tls/input/tls.xml:1131:60: error: element "p" not allowed anywhere; expected the element end-tag, text, element "_", "assignable", "choice", "comment", "componentsneeded", "ctr", "depends", "endnote", "equation", "figure", "implements", "no-link", "provides", "refinement", "requires", "rule", "selectables", "snip", "testlist" or "xref" or an element from another namespace
/home/runner/work/tls/tls/input/tls.xml:1139:60: error: element "p" not allowed anywhere; expected the element end-tag, text, element "_", "assignable", "choice", "comment", "componentsneeded", "ctr", "depends", "endnote", "equation", "figure", "implements", "no-link", "provides", "refinement", "requires", "rule", "selectables", "snip", "testlist" or "xref" or an element from another namespace
/home/runner/work/tls/tls/input/tls.xml:1153:38: error: element "p" not allowed anywhere; expected the element end-tag, text, element "_", "assignable", "choice", "comment", "componentsneeded", "ctr", "depends", "endnote", "equation", "evidence", "figure", "implements", "no-link", "provides", "refinement", "requires", "rule", "selectables", "snip", "test-obj", "testlist" or "xref" or an element from another namespace
/home/runner/work/tls/tls/input/tls.xml:1161:53: error: element "p" not allowed anywhere; expected the element end-tag, text, element "_", "assignable", "choice", "comment", "componentsneeded", "ctr", "depends", "endnote", "equation", "figure", "implements", "no-link", "provides", "refinement", "requires", "rule", "selectables", "snip", "testlist" or "xref" or an element from another namespace
/home/runner/work/tls/tls/input/tls.xml:1163:53: error: element "p" not allowed anywhere; expected the element end-tag, text, element "_", "assignable", "choice", "comment", "componentsneeded", "ctr", "depends", "endnote", "equation", "figure", "implements", "no-link", "provides", "refinement", "requires", "rule", "selectables", "snip", "testlist" or "xref" or an element from another namespace
/home/runner/work/tls/tls/input/tls.xml:1174:83: error: element "f-component" not allowed here; expected the element end-tag, text, element "_", "assignable", "choice", "comment", "componentsneeded", "ctr", "depends", "endnote", "equation", "figure", "implements", "no-link", "provides", "refinement", "requires", "rule", "section", "selectables", "snip", "testlist" or "xref" or an element from another namespace
/home/runner/work/tls/tls/input/tls.xml:1209:53: error: element "p" not allowed anywhere; expected the element end-tag, text, element "_", "assignable", "choice", "comment", "componentsneeded", "ctr", "depends", "endnote", "equation", "figure", "implements", "no-link", "provides", "refinement", "requires", "rule", "selectables", "snip", "testlist" or "xref" or an element from another namespace
/home/runner/work/tls/tls/input/tls.xml:1211:53: error: element "p" not allowed anywhere; expected the element end-tag, text, element "_", "assignable", "choice", "comment", "componentsneeded", "ctr", "depends", "endnote", "equation", "figure", "implements", "no-link", "provides", "refinement", "requires", "rule", "selectables", "snip", "testlist" or "xref" or an element from another namespace
/home/runner/work/tls/tls/input/tls.xml:1213:53: error: element "p" not allowed anywhere; expected the element end-tag, text, element "_", "assignable", "choice", "comment", "componentsneeded", "ctr", "depends", "endnote", "equation", "figure", "implements", "no-link", "provides", "refinement", "requires", "rule", "selectables", "snip", "testlist" or "xref" or an element from another namespace
/home/runner/work/tls/tls/input/tls.xml:1218:53: error: element "p" not allowed anywhere; expected the element end-tag, text, element "_", "assignable", "choice", "comment", "componentsneeded", "ctr", "depends", "endnote", "equation", "figure", "implements", "no-link", "provides", "refinement", "requires", "rule", "selectables", "snip", "testlist" or "xref" or an element from another namespace
/home/runner/work/tls/tls/input/tls.xml:1221:53: error: element "p" not allowed anywhere; expected the element end-tag, text, element "_", "assignable", "choice", "comment", "componentsneeded", "ctr", "depends", "endnote", "equation", "figure", "implements", "no-link", "provides", "refinement", "requires", "rule", "selectables", "snip", "testlist" or "xref" or an element from another namespace
/home/runner/work/tls/tls/input/tls.xml:1224:53: error: element "p" not allowed anywhere; expected the element end-tag, text, element "_", "assignable", "choice", "comment", "componentsneeded", "ctr", "depends", "endnote", "equation", "figure", "implements", "no-link", "provides", "refinement", "requires", "rule", "selectables", "snip", "testlist" or "xref" or an element from another namespace
/home/runner/work/tls/tls/input/tls.xml:1226:53: error: element "p" not allowed anywhere; expected the element end-tag, text, element "_", "assignable", "choice", "comment", "componentsneeded", "ctr", "depends", "endnote", "equation", "figure", "implements", "no-link", "provides", "refinement", "requires", "rule", "selectables", "snip", "testlist" or "xref" or an element from another namespace
/home/runner/work/tls/tls/input/tls.xml:1232:60: error: element "p" not allowed anywhere; expected the element end-tag, text, element "_", "assignable", "choice", "comment", "componentsneeded", "ctr", "depends", "endnote", "equation", "figure", "implements", "no-link", "provides", "refinement", "requires", "rule", "selectables", "snip", "testlist" or "xref" or an element from another namespace
/home/runner/work/tls/tls/input/tls.xml:1237:60: error: element "p" not allowed anywhere; expected the element end-tag, text, element "_", "assignable", "choice", "comment", "componentsneeded", "ctr", "depends", "endnote", "equation", "figure", "implements", "no-link", "provides", "refinement", "requires", "rule", "selectables", "snip", "testlist" or "xref" or an element from another namespace
/home/runner/work/tls/tls/input/tls.xml:1242:60: error: element "p" not allowed anywhere; expected the element end-tag, text, element "_", "assignable", "choice", "comment", "componentsneeded", "ctr", "depends", "endnote", "equation", "figure", "implements", "no-link", "provides", "refinement", "requires", "rule", "selectables", "snip", "testlist" or "xref" or an element from another namespace
/home/runner/work/tls/tls/input/tls.xml:1244:60: error: element "p" not allowed anywhere; expected the element end-tag, text, element "_", "assignable", "choice", "comment", "componentsneeded", "ctr", "depends", "endnote", "equation", "figure", "implements", "no-link", "provides", "refinement", "requires", "rule", "selectables", "snip", "testlist" or "xref" or an element from another namespace
/home/runner/work/tls/tls/input/tls.xml:1249:60: error: element "p" not allowed anywhere; expected the element end-tag, text, element "_", "assignable", "choice", "comment", "componentsneeded", "ctr", "depends", "endnote", "equation", "figure", "implements", "no-link", "provides", "refinement", "requires", "rule", "selectables", "snip", "testlist" or "xref" or an element from another namespace
/home/runner/work/tls/tls/input/tls.xml:1254:60: error: element "p" not allowed anywhere; expected the element end-tag, text, element "_", "assignable", "choice", "comment", "componentsneeded", "ctr", "depends", "endnote", "equation", "figure", "implements", "no-link", "provides", "refinement", "requires", "rule", "selectables", "snip", "testlist" or "xref" or an element from another namespace
/home/runner/work/tls/tls/input/tls.xml:1348:53: error: element "P" not allowed anywhere; expected the element end-tag, text, element "_", "assignable", "choice", "comment", "componentsneeded", "ctr", "depends", "endnote", "equation", "figure", "implements", "no-link", "provides", "refinement", "requires", "rule", "selectables", "snip", "testlist" or "xref" or an element from another namespace
/home/runner/work/tls/tls/input/tls.xml:1356:53: error: element "p" not allowed anywhere; expected the element end-tag, text, element "_", "assignable", "choice", "comment", "componentsneeded", "ctr", "depends", "endnote", "equation", "figure", "implements", "no-link", "provides", "refinement", "requires", "rule", "selectables", "snip", "testlist" or "xref" or an element from another namespace
/home/runner/work/tls/tls/input/tls.xml:1360:53: error: element "p" not allowed anywhere; expected the element end-tag, text, element "_", "assignable", "choice", "comment", "componentsneeded", "ctr", "depends", "endnote", "equation", "figure", "implements", "no-link", "provides", "refinement", "requires", "rule", "selectables", "snip", "testlist" or "xref" or an element from another namespace
/home/runner/work/tls/tls/input/tls.xml:1364:53: error: element "p" not allowed anywhere; expected the element end-tag, text, element "_", "assignable", "choice", "comment", "componentsneeded", "ctr", "depends", "endnote", "equation", "figure", "implements", "no-link", "provides", "refinement", "requires", "rule", "selectables", "snip", "testlist" or "xref" or an element from another namespace
/home/runner/work/tls/tls/input/tls.xml:1376:53: error: element "p" not allowed anywhere; expected the element end-tag, text, element "_", "assignable", "choice", "comment", "componentsneeded", "ctr", "depends", "endnote", "equation", "figure", "implements", "no-link", "provides", "refinement", "requires", "rule", "selectables", "snip", "testlist" or "xref" or an element from another namespace
/home/runner/work/tls/tls/input/tls.xml:1382:53: error: element "p" not allowed anywhere; expected the element end-tag, text, element "_", "assignable", "choice", "comment", "componentsneeded", "ctr", "depends", "endnote", "equation", "figure", "implements", "no-link", "provides", "refinement", "requires", "rule", "selectables", "snip", "testlist" or "xref" or an element from another namespace
/home/runner/work/tls/tls/input/tls.xml:1385:53: error: element "p" not allowed anywhere; expected the element end-tag, text, element "_", "assignable", "choice", "comment", "componentsneeded", "ctr", "depends", "endnote", "equation", "figure", "implements", "no-link", "provides", "refinement", "requires", "rule", "selectables", "snip", "testlist" or "xref" or an element from another namespace
/home/runner/work/tls/tls/input/tls.xml:1393:51: error: element "ul" not allowed anywhere; expected the element end-tag, text, element "_", "assignable", "choice", "comment", "componentsneeded", "ctr", "depends", "endnote", "equation", "figure", "implements", "management-function-set", "no-link", "provides", "refinement", "requires", "rule", "selectables", "snip", "testlist" or "xref" or an element from another namespace
/home/runner/work/tls/tls/input/tls.xml:1402:78: error: element "ul" not allowed anywhere; expected the element end-tag, text, element "_", "assignable", "choice", "comment", "componentsneeded", "ctr", "depends", "endnote", "equation", "figure", "implements", "management-function-set", "no-link", "provides", "refinement", "requires", "rule", "selectables", "snip", "testlist" or "xref" or an element from another namespace
/home/runner/work/tls/tls/input/tls.xml:1413:78: error: element "ul" not allowed anywhere; expected the element end-tag, text, element "_", "assignable", "choice", "comment", "componentsneeded", "ctr", "depends", "endnote", "equation", "figure", "implements", "management-function-set", "no-link", "provides", "refinement", "requires", "rule", "selectables", "snip", "testlist" or "xref" or an element from another namespace
/home/runner/work/tls/tls/input/tls.xml:1482:53: error: element "p" not allowed anywhere; expected the element end-tag, text, element "_", "assignable", "choice", "comment", "componentsneeded", "ctr", "depends", "endnote", "equation", "figure", "implements", "no-link", "provides", "refinement", "requires", "rule", "selectables", "snip", "testlist" or "xref" or an element from another namespace
/home/runner/work/tls/tls/input/tls.xml:1483:53: error: element "p" not allowed anywhere; expected the element end-tag, text, element "_", "assignable", "choice", "comment", "componentsneeded", "ctr", "depends", "endnote", "equation", "figure", "implements", "no-link", "provides", "refinement", "requires", "rule", "selectables", "snip", "testlist" or "xref" or an element from another namespace
/home/runner/work/tls/tls/input/tls.xml:1488:53: error: element "p" not allowed anywhere; expected the element end-tag, text, element "_", "assignable", "choice", "comment", "componentsneeded", "ctr", "depends", "endnote", "equation", "figure", "implements", "no-link", "provides", "refinement", "requires", "rule", "selectables", "snip", "testlist" or "xref" or an element from another namespace
/home/runner/work/tls/tls/input/tls.xml:1492:53: error: element "p" not allowed anywhere; expected the element end-tag, text, element "_", "assignable", "choice", "comment", "componentsneeded", "ctr", "depends", "endnote", "equation", "figure", "implements", "no-link", "provides", "refinement", "requires", "rule", "selectables", "snip", "testlist" or "xref" or an element from another namespace
/home/runner/work/tls/tls/input/tls.xml:1495:53: error: element "p" not allowed anywhere; expected the element end-tag, text, element "_", "assignable", "choice", "comment", "componentsneeded", "ctr", "depends", "endnote", "equation", "figure", "implements", "no-link", "provides", "refinement", "requires", "rule", "selectables", "snip", "testlist" or "xref" or an element from another namespace
/home/runner/work/tls/tls/input/tls.xml:1560:53: error: element "p" not allowed anywhere; expected the element end-tag, text, element "_", "assignable", "choice", "comment", "componentsneeded", "ctr", "depends", "endnote", "equation", "figure", "implements", "no-link", "provides", "refinement", "requires", "rule", "selectables", "snip", "testlist" or "xref" or an element from another namespace
/home/runner/work/tls/tls/input/tls.xml:1562:53: error: element "p" not allowed anywhere; expected the element end-tag, text, element "_", "assignable", "choice", "comment", "componentsneeded", "ctr", "depends", "endnote", "equation", "figure", "implements", "no-link", "provides", "refinement", "requires", "rule", "selectables", "snip", "testlist" or "xref" or an element from another namespace
/home/runner/work/tls/tls/input/tls.xml:1566:53: error: element "p" not allowed anywhere; expected the element end-tag, text, element "_", "assignable", "choice", "comment", "componentsneeded", "ctr", "depends", "endnote", "equation", "figure", "implements", "no-link", "provides", "refinement", "requires", "rule", "selectables", "snip", "testlist" or "xref" or an element from another namespace
/home/runner/work/tls/tls/input/tls.xml:1571:53: error: element "p" not allowed anywhere; expected the element end-tag, text, element "_", "assignable", "choice", "comment", "componentsneeded", "ctr", "depends", "endnote", "equation", "figure", "implements", "no-link", "provides", "refinement", "requires", "rule", "selectables", "snip", "testlist" or "xref" or an element from another namespace
/home/runner/work/tls/tls/input/tls.xml:1597:55: error: element "f-component" not allowed here; expected the element end-tag, text, element "_", "assignable", "choice", "comment", "componentsneeded", "ctr", "depends", "endnote", "equation", "figure", "implements", "no-link", "provides", "refinement", "requires", "rule", "section", "selectables", "snip", "testlist" or "xref" or an element from another namespace
/home/runner/work/tls/tls/input/tls.xml:1620:53: error: element "p" not allowed anywhere; expected the element end-tag, text, element "_", "assignable", "choice", "comment", "componentsneeded", "ctr", "depends", "endnote", "equation", "figure", "implements", "no-link", "provides", "refinement", "requires", "rule", "selectables", "snip", "testlist" or "xref" or an element from another namespace
/home/runner/work/tls/tls/input/tls.xml:1622:53: error: element "p" not allowed anywhere; expected the element end-tag, text, element "_", "assignable", "choice", "comment", "componentsneeded", "ctr", "depends", "endnote", "equation", "figure", "implements", "no-link", "provides", "refinement", "requires", "rule", "selectables", "snip", "testlist" or "xref" or an element from another namespace
/home/runner/work/tls/tls/input/tls.xml:1628:60: error: element "p" not allowed anywhere; expected the element end-tag, text, element "_", "assignable", "choice", "comment", "componentsneeded", "ctr", "depends", "endnote", "equation", "figure", "implements", "no-link", "provides", "refinement", "requires", "rule", "selectables", "snip", "testlist" or "xref" or an element from another namespace
/home/runner/work/tls/tls/input/tls.xml:1635:60: error: element "p" not allowed anywhere; expected the element end-tag, text, element "_", "assignable", "choice", "comment", "componentsneeded", "ctr", "depends", "endnote", "equation", "figure", "implements", "no-link", "provides", "refinement", "requires", "rule", "selectables", "snip", "testlist" or "xref" or an element from another namespace
/home/runner/work/tls/tls/input/tls.xml:1641:60: error: element "p" not allowed anywhere; expected the element end-tag, text, element "_", "assignable", "choice", "comment", "componentsneeded", "ctr", "depends", "endnote", "equation", "figure", "implements", "no-link", "provides", "refinement", "requires", "rule", "selectables", "snip", "testlist" or "xref" or an element from another namespace
/home/runner/work/tls/tls/input/tls.xml:1660:62: error: element "p" not allowed anywhere; expected the element end-tag, text, element "_", "assignable", "choice", "comment", "componentsneeded", "ctr", "depends", "endnote", "equation", "evidence", "figure", "implements", "no-link", "provides", "refinement", "requires", "rule", "selectables", "snip", "steplist", "test-obj", "testlist" or "xref" or an element from another namespace
/home/runner/work/tls/tls/input/tls.xml:1677:66: error: element "ul" not allowed anywhere; expected the element end-tag, text, element "_", "assignable", "choice", "comment", "componentsneeded", "ctr", "depends", "endnote", "equation", "evidence", "figure", "implements", "no-link", "provides", "refinement", "requires", "rule", "selectables", "snip", "steplist", "test-obj", "testlist" or "xref" or an element from another namespace
/home/runner/work/tls/tls/input/tls.xml:1730:79: error: element "p" not allowed anywhere; expected the element end-tag, text, element "_", "assignable", "choice", "comment", "componentsneeded", "ctr", "depends", "endnote", "equation", "evidence", "figure", "implements", "no-link", "provides", "refinement", "requires", "rule", "selectables", "snip", "steplist", "test-obj", "testlist" or "xref" or an element from another namespace
/home/runner/work/tls/tls/input/tls.xml:1736:59: error: element "p" not allowed anywhere; expected the element end-tag, text, element "_", "assignable", "choice", "comment", "componentsneeded", "ctr", "depends", "endnote", "equation", "evidence", "figure", "implements", "no-link", "provides", "refinement", "requires", "rule", "selectables", "snip", "steplist", "test-obj", "testlist" or "xref" or an element from another namespace
/home/runner/work/tls/tls/input/tls.xml:1815:53: error: element "p" not allowed anywhere; expected the element end-tag, text, element "_", "assignable", "choice", "comment", "componentsneeded", "ctr", "depends", "endnote", "equation", "figure", "implements", "no-link", "provides", "refinement", "requires", "rule", "selectables", "snip", "testlist" or "xref" or an element from another namespace
/home/runner/work/tls/tls/input/tls.xml:1822:53: error: element "p" not allowed anywhere; expected the element end-tag, text, element "_", "assignable", "choice", "comment", "componentsneeded", "ctr", "depends", "endnote", "equation", "figure", "implements", "no-link", "provides", "refinement", "requires", "rule", "selectables", "snip", "testlist" or "xref" or an element from another namespace
/home/runner/work/tls/tls/input/tls.xml:1919:53: error: element "p" not allowed anywhere; expected the element end-tag, text, element "_", "assignable", "choice", "comment", "componentsneeded", "ctr", "depends", "endnote", "equation", "figure", "implements", "no-link", "provides", "refinement", "requires", "rule", "selectables", "snip", "testlist" or "xref" or an element from another namespace
/home/runner/work/tls/tls/input/tls.xml:1932:53: error: element "p" not allowed anywhere; expected the element end-tag, text, element "_", "assignable", "choice", "comment", "componentsneeded", "ctr", "depends", "endnote", "equation", "figure", "implements", "no-link", "provides", "refinement", "requires", "rule", "selectables", "snip", "testlist" or "xref" or an element from another namespace
/home/runner/work/tls/tls/input/tls.xml:1943:95: error: element "f-component" not allowed here; expected the element end-tag, text, element "_", "assignable", "choice", "comment", "componentsneeded", "ctr", "depends", "endnote", "equation", "figure", "implements", "no-link", "provides", "refinement", "requires", "rule", "section", "selectables", "snip", "testlist" or "xref" or an element from another namespace
/home/runner/work/tls/tls/input/tls.xml:1955:53: error: element "p" not allowed anywhere; expected the element end-tag, text, element "_", "assignable", "choice", "comment", "componentsneeded", "ctr", "depends", "endnote", "equation", "figure", "implements", "no-link", "provides", "refinement", "requires", "rule", "selectables", "snip", "testlist" or "xref" or an element from another namespace
/home/runner/work/tls/tls/input/tls.xml:1957:53: error: element "p" not allowed anywhere; expected the element end-tag, text, element "_", "assignable", "choice", "comment", "componentsneeded", "ctr", "depends", "endnote", "equation", "figure", "implements", "no-link", "provides", "refinement", "requires", "rule", "selectables", "snip", "testlist" or "xref" or an element from another namespace
/home/runner/work/tls/tls/input/tls.xml:1964:60: error: element "p" not allowed anywhere; expected the element end-tag, text, element "_", "assignable", "choice", "comment", "componentsneeded", "ctr", "depends", "endnote", "equation", "figure", "implements", "no-link", "provides", "refinement", "requires", "rule", "selectables", "snip", "testlist" or "xref" or an element from another namespace
/home/runner/work/tls/tls/input/tls.xml:1969:60: error: element "p" not allowed anywhere; expected the element end-tag, text, element "_", "assignable", "choice", "comment", "componentsneeded", "ctr", "depends", "endnote", "equation", "figure", "implements", "no-link", "provides", "refinement", "requires", "rule", "selectables", "snip", "testlist" or "xref" or an element from another namespace
/home/runner/work/tls/tls/input/tls.xml:1985:100: error: element "f-component" not allowed here; expected the element end-tag, text, element "_", "assignable", "choice", "comment", "componentsneeded", "ctr", "depends", "endnote", "equation", "figure", "implements", "no-link", "provides", "refinement", "requires", "rule", "section", "selectables", "snip", "testlist" or "xref" or an element from another namespace
/home/runner/work/tls/tls/input/tls.xml:2003:60: error: element "p" not allowed anywhere; expected the element end-tag, text, element "_", "assignable", "choice", "comment", "componentsneeded", "ctr", "depends", "endnote", "equation", "figure", "implements", "no-link", "provides", "refinement", "requires", "rule", "selectables", "snip", "testlist" or "xref" or an element from another namespace
/home/runner/work/tls/tls/input/tls.xml:2008:60: error: element "p" not allowed anywhere; expected the element end-tag, text, element "_", "assignable", "choice", "comment", "componentsneeded", "ctr", "depends", "endnote", "equation", "figure", "implements", "no-link", "provides", "refinement", "requires", "rule", "selectables", "snip", "testlist" or "xref" or an element from another namespace
/home/runner/work/tls/tls/input/tls.xml:2056:53: error: element "p" not allowed anywhere; expected the element end-tag, text, element "_", "assignable", "choice", "comment", "componentsneeded", "ctr", "depends", "endnote", "equation", "figure", "implements", "no-link", "provides", "refinement", "requires", "rule", "selectables", "snip", "testlist" or "xref" or an element from another namespace
/home/runner/work/tls/tls/input/tls.xml:2058:53: error: element "p" not allowed anywhere; expected the element end-tag, text, element "_", "assignable", "choice", "comment", "componentsneeded", "ctr", "depends", "endnote", "equation", "figure", "implements", "no-link", "provides", "refinement", "requires", "rule", "selectables", "snip", "testlist" or "xref" or an element from another namespace
/home/runner/work/tls/tls/input/tls.xml:2069:53: error: element "p" not allowed anywhere; expected the element end-tag, text, element "_", "assignable", "choice", "comment", "componentsneeded", "ctr", "depends", "endnote", "equation", "figure", "implements", "no-link", "provides", "refinement", "requires", "rule", "selectables", "snip", "testlist" or "xref" or an element from another namespace
/home/runner/work/tls/tls/input/tls.xml:2071:53: error: element "p" not allowed anywhere; expected the element end-tag, text, element "_", "assignable", "choice", "comment", "componentsneeded", "ctr", "depends", "endnote", "equation", "figure", "implements", "no-link", "provides", "refinement", "requires", "rule", "selectables", "snip", "testlist" or "xref" or an element from another namespace
/home/runner/work/tls/tls/input/tls.xml:2082:55: error: element "f-component" not allowed here; expected the element end-tag, text, element "_", "assignable", "choice", "comment", "componentsneeded", "ctr", "depends", "endnote", "equation", "figure", "implements", "no-link", "provides", "refinement", "requires", "rule", "section", "selectables", "snip", "testlist" or "xref" or an element from another namespace
/home/runner/work/tls/tls/input/tls.xml:2101:53: error: element "p" not allowed anywhere; expected the element end-tag, text, element "_", "assignable", "choice", "comment", "componentsneeded", "ctr", "depends", "endnote", "equation", "figure", "implements", "no-link", "provides", "refinement", "requires", "rule", "selectables", "snip", "testlist" or "xref" or an element from another namespace
/home/runner/work/tls/tls/input/tls.xml:2103:53: error: element "p" not allowed anywhere; expected the element end-tag, text, element "_", "assignable", "choice", "comment", "componentsneeded", "ctr", "depends", "endnote", "equation", "figure", "implements", "no-link", "provides", "refinement", "requires", "rule", "selectables", "snip", "testlist" or "xref" or an element from another namespace
/home/runner/work/tls/tls/input/tls.xml:2108:53: error: element "p" not allowed anywhere; expected the element end-tag, text, element "_", "assignable", "choice", "comment", "componentsneeded", "ctr", "depends", "endnote", "equation", "figure", "implements", "no-link", "provides", "refinement", "requires", "rule", "selectables", "snip", "testlist" or "xref" or an element from another namespace
/home/runner/work/tls/tls/input/tls.xml:2115:60: error: element "p" not allowed anywhere; expected the element end-tag, text, element "_", "assignable", "choice", "comment", "componentsneeded", "ctr", "depends", "endnote", "equation", "figure", "implements", "no-link", "provides", "refinement", "requires", "rule", "selectables", "snip", "testlist" or "xref" or an element from another namespace
/home/runner/work/tls/tls/input/tls.xml:2120:60: error: element "p" not allowed anywhere; expected the element end-tag, text, element "_", "assignable", "choice", "comment", "componentsneeded", "ctr", "depends", "endnote", "equation", "figure", "implements", "no-link", "provides", "refinement", "requires", "rule", "selectables", "snip", "testlist" or "xref" or an element from another namespace
/home/runner/work/tls/tls/input/tls.xml:2141:41: error: element "p" not allowed anywhere; expected the element end-tag, text, element "_", "assignable", "choice", "comment", "componentsneeded", "ctr", "depends", "endnote", "equation", "evidence", "figure", "implements", "no-link", "provides", "refinement", "requires", "rule", "selectables", "snip", "steplist", "test-obj", "testlist" or "xref" or an element from another namespace
/home/runner/work/tls/tls/input/tls.xml:2147:73: error: element "p" not allowed anywhere; expected the element end-tag, text, element "_", "assignable", "choice", "comment", "componentsneeded", "ctr", "depends", "endnote", "equation", "evidence", "figure", "implements", "no-link", "provides", "refinement", "requires", "rule", "selectables", "snip", "steplist", "test-obj", "testlist" or "xref" or an element from another namespace
/home/runner/work/tls/tls/input/tls.xml:2162:55: error: element "f-component" not allowed here; expected the element end-tag, text, element "_", "assignable", "choice", "comment", "componentsneeded", "ctr", "depends", "endnote", "equation", "figure", "implements", "no-link", "provides", "refinement", "requires", "rule", "section", "selectables", "snip", "testlist" or "xref" or an element from another namespace
/home/runner/work/tls/tls/input/tls.xml:2175:60: error: element "p" not allowed anywhere; expected the element end-tag, text, element "_", "assignable", "choice", "comment", "componentsneeded", "ctr", "depends", "endnote", "equation", "figure", "implements", "no-link", "provides", "refinement", "requires", "rule", "selectables", "snip", "testlist" or "xref" or an element from another namespace
/home/runner/work/tls/tls/input/tls.xml:2184:60: error: element "p" not allowed anywhere; expected the element end-tag, text, element "_", "assignable", "choice", "comment", "componentsneeded", "ctr", "depends", "endnote", "equation", "figure", "implements", "no-link", "provides", "refinement", "requires", "rule", "selectables", "snip", "testlist" or "xref" or an element from another namespace
/home/runner/work/tls/tls/input/tls.xml:2196:42: error: element "p" not allowed anywhere; expected the element end-tag, text, element "_", "assignable", "choice", "comment", "componentsneeded", "ctr", "depends", "endnote", "equation", "evidence", "figure", "implements", "no-link", "provides", "refinement", "requires", "rule", "selectables", "snip", "steplist", "test-obj", "testlist" or "xref" or an element from another namespace
/home/runner/work/tls/tls/input/tls.xml:2211:30: error: element "p" not allowed anywhere; expected the element end-tag, text, element "_", "assignable", "choice", "comment", "componentsneeded", "ctr", "depends", "endnote", "equation", "evidence", "figure", "implements", "no-link", "provides", "refinement", "requires", "rule", "selectables", "snip", "steplist", "test-obj", "testlist" or "xref" or an element from another namespace
/home/runner/work/tls/tls/input/tls.xml:2225:53: error: element "p" not allowed anywhere; expected the element end-tag, text, element "_", "assignable", "choice", "comment", "componentsneeded", "ctr", "depends", "endnote", "equation", "figure", "implements", "no-link", "provides", "refinement", "requires", "rule", "selectables", "snip", "testlist" or "xref" or an element from another namespace
/home/runner/work/tls/tls/input/tls.xml:2227:53: error: element "p" not allowed anywhere; expected the element end-tag, text, element "_", "assignable", "choice", "comment", "componentsneeded", "ctr", "depends", "endnote", "equation", "figure", "implements", "no-link", "provides", "refinement", "requires", "rule", "selectables", "snip", "testlist" or "xref" or an element from another namespace
/home/runner/work/tls/tls/input/tls.xml:2237:82: error: element "f-component" not allowed here; expected the element end-tag, text, element "_", "assignable", "choice", "comment", "componentsneeded", "ctr", "depends", "endnote", "equation", "figure", "implements", "no-link", "provides", "refinement", "requires", "rule", "section", "selectables", "snip", "testlist" or "xref" or an element from another namespace
/home/runner/work/tls/tls/input/tls.xml:2273:53: error: element "p" not allowed anywhere; expected the element end-tag, text, element "_", "assignable", "choice", "comment", "componentsneeded", "ctr", "depends", "endnote", "equation", "figure", "implements", "no-link", "provides", "refinement", "requires", "rule", "selectables", "snip", "testlist" or "xref" or an element from another namespace
/home/runner/work/tls/tls/input/tls.xml:2275:53: error: element "p" not allowed anywhere; expected the element end-tag, text, element "_", "assignable", "choice", "comment", "componentsneeded", "ctr", "depends", "endnote", "equation", "figure", "implements", "no-link", "provides", "refinement", "requires", "rule", "selectables", "snip", "testlist" or "xref" or an element from another namespace
/home/runner/work/tls/tls/input/tls.xml:2279:53: error: element "p" not allowed anywhere; expected the element end-tag, text, element "_", "assignable", "choice", "comment", "componentsneeded", "ctr", "depends", "endnote", "equation", "figure", "implements", "no-link", "provides", "refinement", "requires", "rule", "selectables", "snip", "testlist" or "xref" or an element from another namespace
/home/runner/work/tls/tls/input/tls.xml:2281:53: error: element "p" not allowed anywhere; expected the element end-tag, text, element "_", "assignable", "choice", "comment", "componentsneeded", "ctr", "depends", "endnote", "equation", "figure", "implements", "no-link", "provides", "refinement", "requires", "rule", "selectables", "snip", "testlist" or "xref" or an element from another namespace
/home/runner/work/tls/tls/input/tls.xml:2284:53: error: element "p" not allowed anywhere; expected the element end-tag, text, element "_", "assignable", "choice", "comment", "componentsneeded", "ctr", "depends", "endnote", "equation", "figure", "implements", "no-link", "provides", "refinement", "requires", "rule", "selectables", "snip", "testlist" or "xref" or an element from another namespace
/home/runner/work/tls/tls/input/tls.xml:2292:53: error: element "p" not allowed anywhere; expected the element end-tag, text, element "_", "assignable", "choice", "comment", "componentsneeded", "ctr", "depends", "endnote", "equation", "figure", "implements", "no-link", "provides", "refinement", "requires", "rule", "selectables", "snip", "testlist" or "xref" or an element from another namespace
/home/runner/work/tls/tls/input/tls.xml:2297:60: error: element "p" not allowed anywhere; expected the element end-tag, text, element "_", "assignable", "choice", "comment", "componentsneeded", "ctr", "depends", "endnote", "equation", "figure", "implements", "no-link", "provides", "refinement", "requires", "rule", "selectables", "snip", "testlist" or "xref" or an element from another namespace
/home/runner/work/tls/tls/input/tls.xml:2302:60: error: element "p" not allowed anywhere; expected the element end-tag, text, element "_", "assignable", "choice", "comment", "componentsneeded", "ctr", "depends", "endnote", "equation", "figure", "implements", "no-link", "provides", "refinement", "requires", "rule", "selectables", "snip", "testlist" or "xref" or an element from another namespace
/home/runner/work/tls/tls/input/tls.xml:2307:60: error: element "p" not allowed anywhere; expected the element end-tag, text, element "_", "assignable", "choice", "comment", "componentsneeded", "ctr", "depends", "endnote", "equation", "figure", "implements", "no-link", "provides", "refinement", "requires", "rule", "selectables", "snip", "testlist" or "xref" or an element from another namespace
/home/runner/work/tls/tls/input/tls.xml:2309:60: error: element "p" not allowed anywhere; expected the element end-tag, text, element "_", "assignable", "choice", "comment", "componentsneeded", "ctr", "depends", "endnote", "equation", "figure", "implements", "no-link", "provides", "refinement", "requires", "rule", "selectables", "snip", "testlist" or "xref" or an element from another namespace
/home/runner/work/tls/tls/input/tls.xml:2312:60: error: element "p" not allowed anywhere; expected the element end-tag, text, element "_", "assignable", "choice", "comment", "componentsneeded", "ctr", "depends", "endnote", "equation", "figure", "implements", "no-link", "provides", "refinement", "requires", "rule", "selectables", "snip", "testlist" or "xref" or an element from another namespace
/home/runner/work/tls/tls/input/tls.xml:2361:60: error: element "p" not allowed anywhere; expected the element end-tag, text, element "_", "assignable", "choice", "comment", "componentsneeded", "ctr", "depends", "endnote", "equation", "figure", "implements", "no-link", "provides", "refinement", "requires", "rule", "selectables", "snip", "testlist" or "xref" or an element from another namespace
/home/runner/work/tls/tls/input/tls.xml:2365:60: error: element "p" not allowed anywhere; expected the element end-tag, text, element "_", "assignable", "choice", "comment", "componentsneeded", "ctr", "depends", "endnote", "equation", "figure", "implements", "no-link", "provides", "refinement", "requires", "rule", "selectables", "snip", "testlist" or "xref" or an element from another namespace
/home/runner/work/tls/tls/input/tls.xml:2366:101: error: element "p" not allowed anywhere; expected the element end-tag, text, element "_", "assignable", "choice", "comment", "componentsneeded", "ctr", "depends", "endnote", "equation", "figure", "implements", "no-link", "provides", "refinement", "requires", "rule", "selectables", "snip", "testlist" or "xref" or an element from another namespace
/home/runner/work/tls/tls/input/tls.xml:2369:60: error: element "p" not allowed anywhere; expected the element end-tag, text, element "_", "assignable", "choice", "comment", "componentsneeded", "ctr", "depends", "endnote", "equation", "figure", "implements", "no-link", "provides", "refinement", "requires", "rule", "selectables", "snip", "testlist" or "xref" or an element from another namespace
/home/runner/work/tls/tls/input/tls.xml:2375:60: error: element "p" not allowed anywhere; expected the element end-tag, text, element "_", "assignable", "choice", "comment", "componentsneeded", "ctr", "depends", "endnote", "equation", "figure", "implements", "no-link", "provides", "refinement", "requires", "rule", "selectables", "snip", "testlist" or "xref" or an element from another namespace
/home/runner/work/tls/tls/input/tls.xml:2379:60: error: element "p" not allowed anywhere; expected the element end-tag, text, element "_", "assignable", "choice", "comment", "componentsneeded", "ctr", "depends", "endnote", "equation", "figure", "implements", "no-link", "provides", "refinement", "requires", "rule", "selectables", "snip", "testlist" or "xref" or an element from another namespace
/home/runner/work/tls/tls/input/tls.xml:2382:60: error: element "p" not allowed anywhere; expected the element end-tag, text, element "_", "assignable", "choice", "comment", "componentsneeded", "ctr", "depends", "endnote", "equation", "figure", "implements", "no-link", "provides", "refinement", "requires", "rule", "selectables", "snip", "testlist" or "xref" or an element from another namespace
/home/runner/work/tls/tls/input/tls.xml:2383:101: error: element "p" not allowed anywhere; expected the element end-tag, text, element "_", "assignable", "choice", "comment", "componentsneeded", "ctr", "depends", "endnote", "equation", "figure", "implements", "no-link", "provides", "refinement", "requires", "rule", "selectables", "snip", "testlist" or "xref" or an element from another namespace
/home/runner/work/tls/tls/input/tls.xml:2390:73: error: element "p" not allowed anywhere; expected the element end-tag, text, element "_", "assignable", "choice", "comment", "componentsneeded", "ctr", "depends", "endnote", "equation", "evidence", "figure", "implements", "no-link", "provides", "refinement", "requires", "rule", "selectables", "snip", "steplist", "test-obj", "testlist" or "xref" or an element from another namespace
/home/runner/work/tls/tls/input/tls.xml:2393:30: error: element "p" not allowed anywhere; expected the element end-tag, text, element "_", "assignable", "choice", "comment", "componentsneeded", "ctr", "depends", "endnote", "equation", "evidence", "figure", "implements", "no-link", "provides", "refinement", "requires", "rule", "selectables", "snip", "steplist", "test-obj", "testlist" or "xref" or an element from another namespace
/home/runner/work/tls/tls/input/tls.xml:2396:42: error: element "p" not allowed anywhere; expected the element end-tag, text, element "_", "assignable", "choice", "comment", "componentsneeded", "ctr", "depends", "endnote", "equation", "evidence", "figure", "implements", "no-link", "provides", "refinement", "requires", "rule", "selectables", "snip", "steplist", "test-obj", "testlist" or "xref" or an element from another namespace
/home/runner/work/tls/tls/input/tls.xml:2399:34: error: element "p" not allowed anywhere; expected the element end-tag, text, element "_", "assignable", "choice", "comment", "componentsneeded", "ctr", "depends", "endnote", "equation", "evidence", "figure", "implements", "no-link", "provides", "refinement", "requires", "rule", "selectables", "snip", "steplist", "test-obj", "testlist" or "xref" or an element from another namespace
/home/runner/work/tls/tls/input/tls.xml:2400:36: error: element "p" not allowed anywhere; expected the element end-tag, text, element "_", "assignable", "choice", "comment", "componentsneeded", "ctr", "depends", "endnote", "equation", "evidence", "figure", "implements", "no-link", "provides", "refinement", "requires", "rule", "selectables", "snip", "steplist", "test-obj", "testlist" or "xref" or an element from another namespace
/home/runner/work/tls/tls/input/tls.xml:2405:103: error: element "p" not allowed anywhere; expected the element end-tag, text, element "_", "assignable", "choice", "comment", "componentsneeded", "ctr", "depends", "endnote", "equation", "evidence", "figure", "implements", "no-link", "provides", "refinement", "requires", "rule", "selectables", "snip", "steplist", "test-obj", "testlist" or "xref" or an element from another namespace
/home/runner/work/tls/tls/input/tls.xml:2407:74: error: element "p" not allowed anywhere; expected the element end-tag, text, element "_", "assignable", "choice", "comment", "componentsneeded", "ctr", "depends", "endnote", "equation", "evidence", "figure", "implements", "no-link", "provides", "refinement", "requires", "rule", "selectables", "snip", "steplist", "test-obj", "testlist" or "xref" or an element from another namespace
/home/runner/work/tls/tls/input/tls.xml:2409:30: error: element "p" not allowed anywhere; expected the element end-tag, text, element "_", "assignable", "choice", "comment", "componentsneeded", "ctr", "depends", "endnote", "equation", "evidence", "figure", "implements", "no-link", "provides", "refinement", "requires", "rule", "selectables", "snip", "steplist", "test-obj", "testlist" or "xref" or an element from another namespace
/home/runner/work/tls/tls/input/tls.xml:2409:102: error: element "p" not allowed anywhere; expected the element end-tag, text, element "_", "assignable", "choice", "comment", "componentsneeded", "ctr", "depends", "endnote", "equation", "evidence", "figure", "implements", "no-link", "provides", "refinement", "requires", "rule", "selectables", "snip", "steplist", "test-obj", "testlist" or "xref" or an element from another namespace
/home/runner/work/tls/tls/input/tls.xml:2411:40: error: element "p" not allowed anywhere; expected the element end-tag, text, element "_", "assignable", "choice", "comment", "componentsneeded", "ctr", "depends", "endnote", "equation", "evidence", "figure", "implements", "no-link", "provides", "refinement", "requires", "rule", "selectables", "snip", "steplist", "test-obj", "testlist" or "xref" or an element from another namespace
/home/runner/work/tls/tls/input/tls.xml:2443:35: error: element "p" not allowed anywhere; expected the element end-tag, text, element "_", "assignable", "choice", "comment", "componentsneeded", "ctr", "depends", "endnote", "equation", "evidence", "figure", "implements", "no-link", "provides", "refinement", "requires", "rule", "selectables", "snip", "steplist", "test-obj", "testlist" or "xref" or an element from another namespace
/home/runner/work/tls/tls/input/tls.xml:2445:105: error: element "p" not allowed anywhere; expected the element end-tag, text, element "_", "assignable", "choice", "comment", "componentsneeded", "ctr", "depends", "endnote", "equation", "evidence", "figure", "implements", "no-link", "provides", "refinement", "requires", "rule", "selectables", "snip", "steplist", "test-obj", "testlist" or "xref" or an element from another namespace
/home/runner/work/tls/tls/input/tls.xml:2513:53: error: element "p" not allowed anywhere; expected the element end-tag, text, element "_", "assignable", "choice", "comment", "componentsneeded", "ctr", "depends", "endnote", "equation", "figure", "implements", "no-link", "provides", "refinement", "requires", "rule", "selectables", "snip", "testlist" or "xref" or an element from another namespace
/home/runner/work/tls/tls/input/tls.xml:2524:53: error: element "p" not allowed anywhere; expected the element end-tag, text, element "_", "assignable", "choice", "comment", "componentsneeded", "ctr", "depends", "endnote", "equation", "figure", "implements", "no-link", "provides", "refinement", "requires", "rule", "selectables", "snip", "testlist" or "xref" or an element from another namespace
/home/runner/work/tls/tls/input/tls.xml:2528:53: error: element "p" not allowed anywhere; expected the element end-tag, text, element "_", "assignable", "choice", "comment", "componentsneeded", "ctr", "depends", "endnote", "equation", "figure", "implements", "no-link", "provides", "refinement", "requires", "rule", "selectables", "snip", "testlist" or "xref" or an element from another namespace
/home/runner/work/tls/tls/input/tls.xml:2532:53: error: element "p" not allowed anywhere; expected the element end-tag, text, element "_", "assignable", "choice", "comment", "componentsneeded", "ctr", "depends", "endnote", "equation", "figure", "implements", "no-link", "provides", "refinement", "requires", "rule", "selectables", "snip", "testlist" or "xref" or an element from another namespace
/home/runner/work/tls/tls/input/tls.xml:2548:45: error: element "ul" not allowed anywhere; expected the element end-tag, text, element "_", "assignable", "choice", "comment", "componentsneeded", "ctr", "depends", "endnote", "equation", "figure", "implements", "management-function-set", "no-link", "provides", "refinement", "requires", "rule", "selectables", "snip", "testlist" or "xref" or an element from another namespace
/home/runner/work/tls/tls/input/tls.xml:2558:53: error: element "p" not allowed anywhere; expected the element end-tag, text, element "_", "assignable", "choice", "comment", "componentsneeded", "ctr", "depends", "endnote", "equation", "figure", "implements", "no-link", "provides", "refinement", "requires", "rule", "selectables", "snip", "testlist" or "xref" or an element from another namespace
/home/runner/work/tls/tls/input/tls.xml:2566:53: error: element "p" not allowed anywhere; expected the element end-tag, text, element "_", "assignable", "choice", "comment", "componentsneeded", "ctr", "depends", "endnote", "equation", "figure", "implements", "no-link", "provides", "refinement", "requires", "rule", "selectables", "snip", "testlist" or "xref" or an element from another namespace
/home/runner/work/tls/tls/input/tls.xml:2571:53: error: element "p" not allowed anywhere; expected the element end-tag, text, element "_", "assignable", "choice", "comment", "componentsneeded", "ctr", "depends", "endnote", "equation", "figure", "implements", "no-link", "provides", "refinement", "requires", "rule", "selectables", "snip", "testlist" or "xref" or an element from another namespace
/home/runner/work/tls/tls/input/tls.xml:2580:51: error: element "ul" not allowed anywhere; expected the element end-tag, text, element "_", "assignable", "choice", "comment", "componentsneeded", "ctr", "depends", "endnote", "equation", "figure", "implements", "management-function-set", "no-link", "provides", "refinement", "requires", "rule", "selectables", "snip", "testlist" or "xref" or an element from another namespace
/home/runner/work/tls/tls/input/tls.xml:2589:78: error: element "ul" not allowed anywhere; expected the element end-tag, text, element "_", "assignable", "choice", "comment", "componentsneeded", "ctr", "depends", "endnote", "equation", "figure", "implements", "management-function-set", "no-link", "provides", "refinement", "requires", "rule", "selectables", "snip", "testlist" or "xref" or an element from another namespace
/home/runner/work/tls/tls/input/tls.xml:2600:78: error: element "ul" not allowed anywhere; expected the element end-tag, text, element "_", "assignable", "choice", "comment", "componentsneeded", "ctr", "depends", "endnote", "equation", "figure", "implements", "management-function-set", "no-link", "provides", "refinement", "requires", "rule", "selectables", "snip", "testlist" or "xref" or an element from another namespace
/home/runner/work/tls/tls/input/tls.xml:2671:60: error: element "ul" not allowed anywhere; expected the element end-tag, text, element "_", "assignable", "choice", "comment", "componentsneeded", "ctr", "depends", "endnote", "equation", "figure", "implements", "management-function-set", "no-link", "provides", "refinement", "requires", "rule", "selectables", "snip", "testlist" or "xref" or an element from another namespace
/home/runner/work/tls/tls/input/tls.xml:2677:53: error: element "p" not allowed anywhere; expected the element end-tag, text, element "_", "assignable", "choice", "comment", "componentsneeded", "ctr", "depends", "endnote", "equation", "figure", "implements", "no-link", "provides", "refinement", "requires", "rule", "selectables", "snip", "testlist" or "xref" or an element from another namespace
/home/runner/work/tls/tls/input/tls.xml:2682:53: error: element "p" not allowed anywhere; expected the element end-tag, text, element "_", "assignable", "choice", "comment", "componentsneeded", "ctr", "depends", "endnote", "equation", "figure", "implements", "no-link", "provides", "refinement", "requires", "rule", "selectables", "snip", "testlist" or "xref" or an element from another namespace
/home/runner/work/tls/tls/input/tls.xml:2686:53: error: element "p" not allowed anywhere; expected the element end-tag, text, element "_", "assignable", "choice", "comment", "componentsneeded", "ctr", "depends", "endnote", "equation", "figure", "implements", "no-link", "provides", "refinement", "requires", "rule", "selectables", "snip", "testlist" or "xref" or an element from another namespace
/home/runner/work/tls/tls/input/tls.xml:2689:53: error: element "p" not allowed anywhere; expected the element end-tag, text, element "_", "assignable", "choice", "comment", "componentsneeded", "ctr", "depends", "endnote", "equation", "figure", "implements", "no-link", "provides", "refinement", "requires", "rule", "selectables", "snip", "testlist" or "xref" or an element from another namespace
/home/runner/work/tls/tls/input/tls.xml:2692:53: error: element "p" not allowed anywhere; expected the element end-tag, text, element "_", "assignable", "choice", "comment", "componentsneeded", "ctr", "depends", "endnote", "equation", "figure", "implements", "no-link", "provides", "refinement", "requires", "rule", "selectables", "snip", "testlist" or "xref" or an element from another namespace
/home/runner/work/tls/tls/input/tls.xml:2751:53: error: element "p" not allowed anywhere; expected the element end-tag, text, element "_", "assignable", "choice", "comment", "componentsneeded", "ctr", "depends", "endnote", "equation", "figure", "implements", "no-link", "provides", "refinement", "requires", "rule", "selectables", "snip", "testlist" or "xref" or an element from another namespace
/home/runner/work/tls/tls/input/tls.xml:2763:56: error: element "br" not allowed anywhere; expected the element end-tag, text, element "_", "assignable", "choice", "comment", "componentsneeded", "ctr", "depends", "endnote", "equation", "figure", "implements", "no-link", "provides", "refinement", "requires", "rule", "selectables", "snip", "testlist" or "xref" or an element from another namespace
/home/runner/work/tls/tls/input/tls.xml:2764:56: error: element "br" not allowed anywhere; expected the element end-tag, text, element "_", "assignable", "choice", "comment", "componentsneeded", "ctr", "depends", "endnote", "equation", "figure", "implements", "no-link", "provides", "refinement", "requires", "rule", "selectables", "snip", "testlist" or "xref" or an element from another namespace
/home/runner/work/tls/tls/input/tls.xml:2765:53: error: element "p" not allowed anywhere; expected the element end-tag, text, element "_", "assignable", "choice", "comment", "componentsneeded", "ctr", "depends", "endnote", "equation", "figure", "implements", "no-link", "provides", "refinement", "requires", "rule", "selectables", "snip", "testlist" or "xref" or an element from another namespace
/home/runner/work/tls/tls/input/tls.xml:2780:53: error: element "p" not allowed anywhere; expected the element end-tag, text, element "_", "assignable", "choice", "comment", "componentsneeded", "ctr", "depends", "endnote", "equation", "figure", "implements", "no-link", "provides", "refinement", "requires", "rule", "selectables", "snip", "testlist" or "xref" or an element from another namespace
/home/runner/work/tls/tls/input/tls.xml:2785:53: error: element "p" not allowed anywhere; expected the element end-tag, text, element "_", "assignable", "choice", "comment", "componentsneeded", "ctr", "depends", "endnote", "equation", "figure", "implements", "no-link", "provides", "refinement", "requires", "rule", "selectables", "snip", "testlist" or "xref" or an element from another namespace
/home/runner/work/tls/tls/input/tls.xml:2791:53: error: element "p" not allowed anywhere; expected the element end-tag, text, element "_", "assignable", "choice", "comment", "componentsneeded", "ctr", "depends", "endnote", "equation", "figure", "implements", "no-link", "provides", "refinement", "requires", "rule", "selectables", "snip", "testlist" or "xref" or an element from another namespace
/home/runner/work/tls/tls/input/tls.xml:2814:53: error: element "p" not allowed anywhere; expected the element end-tag, text, element "_", "assignable", "choice", "comment", "componentsneeded", "ctr", "depends", "endnote", "equation", "figure", "implements", "no-link", "provides", "refinement", "requires", "rule", "selectables", "snip", "testlist" or "xref" or an element from another namespace
/home/runner/work/tls/tls/input/tls.xml:2824:53: error: element "p" not allowed anywhere; expected the element end-tag, text, element "_", "assignable", "choice", "comment", "componentsneeded", "ctr", "depends", "endnote", "equation", "figure", "implements", "no-link", "provides", "refinement", "requires", "rule", "selectables", "snip", "testlist" or "xref" or an element from another namespace
/home/runner/work/tls/tls/input/tls.xml:2827:53: error: element "p" not allowed anywhere; expected the element end-tag, text, element "_", "assignable", "choice", "comment", "componentsneeded", "ctr", "depends", "endnote", "equation", "figure", "implements", "no-link", "provides", "refinement", "requires", "rule", "selectables", "snip", "testlist" or "xref" or an element from another namespace
/home/runner/work/tls/tls/input/tls.xml:2845:55: error: element "f-component" not allowed here; expected the element end-tag, text, element "_", "assignable", "choice", "comment", "componentsneeded", "ctr", "depends", "endnote", "equation", "figure", "implements", "no-link", "provides", "refinement", "requires", "rule", "section", "selectables", "snip", "testlist" or "xref" or an element from another namespace
/home/runner/work/tls/tls/input/tls.xml:2868:53: error: element "p" not allowed anywhere; expected the element end-tag, text, element "_", "assignable", "choice", "comment", "componentsneeded", "ctr", "depends", "endnote", "equation", "figure", "implements", "no-link", "provides", "refinement", "requires", "rule", "selectables", "snip", "testlist" or "xref" or an element from another namespace
/home/runner/work/tls/tls/input/tls.xml:2870:53: error: element "p" not allowed anywhere; expected the element end-tag, text, element "_", "assignable", "choice", "comment", "componentsneeded", "ctr", "depends", "endnote", "equation", "figure", "implements", "no-link", "provides", "refinement", "requires", "rule", "selectables", "snip", "testlist" or "xref" or an element from another namespace
/home/runner/work/tls/tls/input/tls.xml:2875:53: error: element "p" not allowed anywhere; expected the element end-tag, text, element "_", "assignable", "choice", "comment", "componentsneeded", "ctr", "depends", "endnote", "equation", "figure", "implements", "no-link", "provides", "refinement", "requires", "rule", "selectables", "snip", "testlist" or "xref" or an element from another namespace
/home/runner/work/tls/tls/input/tls.xml:2891:60: error: element "p" not allowed anywhere; expected the element end-tag, text, element "_", "assignable", "choice", "comment", "componentsneeded", "ctr", "depends", "endnote", "equation", "figure", "implements", "no-link", "provides", "refinement", "requires", "rule", "selectables", "snip", "testlist" or "xref" or an element from another namespace
/home/runner/work/tls/tls/input/tls.xml:2898:60: error: element "p" not allowed anywhere; expected the element end-tag, text, element "_", "assignable", "choice", "comment", "componentsneeded", "ctr", "depends", "endnote", "equation", "figure", "implements", "no-link", "provides", "refinement", "requires", "rule", "selectables", "snip", "testlist" or "xref" or an element from another namespace
/home/runner/work/tls/tls/input/tls.xml:2928:65: error: element "p" not allowed anywhere; expected the element end-tag, text, element "_", "assignable", "choice", "comment", "componentsneeded", "ctr", "depends", "endnote", "equation", "evidence", "figure", "implements", "no-link", "provides", "refinement", "requires", "rule", "selectables", "snip", "steplist", "test-obj", "testlist" or "xref" or an element from another namespace
/home/runner/work/tls/tls/input/tls.xml:2942:94: error: element "f-component" not allowed here; expected the element end-tag, text, element "_", "assignable", "choice", "comment", "componentsneeded", "ctr", "depends", "endnote", "equation", "figure", "implements", "no-link", "provides", "refinement", "requires", "rule", "section", "selectables", "snip", "testlist" or "xref" or an element from another namespace
/home/runner/work/tls/tls/input/tls.xml:2959:53: error: element "p" not allowed anywhere; expected the element end-tag, text, element "_", "assignable", "choice", "comment", "componentsneeded", "ctr", "depends", "endnote", "equation", "figure", "implements", "no-link", "provides", "refinement", "requires", "rule", "selectables", "snip", "testlist" or "xref" or an element from another namespace
/home/runner/work/tls/tls/input/tls.xml:2961:53: error: element "p" not allowed anywhere; expected the element end-tag, text, element "_", "assignable", "choice", "comment", "componentsneeded", "ctr", "depends", "endnote", "equation", "figure", "implements", "no-link", "provides", "refinement", "requires", "rule", "selectables", "snip", "testlist" or "xref" or an element from another namespace
/home/runner/work/tls/tls/input/tls.xml:2974:60: error: element "p" not allowed anywhere; expected the element end-tag, text, element "_", "assignable", "choice", "comment", "componentsneeded", "ctr", "depends", "endnote", "equation", "figure", "implements", "no-link", "provides", "refinement", "requires", "rule", "selectables", "snip", "testlist" or "xref" or an element from another namespace
/home/runner/work/tls/tls/input/tls.xml:2984:60: error: element "p" not allowed anywhere; expected the element end-tag, text, element "_", "assignable", "choice", "comment", "componentsneeded", "ctr", "depends", "endnote", "equation", "figure", "implements", "no-link", "provides", "refinement", "requires", "rule", "selectables", "snip", "testlist" or "xref" or an element from another namespace
/home/runner/work/tls/tls/input/tls.xml:2995:89: error: element "p" not allowed anywhere; expected the element end-tag, text, element "_", "assignable", "choice", "comment", "componentsneeded", "ctr", "depends", "endnote", "equation", "evidence", "figure", "implements", "no-link", "provides", "refinement", "requires", "rule", "selectables", "snip", "steplist", "test-obj", "testlist" or "xref" or an element from another namespace
/home/runner/work/tls/tls/input/tls.xml:3007:77: error: element "p" not allowed anywhere; expected the element end-tag, text, element "_", "assignable", "choice", "comment", "componentsneeded", "ctr", "depends", "endnote", "equation", "evidence", "figure", "implements", "no-link", "provides", "refinement", "requires", "rule", "selectables", "snip", "steplist", "test-obj", "testlist" or "xref" or an element from another namespace
/home/runner/work/tls/tls/input/tls.xml:3010:45: error: element "p" not allowed anywhere; expected the element end-tag, text, element "_", "assignable", "choice", "comment", "componentsneeded", "ctr", "depends", "endnote", "equation", "evidence", "figure", "implements", "no-link", "provides", "refinement", "requires", "rule", "selectables", "snip", "steplist", "test-obj", "testlist" or "xref" or an element from another namespace
/home/runner/work/tls/tls/input/tls.xml:3013:126: error: element "p" not allowed anywhere; expected the element end-tag, text, element "_", "assignable", "choice", "comment", "componentsneeded", "ctr", "depends", "endnote", "equation", "evidence", "figure", "implements", "no-link", "provides", "refinement", "requires", "rule", "selectables", "snip", "steplist", "test-obj", "testlist" or "xref" or an element from another namespace
/home/runner/work/tls/tls/input/tls.xml:3025:99: error: element "f-component" not allowed here; expected the element end-tag, text, element "_", "assignable", "choice", "comment", "componentsneeded", "ctr", "depends", "endnote", "equation", "figure", "implements", "no-link", "provides", "refinement", "requires", "rule", "section", "selectables", "snip", "testlist" or "xref" or an element from another namespace
/home/runner/work/tls/tls/input/tls.xml:3051:53: error: element "p" not allowed anywhere; expected the element end-tag, text, element "_", "assignable", "choice", "comment", "componentsneeded", "ctr", "depends", "endnote", "equation", "figure", "implements", "no-link", "provides", "refinement", "requires", "rule", "selectables", "snip", "testlist" or "xref" or an element from another namespace
/home/runner/work/tls/tls/input/tls.xml:3053:53: error: element "p" not allowed anywhere; expected the element end-tag, text, element "_", "assignable", "choice", "comment", "componentsneeded", "ctr", "depends", "endnote", "equation", "figure", "implements", "no-link", "provides", "refinement", "requires", "rule", "selectables", "snip", "testlist" or "xref" or an element from another namespace
/home/runner/work/tls/tls/input/tls.xml:3054:53: error: element "p" not allowed anywhere; expected the element end-tag, text, element "_", "assignable", "choice", "comment", "componentsneeded", "ctr", "depends", "endnote", "equation", "figure", "implements", "no-link", "provides", "refinement", "requires", "rule", "selectables", "snip", "testlist" or "xref" or an element from another namespace
/home/runner/work/tls/tls/input/tls.xml:3058:53: error: element "p" not allowed anywhere; expected the element end-tag, text, element "_", "assignable", "choice", "comment", "componentsneeded", "ctr", "depends", "endnote", "equation", "figure", "implements", "no-link", "provides", "refinement", "requires", "rule", "selectables", "snip", "testlist" or "xref" or an element from another namespace
/home/runner/work/tls/tls/input/tls.xml:3061:53: error: element "p" not allowed anywhere; expected the element end-tag, text, element "_", "assignable", "choice", "comment", "componentsneeded", "ctr", "depends", "endnote", "equation", "figure", "implements", "no-link", "provides", "refinement", "requires", "rule", "selectables", "snip", "testlist" or "xref" or an element from another namespace
/home/runner/work/tls/tls/input/tls.xml:3065:53: error: element "p" not allowed anywhere; expected the element end-tag, text, element "_", "assignable", "choice", "comment", "componentsneeded", "ctr", "depends", "endnote", "equation", "figure", "implements", "no-link", "provides", "refinement", "requires", "rule", "selectables", "snip", "testlist" or "xref" or an element from another namespace
/home/runner/work/tls/tls/input/tls.xml:3075:53: error: element "p" not allowed anywhere; expected the element end-tag, text, element "_", "assignable", "choice", "comment", "componentsneeded", "ctr", "depends", "endnote", "equation", "figure", "implements", "no-link", "provides", "refinement", "requires", "rule", "selectables", "snip", "testlist" or "xref" or an element from another namespace
/home/runner/work/tls/tls/input/tls.xml:3083:60: error: element "p" not allowed anywhere; expected the element end-tag, text, element "_", "assignable", "choice", "comment", "componentsneeded", "ctr", "depends", "endnote", "equation", "figure", "implements", "no-link", "provides", "refinement", "requires", "rule", "selectables", "snip", "testlist" or "xref" or an element from another namespace
/home/runner/work/tls/tls/input/tls.xml:3089:60: error: element "p" not allowed anywhere; expected the element end-tag, text, element "_", "assignable", "choice", "comment", "componentsneeded", "ctr", "depends", "endnote", "equation", "figure", "implements", "no-link", "provides", "refinement", "requires", "rule", "selectables", "snip", "testlist" or "xref" or an element from another namespace
/home/runner/work/tls/tls/input/tls.xml:3110:55: error: element "f-component" not allowed here; expected the element end-tag, text, element "_", "assignable", "choice", "comment", "componentsneeded", "ctr", "depends", "endnote", "equation", "figure", "implements", "no-link", "provides", "refinement", "requires", "rule", "section", "selectables", "snip", "testlist" or "xref" or an element from another namespace
/home/runner/work/tls/tls/input/tls.xml:3129:53: error: element "p" not allowed anywhere; expected the element end-tag, text, element "_", "assignable", "choice", "comment", "componentsneeded", "ctr", "depends", "endnote", "equation", "figure", "implements", "no-link", "provides", "refinement", "requires", "rule", "selectables", "snip", "testlist" or "xref" or an element from another namespace
/home/runner/work/tls/tls/input/tls.xml:3131:53: error: element "p" not allowed anywhere; expected the element end-tag, text, element "_", "assignable", "choice", "comment", "componentsneeded", "ctr", "depends", "endnote", "equation", "figure", "implements", "no-link", "provides", "refinement", "requires", "rule", "selectables", "snip", "testlist" or "xref" or an element from another namespace
/home/runner/work/tls/tls/input/tls.xml:3137:53: error: element "p" not allowed anywhere; expected the element end-tag, text, element "_", "assignable", "choice", "comment", "componentsneeded", "ctr", "depends", "endnote", "equation", "figure", "implements", "no-link", "provides", "refinement", "requires", "rule", "selectables", "snip", "testlist" or "xref" or an element from another namespace
/home/runner/work/tls/tls/input/tls.xml:3144:60: error: element "p" not allowed anywhere; expected the element end-tag, text, element "_", "assignable", "choice", "comment", "componentsneeded", "ctr", "depends", "endnote", "equation", "figure", "implements", "no-link", "provides", "refinement", "requires", "rule", "selectables", "snip", "testlist" or "xref" or an element from another namespace
/home/runner/work/tls/tls/input/tls.xml:3149:60: error: element "p" not allowed anywhere; expected the element end-tag, text, element "_", "assignable", "choice", "comment", "componentsneeded", "ctr", "depends", "endnote", "equation", "figure", "implements", "no-link", "provides", "refinement", "requires", "rule", "selectables", "snip", "testlist" or "xref" or an element from another namespace
/home/runner/work/tls/tls/input/tls.xml:3162:87: error: element "p" not allowed anywhere; expected the element end-tag, text, element "_", "assignable", "choice", "comment", "componentsneeded", "ctr", "depends", "endnote", "equation", "evidence", "figure", "implements", "no-link", "provides", "refinement", "requires", "rule", "selectables", "snip", "steplist", "test-obj", "testlist" or "xref" or an element from another namespace
/home/runner/work/tls/tls/input/tls.xml:3171:41: error: element "p" not allowed anywhere; expected the element end-tag, text, element "_", "assignable", "choice", "comment", "componentsneeded", "ctr", "depends", "endnote", "equation", "evidence", "figure", "implements", "no-link", "provides", "refinement", "requires", "rule", "selectables", "snip", "steplist", "test-obj", "testlist" or "xref" or an element from another namespace
/home/runner/work/tls/tls/input/tls.xml:3184:55: error: element "f-component" not allowed here; expected the element end-tag, text, element "_", "assignable", "choice", "comment", "componentsneeded", "ctr", "depends", "endnote", "equation", "figure", "implements", "no-link", "provides", "refinement", "requires", "rule", "section", "selectables", "snip", "testlist" or "xref" or an element from another namespace
/home/runner/work/tls/tls/input/tls.xml:3197:60: error: element "p" not allowed anywhere; expected the element end-tag, text, element "_", "assignable", "choice", "comment", "componentsneeded", "ctr", "depends", "endnote", "equation", "figure", "implements", "no-link", "provides", "refinement", "requires", "rule", "selectables", "snip", "testlist" or "xref" or an element from another namespace
/home/runner/work/tls/tls/input/tls.xml:3205:60: error: element "p" not allowed anywhere; expected the element end-tag, text, element "_", "assignable", "choice", "comment", "componentsneeded", "ctr", "depends", "endnote", "equation", "figure", "implements", "no-link", "provides", "refinement", "requires", "rule", "selectables", "snip", "testlist" or "xref" or an element from another namespace
/home/runner/work/tls/tls/input/tls.xml:3219:38: error: element "p" not allowed anywhere; expected the element end-tag, text, element "_", "assignable", "choice", "comment", "componentsneeded", "ctr", "depends", "endnote", "equation", "evidence", "figure", "implements", "no-link", "provides", "refinement", "requires", "rule", "selectables", "snip", "test-obj", "testlist" or "xref" or an element from another namespace
/home/runner/work/tls/tls/input/tls.xml:3227:53: error: element "p" not allowed anywhere; expected the element end-tag, text, element "_", "assignable", "choice", "comment", "componentsneeded", "ctr", "depends", "endnote", "equation", "figure", "implements", "no-link", "provides", "refinement", "requires", "rule", "selectables", "snip", "testlist" or "xref" or an element from another namespace
/home/runner/work/tls/tls/input/tls.xml:3229:53: error: element "p" not allowed anywhere; expected the element end-tag, text, element "_", "assignable", "choice", "comment", "componentsneeded", "ctr", "depends", "endnote", "equation", "figure", "implements", "no-link", "provides", "refinement", "requires", "rule", "selectables", "snip", "testlist" or "xref" or an element from another namespace
/home/runner/work/tls/tls/input/tls.xml:3240:82: error: element "f-component" not allowed here; expected the element end-tag, text, element "_", "assignable", "choice", "comment", "componentsneeded", "ctr", "depends", "endnote", "equation", "figure", "implements", "no-link", "provides", "refinement", "requires", "rule", "section", "selectables", "snip", "testlist" or "xref" or an element from another namespace
/home/runner/work/tls/tls/input/tls.xml:3276:53: error: element "p" not allowed anywhere; expected the element end-tag, text, element "_", "assignable", "choice", "comment", "componentsneeded", "ctr", "depends", "endnote", "equation", "figure", "implements", "no-link", "provides", "refinement", "requires", "rule", "selectables", "snip", "testlist" or "xref" or an element from another namespace
/home/runner/work/tls/tls/input/tls.xml:3278:53: error: element "p" not allowed anywhere; expected the element end-tag, text, element "_", "assignable", "choice", "comment", "componentsneeded", "ctr", "depends", "endnote", "equation", "figure", "implements", "no-link", "provides", "refinement", "requires", "rule", "selectables", "snip", "testlist" or "xref" or an element from another namespace
/home/runner/work/tls/tls/input/tls.xml:3280:53: error: element "p" not allowed anywhere; expected the element end-tag, text, element "_", "assignable", "choice", "comment", "componentsneeded", "ctr", "depends", "endnote", "equation", "figure", "implements", "no-link", "provides", "refinement", "requires", "rule", "selectables", "snip", "testlist" or "xref" or an element from another namespace
/home/runner/work/tls/tls/input/tls.xml:3284:53: error: element "p" not allowed anywhere; expected the element end-tag, text, element "_", "assignable", "choice", "comment", "componentsneeded", "ctr", "depends", "endnote", "equation", "figure", "implements", "no-link", "provides", "refinement", "requires", "rule", "selectables", "snip", "testlist" or "xref" or an element from another namespace
/home/runner/work/tls/tls/input/tls.xml:3287:53: error: element "p" not allowed anywhere; expected the element end-tag, text, element "_", "assignable", "choice", "comment", "componentsneeded", "ctr", "depends", "endnote", "equation", "figure", "implements", "no-link", "provides", "refinement", "requires", "rule", "selectables", "snip", "testlist" or "xref" or an element from another namespace
/home/runner/work/tls/tls/input/tls.xml:3292:53: error: element "p" not allowed anywhere; expected the element end-tag, text, element "_", "assignable", "choice", "comment", "componentsneeded", "ctr", "depends", "endnote", "equation", "figure", "implements", "no-link", "provides", "refinement", "requires", "rule", "selectables", "snip", "testlist" or "xref" or an element from another namespace
/home/runner/work/tls/tls/input/tls.xml:3297:60: error: element "p" not allowed anywhere; expected the element end-tag, text, element "_", "assignable", "choice", "comment", "componentsneeded", "ctr", "depends", "endnote", "equation", "figure", "implements", "no-link", "provides", "refinement", "requires", "rule", "selectables", "snip", "testlist" or "xref" or an element from another namespace
/home/runner/work/tls/tls/input/tls.xml:3302:60: error: element "p" not allowed anywhere; expected the element end-tag, text, element "_", "assignable", "choice", "comment", "componentsneeded", "ctr", "depends", "endnote", "equation", "figure", "implements", "no-link", "provides", "refinement", "requires", "rule", "selectables", "snip", "testlist" or "xref" or an element from another namespace
/home/runner/work/tls/tls/input/tls.xml:3307:60: error: element "p" not allowed anywhere; expected the element end-tag, text, element "_", "assignable", "choice", "comment", "componentsneeded", "ctr", "depends", "endnote", "equation", "figure", "implements", "no-link", "provides", "refinement", "requires", "rule", "selectables", "snip", "testlist" or "xref" or an element from another namespace
/home/runner/work/tls/tls/input/tls.xml:3309:60: error: element "p" not allowed anywhere; expected the element end-tag, text, element "_", "assignable", "choice", "comment", "componentsneeded", "ctr", "depends", "endnote", "equation", "figure", "implements", "no-link", "provides", "refinement", "requires", "rule", "selectables", "snip", "testlist" or "xref" or an element from another namespace
/home/runner/work/tls/tls/input/tls.xml:3314:60: error: element "p" not allowed anywhere; expected the element end-tag, text, element "_", "assignable", "choice", "comment", "componentsneeded", "ctr", "depends", "endnote", "equation", "figure", "implements", "no-link", "provides", "refinement", "requires", "rule", "selectables", "snip", "testlist" or "xref" or an element from another namespace
/home/runner/work/tls/tls/input/tls.xml:3319:60: error: element "p" not allowed anywhere; expected the element end-tag, text, element "_", "assignable", "choice", "comment", "componentsneeded", "ctr", "depends", "endnote", "equation", "figure", "implements", "no-link", "provides", "refinement", "requires", "rule", "selectables", "snip", "testlist" or "xref" or an element from another namespace
/home/runner/work/tls/tls/input/tls.xml:3326:34: error: element "p" not allowed anywhere; expected the element end-tag, text, element "_", "assignable", "choice", "comment", "componentsneeded", "ctr", "depends", "endnote", "equation", "evidence", "figure", "implements", "no-link", "provides", "refinement", "requires", "rule", "selectables", "snip", "steplist", "test-obj", "testlist" or "xref" or an element from another namespace
/home/runner/work/tls/tls/input/tls.xml:3327:133: error: element "p" not allowed anywhere; expected the element end-tag, text, element "_", "assignable", "choice", "comment", "componentsneeded", "ctr", "depends", "endnote", "equation", "evidence", "figure", "implements", "no-link", "provides", "refinement", "requires", "rule", "selectables", "snip", "steplist", "test-obj", "testlist" or "xref" or an element from another namespace
/home/runner/work/tls/tls/input/tls.xml:3329:40: error: element "p" not allowed anywhere; expected the element end-tag, text, element "_", "assignable", "choice", "comment", "componentsneeded", "ctr", "depends", "endnote", "equation", "evidence", "figure", "implements", "no-link", "provides", "refinement", "requires", "rule", "selectables", "snip", "steplist", "test-obj", "testlist" or "xref" or an element from another namespace
/home/runner/work/tls/tls/input/tls.xml:3333:35: error: element "p" not allowed anywhere; expected the element end-tag, text, element "_", "assignable", "choice", "comment", "componentsneeded", "ctr", "depends", "endnote", "equation", "evidence", "figure", "implements", "no-link", "provides", "refinement", "requires", "rule", "selectables", "snip", "steplist", "test-obj", "testlist" or "xref" or an element from another namespace
/home/runner/work/tls/tls/input/tls.xml:3335:105: error: element "p" not allowed anywhere; expected the element end-tag, text, element "_", "assignable", "choice", "comment", "componentsneeded", "ctr", "depends", "endnote", "equation", "evidence", "figure", "implements", "no-link", "provides", "refinement", "requires", "rule", "selectables", "snip", "steplist", "test-obj", "testlist" or "xref" or an element from another namespace
/home/runner/work/tls/tls/input/tls.xml:3412:53: error: element "p" not allowed anywhere; expected the element end-tag, text, element "_", "assignable", "choice", "comment", "componentsneeded", "ctr", "depends", "endnote", "equation", "figure", "implements", "no-link", "provides", "refinement", "requires", "rule", "selectables", "snip", "testlist" or "xref" or an element from another namespace
/home/runner/work/tls/tls/input/tls.xml:3419:53: error: element "p" not allowed anywhere; expected the element end-tag, text, element "_", "assignable", "choice", "comment", "componentsneeded", "ctr", "depends", "endnote", "equation", "figure", "implements", "no-link", "provides", "refinement", "requires", "rule", "selectables", "snip", "testlist" or "xref" or an element from another namespace
/home/runner/work/tls/tls/input/tls.xml:3424:53: error: element "p" not allowed anywhere; expected the element end-tag, text, element "_", "assignable", "choice", "comment", "componentsneeded", "ctr", "depends", "endnote", "equation", "figure", "implements", "no-link", "provides", "refinement", "requires", "rule", "selectables", "snip", "testlist" or "xref" or an element from another namespace
/home/runner/work/tls/tls/input/tls.xml:3428:53: error: element "p" not allowed anywhere; expected the element end-tag, text, element "_", "assignable", "choice", "comment", "componentsneeded", "ctr", "depends", "endnote", "equation", "figure", "implements", "no-link", "provides", "refinement", "requires", "rule", "selectables", "snip", "testlist" or "xref" or an element from another namespace
/home/runner/work/tls/tls/input/tls.xml:3440:53: error: element "p" not allowed anywhere; expected the element end-tag, text, element "_", "assignable", "choice", "comment", "componentsneeded", "ctr", "depends", "endnote", "equation", "figure", "implements", "no-link", "provides", "refinement", "requires", "rule", "selectables", "snip", "testlist" or "xref" or an element from another namespace
/home/runner/work/tls/tls/input/tls.xml:3446:53: error: element "p" not allowed anywhere; expected the element end-tag, text, element "_", "assignable", "choice", "comment", "componentsneeded", "ctr", "depends", "endnote", "equation", "figure", "implements", "no-link", "provides", "refinement", "requires", "rule", "selectables", "snip", "testlist" or "xref" or an element from another namespace
/home/runner/work/tls/tls/input/tls.xml:3449:53: error: element "p" not allowed anywhere; expected the element end-tag, text, element "_", "assignable", "choice", "comment", "componentsneeded", "ctr", "depends", "endnote", "equation", "figure", "implements", "no-link", "provides", "refinement", "requires", "rule", "selectables", "snip", "testlist" or "xref" or an element from another namespace
/home/runner/work/tls/tls/input/tls.xml:3457:51: error: element "ul" not allowed anywhere; expected the element end-tag, text, element "_", "assignable", "choice", "comment", "componentsneeded", "ctr", "depends", "endnote", "equation", "figure", "implements", "management-function-set", "no-link", "provides", "refinement", "requires", "rule", "selectables", "snip", "testlist" or "xref" or an element from another namespace
/home/runner/work/tls/tls/input/tls.xml:3466:78: error: element "ul" not allowed anywhere; expected the element end-tag, text, element "_", "assignable", "choice", "comment", "componentsneeded", "ctr", "depends", "endnote", "equation", "figure", "implements", "management-function-set", "no-link", "provides", "refinement", "requires", "rule", "selectables", "snip", "testlist" or "xref" or an element from another namespace
/home/runner/work/tls/tls/input/tls.xml:3477:78: error: element "ul" not allowed anywhere; expected the element end-tag, text, element "_", "assignable", "choice", "comment", "componentsneeded", "ctr", "depends", "endnote", "equation", "figure", "implements", "management-function-set", "no-link", "provides", "refinement", "requires", "rule", "selectables", "snip", "testlist" or "xref" or an element from another namespace
/home/runner/work/tls/tls/input/tls.xml:3547:53: error: element "p" not allowed anywhere; expected the element end-tag, text, element "_", "assignable", "choice", "comment", "componentsneeded", "ctr", "depends", "endnote", "equation", "figure", "implements", "no-link", "provides", "refinement", "requires", "rule", "selectables", "snip", "testlist" or "xref" or an element from another namespace
/home/runner/work/tls/tls/input/tls.xml:3552:53: error: element "p" not allowed anywhere; expected the element end-tag, text, element "_", "assignable", "choice", "comment", "componentsneeded", "ctr", "depends", "endnote", "equation", "figure", "implements", "no-link", "provides", "refinement", "requires", "rule", "selectables", "snip", "testlist" or "xref" or an element from another namespace
/home/runner/work/tls/tls/input/tls.xml:3556:53: error: element "p" not allowed anywhere; expected the element end-tag, text, element "_", "assignable", "choice", "comment", "componentsneeded", "ctr", "depends", "endnote", "equation", "figure", "implements", "no-link", "provides", "refinement", "requires", "rule", "selectables", "snip", "testlist" or "xref" or an element from another namespace
/home/runner/work/tls/tls/input/tls.xml:3559:53: error: element "p" not allowed anywhere; expected the element end-tag, text, element "_", "assignable", "choice", "comment", "componentsneeded", "ctr", "depends", "endnote", "equation", "figure", "implements", "no-link", "provides", "refinement", "requires", "rule", "selectables", "snip", "testlist" or "xref" or an element from another namespace
/home/runner/work/tls/tls/input/tls.xml:3564:53: error: element "p" not allowed anywhere; expected the element end-tag, text, element "_", "assignable", "choice", "comment", "componentsneeded", "ctr", "depends", "endnote", "equation", "figure", "implements", "no-link", "provides", "refinement", "requires", "rule", "selectables", "snip", "testlist" or "xref" or an element from another namespace
/home/runner/work/tls/tls/input/tls.xml:3628:53: error: element "p" not allowed anywhere; expected the element end-tag, text, element "_", "assignable", "choice", "comment", "componentsneeded", "ctr", "depends", "endnote", "equation", "figure", "implements", "no-link", "provides", "refinement", "requires", "rule", "selectables", "snip", "testlist" or "xref" or an element from another namespace
/home/runner/work/tls/tls/input/tls.xml:3630:53: error: element "p" not allowed anywhere; expected the element end-tag, text, element "_", "assignable", "choice", "comment", "componentsneeded", "ctr", "depends", "endnote", "equation", "figure", "implements", "no-link", "provides", "refinement", "requires", "rule", "selectables", "snip", "testlist" or "xref" or an element from another namespace
/home/runner/work/tls/tls/input/tls.xml:3634:53: error: element "p" not allowed anywhere; expected the element end-tag, text, element "_", "assignable", "choice", "comment", "componentsneeded", "ctr", "depends", "endnote", "equation", "figure", "implements", "no-link", "provides", "refinement", "requires", "rule", "selectables", "snip", "testlist" or "xref" or an element from another namespace
/home/runner/work/tls/tls/input/tls.xml:3637:53: error: element "p" not allowed anywhere; expected the element end-tag, text, element "_", "assignable", "choice", "comment", "componentsneeded", "ctr", "depends", "endnote", "equation", "figure", "implements", "no-link", "provides", "refinement", "requires", "rule", "selectables", "snip", "testlist" or "xref" or an element from another namespace
/home/runner/work/tls/tls/input/tls.xml:3642:53: error: element "p" not allowed anywhere; expected the element end-tag, text, element "_", "assignable", "choice", "comment", "componentsneeded", "ctr", "depends", "endnote", "equation", "figure", "implements", "no-link", "provides", "refinement", "requires", "rule", "selectables", "snip", "testlist" or "xref" or an element from another namespace
/home/runner/work/tls/tls/input/tls.xml:3654:55: error: element "f-component" not allowed here; expected the element end-tag, text, element "_", "assignable", "choice", "comment", "componentsneeded", "ctr", "depends", "endnote", "equation", "figure", "implements", "no-link", "provides", "refinement", "requires", "rule", "section", "selectables", "snip", "testlist" or "xref" or an element from another namespace
/home/runner/work/tls/tls/input/tls.xml:3676:53: error: element "p" not allowed anywhere; expected the element end-tag, text, element "_", "assignable", "choice", "comment", "componentsneeded", "ctr", "depends", "endnote", "equation", "figure", "implements", "no-link", "provides", "refinement", "requires", "rule", "selectables", "snip", "testlist" or "xref" or an element from another namespace
/home/runner/work/tls/tls/input/tls.xml:3678:53: error: element "p" not allowed anywhere; expected the element end-tag, text, element "_", "assignable", "choice", "comment", "componentsneeded", "ctr", "depends", "endnote", "equation", "figure", "implements", "no-link", "provides", "refinement", "requires", "rule", "selectables", "snip", "testlist" or "xref" or an element from another namespace
/home/runner/work/tls/tls/input/tls.xml:3688:60: error: element "p" not allowed anywhere; expected the element end-tag, text, element "_", "assignable", "choice", "comment", "componentsneeded", "ctr", "depends", "endnote", "equation", "figure", "implements", "no-link", "provides", "refinement", "requires", "rule", "selectables", "snip", "testlist" or "xref" or an element from another namespace
/home/runner/work/tls/tls/input/tls.xml:3695:60: error: element "p" not allowed anywhere; expected the element end-tag, text, element "_", "assignable", "choice", "comment", "componentsneeded", "ctr", "depends", "endnote", "equation", "figure", "implements", "no-link", "provides", "refinement", "requires", "rule", "selectables", "snip", "testlist" or "xref" or an element from another namespace
/home/runner/work/tls/tls/input/tls.xml:3697:112: error: element "p" not allowed anywhere; expected the element end-tag, text, element "_", "assignable", "choice", "comment", "componentsneeded", "ctr", "depends", "endnote", "equation", "figure", "implements", "no-link", "provides", "refinement", "requires", "rule", "selectables", "snip", "testlist" or "xref" or an element from another namespace
/home/runner/work/tls/tls/input/tls.xml:3702:60: error: element "p" not allowed anywhere; expected the element end-tag, text, element "_", "assignable", "choice", "comment", "componentsneeded", "ctr", "depends", "endnote", "equation", "figure", "implements", "no-link", "provides", "refinement", "requires", "rule", "selectables", "snip", "testlist" or "xref" or an element from another namespace
/home/runner/work/tls/tls/input/tls.xml:3720:24: error: element "p" not allowed anywhere; expected the element end-tag, text, element "_", "assignable", "choice", "comment", "componentsneeded", "ctr", "depends", "endnote", "equation", "evidence", "figure", "implements", "no-link", "provides", "refinement", "requires", "rule", "selectables", "snip", "steplist", "test-obj", "testlist" or "xref" or an element from another namespace
/home/runner/work/tls/tls/input/tls.xml:3734:66: error: element "ul" not allowed anywhere; expected the element end-tag, text, element "_", "assignable", "choice", "comment", "componentsneeded", "ctr", "depends", "endnote", "equation", "evidence", "figure", "implements", "no-link", "provides", "refinement", "requires", "rule", "selectables", "snip", "steplist", "test-obj", "testlist" or "xref" or an element from another namespace
/home/runner/work/tls/tls/input/tls.xml:3786:79: error: element "p" not allowed anywhere; expected the element end-tag, text, element "_", "assignable", "choice", "comment", "componentsneeded", "ctr", "depends", "endnote", "equation", "evidence", "figure", "implements", "no-link", "provides", "refinement", "requires", "rule", "selectables", "snip", "steplist", "test-obj", "testlist" or "xref" or an element from another namespace
/home/runner/work/tls/tls/input/tls.xml:3789:86: error: element "p" not allowed anywhere; expected the element end-tag, text, element "_", "assignable", "choice", "comment", "componentsneeded", "ctr", "depends", "endnote", "equation", "evidence", "figure", "implements", "no-link", "provides", "refinement", "requires", "rule", "selectables", "snip", "steplist", "test-obj", "testlist" or "xref" or an element from another namespace
/home/runner/work/tls/tls/input/tls.xml:3797:63: error: element "p" not allowed anywhere; expected the element end-tag, text, element "_", "assignable", "choice", "comment", "componentsneeded", "ctr", "depends", "endnote", "equation", "evidence", "figure", "implements", "no-link", "provides", "refinement", "requires", "rule", "selectables", "snip", "steplist", "test-obj", "testlist" or "xref" or an element from another namespace
/home/runner/work/tls/tls/input/tls.xml:3873:53: error: element "p" not allowed anywhere; expected the element end-tag, text, element "_", "assignable", "choice", "comment", "componentsneeded", "ctr", "depends", "endnote", "equation", "figure", "implements", "no-link", "provides", "refinement", "requires", "rule", "selectables", "snip", "testlist" or "xref" or an element from another namespace
/home/runner/work/tls/tls/input/tls.xml:3880:53: error: element "p" not allowed anywhere; expected the element end-tag, text, element "_", "assignable", "choice", "comment", "componentsneeded", "ctr", "depends", "endnote", "equation", "figure", "implements", "no-link", "provides", "refinement", "requires", "rule", "selectables", "snip", "testlist" or "xref" or an element from another namespace
/home/runner/work/tls/tls/input/tls.xml:3889:53: error: element "p" not allowed anywhere; expected the element end-tag, text, element "_", "assignable", "choice", "comment", "componentsneeded", "ctr", "depends", "endnote", "equation", "figure", "implements", "no-link", "provides", "refinement", "requires", "rule", "selectables", "snip", "testlist" or "xref" or an element from another namespace
/home/runner/work/tls/tls/input/tls.xml:3979:53: error: element "p" not allowed anywhere; expected the element end-tag, text, element "_", "assignable", "choice", "comment", "componentsneeded", "ctr", "depends", "endnote", "equation", "figure", "implements", "no-link", "provides", "refinement", "requires", "rule", "selectables", "snip", "testlist" or "xref" or an element from another namespace
/home/runner/work/tls/tls/input/tls.xml:3992:53: error: element "p" not allowed anywhere; expected the element end-tag, text, element "_", "assignable", "choice", "comment", "componentsneeded", "ctr", "depends", "endnote", "equation", "figure", "implements", "no-link", "provides", "refinement", "requires", "rule", "selectables", "snip", "testlist" or "xref" or an element from another namespace
/home/runner/work/tls/tls/input/tls.xml:4003:94: error: element "f-component" not allowed here; expected the element end-tag, text, element "_", "assignable", "choice", "comment", "componentsneeded", "ctr", "depends", "endnote", "equation", "figure", "implements", "no-link", "provides", "refinement", "requires", "rule", "section", "selectables", "snip", "testlist" or "xref" or an element from another namespace
/home/runner/work/tls/tls/input/tls.xml:4015:53: error: element "p" not allowed anywhere; expected the element end-tag, text, element "_", "assignable", "choice", "comment", "componentsneeded", "ctr", "depends", "endnote", "equation", "figure", "implements", "no-link", "provides", "refinement", "requires", "rule", "selectables", "snip", "testlist" or "xref" or an element from another namespace
/home/runner/work/tls/tls/input/tls.xml:4017:53: error: element "p" not allowed anywhere; expected the element end-tag, text, element "_", "assignable", "choice", "comment", "componentsneeded", "ctr", "depends", "endnote", "equation", "figure", "implements", "no-link", "provides", "refinement", "requires", "rule", "selectables", "snip", "testlist" or "xref" or an element from another namespace
/home/runner/work/tls/tls/input/tls.xml:4024:60: error: element "p" not allowed anywhere; expected the element end-tag, text, element "_", "assignable", "choice", "comment", "componentsneeded", "ctr", "depends", "endnote", "equation", "figure", "implements", "no-link", "provides", "refinement", "requires", "rule", "selectables", "snip", "testlist" or "xref" or an element from another namespace
/home/runner/work/tls/tls/input/tls.xml:4029:60: error: element "p" not allowed anywhere; expected the element end-tag, text, element "_", "assignable", "choice", "comment", "componentsneeded", "ctr", "depends", "endnote", "equation", "figure", "implements", "no-link", "provides", "refinement", "requires", "rule", "selectables", "snip", "testlist" or "xref" or an element from another namespace
/home/runner/work/tls/tls/input/tls.xml:4045:99: error: element "f-component" not allowed here; expected the element end-tag, text, element "_", "assignable", "choice", "comment", "componentsneeded", "ctr", "depends", "endnote", "equation", "figure", "implements", "no-link", "provides", "refinement", "requires", "rule", "section", "selectables", "snip", "testlist" or "xref" or an element from another namespace
/home/runner/work/tls/tls/input/tls.xml:4063:60: error: element "p" not allowed anywhere; expected the element end-tag, text, element "_", "assignable", "choice", "comment", "componentsneeded", "ctr", "depends", "endnote", "equation", "figure", "implements", "no-link", "provides", "refinement", "requires", "rule", "selectables", "snip", "testlist" or "xref" or an element from another namespace
/home/runner/work/tls/tls/input/tls.xml:4068:60: error: element "p" not allowed anywhere; expected the element end-tag, text, element "_", "assignable", "choice", "comment", "componentsneeded", "ctr", "depends", "endnote", "equation", "figure", "implements", "no-link", "provides", "refinement", "requires", "rule", "selectables", "snip", "testlist" or "xref" or an element from another namespace
/home/runner/work/tls/tls/input/tls.xml:4112:53: error: element "p" not allowed anywhere; expected the element end-tag, text, element "_", "assignable", "choice", "comment", "componentsneeded", "ctr", "depends", "endnote", "equation", "figure", "implements", "no-link", "provides", "refinement", "requires", "rule", "selectables", "snip", "testlist" or "xref" or an element from another namespace
/home/runner/work/tls/tls/input/tls.xml:4114:53: error: element "p" not allowed anywhere; expected the element end-tag, text, element "_", "assignable", "choice", "comment", "componentsneeded", "ctr", "depends", "endnote", "equation", "figure", "implements", "no-link", "provides", "refinement", "requires", "rule", "selectables", "snip", "testlist" or "xref" or an element from another namespace
/home/runner/work/tls/tls/input/tls.xml:4124:53: error: element "p" not allowed anywhere; expected the element end-tag, text, element "_", "assignable", "choice", "comment", "componentsneeded", "ctr", "depends", "endnote", "equation", "figure", "implements", "no-link", "provides", "refinement", "requires", "rule", "selectables", "snip", "testlist" or "xref" or an element from another namespace
/home/runner/work/tls/tls/input/tls.xml:4136:55: error: element "f-component" not allowed here; expected the element end-tag, text, element "_", "assignable", "choice", "comment", "componentsneeded", "ctr", "depends", "endnote", "equation", "figure", "implements", "no-link", "provides", "refinement", "requires", "rule", "section", "selectables", "snip", "testlist" or "xref" or an element from another namespace
/home/runner/work/tls/tls/input/tls.xml:4155:53: error: element "p" not allowed anywhere; expected the element end-tag, text, element "_", "assignable", "choice", "comment", "componentsneeded", "ctr", "depends", "endnote", "equation", "figure", "implements", "no-link", "provides", "refinement", "requires", "rule", "selectables", "snip", "testlist" or "xref" or an element from another namespace
/home/runner/work/tls/tls/input/tls.xml:4157:53: error: element "p" not allowed anywhere; expected the element end-tag, text, element "_", "assignable", "choice", "comment", "componentsneeded", "ctr", "depends", "endnote", "equation", "figure", "implements", "no-link", "provides", "refinement", "requires", "rule", "selectables", "snip", "testlist" or "xref" or an element from another namespace
/home/runner/work/tls/tls/input/tls.xml:4162:53: error: element "p" not allowed anywhere; expected the element end-tag, text, element "_", "assignable", "choice", "comment", "componentsneeded", "ctr", "depends", "endnote", "equation", "figure", "implements", "no-link", "provides", "refinement", "requires", "rule", "selectables", "snip", "testlist" or "xref" or an element from another namespace
/home/runner/work/tls/tls/input/tls.xml:4169:60: error: element "p" not allowed anywhere; expected the element end-tag, text, element "_", "assignable", "choice", "comment", "componentsneeded", "ctr", "depends", "endnote", "equation", "figure", "implements", "no-link", "provides", "refinement", "requires", "rule", "selectables", "snip", "testlist" or "xref" or an element from another namespace
/home/runner/work/tls/tls/input/tls.xml:4174:60: error: element "p" not allowed anywhere; expected the element end-tag, text, element "_", "assignable", "choice", "comment", "componentsneeded", "ctr", "depends", "endnote", "equation", "figure", "implements", "no-link", "provides", "refinement", "requires", "rule", "selectables", "snip", "testlist" or "xref" or an element from another namespace
/home/runner/work/tls/tls/input/tls.xml:4195:30: error: element "p" not allowed anywhere; expected the element end-tag, text, element "_", "assignable", "choice", "comment", "componentsneeded", "ctr", "depends", "endnote", "equation", "evidence", "figure", "implements", "no-link", "provides", "refinement", "requires", "rule", "selectables", "snip", "steplist", "test-obj", "testlist" or "xref" or an element from another namespace
/home/runner/work/tls/tls/input/tls.xml:4211:55: error: element "f-component" not allowed here; expected the element end-tag, text, element "_", "assignable", "choice", "comment", "componentsneeded", "ctr", "depends", "endnote", "equation", "figure", "implements", "no-link", "provides", "refinement", "requires", "rule", "section", "selectables", "snip", "testlist" or "xref" or an element from another namespace
/home/runner/work/tls/tls/input/tls.xml:4224:60: error: element "p" not allowed anywhere; expected the element end-tag, text, element "_", "assignable", "choice", "comment", "componentsneeded", "ctr", "depends", "endnote", "equation", "figure", "implements", "no-link", "provides", "refinement", "requires", "rule", "selectables", "snip", "testlist" or "xref" or an element from another namespace
/home/runner/work/tls/tls/input/tls.xml:4233:60: error: element "p" not allowed anywhere; expected the element end-tag, text, element "_", "assignable", "choice", "comment", "componentsneeded", "ctr", "depends", "endnote", "equation", "figure", "implements", "no-link", "provides", "refinement", "requires", "rule", "selectables", "snip", "testlist" or "xref" or an element from another namespace
/home/runner/work/tls/tls/input/tls.xml:4244:94: error: element "p" not allowed anywhere; expected the element end-tag, text, element "_", "assignable", "choice", "comment", "componentsneeded", "ctr", "depends", "endnote", "equation", "evidence", "figure", "implements", "no-link", "provides", "refinement", "requires", "rule", "selectables", "snip", "steplist", "test-obj", "testlist" or "xref" or an element from another namespace
/home/runner/work/tls/tls/input/tls.xml:4257:30: error: element "p" not allowed anywhere; expected the element end-tag, text, element "_", "assignable", "choice", "comment", "componentsneeded", "ctr", "depends", "endnote", "equation", "evidence", "figure", "implements", "no-link", "provides", "refinement", "requires", "rule", "selectables", "snip", "steplist", "test-obj", "testlist" or "xref" or an element from another namespace
/home/runner/work/tls/tls/input/tls.xml:4271:53: error: element "p" not allowed anywhere; expected the element end-tag, text, element "_", "assignable", "choice", "comment", "componentsneeded", "ctr", "depends", "endnote", "equation", "figure", "implements", "no-link", "provides", "refinement", "requires", "rule", "selectables", "snip", "testlist" or "xref" or an element from another namespace
/home/runner/work/tls/tls/input/tls.xml:4273:53: error: element "p" not allowed anywhere; expected the element end-tag, text, element "_", "assignable", "choice", "comment", "componentsneeded", "ctr", "depends", "endnote", "equation", "figure", "implements", "no-link", "provides", "refinement", "requires", "rule", "selectables", "snip", "testlist" or "xref" or an element from another namespace
/home/runner/work/tls/tls/input/tls.xml:4283:56: error: element "f-component" not allowed here; expected the element end-tag, text, element "_", "assignable", "choice", "comment", "componentsneeded", "ctr", "depends", "endnote", "equation", "figure", "implements", "no-link", "provides", "refinement", "requires", "rule", "section", "selectables", "snip", "testlist" or "xref" or an element from another namespace
/home/runner/work/tls/tls/input/tls.xml:4297:73: error: element "i" not allowed anywhere; expected the element end-tag, text, element "_", "assignable", "choice", "comment", "componentsneeded", "ctr", "depends", "endnote", "equation", "figure", "implements", "no-link", "provides", "refinement", "requires", "rule", "selectables", "snip", "testlist" or "xref" or an element from another namespace
/home/runner/work/tls/tls/input/tls.xml:4299:36: error: element "br" not allowed anywhere; expected the element end-tag, text, element "_", "assignable", "choice", "comment", "componentsneeded", "ctr", "depends", "endnote", "equation", "figure", "implements", "no-link", "provides", "refinement", "requires", "rule", "selectables", "snip", "testlist" or "xref" or an element from another namespace
/home/runner/work/tls/tls/input/tls.xml:4299:41: error: element "i" not allowed anywhere; expected the element end-tag, text, element "_", "assignable", "choice", "comment", "componentsneeded", "ctr", "depends", "endnote", "equation", "figure", "implements", "no-link", "provides", "refinement", "requires", "rule", "selectables", "snip", "testlist" or "xref" or an element from another namespace
/home/runner/work/tls/tls/input/tls.xml:4300:73: error: element "br" not allowed anywhere; expected the element end-tag, text, element "_", "assignable", "choice", "comment", "componentsneeded", "ctr", "depends", "endnote", "equation", "figure", "implements", "no-link", "provides", "refinement", "requires", "rule", "selectables", "snip", "testlist" or "xref" or an element from another namespace
/home/runner/work/tls/tls/input/tls.xml:4300:79: error: element "br" not allowed anywhere; expected the element end-tag, text, element "_", "assignable", "choice", "comment", "componentsneeded", "ctr", "depends", "endnote", "equation", "figure", "implements", "no-link", "provides", "refinement", "requires", "rule", "selectables", "snip", "testlist" or "xref" or an element from another namespace
/home/runner/work/tls/tls/input/tls.xml:4300:84: error: element "i" not allowed anywhere; expected the element end-tag, text, element "_", "assignable", "choice", "comment", "componentsneeded", "ctr", "depends", "endnote", "equation", "figure", "implements", "no-link", "provides", "refinement", "requires", "rule", "selectables", "snip", "testlist" or "xref" or an element from another namespace
/home/runner/work/tls/tls/input/tls.xml:4302:37: error: element "br" not allowed anywhere; expected the element end-tag, text, element "_", "assignable", "choice", "comment", "componentsneeded", "ctr", "depends", "endnote", "equation", "figure", "implements", "no-link", "provides", "refinement", "requires", "rule", "selectables", "snip", "testlist" or "xref" or an element from another namespace
/home/runner/work/tls/tls/input/tls.xml:4302:42: error: element "i" not allowed anywhere; expected the element end-tag, text, element "_", "assignable", "choice", "comment", "componentsneeded", "ctr", "depends", "endnote", "equation", "figure", "implements", "no-link", "provides", "refinement", "requires", "rule", "selectables", "snip", "testlist" or "xref" or an element from another namespace
/home/runner/work/tls/tls/input/tls.xml:4306:60: error: element "p" not allowed anywhere; expected the element end-tag, text, element "_", "assignable", "choice", "comment", "componentsneeded", "ctr", "depends", "endnote", "equation", "figure", "implements", "no-link", "provides", "refinement", "requires", "rule", "selectables", "snip", "testlist" or "xref" or an element from another namespace
/home/runner/work/tls/tls/input/tls.xml:4313:60: error: element "p" not allowed anywhere; expected the element end-tag, text, element "_", "assignable", "choice", "comment", "componentsneeded", "ctr", "depends", "endnote", "equation", "evidence", "figure", "implements", "no-link", "provides", "refinement", "requires", "rule", "selectables", "snip", "test-obj", "testlist" or "xref" or an element from another namespace
/home/runner/work/tls/tls/input/tls.xml:4316:60: error: element "p" not allowed anywhere; expected the element end-tag, text, element "_", "assignable", "choice", "comment", "componentsneeded", "ctr", "depends", "endnote", "equation", "evidence", "figure", "implements", "no-link", "provides", "refinement", "requires", "rule", "selectables", "snip", "test-obj", "testlist" or "xref" or an element from another namespace
/home/runner/work/tls/tls/input/tls.xml:4319:60: error: element "p" not allowed anywhere; expected the element end-tag, text, element "_", "assignable", "choice", "comment", "componentsneeded", "ctr", "depends", "endnote", "equation", "evidence", "figure", "implements", "no-link", "provides", "refinement", "requires", "rule", "selectables", "snip", "test-obj", "testlist" or "xref" or an element from another namespace
/home/runner/work/tls/tls/input/tls.xml:4324:60: error: element "p" not allowed anywhere; expected the element end-tag, text, element "_", "assignable", "choice", "comment", "componentsneeded", "ctr", "depends", "endnote", "equation", "evidence", "figure", "implements", "no-link", "provides", "refinement", "requires", "rule", "selectables", "snip", "test-obj", "testlist" or "xref" or an element from another namespace
/home/runner/work/tls/tls/input/tls.xml:4327:93: error: element "p" not allowed anywhere; expected the element end-tag, text, element "_", "assignable", "choice", "comment", "componentsneeded", "ctr", "depends", "endnote", "equation", "evidence", "figure", "implements", "no-link", "provides", "refinement", "requires", "rule", "selectables", "snip", "test-obj", "testlist" or "xref" or an element from another namespace
/home/runner/work/tls/tls/input/tls.xml:4329:60: error: element "p" not allowed anywhere; expected the element end-tag, text, element "_", "assignable", "choice", "comment", "componentsneeded", "ctr", "depends", "endnote", "equation", "evidence", "figure", "implements", "no-link", "provides", "refinement", "requires", "rule", "selectables", "snip", "test-obj", "testlist" or "xref" or an element from another namespace
/home/runner/work/tls/tls/input/tls.xml:4337:60: error: element "p" not allowed anywhere; expected the element end-tag, text, element "_", "assignable", "choice", "comment", "componentsneeded", "ctr", "depends", "endnote", "equation", "evidence", "figure", "implements", "no-link", "provides", "refinement", "requires", "rule", "selectables", "snip", "test-obj", "testlist" or "xref" or an element from another namespace
/home/runner/work/tls/tls/input/tls.xml:4340:93: error: element "p" not allowed anywhere; expected the element end-tag, text, element "_", "assignable", "choice", "comment", "componentsneeded", "ctr", "depends", "endnote", "equation", "evidence", "figure", "implements", "no-link", "provides", "refinement", "requires", "rule", "selectables", "snip", "test-obj", "testlist" or "xref" or an element from another namespace
/home/runner/work/tls/tls/input/tls.xml:4342:60: error: element "p" not allowed anywhere; expected the element end-tag, text, element "_", "assignable", "choice", "comment", "componentsneeded", "ctr", "depends", "endnote", "equation", "evidence", "figure", "implements", "no-link", "provides", "refinement", "requires", "rule", "selectables", "snip", "test-obj", "testlist" or "xref" or an element from another namespace
/home/runner/work/tls/tls/input/tls.xml:4346:60: error: element "p" not allowed anywhere; expected the element end-tag, text, element "_", "assignable", "choice", "comment", "componentsneeded", "ctr", "depends", "endnote", "equation", "evidence", "figure", "implements", "no-link", "provides", "refinement", "requires", "rule", "selectables", "snip", "test-obj", "testlist" or "xref" or an element from another namespace
/home/runner/work/tls/tls/input/tls.xml:4365:22: error: element "bibliography" not allowed yet; expected element "section" or an element from another namespace
/home/runner/work/tls/tls/input/tls.xml:4370:104: error: element "a" not allowed anywhere; expected the element end-tag, text, element "_", "assignable", "choice", "comment", "componentsneeded", "ctr", "depends", "endnote", "equation", "figure", "implements", "no-link", "provides", "refinement", "requires", "rule", "selectables", "snip", "testlist" or "xref" or an element from another namespace
/home/runner/work/tls/tls/input/tls.xml:4375:26: error: element "sec.Introduction" not allowed anywhere; expected the element end-tag
/home/runner/work/tls/tls/input/tls.xml:4387:46: error: element "sec.Introduction" not allowed anywhere; expected the element end-tag
/home/runner/work/tls/tls/input/tls.xml:4427:28: error: element "sec.Introduction" not allowed anywhere; expected the element end-tag
/home/runner/work/tls/tls/input/tls.xml:4431:53: error: element "componentneeded" not allowed here; expected element "componentid"
/home/runner/work/tls/tls/input/tls.xml:4432:56: error: element "componentID" not allowed anywhere; expected element "componentid"
/home/runner/work/tls/tls/input/tls.xml:4433:50: error: element "notes" not allowed yet; missing required element "componentid"
/home/runner/work/tls/tls/input/tls.xml:4438:47: error: element "componentneeded" incomplete; missing required element "componentid"
/home/runner/work/tls/tls/input/tls.xml:4440:53: error: element "componentneeded" not allowed here; expected element "componentid"
/home/runner/work/tls/tls/input/tls.xml:4441:56: error: element "componentID" not allowed anywhere; expected element "componentid"
/home/runner/work/tls/tls/input/tls.xml:4442:50: error: element "notes" not allowed yet; missing required element "componentid"
/home/runner/work/tls/tls/input/tls.xml:4447:47: error: element "componentneeded" incomplete; missing required element "componentid"
/home/runner/work/tls/tls/input/tls.xml:4449:53: error: element "componentneeded" not allowed here; expected element "componentid"
/home/runner/work/tls/tls/input/tls.xml:4450:56: error: element "componentID" not allowed anywhere; expected element "componentid"
/home/runner/work/tls/tls/input/tls.xml:4451:50: error: element "notes" not allowed yet; missing required element "componentid"
/home/runner/work/tls/tls/input/tls.xml:4460:47: error: element "componentneeded" incomplete; missing required element "componentid"
/home/runner/work/tls/tls/input/tls.xml:4462:53: error: element "componentneeded" not allowed here; expected element "componentid"
/home/runner/work/tls/tls/input/tls.xml:4463:56: error: element "componentID" not allowed anywhere; expected element "componentid"
/home/runner/work/tls/tls/input/tls.xml:4464:50: error: element "notes" not allowed yet; missing required element "componentid"
/home/runner/work/tls/tls/input/tls.xml:4469:47: error: element "componentneeded" incomplete; missing required element "componentid"
/home/runner/work/tls/tls/input/tls.xml:4471:53: error: element "componentneeded" not allowed here; expected element "componentid"
/home/runner/work/tls/tls/input/tls.xml:4472:56: error: element "componentID" not allowed anywhere; expected element "componentid"
/home/runner/work/tls/tls/input/tls.xml:4473:50: error: element "notes" not allowed yet; missing required element "componentid"
/home/runner/work/tls/tls/input/tls.xml:4477:47: error: element "componentneeded" incomplete; missing required element "componentid"
/home/runner/work/tls/tls/input/tls.xml:4479:53: error: element "componentneeded" not allowed here; expected element "componentid"
/home/runner/work/tls/tls/input/tls.xml:4480:56: error: element "componentID" not allowed anywhere; expected element "componentid"
/home/runner/work/tls/tls/input/tls.xml:4481:50: error: element "notes" not allowed yet; missing required element "componentid"
/home/runner/work/tls/tls/input/tls.xml:4485:47: error: element "componentneeded" incomplete; missing required element "componentid"
/home/runner/work/tls/tls/input/tls.xml:4487:25: error: element "componentneeded" incomplete; missing required element "componentid"
/home/runner/work/tls/tls/input/tls.xml:4488:32: error: element "componentneeded" incomplete; missing required element "componentid"
