/home/runner/work/tls/tls/input/tls.xml:495:30: error: element "comment" not allowed anywhere; expected the element end-tag, text, element "_", "assignable", "choice", "componentsneeded", "ctr", "depends", "endnote", "equation", "figure", "no-link", "provides", "refinement", "requires", "rule", "selectables", "snip", "testlist" or "xref" or an element from another namespace
/home/runner/work/tls/tls/input/tls.xml:1614:40: error: element "comment" not allowed anywhere; expected the element end-tag, text, element "_", "assignable", "choice", "componentsneeded", "ctr", "depends", "endnote", "equation", "evidence", "figure", "no-link", "provides", "refinement", "requires", "rule", "selectables", "snip", "steplist", "test-obj", "testlist" or "xref" or an element from another namespace
/home/runner/work/tls/tls/input/tls.xml:1653:42: error: element "comment" not allowed anywhere; expected the element end-tag, text, element "_", "applies-if", "assignable", "choice", "componentsneeded", "ctr", "depends", "endnote", "equation", "evidence", "figure", "no-link", "provides", "refinement", "requires", "rule", "selectables", "snip", "steplist", "test-obj", "testlist" or "xref" or an element from another namespace
/home/runner/work/tls/tls/input/tls.xml:1957:29: error: element "comment" not allowed anywhere; expected the element end-tag, text, element "_", "assignable", "choice", "componentsneeded", "ctr", "depends", "endnote", "equation", "figure", "no-link", "provides", "refinement", "requires", "rule", "selectables", "snip", "testlist" or "xref" or an element from another namespace
