/home/runner/work/tls/tls/output/effective.xml:1:241: error: element "PP" not allowed anywhere; expected element "Package"
/home/runner/work/tls/tls/output/effective.xml:10:17: error: element "PP" not allowed anywhere; expected element "Package"
/home/runner/work/tls/tls/output/effective.xml:32:21: error: element "PP" not allowed anywhere; expected element "Package"
/home/runner/work/tls/tls/output/effective.xml:33:58: error: element "PP" not allowed anywhere; expected element "Package"
/home/runner/work/tls/tls/output/effective.xml:39:36: error: element "PP" not allowed anywhere; expected element "Package"
/home/runner/work/tls/tls/output/effective.xml:40:38: error: element "PP" not allowed anywhere; expected element "Package"
/home/runner/work/tls/tls/output/effective.xml:48:36: error: element "PP" not allowed anywhere; expected element "Package"
/home/runner/work/tls/tls/output/effective.xml:49:42: error: element "PP" not allowed anywhere; expected element "Package"
/home/runner/work/tls/tls/output/effective.xml:57:43: error: element "PP" not allowed anywhere; expected element "Package"
/home/runner/work/tls/tls/output/effective.xml:58:41: error: element "PP" not allowed anywhere; expected element "Package"
/home/runner/work/tls/tls/output/effective.xml:59:43: error: element "PP" not allowed anywhere; expected element "Package"
/home/runner/work/tls/tls/output/effective.xml:60:45: error: element "PP" not allowed anywhere; expected element "Package"
/home/runner/work/tls/tls/output/effective.xml:62:130: error: element "PP" not allowed anywhere; expected element "Package"
/home/runner/work/tls/tls/output/effective.xml:234:17: error: element "usecases" not allowed anywhere; expected the element end-tag, text, element "_", "assignable", "choice", "comment", "componentsneeded", "ctr", "depends", "endnote", "equation", "figure", "implements", "no-link", "provides", "refinement", "requires", "rule", "section", "selectables", "snip", "testlist" or "xref" or an element from another namespace
/home/runner/work/tls/tls/output/effective.xml:244:19: error: element "usecases" not allowed anywhere; expected the element end-tag, text, element "_", "assignable", "choice", "comment", "componentsneeded", "ctr", "depends", "endnote", "equation", "figure", "implements", "no-link", "provides", "refinement", "requires", "rule", "section", "selectables", "snip", "testlist" or "xref" or an element from another namespace
/home/runner/work/tls/tls/output/effective.xml:254:93: error: element "usecases" not allowed anywhere; expected the element end-tag, text, element "_", "assignable", "choice", "comment", "componentsneeded", "ctr", "depends", "endnote", "equation", "figure", "implements", "no-link", "provides", "refinement", "requires", "rule", "section", "selectables", "snip", "testlist" or "xref" or an element from another namespace
/home/runner/work/tls/tls/output/effective.xml:260:19: error: element "usecases" not allowed anywhere; expected the element end-tag, text, element "_", "assignable", "choice", "comment", "componentsneeded", "ctr", "depends", "endnote", "equation", "figure", "implements", "no-link", "provides", "refinement", "requires", "rule", "section", "selectables", "snip", "testlist" or "xref" or an element from another namespace
/home/runner/work/tls/tls/output/effective.xml:271:19: error: element "usecases" not allowed anywhere; expected the element end-tag, text, element "_", "assignable", "choice", "comment", "componentsneeded", "ctr", "depends", "endnote", "equation", "figure", "implements", "no-link", "provides", "refinement", "requires", "rule", "section", "selectables", "snip", "testlist" or "xref" or an element from another namespace
/home/runner/work/tls/tls/output/effective.xml:277:19: error: element "usecases" not allowed anywhere; expected the element end-tag, text, element "_", "assignable", "choice", "comment", "componentsneeded", "ctr", "depends", "endnote", "equation", "figure", "implements", "no-link", "provides", "refinement", "requires", "rule", "section", "selectables", "snip", "testlist" or "xref" or an element from another namespace
/home/runner/work/tls/tls/output/effective.xml:284:19: error: element "usecases" not allowed anywhere; expected the element end-tag, text, element "_", "assignable", "choice", "comment", "componentsneeded", "ctr", "depends", "endnote", "equation", "figure", "implements", "no-link", "provides", "refinement", "requires", "rule", "section", "selectables", "snip", "testlist" or "xref" or an element from another namespace
/home/runner/work/tls/tls/output/effective.xml:288:22: error: element "usecases" not allowed anywhere; expected the element end-tag, text, element "_", "assignable", "choice", "comment", "componentsneeded", "ctr", "depends", "endnote", "equation", "figure", "implements", "no-link", "provides", "refinement", "requires", "rule", "section", "selectables", "snip", "testlist" or "xref" or an element from another namespace
/home/runner/work/tls/tls/output/effective.xml:290:89: error: attribute "cc-errata" not allowed here; expected attribute "display"
/home/runner/work/tls/tls/output/effective.xml:302:28: error: attribute "cc-errata" not allowed here; expected attribute "display"
/home/runner/work/tls/tls/output/effective.xml:405:37: error: attribute "cc-errata" not allowed here; expected attribute "display"
/home/runner/work/tls/tls/output/effective.xml:433:29: error: attribute "cc-errata" not allowed here; expected attribute "display"
/home/runner/work/tls/tls/output/effective.xml:438:135: error: element "audit-table" not allowed here; expected the element end-tag, text, element "_", "assignable", "choice", "comment", "componentsneeded", "ctr", "depends", "endnote", "equation", "figure", "implements", "no-link", "provides", "refinement", "requires", "rule", "section", "selectables", "snip", "testlist" or "xref" or an element from another namespace
/home/runner/work/tls/tls/output/effective.xml:442:107: error: element "f-component" not allowed here; expected the element end-tag, text, element "_", "assignable", "choice", "comment", "componentsneeded", "ctr", "depends", "endnote", "equation", "figure", "implements", "no-link", "provides", "refinement", "requires", "rule", "section", "selectables", "snip", "testlist" or "xref" or an element from another namespace
/home/runner/work/tls/tls/output/effective.xml:466:98: error: element "f-component" not allowed here; expected the element end-tag, text, element "_", "assignable", "choice", "comment", "componentsneeded", "ctr", "depends", "endnote", "equation", "figure", "implements", "no-link", "provides", "refinement", "requires", "rule", "section", "selectables", "snip", "testlist" or "xref" or an element from another namespace
/home/runner/work/tls/tls/output/effective.xml:482:113: error: element "f-component" not allowed here; expected the element end-tag, text, element "_", "assignable", "choice", "comment", "componentsneeded", "ctr", "depends", "endnote", "equation", "figure", "implements", "no-link", "provides", "refinement", "requires", "rule", "section", "selectables", "snip", "testlist" or "xref" or an element from another namespace
/home/runner/work/tls/tls/output/effective.xml:499:115: error: element "f-component" not allowed here; expected the element end-tag, text, element "_", "assignable", "choice", "comment", "componentsneeded", "ctr", "depends", "endnote", "equation", "figure", "implements", "no-link", "provides", "refinement", "requires", "rule", "section", "selectables", "snip", "testlist" or "xref" or an element from another namespace
/home/runner/work/tls/tls/output/effective.xml:522:115: error: element "f-component" not allowed here; expected the element end-tag, text, element "_", "assignable", "choice", "comment", "componentsneeded", "ctr", "depends", "endnote", "equation", "figure", "implements", "no-link", "provides", "refinement", "requires", "rule", "section", "selectables", "snip", "testlist" or "xref" or an element from another namespace
/home/runner/work/tls/tls/output/effective.xml:538:81: error: element "ext-comp-def" not allowed here; expected the element end-tag, text, element "_", "assignable", "choice", "comment", "componentsneeded", "ctr", "depends", "endnote", "equation", "figure", "implements", "no-link", "provides", "refinement", "requires", "rule", "section", "selectables", "snip", "testlist" or "xref" or an element from another namespace
/home/runner/work/tls/tls/output/effective.xml:541:69: error: element "ext-comp-def" not allowed here; expected the element end-tag, text, element "_", "assignable", "choice", "comment", "componentsneeded", "ctr", "depends", "endnote", "equation", "figure", "implements", "no-link", "provides", "refinement", "requires", "rule", "section", "selectables", "snip", "testlist" or "xref" or an element from another namespace
/home/runner/work/tls/tls/output/effective.xml:544:69: error: element "ext-comp-def" not allowed here; expected the element end-tag, text, element "_", "assignable", "choice", "comment", "componentsneeded", "ctr", "depends", "endnote", "equation", "figure", "implements", "no-link", "provides", "refinement", "requires", "rule", "section", "selectables", "snip", "testlist" or "xref" or an element from another namespace
/home/runner/work/tls/tls/output/effective.xml:547:92: error: element "ext-comp-def" not allowed here; expected the element end-tag, text, element "_", "assignable", "choice", "comment", "componentsneeded", "ctr", "depends", "endnote", "equation", "figure", "implements", "no-link", "provides", "refinement", "requires", "rule", "section", "selectables", "snip", "testlist" or "xref" or an element from another namespace
/home/runner/work/tls/tls/output/effective.xml:550:78: error: element "ext-comp-def" not allowed here; expected the element end-tag, text, element "_", "assignable", "choice", "comment", "componentsneeded", "ctr", "depends", "endnote", "equation", "figure", "implements", "no-link", "provides", "refinement", "requires", "rule", "section", "selectables", "snip", "testlist" or "xref" or an element from another namespace
/home/runner/work/tls/tls/output/effective.xml:554:151: error: element "f-component" not allowed here; expected the element end-tag, text, element "_", "assignable", "choice", "comment", "componentsneeded", "ctr", "depends", "endnote", "equation", "figure", "implements", "no-link", "provides", "refinement", "requires", "rule", "section", "selectables", "snip", "testlist" or "xref" or an element from another namespace
/home/runner/work/tls/tls/output/effective.xml:575:150: error: element "f-component" not allowed here; expected the element end-tag, text, element "_", "assignable", "choice", "comment", "componentsneeded", "ctr", "depends", "endnote", "equation", "figure", "implements", "no-link", "provides", "refinement", "requires", "rule", "section", "selectables", "snip", "testlist" or "xref" or an element from another namespace
/home/runner/work/tls/tls/output/effective.xml:593:116: error: element "f-component" not allowed here; expected the element end-tag, text, element "_", "assignable", "choice", "comment", "componentsneeded", "ctr", "depends", "endnote", "equation", "figure", "implements", "no-link", "provides", "refinement", "requires", "rule", "section", "selectables", "snip", "testlist" or "xref" or an element from another namespace
/home/runner/work/tls/tls/output/effective.xml:611:113: error: element "f-component" not allowed here; expected the element end-tag, text, element "_", "assignable", "choice", "comment", "componentsneeded", "ctr", "depends", "endnote", "equation", "figure", "implements", "no-link", "provides", "refinement", "requires", "rule", "section", "selectables", "snip", "testlist" or "xref" or an element from another namespace
/home/runner/work/tls/tls/output/effective.xml:625:135: error: element "f-component" not allowed here; expected the element end-tag, text, element "_", "assignable", "choice", "comment", "componentsneeded", "ctr", "depends", "endnote", "equation", "figure", "implements", "no-link", "provides", "refinement", "requires", "rule", "section", "selectables", "snip", "testlist" or "xref" or an element from another namespace
/home/runner/work/tls/tls/output/effective.xml:658:121: error: element "f-component" not allowed here; expected the element end-tag, text, element "_", "assignable", "choice", "comment", "componentsneeded", "ctr", "depends", "endnote", "equation", "figure", "implements", "no-link", "provides", "refinement", "requires", "rule", "section", "selectables", "snip", "testlist" or "xref" or an element from another namespace
/home/runner/work/tls/tls/output/effective.xml:678:122: error: element "f-component" not allowed here; expected the element end-tag, text, element "_", "assignable", "choice", "comment", "componentsneeded", "ctr", "depends", "endnote", "equation", "figure", "implements", "no-link", "provides", "refinement", "requires", "rule", "section", "selectables", "snip", "testlist" or "xref" or an element from another namespace
/home/runner/work/tls/tls/output/effective.xml:694:179: error: element "f-component" not allowed here; expected the element end-tag, text, element "_", "assignable", "choice", "comment", "componentsneeded", "ctr", "depends", "endnote", "equation", "figure", "implements", "no-link", "provides", "refinement", "requires", "rule", "section", "selectables", "snip", "testlist" or "xref" or an element from another namespace
/home/runner/work/tls/tls/output/effective.xml:715:138: error: element "f-component" not allowed here; expected the element end-tag, text, element "_", "assignable", "choice", "comment", "componentsneeded", "ctr", "depends", "endnote", "equation", "figure", "implements", "no-link", "provides", "refinement", "requires", "rule", "section", "selectables", "snip", "testlist" or "xref" or an element from another namespace
/home/runner/work/tls/tls/output/effective.xml:732:142: error: element "f-component" not allowed here; expected the element end-tag, text, element "_", "assignable", "choice", "comment", "componentsneeded", "ctr", "depends", "endnote", "equation", "figure", "implements", "no-link", "provides", "refinement", "requires", "rule", "section", "selectables", "snip", "testlist" or "xref" or an element from another namespace
/home/runner/work/tls/tls/output/effective.xml:755:154: error: element "f-component" not allowed here; expected the element end-tag, text, element "_", "assignable", "choice", "comment", "componentsneeded", "ctr", "depends", "endnote", "equation", "figure", "implements", "no-link", "provides", "refinement", "requires", "rule", "section", "selectables", "snip", "testlist" or "xref" or an element from another namespace
/home/runner/work/tls/tls/output/effective.xml:776:159: error: element "f-component" not allowed here; expected the element end-tag, text, element "_", "assignable", "choice", "comment", "componentsneeded", "ctr", "depends", "endnote", "equation", "figure", "implements", "no-link", "provides", "refinement", "requires", "rule", "section", "selectables", "snip", "testlist" or "xref" or an element from another namespace
/home/runner/work/tls/tls/output/effective.xml:791:147: error: element "f-component" not allowed here; expected the element end-tag, text, element "_", "assignable", "choice", "comment", "componentsneeded", "ctr", "depends", "endnote", "equation", "figure", "implements", "no-link", "provides", "refinement", "requires", "rule", "section", "selectables", "snip", "testlist" or "xref" or an element from another namespace
/home/runner/work/tls/tls/output/effective.xml:807:158: error: element "f-component" not allowed here; expected the element end-tag, text, element "_", "assignable", "choice", "comment", "componentsneeded", "ctr", "depends", "endnote", "equation", "figure", "implements", "no-link", "provides", "refinement", "requires", "rule", "section", "selectables", "snip", "testlist" or "xref" or an element from another namespace
/home/runner/work/tls/tls/output/effective.xml:825:160: error: element "f-component" not allowed here; expected the element end-tag, text, element "_", "assignable", "choice", "comment", "componentsneeded", "ctr", "depends", "endnote", "equation", "figure", "implements", "no-link", "provides", "refinement", "requires", "rule", "section", "selectables", "snip", "testlist" or "xref" or an element from another namespace
/home/runner/work/tls/tls/output/effective.xml:846:158: error: element "f-component" not allowed here; expected the element end-tag, text, element "_", "assignable", "choice", "comment", "componentsneeded", "ctr", "depends", "endnote", "equation", "figure", "implements", "no-link", "provides", "refinement", "requires", "rule", "section", "selectables", "snip", "testlist" or "xref" or an element from another namespace
/home/runner/work/tls/tls/output/effective.xml:867:139: error: element "f-component" not allowed here; expected the element end-tag, text, element "_", "assignable", "choice", "comment", "componentsneeded", "ctr", "depends", "endnote", "equation", "figure", "implements", "no-link", "provides", "refinement", "requires", "rule", "section", "selectables", "snip", "testlist" or "xref" or an element from another namespace
/home/runner/work/tls/tls/output/effective.xml:881:112: error: element "f-component" not allowed here; expected the element end-tag, text, element "_", "assignable", "choice", "comment", "componentsneeded", "ctr", "depends", "endnote", "equation", "figure", "implements", "no-link", "provides", "refinement", "requires", "rule", "section", "selectables", "snip", "testlist" or "xref" or an element from another namespace
/home/runner/work/tls/tls/output/effective.xml:909:112: error: element "f-component" not allowed here; expected the element end-tag, text, element "_", "assignable", "choice", "comment", "componentsneeded", "ctr", "depends", "endnote", "equation", "figure", "implements", "no-link", "provides", "refinement", "requires", "rule", "section", "selectables", "snip", "testlist" or "xref" or an element from another namespace
/home/runner/work/tls/tls/output/effective.xml:1103:108: error: element "f-component" not allowed here; expected the element end-tag, text, element "_", "assignable", "choice", "comment", "componentsneeded", "ctr", "depends", "endnote", "equation", "figure", "implements", "no-link", "provides", "refinement", "requires", "rule", "section", "selectables", "snip", "testlist" or "xref" or an element from another namespace
/home/runner/work/tls/tls/output/effective.xml:1122:109: error: element "f-component" not allowed here; expected the element end-tag, text, element "_", "assignable", "choice", "comment", "componentsneeded", "ctr", "depends", "endnote", "equation", "figure", "implements", "no-link", "provides", "refinement", "requires", "rule", "section", "selectables", "snip", "testlist" or "xref" or an element from another namespace
/home/runner/work/tls/tls/output/effective.xml:1163:122: error: element "f-component" not allowed here; expected the element end-tag, text, element "_", "assignable", "choice", "comment", "componentsneeded", "ctr", "depends", "endnote", "equation", "figure", "implements", "no-link", "provides", "refinement", "requires", "rule", "section", "selectables", "snip", "testlist" or "xref" or an element from another namespace
/home/runner/work/tls/tls/output/effective.xml:1175:138: error: element "f-component" not allowed here; expected the element end-tag, text, element "_", "assignable", "choice", "comment", "componentsneeded", "ctr", "depends", "endnote", "equation", "figure", "implements", "no-link", "provides", "refinement", "requires", "rule", "section", "selectables", "snip", "testlist" or "xref" or an element from another namespace
/home/runner/work/tls/tls/output/effective.xml:1187:141: error: element "f-component" not allowed here; expected the element end-tag, text, element "_", "assignable", "choice", "comment", "componentsneeded", "ctr", "depends", "endnote", "equation", "figure", "implements", "no-link", "provides", "refinement", "requires", "rule", "section", "selectables", "snip", "testlist" or "xref" or an element from another namespace
/home/runner/work/tls/tls/output/effective.xml:1199:131: error: element "f-component" not allowed here; expected the element end-tag, text, element "_", "assignable", "choice", "comment", "componentsneeded", "ctr", "depends", "endnote", "equation", "figure", "implements", "no-link", "provides", "refinement", "requires", "rule", "section", "selectables", "snip", "testlist" or "xref" or an element from another namespace
/home/runner/work/tls/tls/output/effective.xml:1211:110: error: element "f-component" not allowed here; expected the element end-tag, text, element "_", "assignable", "choice", "comment", "componentsneeded", "ctr", "depends", "endnote", "equation", "figure", "implements", "no-link", "provides", "refinement", "requires", "rule", "section", "selectables", "snip", "testlist" or "xref" or an element from another namespace
/home/runner/work/tls/tls/output/effective.xml:1224:110: error: element "f-component" not allowed here; expected the element end-tag, text, element "_", "assignable", "choice", "comment", "componentsneeded", "ctr", "depends", "endnote", "equation", "figure", "implements", "no-link", "provides", "refinement", "requires", "rule", "section", "selectables", "snip", "testlist" or "xref" or an element from another namespace
/home/runner/work/tls/tls/output/effective.xml:1257:116: error: element "f-component" not allowed here; expected the element end-tag, text, element "_", "assignable", "choice", "comment", "componentsneeded", "ctr", "depends", "endnote", "equation", "figure", "implements", "no-link", "provides", "refinement", "requires", "rule", "section", "selectables", "snip", "testlist" or "xref" or an element from another namespace
/home/runner/work/tls/tls/output/effective.xml:1273:118: error: element "f-component" not allowed here; expected the element end-tag, text, element "_", "assignable", "choice", "comment", "componentsneeded", "ctr", "depends", "endnote", "equation", "figure", "implements", "no-link", "provides", "refinement", "requires", "rule", "section", "selectables", "snip", "testlist" or "xref" or an element from another namespace
/home/runner/work/tls/tls/output/effective.xml:1296:63: error: element "ext-comp-def" not allowed here; expected the element end-tag, text, element "_", "assignable", "choice", "comment", "componentsneeded", "ctr", "depends", "endnote", "equation", "figure", "implements", "no-link", "provides", "refinement", "requires", "rule", "section", "selectables", "snip", "testlist" or "xref" or an element from another namespace
/home/runner/work/tls/tls/output/effective.xml:1299:82: error: element "ext-comp-def" not allowed here; expected the element end-tag, text, element "_", "assignable", "choice", "comment", "componentsneeded", "ctr", "depends", "endnote", "equation", "figure", "implements", "no-link", "provides", "refinement", "requires", "rule", "section", "selectables", "snip", "testlist" or "xref" or an element from another namespace
/home/runner/work/tls/tls/output/effective.xml:1303:115: error: element "f-component" not allowed here; expected the element end-tag, text, element "_", "assignable", "choice", "comment", "componentsneeded", "ctr", "depends", "endnote", "equation", "figure", "implements", "no-link", "provides", "refinement", "requires", "rule", "section", "selectables", "snip", "testlist" or "xref" or an element from another namespace
/home/runner/work/tls/tls/output/effective.xml:1324:142: error: element "f-component" not allowed here; expected the element end-tag, text, element "_", "assignable", "choice", "comment", "componentsneeded", "ctr", "depends", "endnote", "equation", "figure", "implements", "no-link", "provides", "refinement", "requires", "rule", "section", "selectables", "snip", "testlist" or "xref" or an element from another namespace
/home/runner/work/tls/tls/output/effective.xml:1342:84: error: element "ext-comp-def" not allowed here; expected the element end-tag, text, element "_", "assignable", "choice", "comment", "componentsneeded", "ctr", "depends", "endnote", "equation", "figure", "implements", "no-link", "provides", "refinement", "requires", "rule", "section", "selectables", "snip", "testlist" or "xref" or an element from another namespace
/home/runner/work/tls/tls/output/effective.xml:1345:72: error: element "ext-comp-def" not allowed here; expected the element end-tag, text, element "_", "assignable", "choice", "comment", "componentsneeded", "ctr", "depends", "endnote", "equation", "figure", "implements", "no-link", "provides", "refinement", "requires", "rule", "section", "selectables", "snip", "testlist" or "xref" or an element from another namespace
/home/runner/work/tls/tls/output/effective.xml:1348:78: error: element "ext-comp-def" not allowed here; expected the element end-tag, text, element "_", "assignable", "choice", "comment", "componentsneeded", "ctr", "depends", "endnote", "equation", "figure", "implements", "no-link", "provides", "refinement", "requires", "rule", "section", "selectables", "snip", "testlist" or "xref" or an element from another namespace
/home/runner/work/tls/tls/output/effective.xml:1351:100: error: element "ext-comp-def" not allowed here; expected the element end-tag, text, element "_", "assignable", "choice", "comment", "componentsneeded", "ctr", "depends", "endnote", "equation", "figure", "implements", "no-link", "provides", "refinement", "requires", "rule", "section", "selectables", "snip", "testlist" or "xref" or an element from another namespace
/home/runner/work/tls/tls/output/effective.xml:1355:125: error: element "f-component" not allowed here; expected the element end-tag, text, element "_", "assignable", "choice", "comment", "componentsneeded", "ctr", "depends", "endnote", "equation", "figure", "implements", "no-link", "provides", "refinement", "requires", "rule", "section", "selectables", "snip", "testlist" or "xref" or an element from another namespace
/home/runner/work/tls/tls/output/effective.xml:1407:113: error: element "f-component" not allowed here; expected the element end-tag, text, element "_", "assignable", "choice", "comment", "componentsneeded", "ctr", "depends", "endnote", "equation", "figure", "implements", "no-link", "provides", "refinement", "requires", "rule", "section", "selectables", "snip", "testlist" or "xref" or an element from another namespace
/home/runner/work/tls/tls/output/effective.xml:1427:118: error: element "f-component" not allowed here; expected the element end-tag, text, element "_", "assignable", "choice", "comment", "componentsneeded", "ctr", "depends", "endnote", "equation", "figure", "implements", "no-link", "provides", "refinement", "requires", "rule", "section", "selectables", "snip", "testlist" or "xref" or an element from another namespace
/home/runner/work/tls/tls/output/effective.xml:1450:120: error: element "f-component" not allowed here; expected the element end-tag, text, element "_", "assignable", "choice", "comment", "componentsneeded", "ctr", "depends", "endnote", "equation", "figure", "implements", "no-link", "provides", "refinement", "requires", "rule", "section", "selectables", "snip", "testlist" or "xref" or an element from another namespace
/home/runner/work/tls/tls/output/effective.xml:1476:119: error: element "f-component" not allowed here; expected the element end-tag, text, element "_", "assignable", "choice", "comment", "componentsneeded", "ctr", "depends", "endnote", "equation", "figure", "implements", "no-link", "provides", "refinement", "requires", "rule", "section", "selectables", "snip", "testlist" or "xref" or an element from another namespace
/home/runner/work/tls/tls/output/effective.xml:1498:141: error: element "f-component" not allowed here; expected the element end-tag, text, element "_", "assignable", "choice", "comment", "componentsneeded", "ctr", "depends", "endnote", "equation", "figure", "implements", "no-link", "provides", "refinement", "requires", "rule", "section", "selectables", "snip", "testlist" or "xref" or an element from another namespace
/home/runner/work/tls/tls/output/effective.xml:1522:70: error: element "ext-comp-def" not allowed here; expected the element end-tag, text, element "_", "assignable", "choice", "comment", "componentsneeded", "ctr", "depends", "endnote", "equation", "figure", "implements", "no-link", "provides", "refinement", "requires", "rule", "section", "selectables", "snip", "testlist" or "xref" or an element from another namespace
/home/runner/work/tls/tls/output/effective.xml:1526:106: error: element "f-component" not allowed here; expected the element end-tag, text, element "_", "assignable", "choice", "comment", "componentsneeded", "ctr", "depends", "endnote", "equation", "figure", "implements", "no-link", "provides", "refinement", "requires", "rule", "section", "selectables", "snip", "testlist" or "xref" or an element from another namespace
/home/runner/work/tls/tls/output/effective.xml:1547:87: error: element "f-component" not allowed here; expected the element end-tag, text, element "_", "assignable", "choice", "comment", "componentsneeded", "ctr", "depends", "endnote", "equation", "figure", "implements", "no-link", "provides", "refinement", "requires", "rule", "section", "selectables", "snip", "testlist" or "xref" or an element from another namespace
/home/runner/work/tls/tls/output/effective.xml:1567:87: error: element "f-component" not allowed here; expected the element end-tag, text, element "_", "assignable", "choice", "comment", "componentsneeded", "ctr", "depends", "endnote", "equation", "figure", "implements", "no-link", "provides", "refinement", "requires", "rule", "section", "selectables", "snip", "testlist" or "xref" or an element from another namespace
/home/runner/work/tls/tls/output/effective.xml:1577:108: error: element "f-component" not allowed here; expected the element end-tag, text, element "_", "assignable", "choice", "comment", "componentsneeded", "ctr", "depends", "endnote", "equation", "figure", "implements", "no-link", "provides", "refinement", "requires", "rule", "section", "selectables", "snip", "testlist" or "xref" or an element from another namespace
/home/runner/work/tls/tls/output/effective.xml:1590:104: error: element "f-component" not allowed here; expected the element end-tag, text, element "_", "assignable", "choice", "comment", "componentsneeded", "ctr", "depends", "endnote", "equation", "figure", "implements", "no-link", "provides", "refinement", "requires", "rule", "section", "selectables", "snip", "testlist" or "xref" or an element from another namespace
/home/runner/work/tls/tls/output/effective.xml:1829:81: error: element "f-component" not allowed here; expected the element end-tag, text, element "_", "assignable", "choice", "comment", "componentsneeded", "ctr", "depends", "endnote", "equation", "figure", "implements", "no-link", "provides", "refinement", "requires", "rule", "section", "selectables", "snip", "testlist" or "xref" or an element from another namespace
/home/runner/work/tls/tls/output/effective.xml:1845:70: error: element "ext-comp-def" not allowed here; expected the element end-tag, text, element "_", "assignable", "choice", "comment", "componentsneeded", "ctr", "depends", "endnote", "equation", "figure", "implements", "no-link", "provides", "refinement", "requires", "rule", "section", "selectables", "snip", "testlist" or "xref" or an element from another namespace
/home/runner/work/tls/tls/output/effective.xml:1848:71: error: element "ext-comp-def" not allowed here; expected the element end-tag, text, element "_", "assignable", "choice", "comment", "componentsneeded", "ctr", "depends", "endnote", "equation", "figure", "implements", "no-link", "provides", "refinement", "requires", "rule", "section", "selectables", "snip", "testlist" or "xref" or an element from another namespace
/home/runner/work/tls/tls/output/effective.xml:1851:84: error: element "ext-comp-def" not allowed here; expected the element end-tag, text, element "_", "assignable", "choice", "comment", "componentsneeded", "ctr", "depends", "endnote", "equation", "figure", "implements", "no-link", "provides", "refinement", "requires", "rule", "section", "selectables", "snip", "testlist" or "xref" or an element from another namespace
/home/runner/work/tls/tls/output/effective.xml:1854:79: error: element "ext-comp-def" not allowed here; expected the element end-tag, text, element "_", "assignable", "choice", "comment", "componentsneeded", "ctr", "depends", "endnote", "equation", "figure", "implements", "no-link", "provides", "refinement", "requires", "rule", "section", "selectables", "snip", "testlist" or "xref" or an element from another namespace
/home/runner/work/tls/tls/output/effective.xml:1857:77: error: element "ext-comp-def" not allowed here; expected the element end-tag, text, element "_", "assignable", "choice", "comment", "componentsneeded", "ctr", "depends", "endnote", "equation", "figure", "implements", "no-link", "provides", "refinement", "requires", "rule", "section", "selectables", "snip", "testlist" or "xref" or an element from another namespace
/home/runner/work/tls/tls/output/effective.xml:1861:123: error: element "f-component" not allowed here; expected the element end-tag, text, element "_", "assignable", "choice", "comment", "componentsneeded", "ctr", "depends", "endnote", "equation", "figure", "implements", "no-link", "provides", "refinement", "requires", "rule", "section", "selectables", "snip", "testlist" or "xref" or an element from another namespace
/home/runner/work/tls/tls/output/effective.xml:1888:97: error: element "f-component" not allowed here; expected the element end-tag, text, element "_", "assignable", "choice", "comment", "componentsneeded", "ctr", "depends", "endnote", "equation", "figure", "implements", "no-link", "provides", "refinement", "requires", "rule", "section", "selectables", "snip", "testlist" or "xref" or an element from another namespace
/home/runner/work/tls/tls/output/effective.xml:1909:121: error: element "f-component" not allowed here; expected the element end-tag, text, element "_", "assignable", "choice", "comment", "componentsneeded", "ctr", "depends", "endnote", "equation", "figure", "implements", "no-link", "provides", "refinement", "requires", "rule", "section", "selectables", "snip", "testlist" or "xref" or an element from another namespace
/home/runner/work/tls/tls/output/effective.xml:1928:122: error: element "f-component" not allowed here; expected the element end-tag, text, element "_", "assignable", "choice", "comment", "componentsneeded", "ctr", "depends", "endnote", "equation", "figure", "implements", "no-link", "provides", "refinement", "requires", "rule", "section", "selectables", "snip", "testlist" or "xref" or an element from another namespace
/home/runner/work/tls/tls/output/effective.xml:1948:117: error: element "f-component" not allowed here; expected the element end-tag, text, element "_", "assignable", "choice", "comment", "componentsneeded", "ctr", "depends", "endnote", "equation", "figure", "implements", "no-link", "provides", "refinement", "requires", "rule", "section", "selectables", "snip", "testlist" or "xref" or an element from another namespace
/home/runner/work/tls/tls/output/effective.xml:1977:115: error: element "f-component" not allowed here; expected the element end-tag, text, element "_", "assignable", "choice", "comment", "componentsneeded", "ctr", "depends", "endnote", "equation", "figure", "implements", "no-link", "provides", "refinement", "requires", "rule", "section", "selectables", "snip", "testlist" or "xref" or an element from another namespace
/home/runner/work/tls/tls/output/effective.xml:1995:124: error: element "f-component" not allowed here; expected the element end-tag, text, element "_", "assignable", "choice", "comment", "componentsneeded", "ctr", "depends", "endnote", "equation", "figure", "implements", "no-link", "provides", "refinement", "requires", "rule", "section", "selectables", "snip", "testlist" or "xref" or an element from another namespace
/home/runner/work/tls/tls/output/effective.xml:2010:98: error: element "f-component" not allowed here; expected the element end-tag, text, element "_", "assignable", "choice", "comment", "componentsneeded", "ctr", "depends", "endnote", "equation", "figure", "implements", "no-link", "provides", "refinement", "requires", "rule", "section", "selectables", "snip", "testlist" or "xref" or an element from another namespace
/home/runner/work/tls/tls/output/effective.xml:2026:103: error: element "f-component" not allowed here; expected the element end-tag, text, element "_", "assignable", "choice", "comment", "componentsneeded", "ctr", "depends", "endnote", "equation", "figure", "implements", "no-link", "provides", "refinement", "requires", "rule", "section", "selectables", "snip", "testlist" or "xref" or an element from another namespace
/home/runner/work/tls/tls/output/effective.xml:2057:122: error: element "f-component" not allowed here; expected the element end-tag, text, element "_", "assignable", "choice", "comment", "componentsneeded", "ctr", "depends", "endnote", "equation", "figure", "implements", "no-link", "provides", "refinement", "requires", "rule", "section", "selectables", "snip", "testlist" or "xref" or an element from another namespace
/home/runner/work/tls/tls/output/effective.xml:2082:120: error: element "f-component" not allowed here; expected the element end-tag, text, element "_", "assignable", "choice", "comment", "componentsneeded", "ctr", "depends", "endnote", "equation", "figure", "implements", "no-link", "provides", "refinement", "requires", "rule", "section", "selectables", "snip", "testlist" or "xref" or an element from another namespace
/home/runner/work/tls/tls/output/effective.xml:2108:87: error: element "f-component" not allowed here; expected the element end-tag, text, element "_", "assignable", "choice", "comment", "componentsneeded", "ctr", "depends", "endnote", "equation", "figure", "implements", "no-link", "provides", "refinement", "requires", "rule", "section", "selectables", "snip", "testlist" or "xref" or an element from another namespace
/home/runner/work/tls/tls/output/effective.xml:2121:98: error: element "f-component" not allowed here; expected the element end-tag, text, element "_", "assignable", "choice", "comment", "componentsneeded", "ctr", "depends", "endnote", "equation", "figure", "implements", "no-link", "provides", "refinement", "requires", "rule", "section", "selectables", "snip", "testlist" or "xref" or an element from another namespace
/home/runner/work/tls/tls/output/effective.xml:2154:94: error: element "f-component" not allowed here; expected the element end-tag, text, element "_", "assignable", "choice", "comment", "componentsneeded", "ctr", "depends", "endnote", "equation", "figure", "implements", "no-link", "provides", "refinement", "requires", "rule", "section", "selectables", "snip", "testlist" or "xref" or an element from another namespace
/home/runner/work/tls/tls/output/effective.xml:2171:142: error: element "f-component" not allowed here; expected the element end-tag, text, element "_", "assignable", "choice", "comment", "componentsneeded", "ctr", "depends", "endnote", "equation", "figure", "implements", "no-link", "provides", "refinement", "requires", "rule", "section", "selectables", "snip", "testlist" or "xref" or an element from another namespace
/home/runner/work/tls/tls/output/effective.xml:2242:151: error: element "f-component" not allowed here; expected the element end-tag, text, element "_", "assignable", "choice", "comment", "componentsneeded", "ctr", "depends", "endnote", "equation", "figure", "implements", "no-link", "provides", "refinement", "requires", "rule", "section", "selectables", "snip", "testlist" or "xref" or an element from another namespace
/home/runner/work/tls/tls/output/effective.xml:2307:141: error: element "f-component" not allowed here; expected the element end-tag, text, element "_", "assignable", "choice", "comment", "componentsneeded", "ctr", "depends", "endnote", "equation", "figure", "implements", "no-link", "provides", "refinement", "requires", "rule", "section", "selectables", "snip", "testlist" or "xref" or an element from another namespace
/home/runner/work/tls/tls/output/effective.xml:2343:83: error: element "ext-comp-def" not allowed here; expected the element end-tag, text, element "_", "assignable", "choice", "comment", "componentsneeded", "ctr", "depends", "endnote", "equation", "figure", "implements", "no-link", "provides", "refinement", "requires", "rule", "section", "selectables", "snip", "testlist" or "xref" or an element from another namespace
/home/runner/work/tls/tls/output/effective.xml:2346:82: error: element "ext-comp-def" not allowed here; expected the element end-tag, text, element "_", "assignable", "choice", "comment", "componentsneeded", "ctr", "depends", "endnote", "equation", "figure", "implements", "no-link", "provides", "refinement", "requires", "rule", "section", "selectables", "snip", "testlist" or "xref" or an element from another namespace
/home/runner/work/tls/tls/output/effective.xml:2349:81: error: element "ext-comp-def" not allowed here; expected the element end-tag, text, element "_", "assignable", "choice", "comment", "componentsneeded", "ctr", "depends", "endnote", "equation", "figure", "implements", "no-link", "provides", "refinement", "requires", "rule", "section", "selectables", "snip", "testlist" or "xref" or an element from another namespace
/home/runner/work/tls/tls/output/effective.xml:2353:123: error: element "f-component" not allowed here; expected the element end-tag, text, element "_", "assignable", "choice", "comment", "componentsneeded", "ctr", "depends", "endnote", "equation", "figure", "implements", "no-link", "provides", "refinement", "requires", "rule", "section", "selectables", "snip", "testlist" or "xref" or an element from another namespace
/home/runner/work/tls/tls/output/effective.xml:2385:123: error: element "f-component" not allowed here; expected the element end-tag, text, element "_", "assignable", "choice", "comment", "componentsneeded", "ctr", "depends", "endnote", "equation", "figure", "implements", "no-link", "provides", "refinement", "requires", "rule", "section", "selectables", "snip", "testlist" or "xref" or an element from another namespace
/home/runner/work/tls/tls/output/effective.xml:2402:122: error: element "f-component" not allowed here; expected the element end-tag, text, element "_", "assignable", "choice", "comment", "componentsneeded", "ctr", "depends", "endnote", "equation", "figure", "implements", "no-link", "provides", "refinement", "requires", "rule", "section", "selectables", "snip", "testlist" or "xref" or an element from another namespace
/home/runner/work/tls/tls/output/effective.xml:2419:98: error: element "f-component" not allowed here; expected the element end-tag, text, element "_", "assignable", "choice", "comment", "componentsneeded", "ctr", "depends", "endnote", "equation", "figure", "implements", "no-link", "provides", "refinement", "requires", "rule", "section", "selectables", "snip", "testlist" or "xref" or an element from another namespace
/home/runner/work/tls/tls/output/effective.xml:2466:90: error: element "a-component" not allowed anywhere; expected the element end-tag, text, element "_", "assignable", "choice", "comment", "componentsneeded", "ctr", "depends", "endnote", "equation", "figure", "implements", "no-link", "provides", "refinement", "requires", "rule", "section", "selectables", "snip", "testlist" or "xref" or an element from another namespace
/home/runner/work/tls/tls/output/effective.xml:2469:83: error: element "a-component" not allowed anywhere; expected the element end-tag, text, element "_", "assignable", "choice", "comment", "componentsneeded", "ctr", "depends", "endnote", "equation", "figure", "implements", "no-link", "provides", "refinement", "requires", "rule", "section", "selectables", "snip", "testlist" or "xref" or an element from another namespace
/home/runner/work/tls/tls/output/effective.xml:2470:25: error: element "a-component" not allowed anywhere; expected the element end-tag, text, element "_", "assignable", "choice", "comment", "componentsneeded", "ctr", "depends", "endnote", "equation", "figure", "implements", "no-link", "provides", "refinement", "requires", "rule", "section", "selectables", "snip", "testlist" or "xref" or an element from another namespace
/home/runner/work/tls/tls/output/effective.xml:2473:112: error: element "a-component" not allowed anywhere; expected the element end-tag, text, element "_", "assignable", "choice", "comment", "componentsneeded", "ctr", "depends", "endnote", "equation", "figure", "implements", "no-link", "provides", "refinement", "requires", "rule", "section", "selectables", "snip", "testlist" or "xref" or an element from another namespace
/home/runner/work/tls/tls/output/effective.xml:2474:608: error: element "a-component" not allowed anywhere; expected the element end-tag, text, element "_", "assignable", "choice", "comment", "componentsneeded", "ctr", "depends", "endnote", "equation", "figure", "implements", "no-link", "provides", "refinement", "requires", "rule", "section", "selectables", "snip", "testlist" or "xref" or an element from another namespace
/home/runner/work/tls/tls/output/effective.xml:2475:25: error: element "a-component" not allowed anywhere; expected the element end-tag, text, element "_", "assignable", "choice", "comment", "componentsneeded", "ctr", "depends", "endnote", "equation", "figure", "implements", "no-link", "provides", "refinement", "requires", "rule", "section", "selectables", "snip", "testlist" or "xref" or an element from another namespace
/home/runner/work/tls/tls/output/effective.xml:2478:149: error: element "a-component" not allowed anywhere; expected the element end-tag, text, element "_", "assignable", "choice", "comment", "componentsneeded", "ctr", "depends", "endnote", "equation", "figure", "implements", "no-link", "provides", "refinement", "requires", "rule", "section", "selectables", "snip", "testlist" or "xref" or an element from another namespace
/home/runner/work/tls/tls/output/effective.xml:2479:25: error: element "a-component" not allowed anywhere; expected the element end-tag, text, element "_", "assignable", "choice", "comment", "componentsneeded", "ctr", "depends", "endnote", "equation", "figure", "implements", "no-link", "provides", "refinement", "requires", "rule", "section", "selectables", "snip", "testlist" or "xref" or an element from another namespace
/home/runner/work/tls/tls/output/effective.xml:2482:146: error: element "a-component" not allowed anywhere; expected the element end-tag, text, element "_", "assignable", "choice", "comment", "componentsneeded", "ctr", "depends", "endnote", "equation", "figure", "implements", "no-link", "provides", "refinement", "requires", "rule", "section", "selectables", "snip", "testlist" or "xref" or an element from another namespace
/home/runner/work/tls/tls/output/effective.xml:2483:25: error: element "a-component" not allowed anywhere; expected the element end-tag, text, element "_", "assignable", "choice", "comment", "componentsneeded", "ctr", "depends", "endnote", "equation", "figure", "implements", "no-link", "provides", "refinement", "requires", "rule", "section", "selectables", "snip", "testlist" or "xref" or an element from another namespace
/home/runner/work/tls/tls/output/effective.xml:2486:150: error: element "a-component" not allowed anywhere; expected the element end-tag, text, element "_", "assignable", "choice", "comment", "componentsneeded", "ctr", "depends", "endnote", "equation", "figure", "implements", "no-link", "provides", "refinement", "requires", "rule", "section", "selectables", "snip", "testlist" or "xref" or an element from another namespace
/home/runner/work/tls/tls/output/effective.xml:2487:25: error: element "a-component" not allowed anywhere; expected the element end-tag, text, element "_", "assignable", "choice", "comment", "componentsneeded", "ctr", "depends", "endnote", "equation", "figure", "implements", "no-link", "provides", "refinement", "requires", "rule", "section", "selectables", "snip", "testlist" or "xref" or an element from another namespace
/home/runner/work/tls/tls/output/effective.xml:2490:119: error: element "a-component" not allowed anywhere; expected the element end-tag, text, element "_", "assignable", "choice", "comment", "componentsneeded", "ctr", "depends", "endnote", "equation", "figure", "implements", "no-link", "provides", "refinement", "requires", "rule", "section", "selectables", "snip", "testlist" or "xref" or an element from another namespace
/home/runner/work/tls/tls/output/effective.xml:2491:25: error: element "a-component" not allowed anywhere; expected the element end-tag, text, element "_", "assignable", "choice", "comment", "componentsneeded", "ctr", "depends", "endnote", "equation", "figure", "implements", "no-link", "provides", "refinement", "requires", "rule", "section", "selectables", "snip", "testlist" or "xref" or an element from another namespace
/home/runner/work/tls/tls/output/effective.xml:2494:150: error: element "a-component" not allowed anywhere; expected the element end-tag, text, element "_", "assignable", "choice", "comment", "componentsneeded", "ctr", "depends", "endnote", "equation", "figure", "implements", "no-link", "provides", "refinement", "requires", "rule", "section", "selectables", "snip", "testlist" or "xref" or an element from another namespace
/home/runner/work/tls/tls/output/effective.xml:2495:25: error: element "a-component" not allowed anywhere; expected the element end-tag, text, element "_", "assignable", "choice", "comment", "componentsneeded", "ctr", "depends", "endnote", "equation", "figure", "implements", "no-link", "provides", "refinement", "requires", "rule", "section", "selectables", "snip", "testlist" or "xref" or an element from another namespace
/home/runner/work/tls/tls/output/effective.xml:2498:146: error: element "a-component" not allowed anywhere; expected the element end-tag, text, element "_", "assignable", "choice", "comment", "componentsneeded", "ctr", "depends", "endnote", "equation", "figure", "implements", "no-link", "provides", "refinement", "requires", "rule", "section", "selectables", "snip", "testlist" or "xref" or an element from another namespace
/home/runner/work/tls/tls/output/effective.xml:2499:664: error: element "a-component" not allowed anywhere; expected the element end-tag, text, element "_", "assignable", "choice", "comment", "componentsneeded", "ctr", "depends", "endnote", "equation", "figure", "implements", "no-link", "provides", "refinement", "requires", "rule", "section", "selectables", "snip", "testlist" or "xref" or an element from another namespace
/home/runner/work/tls/tls/output/effective.xml:2505:85: error: element "a-component" not allowed anywhere; expected the element end-tag, text, element "_", "assignable", "choice", "comment", "componentsneeded", "ctr", "depends", "endnote", "equation", "figure", "implements", "no-link", "provides", "refinement", "requires", "rule", "section", "selectables", "snip", "testlist" or "xref" or an element from another namespace
/home/runner/work/tls/tls/output/effective.xml:2507:82: error: element "a-component" not allowed anywhere; expected the element end-tag, text, element "_", "assignable", "choice", "comment", "componentsneeded", "ctr", "depends", "endnote", "equation", "figure", "implements", "no-link", "provides", "refinement", "requires", "rule", "section", "selectables", "snip", "testlist" or "xref" or an element from another namespace
/home/runner/work/tls/tls/output/effective.xml:2508:513: error: element "a-component" not allowed anywhere; expected the element end-tag, text, element "_", "assignable", "choice", "comment", "componentsneeded", "ctr", "depends", "endnote", "equation", "figure", "implements", "no-link", "provides", "refinement", "requires", "rule", "section", "selectables", "snip", "testlist" or "xref" or an element from another namespace
/home/runner/work/tls/tls/output/effective.xml:2509:25: error: element "a-component" not allowed anywhere; expected the element end-tag, text, element "_", "assignable", "choice", "comment", "componentsneeded", "ctr", "depends", "endnote", "equation", "figure", "implements", "no-link", "provides", "refinement", "requires", "rule", "section", "selectables", "snip", "testlist" or "xref" or an element from another namespace
/home/runner/work/tls/tls/output/effective.xml:2512:232: error: element "a-component" not allowed anywhere; expected the element end-tag, text, element "_", "assignable", "choice", "comment", "componentsneeded", "ctr", "depends", "endnote", "equation", "figure", "implements", "no-link", "provides", "refinement", "requires", "rule", "section", "selectables", "snip", "testlist" or "xref" or an element from another namespace
/home/runner/work/tls/tls/output/effective.xml:2513:120: error: element "a-component" not allowed anywhere; expected the element end-tag, text, element "_", "assignable", "choice", "comment", "componentsneeded", "ctr", "depends", "endnote", "equation", "figure", "implements", "no-link", "provides", "refinement", "requires", "rule", "section", "selectables", "snip", "testlist" or "xref" or an element from another namespace
/home/runner/work/tls/tls/output/effective.xml:2514:25: error: element "a-component" not allowed anywhere; expected the element end-tag, text, element "_", "assignable", "choice", "comment", "componentsneeded", "ctr", "depends", "endnote", "equation", "figure", "implements", "no-link", "provides", "refinement", "requires", "rule", "section", "selectables", "snip", "testlist" or "xref" or an element from another namespace
/home/runner/work/tls/tls/output/effective.xml:2517:169: error: element "a-component" not allowed anywhere; expected the element end-tag, text, element "_", "assignable", "choice", "comment", "componentsneeded", "ctr", "depends", "endnote", "equation", "figure", "implements", "no-link", "provides", "refinement", "requires", "rule", "section", "selectables", "snip", "testlist" or "xref" or an element from another namespace
/home/runner/work/tls/tls/output/effective.xml:2518:25: error: element "a-component" not allowed anywhere; expected the element end-tag, text, element "_", "assignable", "choice", "comment", "componentsneeded", "ctr", "depends", "endnote", "equation", "figure", "implements", "no-link", "provides", "refinement", "requires", "rule", "section", "selectables", "snip", "testlist" or "xref" or an element from another namespace
/home/runner/work/tls/tls/output/effective.xml:2521:243: error: element "a-component" not allowed anywhere; expected the element end-tag, text, element "_", "assignable", "choice", "comment", "componentsneeded", "ctr", "depends", "endnote", "equation", "figure", "implements", "no-link", "provides", "refinement", "requires", "rule", "section", "selectables", "snip", "testlist" or "xref" or an element from another namespace
/home/runner/work/tls/tls/output/effective.xml:2522:599: error: element "a-component" not allowed anywhere; expected the element end-tag, text, element "_", "assignable", "choice", "comment", "componentsneeded", "ctr", "depends", "endnote", "equation", "figure", "implements", "no-link", "provides", "refinement", "requires", "rule", "section", "selectables", "snip", "testlist" or "xref" or an element from another namespace
/home/runner/work/tls/tls/output/effective.xml:2523:25: error: element "a-component" not allowed anywhere; expected the element end-tag, text, element "_", "assignable", "choice", "comment", "componentsneeded", "ctr", "depends", "endnote", "equation", "figure", "implements", "no-link", "provides", "refinement", "requires", "rule", "section", "selectables", "snip", "testlist" or "xref" or an element from another namespace
/home/runner/work/tls/tls/output/effective.xml:2526:296: error: element "a-component" not allowed anywhere; expected the element end-tag, text, element "_", "assignable", "choice", "comment", "componentsneeded", "ctr", "depends", "endnote", "equation", "figure", "implements", "no-link", "provides", "refinement", "requires", "rule", "section", "selectables", "snip", "testlist" or "xref" or an element from another namespace
/home/runner/work/tls/tls/output/effective.xml:2527:25: error: element "a-component" not allowed anywhere; expected the element end-tag, text, element "_", "assignable", "choice", "comment", "componentsneeded", "ctr", "depends", "endnote", "equation", "figure", "implements", "no-link", "provides", "refinement", "requires", "rule", "section", "selectables", "snip", "testlist" or "xref" or an element from another namespace
/home/runner/work/tls/tls/output/effective.xml:2530:248: error: element "a-component" not allowed anywhere; expected the element end-tag, text, element "_", "assignable", "choice", "comment", "componentsneeded", "ctr", "depends", "endnote", "equation", "figure", "implements", "no-link", "provides", "refinement", "requires", "rule", "section", "selectables", "snip", "testlist" or "xref" or an element from another namespace
/home/runner/work/tls/tls/output/effective.xml:2531:25: error: element "a-component" not allowed anywhere; expected the element end-tag, text, element "_", "assignable", "choice", "comment", "componentsneeded", "ctr", "depends", "endnote", "equation", "figure", "implements", "no-link", "provides", "refinement", "requires", "rule", "section", "selectables", "snip", "testlist" or "xref" or an element from another namespace
/home/runner/work/tls/tls/output/effective.xml:2534:230: error: element "a-component" not allowed anywhere; expected the element end-tag, text, element "_", "assignable", "choice", "comment", "componentsneeded", "ctr", "depends", "endnote", "equation", "figure", "implements", "no-link", "provides", "refinement", "requires", "rule", "section", "selectables", "snip", "testlist" or "xref" or an element from another namespace
/home/runner/work/tls/tls/output/effective.xml:2535:25: error: element "a-component" not allowed anywhere; expected the element end-tag, text, element "_", "assignable", "choice", "comment", "componentsneeded", "ctr", "depends", "endnote", "equation", "figure", "implements", "no-link", "provides", "refinement", "requires", "rule", "section", "selectables", "snip", "testlist" or "xref" or an element from another namespace
/home/runner/work/tls/tls/output/effective.xml:2538:88: error: element "a-component" not allowed anywhere; expected the element end-tag, text, element "_", "assignable", "choice", "comment", "componentsneeded", "ctr", "depends", "endnote", "equation", "figure", "implements", "no-link", "provides", "refinement", "requires", "rule", "section", "selectables", "snip", "testlist" or "xref" or an element from another namespace
/home/runner/work/tls/tls/output/effective.xml:2539:25: error: element "a-component" not allowed anywhere; expected the element end-tag, text, element "_", "assignable", "choice", "comment", "componentsneeded", "ctr", "depends", "endnote", "equation", "figure", "implements", "no-link", "provides", "refinement", "requires", "rule", "section", "selectables", "snip", "testlist" or "xref" or an element from another namespace
/home/runner/work/tls/tls/output/effective.xml:2542:150: error: element "a-component" not allowed anywhere; expected the element end-tag, text, element "_", "assignable", "choice", "comment", "componentsneeded", "ctr", "depends", "endnote", "equation", "figure", "implements", "no-link", "provides", "refinement", "requires", "rule", "section", "selectables", "snip", "testlist" or "xref" or an element from another namespace
/home/runner/work/tls/tls/output/effective.xml:2543:1530: error: element "a-component" not allowed anywhere; expected the element end-tag, text, element "_", "assignable", "choice", "comment", "componentsneeded", "ctr", "depends", "endnote", "equation", "figure", "implements", "no-link", "provides", "refinement", "requires", "rule", "section", "selectables", "snip", "testlist" or "xref" or an element from another namespace
/home/runner/work/tls/tls/output/effective.xml:2546:82: error: element "a-component" not allowed anywhere; expected the element end-tag, text, element "_", "assignable", "choice", "comment", "componentsneeded", "ctr", "depends", "endnote", "equation", "figure", "implements", "no-link", "provides", "refinement", "requires", "rule", "section", "selectables", "snip", "testlist" or "xref" or an element from another namespace
/home/runner/work/tls/tls/output/effective.xml:2548:102: error: element "a-component" not allowed anywhere; expected the element end-tag, text, element "_", "assignable", "choice", "comment", "componentsneeded", "ctr", "depends", "endnote", "equation", "figure", "implements", "no-link", "provides", "refinement", "requires", "rule", "section", "selectables", "snip", "testlist" or "xref" or an element from another namespace
/home/runner/work/tls/tls/output/effective.xml:2549:207: error: element "a-component" not allowed anywhere; expected the element end-tag, text, element "_", "assignable", "choice", "comment", "componentsneeded", "ctr", "depends", "endnote", "equation", "figure", "implements", "no-link", "provides", "refinement", "requires", "rule", "section", "selectables", "snip", "testlist" or "xref" or an element from another namespace
/home/runner/work/tls/tls/output/effective.xml:2550:25: error: element "a-component" not allowed anywhere; expected the element end-tag, text, element "_", "assignable", "choice", "comment", "componentsneeded", "ctr", "depends", "endnote", "equation", "figure", "implements", "no-link", "provides", "refinement", "requires", "rule", "section", "selectables", "snip", "testlist" or "xref" or an element from another namespace
/home/runner/work/tls/tls/output/effective.xml:2553:192: error: element "a-component" not allowed anywhere; expected the element end-tag, text, element "_", "assignable", "choice", "comment", "componentsneeded", "ctr", "depends", "endnote", "equation", "figure", "implements", "no-link", "provides", "refinement", "requires", "rule", "section", "selectables", "snip", "testlist" or "xref" or an element from another namespace
/home/runner/work/tls/tls/output/effective.xml:2554:25: error: element "a-component" not allowed anywhere; expected the element end-tag, text, element "_", "assignable", "choice", "comment", "componentsneeded", "ctr", "depends", "endnote", "equation", "figure", "implements", "no-link", "provides", "refinement", "requires", "rule", "section", "selectables", "snip", "testlist" or "xref" or an element from another namespace
/home/runner/work/tls/tls/output/effective.xml:2557:289: error: element "a-component" not allowed anywhere; expected the element end-tag, text, element "_", "assignable", "choice", "comment", "componentsneeded", "ctr", "depends", "endnote", "equation", "figure", "implements", "no-link", "provides", "refinement", "requires", "rule", "section", "selectables", "snip", "testlist" or "xref" or an element from another namespace
/home/runner/work/tls/tls/output/effective.xml:2558:25: error: element "a-component" not allowed anywhere; expected the element end-tag, text, element "_", "assignable", "choice", "comment", "componentsneeded", "ctr", "depends", "endnote", "equation", "figure", "implements", "no-link", "provides", "refinement", "requires", "rule", "section", "selectables", "snip", "testlist" or "xref" or an element from another namespace
/home/runner/work/tls/tls/output/effective.xml:2561:150: error: element "a-component" not allowed anywhere; expected the element end-tag, text, element "_", "assignable", "choice", "comment", "componentsneeded", "ctr", "depends", "endnote", "equation", "figure", "implements", "no-link", "provides", "refinement", "requires", "rule", "section", "selectables", "snip", "testlist" or "xref" or an element from another namespace
/home/runner/work/tls/tls/output/effective.xml:2562:25: error: element "a-component" not allowed anywhere; expected the element end-tag, text, element "_", "assignable", "choice", "comment", "componentsneeded", "ctr", "depends", "endnote", "equation", "figure", "implements", "no-link", "provides", "refinement", "requires", "rule", "section", "selectables", "snip", "testlist" or "xref" or an element from another namespace
/home/runner/work/tls/tls/output/effective.xml:2565:144: error: element "a-component" not allowed anywhere; expected the element end-tag, text, element "_", "assignable", "choice", "comment", "componentsneeded", "ctr", "depends", "endnote", "equation", "figure", "implements", "no-link", "provides", "refinement", "requires", "rule", "section", "selectables", "snip", "testlist" or "xref" or an element from another namespace
/home/runner/work/tls/tls/output/effective.xml:2566:240: error: element "a-component" not allowed anywhere; expected the element end-tag, text, element "_", "assignable", "choice", "comment", "componentsneeded", "ctr", "depends", "endnote", "equation", "figure", "implements", "no-link", "provides", "refinement", "requires", "rule", "section", "selectables", "snip", "testlist" or "xref" or an element from another namespace
/home/runner/work/tls/tls/output/effective.xml:2572:79: error: element "a-component" not allowed anywhere; expected the element end-tag, text, element "_", "assignable", "choice", "comment", "componentsneeded", "ctr", "depends", "endnote", "equation", "figure", "implements", "no-link", "provides", "refinement", "requires", "rule", "section", "selectables", "snip", "testlist" or "xref" or an element from another namespace
/home/runner/work/tls/tls/output/effective.xml:2575:92: error: element "a-component" not allowed anywhere; expected the element end-tag, text, element "_", "assignable", "choice", "comment", "componentsneeded", "ctr", "depends", "endnote", "equation", "figure", "implements", "no-link", "provides", "refinement", "requires", "rule", "section", "selectables", "snip", "testlist" or "xref" or an element from another namespace
/home/runner/work/tls/tls/output/effective.xml:2576:25: error: element "a-component" not allowed anywhere; expected the element end-tag, text, element "_", "assignable", "choice", "comment", "componentsneeded", "ctr", "depends", "endnote", "equation", "figure", "implements", "no-link", "provides", "refinement", "requires", "rule", "section", "selectables", "snip", "testlist" or "xref" or an element from another namespace
/home/runner/work/tls/tls/output/effective.xml:2579:77: error: element "a-component" not allowed anywhere; expected the element end-tag, text, element "_", "assignable", "choice", "comment", "componentsneeded", "ctr", "depends", "endnote", "equation", "figure", "implements", "no-link", "provides", "refinement", "requires", "rule", "section", "selectables", "snip", "testlist" or "xref" or an element from another namespace
/home/runner/work/tls/tls/output/effective.xml:2580:242: error: element "a-component" not allowed anywhere; expected the element end-tag, text, element "_", "assignable", "choice", "comment", "componentsneeded", "ctr", "depends", "endnote", "equation", "figure", "implements", "no-link", "provides", "refinement", "requires", "rule", "section", "selectables", "snip", "testlist" or "xref" or an element from another namespace
/home/runner/work/tls/tls/output/effective.xml:2581:25: error: element "a-component" not allowed anywhere; expected the element end-tag, text, element "_", "assignable", "choice", "comment", "componentsneeded", "ctr", "depends", "endnote", "equation", "figure", "implements", "no-link", "provides", "refinement", "requires", "rule", "section", "selectables", "snip", "testlist" or "xref" or an element from another namespace
/home/runner/work/tls/tls/output/effective.xml:2584:150: error: element "a-component" not allowed anywhere; expected the element end-tag, text, element "_", "assignable", "choice", "comment", "componentsneeded", "ctr", "depends", "endnote", "equation", "figure", "implements", "no-link", "provides", "refinement", "requires", "rule", "section", "selectables", "snip", "testlist" or "xref" or an element from another namespace
/home/runner/work/tls/tls/output/effective.xml:2585:564: error: element "a-component" not allowed anywhere; expected the element end-tag, text, element "_", "assignable", "choice", "comment", "componentsneeded", "ctr", "depends", "endnote", "equation", "figure", "implements", "no-link", "provides", "refinement", "requires", "rule", "section", "selectables", "snip", "testlist" or "xref" or an element from another namespace
/home/runner/work/tls/tls/output/effective.xml:2588:75: error: element "a-component" not allowed anywhere; expected the element end-tag, text, element "_", "assignable", "choice", "comment", "componentsneeded", "ctr", "depends", "endnote", "equation", "figure", "implements", "no-link", "provides", "refinement", "requires", "rule", "section", "selectables", "snip", "testlist" or "xref" or an element from another namespace
/home/runner/work/tls/tls/output/effective.xml:2591:89: error: element "a-component" not allowed anywhere; expected the element end-tag, text, element "_", "assignable", "choice", "comment", "componentsneeded", "ctr", "depends", "endnote", "equation", "figure", "implements", "no-link", "provides", "refinement", "requires", "rule", "section", "selectables", "snip", "testlist" or "xref" or an element from another namespace
/home/runner/work/tls/tls/output/effective.xml:2592:25: error: element "a-component" not allowed anywhere; expected the element end-tag, text, element "_", "assignable", "choice", "comment", "componentsneeded", "ctr", "depends", "endnote", "equation", "figure", "implements", "no-link", "provides", "refinement", "requires", "rule", "section", "selectables", "snip", "testlist" or "xref" or an element from another namespace
/home/runner/work/tls/tls/output/effective.xml:2595:145: error: element "a-component" not allowed anywhere; expected the element end-tag, text, element "_", "assignable", "choice", "comment", "componentsneeded", "ctr", "depends", "endnote", "equation", "figure", "implements", "no-link", "provides", "refinement", "requires", "rule", "section", "selectables", "snip", "testlist" or "xref" or an element from another namespace
/home/runner/work/tls/tls/output/effective.xml:2596:25: error: element "a-component" not allowed anywhere; expected the element end-tag, text, element "_", "assignable", "choice", "comment", "componentsneeded", "ctr", "depends", "endnote", "equation", "figure", "implements", "no-link", "provides", "refinement", "requires", "rule", "section", "selectables", "snip", "testlist" or "xref" or an element from another namespace
/home/runner/work/tls/tls/output/effective.xml:2599:99: error: element "a-component" not allowed anywhere; expected the element end-tag, text, element "_", "assignable", "choice", "comment", "componentsneeded", "ctr", "depends", "endnote", "equation", "figure", "implements", "no-link", "provides", "refinement", "requires", "rule", "section", "selectables", "snip", "testlist" or "xref" or an element from another namespace
/home/runner/work/tls/tls/output/effective.xml:2600:25: error: element "a-component" not allowed anywhere; expected the element end-tag, text, element "_", "assignable", "choice", "comment", "componentsneeded", "ctr", "depends", "endnote", "equation", "figure", "implements", "no-link", "provides", "refinement", "requires", "rule", "section", "selectables", "snip", "testlist" or "xref" or an element from another namespace
/home/runner/work/tls/tls/output/effective.xml:2603:150: error: element "a-component" not allowed anywhere; expected the element end-tag, text, element "_", "assignable", "choice", "comment", "componentsneeded", "ctr", "depends", "endnote", "equation", "figure", "implements", "no-link", "provides", "refinement", "requires", "rule", "section", "selectables", "snip", "testlist" or "xref" or an element from another namespace
/home/runner/work/tls/tls/output/effective.xml:2604:1907: error: element "a-component" not allowed anywhere; expected the element end-tag, text, element "_", "assignable", "choice", "comment", "componentsneeded", "ctr", "depends", "endnote", "equation", "figure", "implements", "no-link", "provides", "refinement", "requires", "rule", "section", "selectables", "snip", "testlist" or "xref" or an element from another namespace
/home/runner/work/tls/tls/output/effective.xml:2607:100: error: element "a-component" not allowed anywhere; expected the element end-tag, text, element "_", "assignable", "choice", "comment", "componentsneeded", "ctr", "depends", "endnote", "equation", "figure", "implements", "no-link", "provides", "refinement", "requires", "rule", "section", "selectables", "snip", "testlist" or "xref" or an element from another namespace
/home/runner/work/tls/tls/output/effective.xml:2609:125: error: element "a-component" not allowed anywhere; expected the element end-tag, text, element "_", "assignable", "choice", "comment", "componentsneeded", "ctr", "depends", "endnote", "equation", "figure", "implements", "no-link", "provides", "refinement", "requires", "rule", "section", "selectables", "snip", "testlist" or "xref" or an element from another namespace
/home/runner/work/tls/tls/output/effective.xml:2610:25: error: element "a-component" not allowed anywhere; expected the element end-tag, text, element "_", "assignable", "choice", "comment", "componentsneeded", "ctr", "depends", "endnote", "equation", "figure", "implements", "no-link", "provides", "refinement", "requires", "rule", "section", "selectables", "snip", "testlist" or "xref" or an element from another namespace
/home/runner/work/tls/tls/output/effective.xml:2613:173: error: element "a-component" not allowed anywhere; expected the element end-tag, text, element "_", "assignable", "choice", "comment", "componentsneeded", "ctr", "depends", "endnote", "equation", "figure", "implements", "no-link", "provides", "refinement", "requires", "rule", "section", "selectables", "snip", "testlist" or "xref" or an element from another namespace
/home/runner/work/tls/tls/output/effective.xml:2614:25: error: element "a-component" not allowed anywhere; expected the element end-tag, text, element "_", "assignable", "choice", "comment", "componentsneeded", "ctr", "depends", "endnote", "equation", "figure", "implements", "no-link", "provides", "refinement", "requires", "rule", "section", "selectables", "snip", "testlist" or "xref" or an element from another namespace
/home/runner/work/tls/tls/output/effective.xml:2617:212: error: element "a-component" not allowed anywhere; expected the element end-tag, text, element "_", "assignable", "choice", "comment", "componentsneeded", "ctr", "depends", "endnote", "equation", "figure", "implements", "no-link", "provides", "refinement", "requires", "rule", "section", "selectables", "snip", "testlist" or "xref" or an element from another namespace
/home/runner/work/tls/tls/output/effective.xml:2618:25: error: element "a-component" not allowed anywhere; expected the element end-tag, text, element "_", "assignable", "choice", "comment", "componentsneeded", "ctr", "depends", "endnote", "equation", "figure", "implements", "no-link", "provides", "refinement", "requires", "rule", "section", "selectables", "snip", "testlist" or "xref" or an element from another namespace
/home/runner/work/tls/tls/output/effective.xml:2621:143: error: element "a-component" not allowed anywhere; expected the element end-tag, text, element "_", "assignable", "choice", "comment", "componentsneeded", "ctr", "depends", "endnote", "equation", "figure", "implements", "no-link", "provides", "refinement", "requires", "rule", "section", "selectables", "snip", "testlist" or "xref" or an element from another namespace
/home/runner/work/tls/tls/output/effective.xml:2622:25: error: element "a-component" not allowed anywhere; expected the element end-tag, text, element "_", "assignable", "choice", "comment", "componentsneeded", "ctr", "depends", "endnote", "equation", "figure", "implements", "no-link", "provides", "refinement", "requires", "rule", "section", "selectables", "snip", "testlist" or "xref" or an element from another namespace
/home/runner/work/tls/tls/output/effective.xml:2625:195: error: element "a-component" not allowed anywhere; expected the element end-tag, text, element "_", "assignable", "choice", "comment", "componentsneeded", "ctr", "depends", "endnote", "equation", "figure", "implements", "no-link", "provides", "refinement", "requires", "rule", "section", "selectables", "snip", "testlist" or "xref" or an element from another namespace
/home/runner/work/tls/tls/output/effective.xml:2626:25: error: element "a-component" not allowed anywhere; expected the element end-tag, text, element "_", "assignable", "choice", "comment", "componentsneeded", "ctr", "depends", "endnote", "equation", "figure", "implements", "no-link", "provides", "refinement", "requires", "rule", "section", "selectables", "snip", "testlist" or "xref" or an element from another namespace
/home/runner/work/tls/tls/output/effective.xml:2629:150: error: element "a-component" not allowed anywhere; expected the element end-tag, text, element "_", "assignable", "choice", "comment", "componentsneeded", "ctr", "depends", "endnote", "equation", "figure", "implements", "no-link", "provides", "refinement", "requires", "rule", "section", "selectables", "snip", "testlist" or "xref" or an element from another namespace
/home/runner/work/tls/tls/output/effective.xml:2630:143: error: element "a-component" not allowed anywhere; expected the element end-tag, text, element "_", "assignable", "choice", "comment", "componentsneeded", "ctr", "depends", "endnote", "equation", "figure", "implements", "no-link", "provides", "refinement", "requires", "rule", "section", "selectables", "snip", "testlist" or "xref" or an element from another namespace
/home/runner/work/tls/tls/output/effective.xml:2633:103: error: element "a-component" not allowed anywhere; expected the element end-tag, text, element "_", "assignable", "choice", "comment", "componentsneeded", "ctr", "depends", "endnote", "equation", "figure", "implements", "no-link", "provides", "refinement", "requires", "rule", "section", "selectables", "snip", "testlist" or "xref" or an element from another namespace
/home/runner/work/tls/tls/output/effective.xml:2635:125: error: element "a-component" not allowed anywhere; expected the element end-tag, text, element "_", "assignable", "choice", "comment", "componentsneeded", "ctr", "depends", "endnote", "equation", "figure", "implements", "no-link", "provides", "refinement", "requires", "rule", "section", "selectables", "snip", "testlist" or "xref" or an element from another namespace
/home/runner/work/tls/tls/output/effective.xml:2636:25: error: element "a-component" not allowed anywhere; expected the element end-tag, text, element "_", "assignable", "choice", "comment", "componentsneeded", "ctr", "depends", "endnote", "equation", "figure", "implements", "no-link", "provides", "refinement", "requires", "rule", "section", "selectables", "snip", "testlist" or "xref" or an element from another namespace
/home/runner/work/tls/tls/output/effective.xml:2639:174: error: element "a-component" not allowed anywhere; expected the element end-tag, text, element "_", "assignable", "choice", "comment", "componentsneeded", "ctr", "depends", "endnote", "equation", "figure", "implements", "no-link", "provides", "refinement", "requires", "rule", "section", "selectables", "snip", "testlist" or "xref" or an element from another namespace
/home/runner/work/tls/tls/output/effective.xml:2640:25: error: element "a-component" not allowed anywhere; expected the element end-tag, text, element "_", "assignable", "choice", "comment", "componentsneeded", "ctr", "depends", "endnote", "equation", "figure", "implements", "no-link", "provides", "refinement", "requires", "rule", "section", "selectables", "snip", "testlist" or "xref" or an element from another namespace
/home/runner/work/tls/tls/output/effective.xml:2643:105: error: element "a-component" not allowed anywhere; expected the element end-tag, text, element "_", "assignable", "choice", "comment", "componentsneeded", "ctr", "depends", "endnote", "equation", "figure", "implements", "no-link", "provides", "refinement", "requires", "rule", "section", "selectables", "snip", "testlist" or "xref" or an element from another namespace
/home/runner/work/tls/tls/output/effective.xml:2644:25: error: element "a-component" not allowed anywhere; expected the element end-tag, text, element "_", "assignable", "choice", "comment", "componentsneeded", "ctr", "depends", "endnote", "equation", "figure", "implements", "no-link", "provides", "refinement", "requires", "rule", "section", "selectables", "snip", "testlist" or "xref" or an element from another namespace
/home/runner/work/tls/tls/output/effective.xml:2647:173: error: element "a-component" not allowed anywhere; expected the element end-tag, text, element "_", "assignable", "choice", "comment", "componentsneeded", "ctr", "depends", "endnote", "equation", "figure", "implements", "no-link", "provides", "refinement", "requires", "rule", "section", "selectables", "snip", "testlist" or "xref" or an element from another namespace
/home/runner/work/tls/tls/output/effective.xml:2648:25: error: element "a-component" not allowed anywhere; expected the element end-tag, text, element "_", "assignable", "choice", "comment", "componentsneeded", "ctr", "depends", "endnote", "equation", "figure", "implements", "no-link", "provides", "refinement", "requires", "rule", "section", "selectables", "snip", "testlist" or "xref" or an element from another namespace
/home/runner/work/tls/tls/output/effective.xml:2651:212: error: element "a-component" not allowed anywhere; expected the element end-tag, text, element "_", "assignable", "choice", "comment", "componentsneeded", "ctr", "depends", "endnote", "equation", "figure", "implements", "no-link", "provides", "refinement", "requires", "rule", "section", "selectables", "snip", "testlist" or "xref" or an element from another namespace
/home/runner/work/tls/tls/output/effective.xml:2652:25: error: element "a-component" not allowed anywhere; expected the element end-tag, text, element "_", "assignable", "choice", "comment", "componentsneeded", "ctr", "depends", "endnote", "equation", "figure", "implements", "no-link", "provides", "refinement", "requires", "rule", "section", "selectables", "snip", "testlist" or "xref" or an element from another namespace
/home/runner/work/tls/tls/output/effective.xml:2655:143: error: element "a-component" not allowed anywhere; expected the element end-tag, text, element "_", "assignable", "choice", "comment", "componentsneeded", "ctr", "depends", "endnote", "equation", "figure", "implements", "no-link", "provides", "refinement", "requires", "rule", "section", "selectables", "snip", "testlist" or "xref" or an element from another namespace
/home/runner/work/tls/tls/output/effective.xml:2656:25: error: element "a-component" not allowed anywhere; expected the element end-tag, text, element "_", "assignable", "choice", "comment", "componentsneeded", "ctr", "depends", "endnote", "equation", "figure", "implements", "no-link", "provides", "refinement", "requires", "rule", "section", "selectables", "snip", "testlist" or "xref" or an element from another namespace
/home/runner/work/tls/tls/output/effective.xml:2659:195: error: element "a-component" not allowed anywhere; expected the element end-tag, text, element "_", "assignable", "choice", "comment", "componentsneeded", "ctr", "depends", "endnote", "equation", "figure", "implements", "no-link", "provides", "refinement", "requires", "rule", "section", "selectables", "snip", "testlist" or "xref" or an element from another namespace
/home/runner/work/tls/tls/output/effective.xml:2660:25: error: element "a-component" not allowed anywhere; expected the element end-tag, text, element "_", "assignable", "choice", "comment", "componentsneeded", "ctr", "depends", "endnote", "equation", "figure", "implements", "no-link", "provides", "refinement", "requires", "rule", "section", "selectables", "snip", "testlist" or "xref" or an element from another namespace
/home/runner/work/tls/tls/output/effective.xml:2663:191: error: element "a-component" not allowed anywhere; expected the element end-tag, text, element "_", "assignable", "choice", "comment", "componentsneeded", "ctr", "depends", "endnote", "equation", "figure", "implements", "no-link", "provides", "refinement", "requires", "rule", "section", "selectables", "snip", "testlist" or "xref" or an element from another namespace
/home/runner/work/tls/tls/output/effective.xml:2664:25: error: element "a-component" not allowed anywhere; expected the element end-tag, text, element "_", "assignable", "choice", "comment", "componentsneeded", "ctr", "depends", "endnote", "equation", "figure", "implements", "no-link", "provides", "refinement", "requires", "rule", "section", "selectables", "snip", "testlist" or "xref" or an element from another namespace
/home/runner/work/tls/tls/output/effective.xml:2667:185: error: element "a-component" not allowed anywhere; expected the element end-tag, text, element "_", "assignable", "choice", "comment", "componentsneeded", "ctr", "depends", "endnote", "equation", "figure", "implements", "no-link", "provides", "refinement", "requires", "rule", "section", "selectables", "snip", "testlist" or "xref" or an element from another namespace
/home/runner/work/tls/tls/output/effective.xml:2668:25: error: element "a-component" not allowed anywhere; expected the element end-tag, text, element "_", "assignable", "choice", "comment", "componentsneeded", "ctr", "depends", "endnote", "equation", "figure", "implements", "no-link", "provides", "refinement", "requires", "rule", "section", "selectables", "snip", "testlist" or "xref" or an element from another namespace
/home/runner/work/tls/tls/output/effective.xml:2671:183: error: element "a-component" not allowed anywhere; expected the element end-tag, text, element "_", "assignable", "choice", "comment", "componentsneeded", "ctr", "depends", "endnote", "equation", "figure", "implements", "no-link", "provides", "refinement", "requires", "rule", "section", "selectables", "snip", "testlist" or "xref" or an element from another namespace
/home/runner/work/tls/tls/output/effective.xml:2672:25: error: element "a-component" not allowed anywhere; expected the element end-tag, text, element "_", "assignable", "choice", "comment", "componentsneeded", "ctr", "depends", "endnote", "equation", "figure", "implements", "no-link", "provides", "refinement", "requires", "rule", "section", "selectables", "snip", "testlist" or "xref" or an element from another namespace
/home/runner/work/tls/tls/output/effective.xml:2675:164: error: element "a-component" not allowed anywhere; expected the element end-tag, text, element "_", "assignable", "choice", "comment", "componentsneeded", "ctr", "depends", "endnote", "equation", "figure", "implements", "no-link", "provides", "refinement", "requires", "rule", "section", "selectables", "snip", "testlist" or "xref" or an element from another namespace
/home/runner/work/tls/tls/output/effective.xml:2676:25: error: element "a-component" not allowed anywhere; expected the element end-tag, text, element "_", "assignable", "choice", "comment", "componentsneeded", "ctr", "depends", "endnote", "equation", "figure", "implements", "no-link", "provides", "refinement", "requires", "rule", "section", "selectables", "snip", "testlist" or "xref" or an element from another namespace
/home/runner/work/tls/tls/output/effective.xml:2679:150: error: element "a-component" not allowed anywhere; expected the element end-tag, text, element "_", "assignable", "choice", "comment", "componentsneeded", "ctr", "depends", "endnote", "equation", "figure", "implements", "no-link", "provides", "refinement", "requires", "rule", "section", "selectables", "snip", "testlist" or "xref" or an element from another namespace
/home/runner/work/tls/tls/output/effective.xml:2680:273: error: element "a-component" not allowed anywhere; expected the element end-tag, text, element "_", "assignable", "choice", "comment", "componentsneeded", "ctr", "depends", "endnote", "equation", "figure", "implements", "no-link", "provides", "refinement", "requires", "rule", "section", "selectables", "snip", "testlist" or "xref" or an element from another namespace
/home/runner/work/tls/tls/output/effective.xml:2683:105: error: element "a-component" not allowed anywhere; expected the element end-tag, text, element "_", "assignable", "choice", "comment", "componentsneeded", "ctr", "depends", "endnote", "equation", "figure", "implements", "no-link", "provides", "refinement", "requires", "rule", "section", "selectables", "snip", "testlist" or "xref" or an element from another namespace
/home/runner/work/tls/tls/output/effective.xml:2685:125: error: element "a-component" not allowed anywhere; expected the element end-tag, text, element "_", "assignable", "choice", "comment", "componentsneeded", "ctr", "depends", "endnote", "equation", "figure", "implements", "no-link", "provides", "refinement", "requires", "rule", "section", "selectables", "snip", "testlist" or "xref" or an element from another namespace
/home/runner/work/tls/tls/output/effective.xml:2686:25: error: element "a-component" not allowed anywhere; expected the element end-tag, text, element "_", "assignable", "choice", "comment", "componentsneeded", "ctr", "depends", "endnote", "equation", "figure", "implements", "no-link", "provides", "refinement", "requires", "rule", "section", "selectables", "snip", "testlist" or "xref" or an element from another namespace
/home/runner/work/tls/tls/output/effective.xml:2689:174: error: element "a-component" not allowed anywhere; expected the element end-tag, text, element "_", "assignable", "choice", "comment", "componentsneeded", "ctr", "depends", "endnote", "equation", "figure", "implements", "no-link", "provides", "refinement", "requires", "rule", "section", "selectables", "snip", "testlist" or "xref" or an element from another namespace
/home/runner/work/tls/tls/output/effective.xml:2690:25: error: element "a-component" not allowed anywhere; expected the element end-tag, text, element "_", "assignable", "choice", "comment", "componentsneeded", "ctr", "depends", "endnote", "equation", "figure", "implements", "no-link", "provides", "refinement", "requires", "rule", "section", "selectables", "snip", "testlist" or "xref" or an element from another namespace
/home/runner/work/tls/tls/output/effective.xml:2693:105: error: element "a-component" not allowed anywhere; expected the element end-tag, text, element "_", "assignable", "choice", "comment", "componentsneeded", "ctr", "depends", "endnote", "equation", "figure", "implements", "no-link", "provides", "refinement", "requires", "rule", "section", "selectables", "snip", "testlist" or "xref" or an element from another namespace
/home/runner/work/tls/tls/output/effective.xml:2694:25: error: element "a-component" not allowed anywhere; expected the element end-tag, text, element "_", "assignable", "choice", "comment", "componentsneeded", "ctr", "depends", "endnote", "equation", "figure", "implements", "no-link", "provides", "refinement", "requires", "rule", "section", "selectables", "snip", "testlist" or "xref" or an element from another namespace
/home/runner/work/tls/tls/output/effective.xml:2697:173: error: element "a-component" not allowed anywhere; expected the element end-tag, text, element "_", "assignable", "choice", "comment", "componentsneeded", "ctr", "depends", "endnote", "equation", "figure", "implements", "no-link", "provides", "refinement", "requires", "rule", "section", "selectables", "snip", "testlist" or "xref" or an element from another namespace
/home/runner/work/tls/tls/output/effective.xml:2698:25: error: element "a-component" not allowed anywhere; expected the element end-tag, text, element "_", "assignable", "choice", "comment", "componentsneeded", "ctr", "depends", "endnote", "equation", "figure", "implements", "no-link", "provides", "refinement", "requires", "rule", "section", "selectables", "snip", "testlist" or "xref" or an element from another namespace
/home/runner/work/tls/tls/output/effective.xml:2701:212: error: element "a-component" not allowed anywhere; expected the element end-tag, text, element "_", "assignable", "choice", "comment", "componentsneeded", "ctr", "depends", "endnote", "equation", "figure", "implements", "no-link", "provides", "refinement", "requires", "rule", "section", "selectables", "snip", "testlist" or "xref" or an element from another namespace
/home/runner/work/tls/tls/output/effective.xml:2702:25: error: element "a-component" not allowed anywhere; expected the element end-tag, text, element "_", "assignable", "choice", "comment", "componentsneeded", "ctr", "depends", "endnote", "equation", "figure", "implements", "no-link", "provides", "refinement", "requires", "rule", "section", "selectables", "snip", "testlist" or "xref" or an element from another namespace
/home/runner/work/tls/tls/output/effective.xml:2705:143: error: element "a-component" not allowed anywhere; expected the element end-tag, text, element "_", "assignable", "choice", "comment", "componentsneeded", "ctr", "depends", "endnote", "equation", "figure", "implements", "no-link", "provides", "refinement", "requires", "rule", "section", "selectables", "snip", "testlist" or "xref" or an element from another namespace
/home/runner/work/tls/tls/output/effective.xml:2706:25: error: element "a-component" not allowed anywhere; expected the element end-tag, text, element "_", "assignable", "choice", "comment", "componentsneeded", "ctr", "depends", "endnote", "equation", "figure", "implements", "no-link", "provides", "refinement", "requires", "rule", "section", "selectables", "snip", "testlist" or "xref" or an element from another namespace
/home/runner/work/tls/tls/output/effective.xml:2709:195: error: element "a-component" not allowed anywhere; expected the element end-tag, text, element "_", "assignable", "choice", "comment", "componentsneeded", "ctr", "depends", "endnote", "equation", "figure", "implements", "no-link", "provides", "refinement", "requires", "rule", "section", "selectables", "snip", "testlist" or "xref" or an element from another namespace
/home/runner/work/tls/tls/output/effective.xml:2710:25: error: element "a-component" not allowed anywhere; expected the element end-tag, text, element "_", "assignable", "choice", "comment", "componentsneeded", "ctr", "depends", "endnote", "equation", "figure", "implements", "no-link", "provides", "refinement", "requires", "rule", "section", "selectables", "snip", "testlist" or "xref" or an element from another namespace
/home/runner/work/tls/tls/output/effective.xml:2713:191: error: element "a-component" not allowed anywhere; expected the element end-tag, text, element "_", "assignable", "choice", "comment", "componentsneeded", "ctr", "depends", "endnote", "equation", "figure", "implements", "no-link", "provides", "refinement", "requires", "rule", "section", "selectables", "snip", "testlist" or "xref" or an element from another namespace
/home/runner/work/tls/tls/output/effective.xml:2714:25: error: element "a-component" not allowed anywhere; expected the element end-tag, text, element "_", "assignable", "choice", "comment", "componentsneeded", "ctr", "depends", "endnote", "equation", "figure", "implements", "no-link", "provides", "refinement", "requires", "rule", "section", "selectables", "snip", "testlist" or "xref" or an element from another namespace
/home/runner/work/tls/tls/output/effective.xml:2717:262: error: element "a-component" not allowed anywhere; expected the element end-tag, text, element "_", "assignable", "choice", "comment", "componentsneeded", "ctr", "depends", "endnote", "equation", "figure", "implements", "no-link", "provides", "refinement", "requires", "rule", "section", "selectables", "snip", "testlist" or "xref" or an element from another namespace
/home/runner/work/tls/tls/output/effective.xml:2718:25: error: element "a-component" not allowed anywhere; expected the element end-tag, text, element "_", "assignable", "choice", "comment", "componentsneeded", "ctr", "depends", "endnote", "equation", "figure", "implements", "no-link", "provides", "refinement", "requires", "rule", "section", "selectables", "snip", "testlist" or "xref" or an element from another namespace
/home/runner/work/tls/tls/output/effective.xml:2721:185: error: element "a-component" not allowed anywhere; expected the element end-tag, text, element "_", "assignable", "choice", "comment", "componentsneeded", "ctr", "depends", "endnote", "equation", "figure", "implements", "no-link", "provides", "refinement", "requires", "rule", "section", "selectables", "snip", "testlist" or "xref" or an element from another namespace
/home/runner/work/tls/tls/output/effective.xml:2722:25: error: element "a-component" not allowed anywhere; expected the element end-tag, text, element "_", "assignable", "choice", "comment", "componentsneeded", "ctr", "depends", "endnote", "equation", "figure", "implements", "no-link", "provides", "refinement", "requires", "rule", "section", "selectables", "snip", "testlist" or "xref" or an element from another namespace
/home/runner/work/tls/tls/output/effective.xml:2725:183: error: element "a-component" not allowed anywhere; expected the element end-tag, text, element "_", "assignable", "choice", "comment", "componentsneeded", "ctr", "depends", "endnote", "equation", "figure", "implements", "no-link", "provides", "refinement", "requires", "rule", "section", "selectables", "snip", "testlist" or "xref" or an element from another namespace
/home/runner/work/tls/tls/output/effective.xml:2726:25: error: element "a-component" not allowed anywhere; expected the element end-tag, text, element "_", "assignable", "choice", "comment", "componentsneeded", "ctr", "depends", "endnote", "equation", "figure", "implements", "no-link", "provides", "refinement", "requires", "rule", "section", "selectables", "snip", "testlist" or "xref" or an element from another namespace
/home/runner/work/tls/tls/output/effective.xml:2729:164: error: element "a-component" not allowed anywhere; expected the element end-tag, text, element "_", "assignable", "choice", "comment", "componentsneeded", "ctr", "depends", "endnote", "equation", "figure", "implements", "no-link", "provides", "refinement", "requires", "rule", "section", "selectables", "snip", "testlist" or "xref" or an element from another namespace
/home/runner/work/tls/tls/output/effective.xml:2730:25: error: element "a-component" not allowed anywhere; expected the element end-tag, text, element "_", "assignable", "choice", "comment", "componentsneeded", "ctr", "depends", "endnote", "equation", "figure", "implements", "no-link", "provides", "refinement", "requires", "rule", "section", "selectables", "snip", "testlist" or "xref" or an element from another namespace
/home/runner/work/tls/tls/output/effective.xml:2733:197: error: element "a-component" not allowed anywhere; expected the element end-tag, text, element "_", "assignable", "choice", "comment", "componentsneeded", "ctr", "depends", "endnote", "equation", "figure", "implements", "no-link", "provides", "refinement", "requires", "rule", "section", "selectables", "snip", "testlist" or "xref" or an element from another namespace
/home/runner/work/tls/tls/output/effective.xml:2734:25: error: element "a-component" not allowed anywhere; expected the element end-tag, text, element "_", "assignable", "choice", "comment", "componentsneeded", "ctr", "depends", "endnote", "equation", "figure", "implements", "no-link", "provides", "refinement", "requires", "rule", "section", "selectables", "snip", "testlist" or "xref" or an element from another namespace
/home/runner/work/tls/tls/output/effective.xml:2737:174: error: element "a-component" not allowed anywhere; expected the element end-tag, text, element "_", "assignable", "choice", "comment", "componentsneeded", "ctr", "depends", "endnote", "equation", "figure", "implements", "no-link", "provides", "refinement", "requires", "rule", "section", "selectables", "snip", "testlist" or "xref" or an element from another namespace
/home/runner/work/tls/tls/output/effective.xml:2738:25: error: element "a-component" not allowed anywhere; expected the element end-tag, text, element "_", "assignable", "choice", "comment", "componentsneeded", "ctr", "depends", "endnote", "equation", "figure", "implements", "no-link", "provides", "refinement", "requires", "rule", "section", "selectables", "snip", "testlist" or "xref" or an element from another namespace
/home/runner/work/tls/tls/output/effective.xml:2741:150: error: element "a-component" not allowed anywhere; expected the element end-tag, text, element "_", "assignable", "choice", "comment", "componentsneeded", "ctr", "depends", "endnote", "equation", "figure", "implements", "no-link", "provides", "refinement", "requires", "rule", "section", "selectables", "snip", "testlist" or "xref" or an element from another namespace
/home/runner/work/tls/tls/output/effective.xml:2742:273: error: element "a-component" not allowed anywhere; expected the element end-tag, text, element "_", "assignable", "choice", "comment", "componentsneeded", "ctr", "depends", "endnote", "equation", "figure", "implements", "no-link", "provides", "refinement", "requires", "rule", "section", "selectables", "snip", "testlist" or "xref" or an element from another namespace
/home/runner/work/tls/tls/output/effective.xml:2745:75: error: element "a-component" not allowed anywhere; expected the element end-tag, text, element "_", "assignable", "choice", "comment", "componentsneeded", "ctr", "depends", "endnote", "equation", "figure", "implements", "no-link", "provides", "refinement", "requires", "rule", "section", "selectables", "snip", "testlist" or "xref" or an element from another namespace
/home/runner/work/tls/tls/output/effective.xml:2746:610: error: element "a-component" not allowed anywhere; expected the element end-tag, text, element "_", "assignable", "choice", "comment", "componentsneeded", "ctr", "depends", "endnote", "equation", "figure", "implements", "no-link", "provides", "refinement", "requires", "rule", "section", "selectables", "snip", "testlist" or "xref" or an element from another namespace
/home/runner/work/tls/tls/output/effective.xml:2748:132: error: element "a-component" not allowed anywhere; expected the element end-tag, text, element "_", "assignable", "choice", "comment", "componentsneeded", "ctr", "depends", "endnote", "equation", "figure", "implements", "no-link", "provides", "refinement", "requires", "rule", "section", "selectables", "snip", "testlist" or "xref" or an element from another namespace
/home/runner/work/tls/tls/output/effective.xml:2749:25: error: element "a-component" not allowed anywhere; expected the element end-tag, text, element "_", "assignable", "choice", "comment", "componentsneeded", "ctr", "depends", "endnote", "equation", "figure", "implements", "no-link", "provides", "refinement", "requires", "rule", "section", "selectables", "snip", "testlist" or "xref" or an element from another namespace
/home/runner/work/tls/tls/output/effective.xml:2752:183: error: element "a-component" not allowed anywhere; expected the element end-tag, text, element "_", "assignable", "choice", "comment", "componentsneeded", "ctr", "depends", "endnote", "equation", "figure", "implements", "no-link", "provides", "refinement", "requires", "rule", "section", "selectables", "snip", "testlist" or "xref" or an element from another namespace
/home/runner/work/tls/tls/output/effective.xml:2753:25: error: element "a-component" not allowed anywhere; expected the element end-tag, text, element "_", "assignable", "choice", "comment", "componentsneeded", "ctr", "depends", "endnote", "equation", "figure", "implements", "no-link", "provides", "refinement", "requires", "rule", "section", "selectables", "snip", "testlist" or "xref" or an element from another namespace
/home/runner/work/tls/tls/output/effective.xml:2756:131: error: element "a-component" not allowed anywhere; expected the element end-tag, text, element "_", "assignable", "choice", "comment", "componentsneeded", "ctr", "depends", "endnote", "equation", "figure", "implements", "no-link", "provides", "refinement", "requires", "rule", "section", "selectables", "snip", "testlist" or "xref" or an element from another namespace
/home/runner/work/tls/tls/output/effective.xml:2757:25: error: element "a-component" not allowed anywhere; expected the element end-tag, text, element "_", "assignable", "choice", "comment", "componentsneeded", "ctr", "depends", "endnote", "equation", "figure", "implements", "no-link", "provides", "refinement", "requires", "rule", "section", "selectables", "snip", "testlist" or "xref" or an element from another namespace
/home/runner/work/tls/tls/output/effective.xml:2760:144: error: element "a-component" not allowed anywhere; expected the element end-tag, text, element "_", "assignable", "choice", "comment", "componentsneeded", "ctr", "depends", "endnote", "equation", "figure", "implements", "no-link", "provides", "refinement", "requires", "rule", "section", "selectables", "snip", "testlist" or "xref" or an element from another namespace
/home/runner/work/tls/tls/output/effective.xml:2761:268: error: element "a-component" not allowed anywhere; expected the element end-tag, text, element "_", "assignable", "choice", "comment", "componentsneeded", "ctr", "depends", "endnote", "equation", "figure", "implements", "no-link", "provides", "refinement", "requires", "rule", "section", "selectables", "snip", "testlist" or "xref" or an element from another namespace
/home/runner/work/tls/tls/output/effective.xml:2762:25: error: element "a-component" not allowed anywhere; expected the element end-tag, text, element "_", "assignable", "choice", "comment", "componentsneeded", "ctr", "depends", "endnote", "equation", "figure", "implements", "no-link", "provides", "refinement", "requires", "rule", "section", "selectables", "snip", "testlist" or "xref" or an element from another namespace
/home/runner/work/tls/tls/output/effective.xml:2765:150: error: element "a-component" not allowed anywhere; expected the element end-tag, text, element "_", "assignable", "choice", "comment", "componentsneeded", "ctr", "depends", "endnote", "equation", "figure", "implements", "no-link", "provides", "refinement", "requires", "rule", "section", "selectables", "snip", "testlist" or "xref" or an element from another namespace
/home/runner/work/tls/tls/output/effective.xml:2766:1185: error: element "a-component" not allowed anywhere; expected the element end-tag, text, element "_", "assignable", "choice", "comment", "componentsneeded", "ctr", "depends", "endnote", "equation", "figure", "implements", "no-link", "provides", "refinement", "requires", "rule", "section", "selectables", "snip", "testlist" or "xref" or an element from another namespace
/home/runner/work/tls/tls/output/effective.xml:2772:93: error: element "a-component" not allowed anywhere; expected the element end-tag, text, element "_", "assignable", "choice", "comment", "componentsneeded", "ctr", "depends", "endnote", "equation", "figure", "implements", "no-link", "provides", "refinement", "requires", "rule", "section", "selectables", "snip", "testlist" or "xref" or an element from another namespace
/home/runner/work/tls/tls/output/effective.xml:2773:268: error: element "a-component" not allowed anywhere; expected the element end-tag, text, element "_", "assignable", "choice", "comment", "componentsneeded", "ctr", "depends", "endnote", "equation", "figure", "implements", "no-link", "provides", "refinement", "requires", "rule", "section", "selectables", "snip", "testlist" or "xref" or an element from another namespace
/home/runner/work/tls/tls/output/effective.xml:2773:354: error: element "a-component" not allowed anywhere; expected the element end-tag, text, element "_", "assignable", "choice", "comment", "componentsneeded", "ctr", "depends", "endnote", "equation", "figure", "implements", "no-link", "provides", "refinement", "requires", "rule", "section", "selectables", "snip", "testlist" or "xref" or an element from another namespace
/home/runner/work/tls/tls/output/effective.xml:2775:76: error: element "a-component" not allowed anywhere; expected the element end-tag, text, element "_", "assignable", "choice", "comment", "componentsneeded", "ctr", "depends", "endnote", "equation", "figure", "implements", "no-link", "provides", "refinement", "requires", "rule", "section", "selectables", "snip", "testlist" or "xref" or an element from another namespace
/home/runner/work/tls/tls/output/effective.xml:2776:25: error: element "a-component" not allowed anywhere; expected the element end-tag, text, element "_", "assignable", "choice", "comment", "componentsneeded", "ctr", "depends", "endnote", "equation", "figure", "implements", "no-link", "provides", "refinement", "requires", "rule", "section", "selectables", "snip", "testlist" or "xref" or an element from another namespace
/home/runner/work/tls/tls/output/effective.xml:2779:66: error: element "a-component" not allowed anywhere; expected the element end-tag, text, element "_", "assignable", "choice", "comment", "componentsneeded", "ctr", "depends", "endnote", "equation", "figure", "implements", "no-link", "provides", "refinement", "requires", "rule", "section", "selectables", "snip", "testlist" or "xref" or an element from another namespace
/home/runner/work/tls/tls/output/effective.xml:2780:25: error: element "a-component" not allowed anywhere; expected the element end-tag, text, element "_", "assignable", "choice", "comment", "componentsneeded", "ctr", "depends", "endnote", "equation", "figure", "implements", "no-link", "provides", "refinement", "requires", "rule", "section", "selectables", "snip", "testlist" or "xref" or an element from another namespace
/home/runner/work/tls/tls/output/effective.xml:2783:160: error: element "a-component" not allowed anywhere; expected the element end-tag, text, element "_", "assignable", "choice", "comment", "componentsneeded", "ctr", "depends", "endnote", "equation", "figure", "implements", "no-link", "provides", "refinement", "requires", "rule", "section", "selectables", "snip", "testlist" or "xref" or an element from another namespace
/home/runner/work/tls/tls/output/effective.xml:2784:25: error: element "a-component" not allowed anywhere; expected the element end-tag, text, element "_", "assignable", "choice", "comment", "componentsneeded", "ctr", "depends", "endnote", "equation", "figure", "implements", "no-link", "provides", "refinement", "requires", "rule", "section", "selectables", "snip", "testlist" or "xref" or an element from another namespace
/home/runner/work/tls/tls/output/effective.xml:2787:119: error: element "a-component" not allowed anywhere; expected the element end-tag, text, element "_", "assignable", "choice", "comment", "componentsneeded", "ctr", "depends", "endnote", "equation", "figure", "implements", "no-link", "provides", "refinement", "requires", "rule", "section", "selectables", "snip", "testlist" or "xref" or an element from another namespace
/home/runner/work/tls/tls/output/effective.xml:2788:2670: error: element "a-component" not allowed anywhere; expected the element end-tag, text, element "_", "assignable", "choice", "comment", "componentsneeded", "ctr", "depends", "endnote", "equation", "figure", "implements", "no-link", "provides", "refinement", "requires", "rule", "section", "selectables", "snip", "testlist" or "xref" or an element from another namespace
/home/runner/work/tls/tls/output/effective.xml:2794:80: error: element "a-component" not allowed anywhere; expected the element end-tag, text, element "_", "assignable", "choice", "comment", "componentsneeded", "ctr", "depends", "endnote", "equation", "figure", "implements", "no-link", "provides", "refinement", "requires", "rule", "section", "selectables", "snip", "testlist" or "xref" or an element from another namespace
/home/runner/work/tls/tls/output/effective.xml:2796:76: error: element "a-component" not allowed anywhere; expected the element end-tag, text, element "_", "assignable", "choice", "comment", "componentsneeded", "ctr", "depends", "endnote", "equation", "figure", "implements", "no-link", "provides", "refinement", "requires", "rule", "section", "selectables", "snip", "testlist" or "xref" or an element from another namespace
/home/runner/work/tls/tls/output/effective.xml:2797:25: error: element "a-component" not allowed anywhere; expected the element end-tag, text, element "_", "assignable", "choice", "comment", "componentsneeded", "ctr", "depends", "endnote", "equation", "figure", "implements", "no-link", "provides", "refinement", "requires", "rule", "section", "selectables", "snip", "testlist" or "xref" or an element from another namespace
/home/runner/work/tls/tls/output/effective.xml:2800:66: error: element "a-component" not allowed anywhere; expected the element end-tag, text, element "_", "assignable", "choice", "comment", "componentsneeded", "ctr", "depends", "endnote", "equation", "figure", "implements", "no-link", "provides", "refinement", "requires", "rule", "section", "selectables", "snip", "testlist" or "xref" or an element from another namespace
/home/runner/work/tls/tls/output/effective.xml:2801:25: error: element "a-component" not allowed anywhere; expected the element end-tag, text, element "_", "assignable", "choice", "comment", "componentsneeded", "ctr", "depends", "endnote", "equation", "figure", "implements", "no-link", "provides", "refinement", "requires", "rule", "section", "selectables", "snip", "testlist" or "xref" or an element from another namespace
/home/runner/work/tls/tls/output/effective.xml:2804:150: error: element "a-component" not allowed anywhere; expected the element end-tag, text, element "_", "assignable", "choice", "comment", "componentsneeded", "ctr", "depends", "endnote", "equation", "figure", "implements", "no-link", "provides", "refinement", "requires", "rule", "section", "selectables", "snip", "testlist" or "xref" or an element from another namespace
/home/runner/work/tls/tls/output/effective.xml:2805:25: error: element "a-component" not allowed anywhere; expected the element end-tag, text, element "_", "assignable", "choice", "comment", "componentsneeded", "ctr", "depends", "endnote", "equation", "figure", "implements", "no-link", "provides", "refinement", "requires", "rule", "section", "selectables", "snip", "testlist" or "xref" or an element from another namespace
/home/runner/work/tls/tls/output/effective.xml:2808:139: error: element "a-component" not allowed anywhere; expected the element end-tag, text, element "_", "assignable", "choice", "comment", "componentsneeded", "ctr", "depends", "endnote", "equation", "figure", "implements", "no-link", "provides", "refinement", "requires", "rule", "section", "selectables", "snip", "testlist" or "xref" or an element from another namespace
/home/runner/work/tls/tls/output/effective.xml:2809:168: error: element "a-component" not allowed anywhere; expected the element end-tag, text, element "_", "assignable", "choice", "comment", "componentsneeded", "ctr", "depends", "endnote", "equation", "figure", "implements", "no-link", "provides", "refinement", "requires", "rule", "section", "selectables", "snip", "testlist" or "xref" or an element from another namespace
/home/runner/work/tls/tls/output/effective.xml:2810:25: error: element "a-component" not allowed anywhere; expected the element end-tag, text, element "_", "assignable", "choice", "comment", "componentsneeded", "ctr", "depends", "endnote", "equation", "figure", "implements", "no-link", "provides", "refinement", "requires", "rule", "section", "selectables", "snip", "testlist" or "xref" or an element from another namespace
/home/runner/work/tls/tls/output/effective.xml:2813:237: error: element "a-component" not allowed anywhere; expected the element end-tag, text, element "_", "assignable", "choice", "comment", "componentsneeded", "ctr", "depends", "endnote", "equation", "figure", "implements", "no-link", "provides", "refinement", "requires", "rule", "section", "selectables", "snip", "testlist" or "xref" or an element from another namespace
/home/runner/work/tls/tls/output/effective.xml:2814:1082: error: element "a-component" not allowed anywhere; expected the element end-tag, text, element "_", "assignable", "choice", "comment", "componentsneeded", "ctr", "depends", "endnote", "equation", "figure", "implements", "no-link", "provides", "refinement", "requires", "rule", "section", "selectables", "snip", "testlist" or "xref" or an element from another namespace
/home/runner/work/tls/tls/output/effective.xml:2819:31: error: element "a-component" not allowed anywhere; expected the element end-tag, text, element "_", "assignable", "choice", "comment", "componentsneeded", "ctr", "depends", "endnote", "equation", "figure", "implements", "no-link", "provides", "refinement", "requires", "rule", "section", "selectables", "snip", "testlist" or "xref" or an element from another namespace
/home/runner/work/tls/tls/output/effective.xml:2820:2146: error: element "a-component" not allowed anywhere; expected the element end-tag, text, element "_", "assignable", "choice", "comment", "componentsneeded", "ctr", "depends", "endnote", "equation", "figure", "implements", "no-link", "provides", "refinement", "requires", "rule", "section", "selectables", "snip", "testlist" or "xref" or an element from another namespace
/home/runner/work/tls/tls/output/effective.xml:2821:2862: error: element "a-component" not allowed anywhere; expected the element end-tag, text, element "_", "assignable", "choice", "comment", "componentsneeded", "ctr", "depends", "endnote", "equation", "figure", "implements", "no-link", "provides", "refinement", "requires", "rule", "section", "selectables", "snip", "testlist" or "xref" or an element from another namespace
/home/runner/work/tls/tls/output/effective.xml:2822:10111: error: element "a-component" not allowed anywhere; expected the element end-tag, text, element "_", "assignable", "choice", "comment", "componentsneeded", "ctr", "depends", "endnote", "equation", "figure", "implements", "no-link", "provides", "refinement", "requires", "rule", "section", "selectables", "snip", "testlist" or "xref" or an element from another namespace
/home/runner/work/tls/tls/output/effective.xml:2830:18: error: element "a-component" not allowed anywhere; expected the element end-tag, text, element "_", "assignable", "choice", "comment", "componentsneeded", "ctr", "depends", "endnote", "equation", "figure", "implements", "no-link", "provides", "refinement", "requires", "rule", "section", "selectables", "snip", "testlist" or "xref" or an element from another namespace
