/home/runner/work/tls/tls/input/tls.xml:4:241: error: element "PP" not allowed anywhere; expected element "Package"
/home/runner/work/tls/tls/input/tls.xml:13:17: error: element "PP" not allowed anywhere; expected element "Package"
/home/runner/work/tls/tls/input/tls.xml:35:21: error: element "PP" not allowed anywhere; expected element "Package"
/home/runner/work/tls/tls/input/tls.xml:42:36: error: element "PP" not allowed anywhere; expected element "Package"
/home/runner/work/tls/tls/input/tls.xml:43:38: error: element "PP" not allowed anywhere; expected element "Package"
/home/runner/work/tls/tls/input/tls.xml:51:36: error: element "PP" not allowed anywhere; expected element "Package"
/home/runner/work/tls/tls/input/tls.xml:52:42: error: element "PP" not allowed anywhere; expected element "Package"
/home/runner/work/tls/tls/input/tls.xml:60:43: error: element "PP" not allowed anywhere; expected element "Package"
/home/runner/work/tls/tls/input/tls.xml:61:41: error: element "PP" not allowed anywhere; expected element "Package"
/home/runner/work/tls/tls/input/tls.xml:62:43: error: element "PP" not allowed anywhere; expected element "Package"
/home/runner/work/tls/tls/input/tls.xml:63:45: error: element "PP" not allowed anywhere; expected element "Package"
/home/runner/work/tls/tls/input/tls.xml:65:130: error: element "PP" not allowed anywhere; expected element "Package"
/home/runner/work/tls/tls/input/tls.xml:237:17: error: element "usecases" not allowed anywhere; expected the element end-tag, text, element "_", "assignable", "choice", "comment", "componentsneeded", "ctr", "depends", "endnote", "equation", "figure", "implements", "no-link", "provides", "refinement", "requires", "rule", "section", "selectables", "snip", "testlist" or "xref" or an element from another namespace
/home/runner/work/tls/tls/input/tls.xml:247:19: error: element "usecases" not allowed anywhere; expected the element end-tag, text, element "_", "assignable", "choice", "comment", "componentsneeded", "ctr", "depends", "endnote", "equation", "figure", "implements", "no-link", "provides", "refinement", "requires", "rule", "section", "selectables", "snip", "testlist" or "xref" or an element from another namespace
/home/runner/work/tls/tls/input/tls.xml:257:93: error: element "usecases" not allowed anywhere; expected the element end-tag, text, element "_", "assignable", "choice", "comment", "componentsneeded", "ctr", "depends", "endnote", "equation", "figure", "implements", "no-link", "provides", "refinement", "requires", "rule", "section", "selectables", "snip", "testlist" or "xref" or an element from another namespace
/home/runner/work/tls/tls/input/tls.xml:263:19: error: element "usecases" not allowed anywhere; expected the element end-tag, text, element "_", "assignable", "choice", "comment", "componentsneeded", "ctr", "depends", "endnote", "equation", "figure", "implements", "no-link", "provides", "refinement", "requires", "rule", "section", "selectables", "snip", "testlist" or "xref" or an element from another namespace
/home/runner/work/tls/tls/input/tls.xml:274:19: error: element "usecases" not allowed anywhere; expected the element end-tag, text, element "_", "assignable", "choice", "comment", "componentsneeded", "ctr", "depends", "endnote", "equation", "figure", "implements", "no-link", "provides", "refinement", "requires", "rule", "section", "selectables", "snip", "testlist" or "xref" or an element from another namespace
/home/runner/work/tls/tls/input/tls.xml:280:19: error: element "usecases" not allowed anywhere; expected the element end-tag, text, element "_", "assignable", "choice", "comment", "componentsneeded", "ctr", "depends", "endnote", "equation", "figure", "implements", "no-link", "provides", "refinement", "requires", "rule", "section", "selectables", "snip", "testlist" or "xref" or an element from another namespace
/home/runner/work/tls/tls/input/tls.xml:287:19: error: element "usecases" not allowed anywhere; expected the element end-tag, text, element "_", "assignable", "choice", "comment", "componentsneeded", "ctr", "depends", "endnote", "equation", "figure", "implements", "no-link", "provides", "refinement", "requires", "rule", "section", "selectables", "snip", "testlist" or "xref" or an element from another namespace
/home/runner/work/tls/tls/input/tls.xml:291:22: error: element "usecases" not allowed anywhere; expected the element end-tag, text, element "_", "assignable", "choice", "comment", "componentsneeded", "ctr", "depends", "endnote", "equation", "figure", "implements", "no-link", "provides", "refinement", "requires", "rule", "section", "selectables", "snip", "testlist" or "xref" or an element from another namespace
/home/runner/work/tls/tls/input/tls.xml:293:89: error: attribute "cc-errata" not allowed here; expected attribute "display"
/home/runner/work/tls/tls/input/tls.xml:305:28: error: attribute "cc-errata" not allowed here; expected attribute "display"
/home/runner/work/tls/tls/input/tls.xml:408:37: error: attribute "cc-errata" not allowed here; expected attribute "display"
/home/runner/work/tls/tls/input/tls.xml:436:29: error: attribute "cc-errata" not allowed here; expected attribute "display"
/home/runner/work/tls/tls/input/tls.xml:441:135: error: element "audit-table" not allowed here; expected the element end-tag, text, element "_", "assignable", "choice", "comment", "componentsneeded", "ctr", "depends", "endnote", "equation", "figure", "implements", "no-link", "provides", "refinement", "requires", "rule", "section", "selectables", "snip", "testlist" or "xref" or an element from another namespace
/home/runner/work/tls/tls/input/tls.xml:445:107: error: element "f-component" not allowed here; expected the element end-tag, text, element "_", "assignable", "choice", "comment", "componentsneeded", "ctr", "depends", "endnote", "equation", "figure", "implements", "no-link", "provides", "refinement", "requires", "rule", "section", "selectables", "snip", "testlist" or "xref" or an element from another namespace
/home/runner/work/tls/tls/input/tls.xml:469:98: error: element "f-component" not allowed here; expected the element end-tag, text, element "_", "assignable", "choice", "comment", "componentsneeded", "ctr", "depends", "endnote", "equation", "figure", "implements", "no-link", "provides", "refinement", "requires", "rule", "section", "selectables", "snip", "testlist" or "xref" or an element from another namespace
/home/runner/work/tls/tls/input/tls.xml:485:113: error: element "f-component" not allowed here; expected the element end-tag, text, element "_", "assignable", "choice", "comment", "componentsneeded", "ctr", "depends", "endnote", "equation", "figure", "implements", "no-link", "provides", "refinement", "requires", "rule", "section", "selectables", "snip", "testlist" or "xref" or an element from another namespace
/home/runner/work/tls/tls/input/tls.xml:502:115: error: element "f-component" not allowed here; expected the element end-tag, text, element "_", "assignable", "choice", "comment", "componentsneeded", "ctr", "depends", "endnote", "equation", "figure", "implements", "no-link", "provides", "refinement", "requires", "rule", "section", "selectables", "snip", "testlist" or "xref" or an element from another namespace
/home/runner/work/tls/tls/input/tls.xml:525:115: error: element "f-component" not allowed here; expected the element end-tag, text, element "_", "assignable", "choice", "comment", "componentsneeded", "ctr", "depends", "endnote", "equation", "figure", "implements", "no-link", "provides", "refinement", "requires", "rule", "section", "selectables", "snip", "testlist" or "xref" or an element from another namespace
/home/runner/work/tls/tls/input/tls.xml:541:81: error: element "ext-comp-def" not allowed here; expected the element end-tag, text, element "_", "assignable", "choice", "comment", "componentsneeded", "ctr", "depends", "endnote", "equation", "figure", "implements", "no-link", "provides", "refinement", "requires", "rule", "section", "selectables", "snip", "testlist" or "xref" or an element from another namespace
/home/runner/work/tls/tls/input/tls.xml:544:69: error: element "ext-comp-def" not allowed here; expected the element end-tag, text, element "_", "assignable", "choice", "comment", "componentsneeded", "ctr", "depends", "endnote", "equation", "figure", "implements", "no-link", "provides", "refinement", "requires", "rule", "section", "selectables", "snip", "testlist" or "xref" or an element from another namespace
/home/runner/work/tls/tls/input/tls.xml:547:69: error: element "ext-comp-def" not allowed here; expected the element end-tag, text, element "_", "assignable", "choice", "comment", "componentsneeded", "ctr", "depends", "endnote", "equation", "figure", "implements", "no-link", "provides", "refinement", "requires", "rule", "section", "selectables", "snip", "testlist" or "xref" or an element from another namespace
/home/runner/work/tls/tls/input/tls.xml:550:92: error: element "ext-comp-def" not allowed here; expected the element end-tag, text, element "_", "assignable", "choice", "comment", "componentsneeded", "ctr", "depends", "endnote", "equation", "figure", "implements", "no-link", "provides", "refinement", "requires", "rule", "section", "selectables", "snip", "testlist" or "xref" or an element from another namespace
/home/runner/work/tls/tls/input/tls.xml:553:78: error: element "ext-comp-def" not allowed here; expected the element end-tag, text, element "_", "assignable", "choice", "comment", "componentsneeded", "ctr", "depends", "endnote", "equation", "figure", "implements", "no-link", "provides", "refinement", "requires", "rule", "section", "selectables", "snip", "testlist" or "xref" or an element from another namespace
/home/runner/work/tls/tls/input/tls.xml:557:151: error: element "f-component" not allowed here; expected the element end-tag, text, element "_", "assignable", "choice", "comment", "componentsneeded", "ctr", "depends", "endnote", "equation", "figure", "implements", "no-link", "provides", "refinement", "requires", "rule", "section", "selectables", "snip", "testlist" or "xref" or an element from another namespace
/home/runner/work/tls/tls/input/tls.xml:578:150: error: element "f-component" not allowed here; expected the element end-tag, text, element "_", "assignable", "choice", "comment", "componentsneeded", "ctr", "depends", "endnote", "equation", "figure", "implements", "no-link", "provides", "refinement", "requires", "rule", "section", "selectables", "snip", "testlist" or "xref" or an element from another namespace
/home/runner/work/tls/tls/input/tls.xml:596:116: error: element "f-component" not allowed here; expected the element end-tag, text, element "_", "assignable", "choice", "comment", "componentsneeded", "ctr", "depends", "endnote", "equation", "figure", "implements", "no-link", "provides", "refinement", "requires", "rule", "section", "selectables", "snip", "testlist" or "xref" or an element from another namespace
/home/runner/work/tls/tls/input/tls.xml:614:113: error: element "f-component" not allowed here; expected the element end-tag, text, element "_", "assignable", "choice", "comment", "componentsneeded", "ctr", "depends", "endnote", "equation", "figure", "implements", "no-link", "provides", "refinement", "requires", "rule", "section", "selectables", "snip", "testlist" or "xref" or an element from another namespace
/home/runner/work/tls/tls/input/tls.xml:628:135: error: element "f-component" not allowed here; expected the element end-tag, text, element "_", "assignable", "choice", "comment", "componentsneeded", "ctr", "depends", "endnote", "equation", "figure", "implements", "no-link", "provides", "refinement", "requires", "rule", "section", "selectables", "snip", "testlist" or "xref" or an element from another namespace
/home/runner/work/tls/tls/input/tls.xml:661:121: error: element "f-component" not allowed here; expected the element end-tag, text, element "_", "assignable", "choice", "comment", "componentsneeded", "ctr", "depends", "endnote", "equation", "figure", "implements", "no-link", "provides", "refinement", "requires", "rule", "section", "selectables", "snip", "testlist" or "xref" or an element from another namespace
/home/runner/work/tls/tls/input/tls.xml:681:122: error: element "f-component" not allowed here; expected the element end-tag, text, element "_", "assignable", "choice", "comment", "componentsneeded", "ctr", "depends", "endnote", "equation", "figure", "implements", "no-link", "provides", "refinement", "requires", "rule", "section", "selectables", "snip", "testlist" or "xref" or an element from another namespace
/home/runner/work/tls/tls/input/tls.xml:697:179: error: element "f-component" not allowed here; expected the element end-tag, text, element "_", "assignable", "choice", "comment", "componentsneeded", "ctr", "depends", "endnote", "equation", "figure", "implements", "no-link", "provides", "refinement", "requires", "rule", "section", "selectables", "snip", "testlist" or "xref" or an element from another namespace
/home/runner/work/tls/tls/input/tls.xml:718:138: error: element "f-component" not allowed here; expected the element end-tag, text, element "_", "assignable", "choice", "comment", "componentsneeded", "ctr", "depends", "endnote", "equation", "figure", "implements", "no-link", "provides", "refinement", "requires", "rule", "section", "selectables", "snip", "testlist" or "xref" or an element from another namespace
/home/runner/work/tls/tls/input/tls.xml:735:142: error: element "f-component" not allowed here; expected the element end-tag, text, element "_", "assignable", "choice", "comment", "componentsneeded", "ctr", "depends", "endnote", "equation", "figure", "implements", "no-link", "provides", "refinement", "requires", "rule", "section", "selectables", "snip", "testlist" or "xref" or an element from another namespace
/home/runner/work/tls/tls/input/tls.xml:758:154: error: element "f-component" not allowed here; expected the element end-tag, text, element "_", "assignable", "choice", "comment", "componentsneeded", "ctr", "depends", "endnote", "equation", "figure", "implements", "no-link", "provides", "refinement", "requires", "rule", "section", "selectables", "snip", "testlist" or "xref" or an element from another namespace
/home/runner/work/tls/tls/input/tls.xml:779:159: error: element "f-component" not allowed here; expected the element end-tag, text, element "_", "assignable", "choice", "comment", "componentsneeded", "ctr", "depends", "endnote", "equation", "figure", "implements", "no-link", "provides", "refinement", "requires", "rule", "section", "selectables", "snip", "testlist" or "xref" or an element from another namespace
/home/runner/work/tls/tls/input/tls.xml:794:147: error: element "f-component" not allowed here; expected the element end-tag, text, element "_", "assignable", "choice", "comment", "componentsneeded", "ctr", "depends", "endnote", "equation", "figure", "implements", "no-link", "provides", "refinement", "requires", "rule", "section", "selectables", "snip", "testlist" or "xref" or an element from another namespace
/home/runner/work/tls/tls/input/tls.xml:810:158: error: element "f-component" not allowed here; expected the element end-tag, text, element "_", "assignable", "choice", "comment", "componentsneeded", "ctr", "depends", "endnote", "equation", "figure", "implements", "no-link", "provides", "refinement", "requires", "rule", "section", "selectables", "snip", "testlist" or "xref" or an element from another namespace
/home/runner/work/tls/tls/input/tls.xml:828:160: error: element "f-component" not allowed here; expected the element end-tag, text, element "_", "assignable", "choice", "comment", "componentsneeded", "ctr", "depends", "endnote", "equation", "figure", "implements", "no-link", "provides", "refinement", "requires", "rule", "section", "selectables", "snip", "testlist" or "xref" or an element from another namespace
/home/runner/work/tls/tls/input/tls.xml:849:158: error: element "f-component" not allowed here; expected the element end-tag, text, element "_", "assignable", "choice", "comment", "componentsneeded", "ctr", "depends", "endnote", "equation", "figure", "implements", "no-link", "provides", "refinement", "requires", "rule", "section", "selectables", "snip", "testlist" or "xref" or an element from another namespace
/home/runner/work/tls/tls/input/tls.xml:870:139: error: element "f-component" not allowed here; expected the element end-tag, text, element "_", "assignable", "choice", "comment", "componentsneeded", "ctr", "depends", "endnote", "equation", "figure", "implements", "no-link", "provides", "refinement", "requires", "rule", "section", "selectables", "snip", "testlist" or "xref" or an element from another namespace
/home/runner/work/tls/tls/input/tls.xml:884:112: error: element "f-component" not allowed here; expected the element end-tag, text, element "_", "assignable", "choice", "comment", "componentsneeded", "ctr", "depends", "endnote", "equation", "figure", "implements", "no-link", "provides", "refinement", "requires", "rule", "section", "selectables", "snip", "testlist" or "xref" or an element from another namespace
/home/runner/work/tls/tls/input/tls.xml:912:112: error: element "f-component" not allowed here; expected the element end-tag, text, element "_", "assignable", "choice", "comment", "componentsneeded", "ctr", "depends", "endnote", "equation", "figure", "implements", "no-link", "provides", "refinement", "requires", "rule", "section", "selectables", "snip", "testlist" or "xref" or an element from another namespace
/home/runner/work/tls/tls/input/tls.xml:1106:108: error: element "f-component" not allowed here; expected the element end-tag, text, element "_", "assignable", "choice", "comment", "componentsneeded", "ctr", "depends", "endnote", "equation", "figure", "implements", "no-link", "provides", "refinement", "requires", "rule", "section", "selectables", "snip", "testlist" or "xref" or an element from another namespace
/home/runner/work/tls/tls/input/tls.xml:1125:109: error: element "f-component" not allowed here; expected the element end-tag, text, element "_", "assignable", "choice", "comment", "componentsneeded", "ctr", "depends", "endnote", "equation", "figure", "implements", "no-link", "provides", "refinement", "requires", "rule", "section", "selectables", "snip", "testlist" or "xref" or an element from another namespace
/home/runner/work/tls/tls/input/tls.xml:1166:122: error: element "f-component" not allowed here; expected the element end-tag, text, element "_", "assignable", "choice", "comment", "componentsneeded", "ctr", "depends", "endnote", "equation", "figure", "implements", "no-link", "provides", "refinement", "requires", "rule", "section", "selectables", "snip", "testlist" or "xref" or an element from another namespace
/home/runner/work/tls/tls/input/tls.xml:1178:138: error: element "f-component" not allowed here; expected the element end-tag, text, element "_", "assignable", "choice", "comment", "componentsneeded", "ctr", "depends", "endnote", "equation", "figure", "implements", "no-link", "provides", "refinement", "requires", "rule", "section", "selectables", "snip", "testlist" or "xref" or an element from another namespace
/home/runner/work/tls/tls/input/tls.xml:1190:141: error: element "f-component" not allowed here; expected the element end-tag, text, element "_", "assignable", "choice", "comment", "componentsneeded", "ctr", "depends", "endnote", "equation", "figure", "implements", "no-link", "provides", "refinement", "requires", "rule", "section", "selectables", "snip", "testlist" or "xref" or an element from another namespace
/home/runner/work/tls/tls/input/tls.xml:1202:131: error: element "f-component" not allowed here; expected the element end-tag, text, element "_", "assignable", "choice", "comment", "componentsneeded", "ctr", "depends", "endnote", "equation", "figure", "implements", "no-link", "provides", "refinement", "requires", "rule", "section", "selectables", "snip", "testlist" or "xref" or an element from another namespace
/home/runner/work/tls/tls/input/tls.xml:1214:110: error: element "f-component" not allowed here; expected the element end-tag, text, element "_", "assignable", "choice", "comment", "componentsneeded", "ctr", "depends", "endnote", "equation", "figure", "implements", "no-link", "provides", "refinement", "requires", "rule", "section", "selectables", "snip", "testlist" or "xref" or an element from another namespace
/home/runner/work/tls/tls/input/tls.xml:1227:110: error: element "f-component" not allowed here; expected the element end-tag, text, element "_", "assignable", "choice", "comment", "componentsneeded", "ctr", "depends", "endnote", "equation", "figure", "implements", "no-link", "provides", "refinement", "requires", "rule", "section", "selectables", "snip", "testlist" or "xref" or an element from another namespace
/home/runner/work/tls/tls/input/tls.xml:1260:116: error: element "f-component" not allowed here; expected the element end-tag, text, element "_", "assignable", "choice", "comment", "componentsneeded", "ctr", "depends", "endnote", "equation", "figure", "implements", "no-link", "provides", "refinement", "requires", "rule", "section", "selectables", "snip", "testlist" or "xref" or an element from another namespace
/home/runner/work/tls/tls/input/tls.xml:1276:118: error: element "f-component" not allowed here; expected the element end-tag, text, element "_", "assignable", "choice", "comment", "componentsneeded", "ctr", "depends", "endnote", "equation", "figure", "implements", "no-link", "provides", "refinement", "requires", "rule", "section", "selectables", "snip", "testlist" or "xref" or an element from another namespace
/home/runner/work/tls/tls/input/tls.xml:1299:63: error: element "ext-comp-def" not allowed here; expected the element end-tag, text, element "_", "assignable", "choice", "comment", "componentsneeded", "ctr", "depends", "endnote", "equation", "figure", "implements", "no-link", "provides", "refinement", "requires", "rule", "section", "selectables", "snip", "testlist" or "xref" or an element from another namespace
/home/runner/work/tls/tls/input/tls.xml:1302:82: error: element "ext-comp-def" not allowed here; expected the element end-tag, text, element "_", "assignable", "choice", "comment", "componentsneeded", "ctr", "depends", "endnote", "equation", "figure", "implements", "no-link", "provides", "refinement", "requires", "rule", "section", "selectables", "snip", "testlist" or "xref" or an element from another namespace
/home/runner/work/tls/tls/input/tls.xml:1306:115: error: element "f-component" not allowed here; expected the element end-tag, text, element "_", "assignable", "choice", "comment", "componentsneeded", "ctr", "depends", "endnote", "equation", "figure", "implements", "no-link", "provides", "refinement", "requires", "rule", "section", "selectables", "snip", "testlist" or "xref" or an element from another namespace
/home/runner/work/tls/tls/input/tls.xml:1327:142: error: element "f-component" not allowed here; expected the element end-tag, text, element "_", "assignable", "choice", "comment", "componentsneeded", "ctr", "depends", "endnote", "equation", "figure", "implements", "no-link", "provides", "refinement", "requires", "rule", "section", "selectables", "snip", "testlist" or "xref" or an element from another namespace
/home/runner/work/tls/tls/input/tls.xml:1345:84: error: element "ext-comp-def" not allowed here; expected the element end-tag, text, element "_", "assignable", "choice", "comment", "componentsneeded", "ctr", "depends", "endnote", "equation", "figure", "implements", "no-link", "provides", "refinement", "requires", "rule", "section", "selectables", "snip", "testlist" or "xref" or an element from another namespace
/home/runner/work/tls/tls/input/tls.xml:1348:72: error: element "ext-comp-def" not allowed here; expected the element end-tag, text, element "_", "assignable", "choice", "comment", "componentsneeded", "ctr", "depends", "endnote", "equation", "figure", "implements", "no-link", "provides", "refinement", "requires", "rule", "section", "selectables", "snip", "testlist" or "xref" or an element from another namespace
/home/runner/work/tls/tls/input/tls.xml:1351:78: error: element "ext-comp-def" not allowed here; expected the element end-tag, text, element "_", "assignable", "choice", "comment", "componentsneeded", "ctr", "depends", "endnote", "equation", "figure", "implements", "no-link", "provides", "refinement", "requires", "rule", "section", "selectables", "snip", "testlist" or "xref" or an element from another namespace
/home/runner/work/tls/tls/input/tls.xml:1354:100: error: element "ext-comp-def" not allowed here; expected the element end-tag, text, element "_", "assignable", "choice", "comment", "componentsneeded", "ctr", "depends", "endnote", "equation", "figure", "implements", "no-link", "provides", "refinement", "requires", "rule", "section", "selectables", "snip", "testlist" or "xref" or an element from another namespace
/home/runner/work/tls/tls/input/tls.xml:1358:125: error: element "f-component" not allowed here; expected the element end-tag, text, element "_", "assignable", "choice", "comment", "componentsneeded", "ctr", "depends", "endnote", "equation", "figure", "implements", "no-link", "provides", "refinement", "requires", "rule", "section", "selectables", "snip", "testlist" or "xref" or an element from another namespace
/home/runner/work/tls/tls/input/tls.xml:1410:113: error: element "f-component" not allowed here; expected the element end-tag, text, element "_", "assignable", "choice", "comment", "componentsneeded", "ctr", "depends", "endnote", "equation", "figure", "implements", "no-link", "provides", "refinement", "requires", "rule", "section", "selectables", "snip", "testlist" or "xref" or an element from another namespace
/home/runner/work/tls/tls/input/tls.xml:1430:118: error: element "f-component" not allowed here; expected the element end-tag, text, element "_", "assignable", "choice", "comment", "componentsneeded", "ctr", "depends", "endnote", "equation", "figure", "implements", "no-link", "provides", "refinement", "requires", "rule", "section", "selectables", "snip", "testlist" or "xref" or an element from another namespace
/home/runner/work/tls/tls/input/tls.xml:1453:120: error: element "f-component" not allowed here; expected the element end-tag, text, element "_", "assignable", "choice", "comment", "componentsneeded", "ctr", "depends", "endnote", "equation", "figure", "implements", "no-link", "provides", "refinement", "requires", "rule", "section", "selectables", "snip", "testlist" or "xref" or an element from another namespace
/home/runner/work/tls/tls/input/tls.xml:1479:119: error: element "f-component" not allowed here; expected the element end-tag, text, element "_", "assignable", "choice", "comment", "componentsneeded", "ctr", "depends", "endnote", "equation", "figure", "implements", "no-link", "provides", "refinement", "requires", "rule", "section", "selectables", "snip", "testlist" or "xref" or an element from another namespace
/home/runner/work/tls/tls/input/tls.xml:1501:141: error: element "f-component" not allowed here; expected the element end-tag, text, element "_", "assignable", "choice", "comment", "componentsneeded", "ctr", "depends", "endnote", "equation", "figure", "implements", "no-link", "provides", "refinement", "requires", "rule", "section", "selectables", "snip", "testlist" or "xref" or an element from another namespace
/home/runner/work/tls/tls/input/tls.xml:1525:70: error: element "ext-comp-def" not allowed here; expected the element end-tag, text, element "_", "assignable", "choice", "comment", "componentsneeded", "ctr", "depends", "endnote", "equation", "figure", "implements", "no-link", "provides", "refinement", "requires", "rule", "section", "selectables", "snip", "testlist" or "xref" or an element from another namespace
/home/runner/work/tls/tls/input/tls.xml:1529:106: error: element "f-component" not allowed here; expected the element end-tag, text, element "_", "assignable", "choice", "comment", "componentsneeded", "ctr", "depends", "endnote", "equation", "figure", "implements", "no-link", "provides", "refinement", "requires", "rule", "section", "selectables", "snip", "testlist" or "xref" or an element from another namespace
/home/runner/work/tls/tls/input/tls.xml:1550:87: error: element "f-component" not allowed here; expected the element end-tag, text, element "_", "assignable", "choice", "comment", "componentsneeded", "ctr", "depends", "endnote", "equation", "figure", "implements", "no-link", "provides", "refinement", "requires", "rule", "section", "selectables", "snip", "testlist" or "xref" or an element from another namespace
/home/runner/work/tls/tls/input/tls.xml:1570:87: error: element "f-component" not allowed here; expected the element end-tag, text, element "_", "assignable", "choice", "comment", "componentsneeded", "ctr", "depends", "endnote", "equation", "figure", "implements", "no-link", "provides", "refinement", "requires", "rule", "section", "selectables", "snip", "testlist" or "xref" or an element from another namespace
/home/runner/work/tls/tls/input/tls.xml:1580:108: error: element "f-component" not allowed here; expected the element end-tag, text, element "_", "assignable", "choice", "comment", "componentsneeded", "ctr", "depends", "endnote", "equation", "figure", "implements", "no-link", "provides", "refinement", "requires", "rule", "section", "selectables", "snip", "testlist" or "xref" or an element from another namespace
/home/runner/work/tls/tls/input/tls.xml:1593:104: error: element "f-component" not allowed here; expected the element end-tag, text, element "_", "assignable", "choice", "comment", "componentsneeded", "ctr", "depends", "endnote", "equation", "figure", "implements", "no-link", "provides", "refinement", "requires", "rule", "section", "selectables", "snip", "testlist" or "xref" or an element from another namespace
/home/runner/work/tls/tls/input/tls.xml:1832:81: error: element "f-component" not allowed here; expected the element end-tag, text, element "_", "assignable", "choice", "comment", "componentsneeded", "ctr", "depends", "endnote", "equation", "figure", "implements", "no-link", "provides", "refinement", "requires", "rule", "section", "selectables", "snip", "testlist" or "xref" or an element from another namespace
/home/runner/work/tls/tls/input/tls.xml:1848:70: error: element "ext-comp-def" not allowed here; expected the element end-tag, text, element "_", "assignable", "choice", "comment", "componentsneeded", "ctr", "depends", "endnote", "equation", "figure", "implements", "no-link", "provides", "refinement", "requires", "rule", "section", "selectables", "snip", "testlist" or "xref" or an element from another namespace
/home/runner/work/tls/tls/input/tls.xml:1851:71: error: element "ext-comp-def" not allowed here; expected the element end-tag, text, element "_", "assignable", "choice", "comment", "componentsneeded", "ctr", "depends", "endnote", "equation", "figure", "implements", "no-link", "provides", "refinement", "requires", "rule", "section", "selectables", "snip", "testlist" or "xref" or an element from another namespace
/home/runner/work/tls/tls/input/tls.xml:1854:84: error: element "ext-comp-def" not allowed here; expected the element end-tag, text, element "_", "assignable", "choice", "comment", "componentsneeded", "ctr", "depends", "endnote", "equation", "figure", "implements", "no-link", "provides", "refinement", "requires", "rule", "section", "selectables", "snip", "testlist" or "xref" or an element from another namespace
/home/runner/work/tls/tls/input/tls.xml:1857:79: error: element "ext-comp-def" not allowed here; expected the element end-tag, text, element "_", "assignable", "choice", "comment", "componentsneeded", "ctr", "depends", "endnote", "equation", "figure", "implements", "no-link", "provides", "refinement", "requires", "rule", "section", "selectables", "snip", "testlist" or "xref" or an element from another namespace
/home/runner/work/tls/tls/input/tls.xml:1860:77: error: element "ext-comp-def" not allowed here; expected the element end-tag, text, element "_", "assignable", "choice", "comment", "componentsneeded", "ctr", "depends", "endnote", "equation", "figure", "implements", "no-link", "provides", "refinement", "requires", "rule", "section", "selectables", "snip", "testlist" or "xref" or an element from another namespace
/home/runner/work/tls/tls/input/tls.xml:1864:123: error: element "f-component" not allowed here; expected the element end-tag, text, element "_", "assignable", "choice", "comment", "componentsneeded", "ctr", "depends", "endnote", "equation", "figure", "implements", "no-link", "provides", "refinement", "requires", "rule", "section", "selectables", "snip", "testlist" or "xref" or an element from another namespace
/home/runner/work/tls/tls/input/tls.xml:1891:97: error: element "f-component" not allowed here; expected the element end-tag, text, element "_", "assignable", "choice", "comment", "componentsneeded", "ctr", "depends", "endnote", "equation", "figure", "implements", "no-link", "provides", "refinement", "requires", "rule", "section", "selectables", "snip", "testlist" or "xref" or an element from another namespace
/home/runner/work/tls/tls/input/tls.xml:1912:121: error: element "f-component" not allowed here; expected the element end-tag, text, element "_", "assignable", "choice", "comment", "componentsneeded", "ctr", "depends", "endnote", "equation", "figure", "implements", "no-link", "provides", "refinement", "requires", "rule", "section", "selectables", "snip", "testlist" or "xref" or an element from another namespace
/home/runner/work/tls/tls/input/tls.xml:1931:122: error: element "f-component" not allowed here; expected the element end-tag, text, element "_", "assignable", "choice", "comment", "componentsneeded", "ctr", "depends", "endnote", "equation", "figure", "implements", "no-link", "provides", "refinement", "requires", "rule", "section", "selectables", "snip", "testlist" or "xref" or an element from another namespace
/home/runner/work/tls/tls/input/tls.xml:1951:117: error: element "f-component" not allowed here; expected the element end-tag, text, element "_", "assignable", "choice", "comment", "componentsneeded", "ctr", "depends", "endnote", "equation", "figure", "implements", "no-link", "provides", "refinement", "requires", "rule", "section", "selectables", "snip", "testlist" or "xref" or an element from another namespace
/home/runner/work/tls/tls/input/tls.xml:1980:115: error: element "f-component" not allowed here; expected the element end-tag, text, element "_", "assignable", "choice", "comment", "componentsneeded", "ctr", "depends", "endnote", "equation", "figure", "implements", "no-link", "provides", "refinement", "requires", "rule", "section", "selectables", "snip", "testlist" or "xref" or an element from another namespace
/home/runner/work/tls/tls/input/tls.xml:1998:124: error: element "f-component" not allowed here; expected the element end-tag, text, element "_", "assignable", "choice", "comment", "componentsneeded", "ctr", "depends", "endnote", "equation", "figure", "implements", "no-link", "provides", "refinement", "requires", "rule", "section", "selectables", "snip", "testlist" or "xref" or an element from another namespace
/home/runner/work/tls/tls/input/tls.xml:2013:98: error: element "f-component" not allowed here; expected the element end-tag, text, element "_", "assignable", "choice", "comment", "componentsneeded", "ctr", "depends", "endnote", "equation", "figure", "implements", "no-link", "provides", "refinement", "requires", "rule", "section", "selectables", "snip", "testlist" or "xref" or an element from another namespace
/home/runner/work/tls/tls/input/tls.xml:2029:103: error: element "f-component" not allowed here; expected the element end-tag, text, element "_", "assignable", "choice", "comment", "componentsneeded", "ctr", "depends", "endnote", "equation", "figure", "implements", "no-link", "provides", "refinement", "requires", "rule", "section", "selectables", "snip", "testlist" or "xref" or an element from another namespace
/home/runner/work/tls/tls/input/tls.xml:2060:122: error: element "f-component" not allowed here; expected the element end-tag, text, element "_", "assignable", "choice", "comment", "componentsneeded", "ctr", "depends", "endnote", "equation", "figure", "implements", "no-link", "provides", "refinement", "requires", "rule", "section", "selectables", "snip", "testlist" or "xref" or an element from another namespace
/home/runner/work/tls/tls/input/tls.xml:2085:120: error: element "f-component" not allowed here; expected the element end-tag, text, element "_", "assignable", "choice", "comment", "componentsneeded", "ctr", "depends", "endnote", "equation", "figure", "implements", "no-link", "provides", "refinement", "requires", "rule", "section", "selectables", "snip", "testlist" or "xref" or an element from another namespace
/home/runner/work/tls/tls/input/tls.xml:2111:87: error: element "f-component" not allowed here; expected the element end-tag, text, element "_", "assignable", "choice", "comment", "componentsneeded", "ctr", "depends", "endnote", "equation", "figure", "implements", "no-link", "provides", "refinement", "requires", "rule", "section", "selectables", "snip", "testlist" or "xref" or an element from another namespace
/home/runner/work/tls/tls/input/tls.xml:2124:98: error: element "f-component" not allowed here; expected the element end-tag, text, element "_", "assignable", "choice", "comment", "componentsneeded", "ctr", "depends", "endnote", "equation", "figure", "implements", "no-link", "provides", "refinement", "requires", "rule", "section", "selectables", "snip", "testlist" or "xref" or an element from another namespace
/home/runner/work/tls/tls/input/tls.xml:2157:94: error: element "f-component" not allowed here; expected the element end-tag, text, element "_", "assignable", "choice", "comment", "componentsneeded", "ctr", "depends", "endnote", "equation", "figure", "implements", "no-link", "provides", "refinement", "requires", "rule", "section", "selectables", "snip", "testlist" or "xref" or an element from another namespace
/home/runner/work/tls/tls/input/tls.xml:2174:142: error: element "f-component" not allowed here; expected the element end-tag, text, element "_", "assignable", "choice", "comment", "componentsneeded", "ctr", "depends", "endnote", "equation", "figure", "implements", "no-link", "provides", "refinement", "requires", "rule", "section", "selectables", "snip", "testlist" or "xref" or an element from another namespace
/home/runner/work/tls/tls/input/tls.xml:2245:151: error: element "f-component" not allowed here; expected the element end-tag, text, element "_", "assignable", "choice", "comment", "componentsneeded", "ctr", "depends", "endnote", "equation", "figure", "implements", "no-link", "provides", "refinement", "requires", "rule", "section", "selectables", "snip", "testlist" or "xref" or an element from another namespace
/home/runner/work/tls/tls/input/tls.xml:2310:141: error: element "f-component" not allowed here; expected the element end-tag, text, element "_", "assignable", "choice", "comment", "componentsneeded", "ctr", "depends", "endnote", "equation", "figure", "implements", "no-link", "provides", "refinement", "requires", "rule", "section", "selectables", "snip", "testlist" or "xref" or an element from another namespace
/home/runner/work/tls/tls/input/tls.xml:2346:83: error: element "ext-comp-def" not allowed here; expected the element end-tag, text, element "_", "assignable", "choice", "comment", "componentsneeded", "ctr", "depends", "endnote", "equation", "figure", "implements", "no-link", "provides", "refinement", "requires", "rule", "section", "selectables", "snip", "testlist" or "xref" or an element from another namespace
/home/runner/work/tls/tls/input/tls.xml:2349:82: error: element "ext-comp-def" not allowed here; expected the element end-tag, text, element "_", "assignable", "choice", "comment", "componentsneeded", "ctr", "depends", "endnote", "equation", "figure", "implements", "no-link", "provides", "refinement", "requires", "rule", "section", "selectables", "snip", "testlist" or "xref" or an element from another namespace
/home/runner/work/tls/tls/input/tls.xml:2352:81: error: element "ext-comp-def" not allowed here; expected the element end-tag, text, element "_", "assignable", "choice", "comment", "componentsneeded", "ctr", "depends", "endnote", "equation", "figure", "implements", "no-link", "provides", "refinement", "requires", "rule", "section", "selectables", "snip", "testlist" or "xref" or an element from another namespace
/home/runner/work/tls/tls/input/tls.xml:2356:123: error: element "f-component" not allowed here; expected the element end-tag, text, element "_", "assignable", "choice", "comment", "componentsneeded", "ctr", "depends", "endnote", "equation", "figure", "implements", "no-link", "provides", "refinement", "requires", "rule", "section", "selectables", "snip", "testlist" or "xref" or an element from another namespace
/home/runner/work/tls/tls/input/tls.xml:2388:123: error: element "f-component" not allowed here; expected the element end-tag, text, element "_", "assignable", "choice", "comment", "componentsneeded", "ctr", "depends", "endnote", "equation", "figure", "implements", "no-link", "provides", "refinement", "requires", "rule", "section", "selectables", "snip", "testlist" or "xref" or an element from another namespace
/home/runner/work/tls/tls/input/tls.xml:2405:122: error: element "f-component" not allowed here; expected the element end-tag, text, element "_", "assignable", "choice", "comment", "componentsneeded", "ctr", "depends", "endnote", "equation", "figure", "implements", "no-link", "provides", "refinement", "requires", "rule", "section", "selectables", "snip", "testlist" or "xref" or an element from another namespace
/home/runner/work/tls/tls/input/tls.xml:2422:98: error: element "f-component" not allowed here; expected the element end-tag, text, element "_", "assignable", "choice", "comment", "componentsneeded", "ctr", "depends", "endnote", "equation", "figure", "implements", "no-link", "provides", "refinement", "requires", "rule", "section", "selectables", "snip", "testlist" or "xref" or an element from another namespace
/home/runner/work/tls/tls/input/tls.xml:2469:90: error: element "a-component" not allowed anywhere; expected the element end-tag, text, element "_", "assignable", "choice", "comment", "componentsneeded", "ctr", "depends", "endnote", "equation", "figure", "implements", "no-link", "provides", "refinement", "requires", "rule", "section", "selectables", "snip", "testlist" or "xref" or an element from another namespace
/home/runner/work/tls/tls/input/tls.xml:2472:83: error: element "a-component" not allowed anywhere; expected the element end-tag, text, element "_", "assignable", "choice", "comment", "componentsneeded", "ctr", "depends", "endnote", "equation", "figure", "implements", "no-link", "provides", "refinement", "requires", "rule", "section", "selectables", "snip", "testlist" or "xref" or an element from another namespace
/home/runner/work/tls/tls/input/tls.xml:2473:25: error: element "a-component" not allowed anywhere; expected the element end-tag, text, element "_", "assignable", "choice", "comment", "componentsneeded", "ctr", "depends", "endnote", "equation", "figure", "implements", "no-link", "provides", "refinement", "requires", "rule", "section", "selectables", "snip", "testlist" or "xref" or an element from another namespace
/home/runner/work/tls/tls/input/tls.xml:2476:112: error: element "a-component" not allowed anywhere; expected the element end-tag, text, element "_", "assignable", "choice", "comment", "componentsneeded", "ctr", "depends", "endnote", "equation", "figure", "implements", "no-link", "provides", "refinement", "requires", "rule", "section", "selectables", "snip", "testlist" or "xref" or an element from another namespace
/home/runner/work/tls/tls/input/tls.xml:2477:608: error: element "a-component" not allowed anywhere; expected the element end-tag, text, element "_", "assignable", "choice", "comment", "componentsneeded", "ctr", "depends", "endnote", "equation", "figure", "implements", "no-link", "provides", "refinement", "requires", "rule", "section", "selectables", "snip", "testlist" or "xref" or an element from another namespace
/home/runner/work/tls/tls/input/tls.xml:2478:25: error: element "a-component" not allowed anywhere; expected the element end-tag, text, element "_", "assignable", "choice", "comment", "componentsneeded", "ctr", "depends", "endnote", "equation", "figure", "implements", "no-link", "provides", "refinement", "requires", "rule", "section", "selectables", "snip", "testlist" or "xref" or an element from another namespace
/home/runner/work/tls/tls/input/tls.xml:2481:149: error: element "a-component" not allowed anywhere; expected the element end-tag, text, element "_", "assignable", "choice", "comment", "componentsneeded", "ctr", "depends", "endnote", "equation", "figure", "implements", "no-link", "provides", "refinement", "requires", "rule", "section", "selectables", "snip", "testlist" or "xref" or an element from another namespace
/home/runner/work/tls/tls/input/tls.xml:2482:25: error: element "a-component" not allowed anywhere; expected the element end-tag, text, element "_", "assignable", "choice", "comment", "componentsneeded", "ctr", "depends", "endnote", "equation", "figure", "implements", "no-link", "provides", "refinement", "requires", "rule", "section", "selectables", "snip", "testlist" or "xref" or an element from another namespace
/home/runner/work/tls/tls/input/tls.xml:2485:146: error: element "a-component" not allowed anywhere; expected the element end-tag, text, element "_", "assignable", "choice", "comment", "componentsneeded", "ctr", "depends", "endnote", "equation", "figure", "implements", "no-link", "provides", "refinement", "requires", "rule", "section", "selectables", "snip", "testlist" or "xref" or an element from another namespace
/home/runner/work/tls/tls/input/tls.xml:2486:25: error: element "a-component" not allowed anywhere; expected the element end-tag, text, element "_", "assignable", "choice", "comment", "componentsneeded", "ctr", "depends", "endnote", "equation", "figure", "implements", "no-link", "provides", "refinement", "requires", "rule", "section", "selectables", "snip", "testlist" or "xref" or an element from another namespace
/home/runner/work/tls/tls/input/tls.xml:2489:150: error: element "a-component" not allowed anywhere; expected the element end-tag, text, element "_", "assignable", "choice", "comment", "componentsneeded", "ctr", "depends", "endnote", "equation", "figure", "implements", "no-link", "provides", "refinement", "requires", "rule", "section", "selectables", "snip", "testlist" or "xref" or an element from another namespace
/home/runner/work/tls/tls/input/tls.xml:2490:25: error: element "a-component" not allowed anywhere; expected the element end-tag, text, element "_", "assignable", "choice", "comment", "componentsneeded", "ctr", "depends", "endnote", "equation", "figure", "implements", "no-link", "provides", "refinement", "requires", "rule", "section", "selectables", "snip", "testlist" or "xref" or an element from another namespace
/home/runner/work/tls/tls/input/tls.xml:2493:119: error: element "a-component" not allowed anywhere; expected the element end-tag, text, element "_", "assignable", "choice", "comment", "componentsneeded", "ctr", "depends", "endnote", "equation", "figure", "implements", "no-link", "provides", "refinement", "requires", "rule", "section", "selectables", "snip", "testlist" or "xref" or an element from another namespace
/home/runner/work/tls/tls/input/tls.xml:2494:25: error: element "a-component" not allowed anywhere; expected the element end-tag, text, element "_", "assignable", "choice", "comment", "componentsneeded", "ctr", "depends", "endnote", "equation", "figure", "implements", "no-link", "provides", "refinement", "requires", "rule", "section", "selectables", "snip", "testlist" or "xref" or an element from another namespace
/home/runner/work/tls/tls/input/tls.xml:2497:150: error: element "a-component" not allowed anywhere; expected the element end-tag, text, element "_", "assignable", "choice", "comment", "componentsneeded", "ctr", "depends", "endnote", "equation", "figure", "implements", "no-link", "provides", "refinement", "requires", "rule", "section", "selectables", "snip", "testlist" or "xref" or an element from another namespace
/home/runner/work/tls/tls/input/tls.xml:2498:25: error: element "a-component" not allowed anywhere; expected the element end-tag, text, element "_", "assignable", "choice", "comment", "componentsneeded", "ctr", "depends", "endnote", "equation", "figure", "implements", "no-link", "provides", "refinement", "requires", "rule", "section", "selectables", "snip", "testlist" or "xref" or an element from another namespace
/home/runner/work/tls/tls/input/tls.xml:2501:146: error: element "a-component" not allowed anywhere; expected the element end-tag, text, element "_", "assignable", "choice", "comment", "componentsneeded", "ctr", "depends", "endnote", "equation", "figure", "implements", "no-link", "provides", "refinement", "requires", "rule", "section", "selectables", "snip", "testlist" or "xref" or an element from another namespace
/home/runner/work/tls/tls/input/tls.xml:2502:664: error: element "a-component" not allowed anywhere; expected the element end-tag, text, element "_", "assignable", "choice", "comment", "componentsneeded", "ctr", "depends", "endnote", "equation", "figure", "implements", "no-link", "provides", "refinement", "requires", "rule", "section", "selectables", "snip", "testlist" or "xref" or an element from another namespace
/home/runner/work/tls/tls/input/tls.xml:2508:85: error: element "a-component" not allowed anywhere; expected the element end-tag, text, element "_", "assignable", "choice", "comment", "componentsneeded", "ctr", "depends", "endnote", "equation", "figure", "implements", "no-link", "provides", "refinement", "requires", "rule", "section", "selectables", "snip", "testlist" or "xref" or an element from another namespace
/home/runner/work/tls/tls/input/tls.xml:2510:82: error: element "a-component" not allowed anywhere; expected the element end-tag, text, element "_", "assignable", "choice", "comment", "componentsneeded", "ctr", "depends", "endnote", "equation", "figure", "implements", "no-link", "provides", "refinement", "requires", "rule", "section", "selectables", "snip", "testlist" or "xref" or an element from another namespace
/home/runner/work/tls/tls/input/tls.xml:2511:513: error: element "a-component" not allowed anywhere; expected the element end-tag, text, element "_", "assignable", "choice", "comment", "componentsneeded", "ctr", "depends", "endnote", "equation", "figure", "implements", "no-link", "provides", "refinement", "requires", "rule", "section", "selectables", "snip", "testlist" or "xref" or an element from another namespace
/home/runner/work/tls/tls/input/tls.xml:2512:25: error: element "a-component" not allowed anywhere; expected the element end-tag, text, element "_", "assignable", "choice", "comment", "componentsneeded", "ctr", "depends", "endnote", "equation", "figure", "implements", "no-link", "provides", "refinement", "requires", "rule", "section", "selectables", "snip", "testlist" or "xref" or an element from another namespace
/home/runner/work/tls/tls/input/tls.xml:2515:232: error: element "a-component" not allowed anywhere; expected the element end-tag, text, element "_", "assignable", "choice", "comment", "componentsneeded", "ctr", "depends", "endnote", "equation", "figure", "implements", "no-link", "provides", "refinement", "requires", "rule", "section", "selectables", "snip", "testlist" or "xref" or an element from another namespace
/home/runner/work/tls/tls/input/tls.xml:2516:120: error: element "a-component" not allowed anywhere; expected the element end-tag, text, element "_", "assignable", "choice", "comment", "componentsneeded", "ctr", "depends", "endnote", "equation", "figure", "implements", "no-link", "provides", "refinement", "requires", "rule", "section", "selectables", "snip", "testlist" or "xref" or an element from another namespace
/home/runner/work/tls/tls/input/tls.xml:2517:25: error: element "a-component" not allowed anywhere; expected the element end-tag, text, element "_", "assignable", "choice", "comment", "componentsneeded", "ctr", "depends", "endnote", "equation", "figure", "implements", "no-link", "provides", "refinement", "requires", "rule", "section", "selectables", "snip", "testlist" or "xref" or an element from another namespace
/home/runner/work/tls/tls/input/tls.xml:2520:169: error: element "a-component" not allowed anywhere; expected the element end-tag, text, element "_", "assignable", "choice", "comment", "componentsneeded", "ctr", "depends", "endnote", "equation", "figure", "implements", "no-link", "provides", "refinement", "requires", "rule", "section", "selectables", "snip", "testlist" or "xref" or an element from another namespace
/home/runner/work/tls/tls/input/tls.xml:2521:25: error: element "a-component" not allowed anywhere; expected the element end-tag, text, element "_", "assignable", "choice", "comment", "componentsneeded", "ctr", "depends", "endnote", "equation", "figure", "implements", "no-link", "provides", "refinement", "requires", "rule", "section", "selectables", "snip", "testlist" or "xref" or an element from another namespace
/home/runner/work/tls/tls/input/tls.xml:2524:243: error: element "a-component" not allowed anywhere; expected the element end-tag, text, element "_", "assignable", "choice", "comment", "componentsneeded", "ctr", "depends", "endnote", "equation", "figure", "implements", "no-link", "provides", "refinement", "requires", "rule", "section", "selectables", "snip", "testlist" or "xref" or an element from another namespace
/home/runner/work/tls/tls/input/tls.xml:2525:599: error: element "a-component" not allowed anywhere; expected the element end-tag, text, element "_", "assignable", "choice", "comment", "componentsneeded", "ctr", "depends", "endnote", "equation", "figure", "implements", "no-link", "provides", "refinement", "requires", "rule", "section", "selectables", "snip", "testlist" or "xref" or an element from another namespace
/home/runner/work/tls/tls/input/tls.xml:2526:25: error: element "a-component" not allowed anywhere; expected the element end-tag, text, element "_", "assignable", "choice", "comment", "componentsneeded", "ctr", "depends", "endnote", "equation", "figure", "implements", "no-link", "provides", "refinement", "requires", "rule", "section", "selectables", "snip", "testlist" or "xref" or an element from another namespace
/home/runner/work/tls/tls/input/tls.xml:2529:296: error: element "a-component" not allowed anywhere; expected the element end-tag, text, element "_", "assignable", "choice", "comment", "componentsneeded", "ctr", "depends", "endnote", "equation", "figure", "implements", "no-link", "provides", "refinement", "requires", "rule", "section", "selectables", "snip", "testlist" or "xref" or an element from another namespace
/home/runner/work/tls/tls/input/tls.xml:2530:25: error: element "a-component" not allowed anywhere; expected the element end-tag, text, element "_", "assignable", "choice", "comment", "componentsneeded", "ctr", "depends", "endnote", "equation", "figure", "implements", "no-link", "provides", "refinement", "requires", "rule", "section", "selectables", "snip", "testlist" or "xref" or an element from another namespace
/home/runner/work/tls/tls/input/tls.xml:2533:248: error: element "a-component" not allowed anywhere; expected the element end-tag, text, element "_", "assignable", "choice", "comment", "componentsneeded", "ctr", "depends", "endnote", "equation", "figure", "implements", "no-link", "provides", "refinement", "requires", "rule", "section", "selectables", "snip", "testlist" or "xref" or an element from another namespace
/home/runner/work/tls/tls/input/tls.xml:2534:25: error: element "a-component" not allowed anywhere; expected the element end-tag, text, element "_", "assignable", "choice", "comment", "componentsneeded", "ctr", "depends", "endnote", "equation", "figure", "implements", "no-link", "provides", "refinement", "requires", "rule", "section", "selectables", "snip", "testlist" or "xref" or an element from another namespace
/home/runner/work/tls/tls/input/tls.xml:2537:230: error: element "a-component" not allowed anywhere; expected the element end-tag, text, element "_", "assignable", "choice", "comment", "componentsneeded", "ctr", "depends", "endnote", "equation", "figure", "implements", "no-link", "provides", "refinement", "requires", "rule", "section", "selectables", "snip", "testlist" or "xref" or an element from another namespace
/home/runner/work/tls/tls/input/tls.xml:2538:25: error: element "a-component" not allowed anywhere; expected the element end-tag, text, element "_", "assignable", "choice", "comment", "componentsneeded", "ctr", "depends", "endnote", "equation", "figure", "implements", "no-link", "provides", "refinement", "requires", "rule", "section", "selectables", "snip", "testlist" or "xref" or an element from another namespace
/home/runner/work/tls/tls/input/tls.xml:2541:88: error: element "a-component" not allowed anywhere; expected the element end-tag, text, element "_", "assignable", "choice", "comment", "componentsneeded", "ctr", "depends", "endnote", "equation", "figure", "implements", "no-link", "provides", "refinement", "requires", "rule", "section", "selectables", "snip", "testlist" or "xref" or an element from another namespace
/home/runner/work/tls/tls/input/tls.xml:2542:25: error: element "a-component" not allowed anywhere; expected the element end-tag, text, element "_", "assignable", "choice", "comment", "componentsneeded", "ctr", "depends", "endnote", "equation", "figure", "implements", "no-link", "provides", "refinement", "requires", "rule", "section", "selectables", "snip", "testlist" or "xref" or an element from another namespace
/home/runner/work/tls/tls/input/tls.xml:2545:150: error: element "a-component" not allowed anywhere; expected the element end-tag, text, element "_", "assignable", "choice", "comment", "componentsneeded", "ctr", "depends", "endnote", "equation", "figure", "implements", "no-link", "provides", "refinement", "requires", "rule", "section", "selectables", "snip", "testlist" or "xref" or an element from another namespace
/home/runner/work/tls/tls/input/tls.xml:2546:1530: error: element "a-component" not allowed anywhere; expected the element end-tag, text, element "_", "assignable", "choice", "comment", "componentsneeded", "ctr", "depends", "endnote", "equation", "figure", "implements", "no-link", "provides", "refinement", "requires", "rule", "section", "selectables", "snip", "testlist" or "xref" or an element from another namespace
/home/runner/work/tls/tls/input/tls.xml:2549:82: error: element "a-component" not allowed anywhere; expected the element end-tag, text, element "_", "assignable", "choice", "comment", "componentsneeded", "ctr", "depends", "endnote", "equation", "figure", "implements", "no-link", "provides", "refinement", "requires", "rule", "section", "selectables", "snip", "testlist" or "xref" or an element from another namespace
/home/runner/work/tls/tls/input/tls.xml:2551:102: error: element "a-component" not allowed anywhere; expected the element end-tag, text, element "_", "assignable", "choice", "comment", "componentsneeded", "ctr", "depends", "endnote", "equation", "figure", "implements", "no-link", "provides", "refinement", "requires", "rule", "section", "selectables", "snip", "testlist" or "xref" or an element from another namespace
/home/runner/work/tls/tls/input/tls.xml:2552:207: error: element "a-component" not allowed anywhere; expected the element end-tag, text, element "_", "assignable", "choice", "comment", "componentsneeded", "ctr", "depends", "endnote", "equation", "figure", "implements", "no-link", "provides", "refinement", "requires", "rule", "section", "selectables", "snip", "testlist" or "xref" or an element from another namespace
/home/runner/work/tls/tls/input/tls.xml:2553:25: error: element "a-component" not allowed anywhere; expected the element end-tag, text, element "_", "assignable", "choice", "comment", "componentsneeded", "ctr", "depends", "endnote", "equation", "figure", "implements", "no-link", "provides", "refinement", "requires", "rule", "section", "selectables", "snip", "testlist" or "xref" or an element from another namespace
/home/runner/work/tls/tls/input/tls.xml:2556:192: error: element "a-component" not allowed anywhere; expected the element end-tag, text, element "_", "assignable", "choice", "comment", "componentsneeded", "ctr", "depends", "endnote", "equation", "figure", "implements", "no-link", "provides", "refinement", "requires", "rule", "section", "selectables", "snip", "testlist" or "xref" or an element from another namespace
/home/runner/work/tls/tls/input/tls.xml:2557:25: error: element "a-component" not allowed anywhere; expected the element end-tag, text, element "_", "assignable", "choice", "comment", "componentsneeded", "ctr", "depends", "endnote", "equation", "figure", "implements", "no-link", "provides", "refinement", "requires", "rule", "section", "selectables", "snip", "testlist" or "xref" or an element from another namespace
/home/runner/work/tls/tls/input/tls.xml:2560:289: error: element "a-component" not allowed anywhere; expected the element end-tag, text, element "_", "assignable", "choice", "comment", "componentsneeded", "ctr", "depends", "endnote", "equation", "figure", "implements", "no-link", "provides", "refinement", "requires", "rule", "section", "selectables", "snip", "testlist" or "xref" or an element from another namespace
/home/runner/work/tls/tls/input/tls.xml:2561:25: error: element "a-component" not allowed anywhere; expected the element end-tag, text, element "_", "assignable", "choice", "comment", "componentsneeded", "ctr", "depends", "endnote", "equation", "figure", "implements", "no-link", "provides", "refinement", "requires", "rule", "section", "selectables", "snip", "testlist" or "xref" or an element from another namespace
/home/runner/work/tls/tls/input/tls.xml:2564:150: error: element "a-component" not allowed anywhere; expected the element end-tag, text, element "_", "assignable", "choice", "comment", "componentsneeded", "ctr", "depends", "endnote", "equation", "figure", "implements", "no-link", "provides", "refinement", "requires", "rule", "section", "selectables", "snip", "testlist" or "xref" or an element from another namespace
/home/runner/work/tls/tls/input/tls.xml:2565:25: error: element "a-component" not allowed anywhere; expected the element end-tag, text, element "_", "assignable", "choice", "comment", "componentsneeded", "ctr", "depends", "endnote", "equation", "figure", "implements", "no-link", "provides", "refinement", "requires", "rule", "section", "selectables", "snip", "testlist" or "xref" or an element from another namespace
/home/runner/work/tls/tls/input/tls.xml:2568:144: error: element "a-component" not allowed anywhere; expected the element end-tag, text, element "_", "assignable", "choice", "comment", "componentsneeded", "ctr", "depends", "endnote", "equation", "figure", "implements", "no-link", "provides", "refinement", "requires", "rule", "section", "selectables", "snip", "testlist" or "xref" or an element from another namespace
/home/runner/work/tls/tls/input/tls.xml:2569:240: error: element "a-component" not allowed anywhere; expected the element end-tag, text, element "_", "assignable", "choice", "comment", "componentsneeded", "ctr", "depends", "endnote", "equation", "figure", "implements", "no-link", "provides", "refinement", "requires", "rule", "section", "selectables", "snip", "testlist" or "xref" or an element from another namespace
/home/runner/work/tls/tls/input/tls.xml:2575:79: error: element "a-component" not allowed anywhere; expected the element end-tag, text, element "_", "assignable", "choice", "comment", "componentsneeded", "ctr", "depends", "endnote", "equation", "figure", "implements", "no-link", "provides", "refinement", "requires", "rule", "section", "selectables", "snip", "testlist" or "xref" or an element from another namespace
/home/runner/work/tls/tls/input/tls.xml:2578:92: error: element "a-component" not allowed anywhere; expected the element end-tag, text, element "_", "assignable", "choice", "comment", "componentsneeded", "ctr", "depends", "endnote", "equation", "figure", "implements", "no-link", "provides", "refinement", "requires", "rule", "section", "selectables", "snip", "testlist" or "xref" or an element from another namespace
/home/runner/work/tls/tls/input/tls.xml:2579:25: error: element "a-component" not allowed anywhere; expected the element end-tag, text, element "_", "assignable", "choice", "comment", "componentsneeded", "ctr", "depends", "endnote", "equation", "figure", "implements", "no-link", "provides", "refinement", "requires", "rule", "section", "selectables", "snip", "testlist" or "xref" or an element from another namespace
/home/runner/work/tls/tls/input/tls.xml:2582:77: error: element "a-component" not allowed anywhere; expected the element end-tag, text, element "_", "assignable", "choice", "comment", "componentsneeded", "ctr", "depends", "endnote", "equation", "figure", "implements", "no-link", "provides", "refinement", "requires", "rule", "section", "selectables", "snip", "testlist" or "xref" or an element from another namespace
/home/runner/work/tls/tls/input/tls.xml:2583:242: error: element "a-component" not allowed anywhere; expected the element end-tag, text, element "_", "assignable", "choice", "comment", "componentsneeded", "ctr", "depends", "endnote", "equation", "figure", "implements", "no-link", "provides", "refinement", "requires", "rule", "section", "selectables", "snip", "testlist" or "xref" or an element from another namespace
/home/runner/work/tls/tls/input/tls.xml:2584:25: error: element "a-component" not allowed anywhere; expected the element end-tag, text, element "_", "assignable", "choice", "comment", "componentsneeded", "ctr", "depends", "endnote", "equation", "figure", "implements", "no-link", "provides", "refinement", "requires", "rule", "section", "selectables", "snip", "testlist" or "xref" or an element from another namespace
/home/runner/work/tls/tls/input/tls.xml:2587:150: error: element "a-component" not allowed anywhere; expected the element end-tag, text, element "_", "assignable", "choice", "comment", "componentsneeded", "ctr", "depends", "endnote", "equation", "figure", "implements", "no-link", "provides", "refinement", "requires", "rule", "section", "selectables", "snip", "testlist" or "xref" or an element from another namespace
/home/runner/work/tls/tls/input/tls.xml:2588:564: error: element "a-component" not allowed anywhere; expected the element end-tag, text, element "_", "assignable", "choice", "comment", "componentsneeded", "ctr", "depends", "endnote", "equation", "figure", "implements", "no-link", "provides", "refinement", "requires", "rule", "section", "selectables", "snip", "testlist" or "xref" or an element from another namespace
/home/runner/work/tls/tls/input/tls.xml:2591:75: error: element "a-component" not allowed anywhere; expected the element end-tag, text, element "_", "assignable", "choice", "comment", "componentsneeded", "ctr", "depends", "endnote", "equation", "figure", "implements", "no-link", "provides", "refinement", "requires", "rule", "section", "selectables", "snip", "testlist" or "xref" or an element from another namespace
/home/runner/work/tls/tls/input/tls.xml:2594:89: error: element "a-component" not allowed anywhere; expected the element end-tag, text, element "_", "assignable", "choice", "comment", "componentsneeded", "ctr", "depends", "endnote", "equation", "figure", "implements", "no-link", "provides", "refinement", "requires", "rule", "section", "selectables", "snip", "testlist" or "xref" or an element from another namespace
/home/runner/work/tls/tls/input/tls.xml:2595:25: error: element "a-component" not allowed anywhere; expected the element end-tag, text, element "_", "assignable", "choice", "comment", "componentsneeded", "ctr", "depends", "endnote", "equation", "figure", "implements", "no-link", "provides", "refinement", "requires", "rule", "section", "selectables", "snip", "testlist" or "xref" or an element from another namespace
/home/runner/work/tls/tls/input/tls.xml:2598:145: error: element "a-component" not allowed anywhere; expected the element end-tag, text, element "_", "assignable", "choice", "comment", "componentsneeded", "ctr", "depends", "endnote", "equation", "figure", "implements", "no-link", "provides", "refinement", "requires", "rule", "section", "selectables", "snip", "testlist" or "xref" or an element from another namespace
/home/runner/work/tls/tls/input/tls.xml:2599:25: error: element "a-component" not allowed anywhere; expected the element end-tag, text, element "_", "assignable", "choice", "comment", "componentsneeded", "ctr", "depends", "endnote", "equation", "figure", "implements", "no-link", "provides", "refinement", "requires", "rule", "section", "selectables", "snip", "testlist" or "xref" or an element from another namespace
/home/runner/work/tls/tls/input/tls.xml:2602:99: error: element "a-component" not allowed anywhere; expected the element end-tag, text, element "_", "assignable", "choice", "comment", "componentsneeded", "ctr", "depends", "endnote", "equation", "figure", "implements", "no-link", "provides", "refinement", "requires", "rule", "section", "selectables", "snip", "testlist" or "xref" or an element from another namespace
/home/runner/work/tls/tls/input/tls.xml:2603:25: error: element "a-component" not allowed anywhere; expected the element end-tag, text, element "_", "assignable", "choice", "comment", "componentsneeded", "ctr", "depends", "endnote", "equation", "figure", "implements", "no-link", "provides", "refinement", "requires", "rule", "section", "selectables", "snip", "testlist" or "xref" or an element from another namespace
/home/runner/work/tls/tls/input/tls.xml:2606:150: error: element "a-component" not allowed anywhere; expected the element end-tag, text, element "_", "assignable", "choice", "comment", "componentsneeded", "ctr", "depends", "endnote", "equation", "figure", "implements", "no-link", "provides", "refinement", "requires", "rule", "section", "selectables", "snip", "testlist" or "xref" or an element from another namespace
/home/runner/work/tls/tls/input/tls.xml:2607:1907: error: element "a-component" not allowed anywhere; expected the element end-tag, text, element "_", "assignable", "choice", "comment", "componentsneeded", "ctr", "depends", "endnote", "equation", "figure", "implements", "no-link", "provides", "refinement", "requires", "rule", "section", "selectables", "snip", "testlist" or "xref" or an element from another namespace
/home/runner/work/tls/tls/input/tls.xml:2610:100: error: element "a-component" not allowed anywhere; expected the element end-tag, text, element "_", "assignable", "choice", "comment", "componentsneeded", "ctr", "depends", "endnote", "equation", "figure", "implements", "no-link", "provides", "refinement", "requires", "rule", "section", "selectables", "snip", "testlist" or "xref" or an element from another namespace
/home/runner/work/tls/tls/input/tls.xml:2612:125: error: element "a-component" not allowed anywhere; expected the element end-tag, text, element "_", "assignable", "choice", "comment", "componentsneeded", "ctr", "depends", "endnote", "equation", "figure", "implements", "no-link", "provides", "refinement", "requires", "rule", "section", "selectables", "snip", "testlist" or "xref" or an element from another namespace
/home/runner/work/tls/tls/input/tls.xml:2613:25: error: element "a-component" not allowed anywhere; expected the element end-tag, text, element "_", "assignable", "choice", "comment", "componentsneeded", "ctr", "depends", "endnote", "equation", "figure", "implements", "no-link", "provides", "refinement", "requires", "rule", "section", "selectables", "snip", "testlist" or "xref" or an element from another namespace
/home/runner/work/tls/tls/input/tls.xml:2616:173: error: element "a-component" not allowed anywhere; expected the element end-tag, text, element "_", "assignable", "choice", "comment", "componentsneeded", "ctr", "depends", "endnote", "equation", "figure", "implements", "no-link", "provides", "refinement", "requires", "rule", "section", "selectables", "snip", "testlist" or "xref" or an element from another namespace
/home/runner/work/tls/tls/input/tls.xml:2617:25: error: element "a-component" not allowed anywhere; expected the element end-tag, text, element "_", "assignable", "choice", "comment", "componentsneeded", "ctr", "depends", "endnote", "equation", "figure", "implements", "no-link", "provides", "refinement", "requires", "rule", "section", "selectables", "snip", "testlist" or "xref" or an element from another namespace
/home/runner/work/tls/tls/input/tls.xml:2620:212: error: element "a-component" not allowed anywhere; expected the element end-tag, text, element "_", "assignable", "choice", "comment", "componentsneeded", "ctr", "depends", "endnote", "equation", "figure", "implements", "no-link", "provides", "refinement", "requires", "rule", "section", "selectables", "snip", "testlist" or "xref" or an element from another namespace
/home/runner/work/tls/tls/input/tls.xml:2621:25: error: element "a-component" not allowed anywhere; expected the element end-tag, text, element "_", "assignable", "choice", "comment", "componentsneeded", "ctr", "depends", "endnote", "equation", "figure", "implements", "no-link", "provides", "refinement", "requires", "rule", "section", "selectables", "snip", "testlist" or "xref" or an element from another namespace
/home/runner/work/tls/tls/input/tls.xml:2624:143: error: element "a-component" not allowed anywhere; expected the element end-tag, text, element "_", "assignable", "choice", "comment", "componentsneeded", "ctr", "depends", "endnote", "equation", "figure", "implements", "no-link", "provides", "refinement", "requires", "rule", "section", "selectables", "snip", "testlist" or "xref" or an element from another namespace
/home/runner/work/tls/tls/input/tls.xml:2625:25: error: element "a-component" not allowed anywhere; expected the element end-tag, text, element "_", "assignable", "choice", "comment", "componentsneeded", "ctr", "depends", "endnote", "equation", "figure", "implements", "no-link", "provides", "refinement", "requires", "rule", "section", "selectables", "snip", "testlist" or "xref" or an element from another namespace
/home/runner/work/tls/tls/input/tls.xml:2628:195: error: element "a-component" not allowed anywhere; expected the element end-tag, text, element "_", "assignable", "choice", "comment", "componentsneeded", "ctr", "depends", "endnote", "equation", "figure", "implements", "no-link", "provides", "refinement", "requires", "rule", "section", "selectables", "snip", "testlist" or "xref" or an element from another namespace
/home/runner/work/tls/tls/input/tls.xml:2629:25: error: element "a-component" not allowed anywhere; expected the element end-tag, text, element "_", "assignable", "choice", "comment", "componentsneeded", "ctr", "depends", "endnote", "equation", "figure", "implements", "no-link", "provides", "refinement", "requires", "rule", "section", "selectables", "snip", "testlist" or "xref" or an element from another namespace
/home/runner/work/tls/tls/input/tls.xml:2632:150: error: element "a-component" not allowed anywhere; expected the element end-tag, text, element "_", "assignable", "choice", "comment", "componentsneeded", "ctr", "depends", "endnote", "equation", "figure", "implements", "no-link", "provides", "refinement", "requires", "rule", "section", "selectables", "snip", "testlist" or "xref" or an element from another namespace
/home/runner/work/tls/tls/input/tls.xml:2633:143: error: element "a-component" not allowed anywhere; expected the element end-tag, text, element "_", "assignable", "choice", "comment", "componentsneeded", "ctr", "depends", "endnote", "equation", "figure", "implements", "no-link", "provides", "refinement", "requires", "rule", "section", "selectables", "snip", "testlist" or "xref" or an element from another namespace
/home/runner/work/tls/tls/input/tls.xml:2636:103: error: element "a-component" not allowed anywhere; expected the element end-tag, text, element "_", "assignable", "choice", "comment", "componentsneeded", "ctr", "depends", "endnote", "equation", "figure", "implements", "no-link", "provides", "refinement", "requires", "rule", "section", "selectables", "snip", "testlist" or "xref" or an element from another namespace
/home/runner/work/tls/tls/input/tls.xml:2638:125: error: element "a-component" not allowed anywhere; expected the element end-tag, text, element "_", "assignable", "choice", "comment", "componentsneeded", "ctr", "depends", "endnote", "equation", "figure", "implements", "no-link", "provides", "refinement", "requires", "rule", "section", "selectables", "snip", "testlist" or "xref" or an element from another namespace
/home/runner/work/tls/tls/input/tls.xml:2639:25: error: element "a-component" not allowed anywhere; expected the element end-tag, text, element "_", "assignable", "choice", "comment", "componentsneeded", "ctr", "depends", "endnote", "equation", "figure", "implements", "no-link", "provides", "refinement", "requires", "rule", "section", "selectables", "snip", "testlist" or "xref" or an element from another namespace
/home/runner/work/tls/tls/input/tls.xml:2642:174: error: element "a-component" not allowed anywhere; expected the element end-tag, text, element "_", "assignable", "choice", "comment", "componentsneeded", "ctr", "depends", "endnote", "equation", "figure", "implements", "no-link", "provides", "refinement", "requires", "rule", "section", "selectables", "snip", "testlist" or "xref" or an element from another namespace
/home/runner/work/tls/tls/input/tls.xml:2643:25: error: element "a-component" not allowed anywhere; expected the element end-tag, text, element "_", "assignable", "choice", "comment", "componentsneeded", "ctr", "depends", "endnote", "equation", "figure", "implements", "no-link", "provides", "refinement", "requires", "rule", "section", "selectables", "snip", "testlist" or "xref" or an element from another namespace
/home/runner/work/tls/tls/input/tls.xml:2646:105: error: element "a-component" not allowed anywhere; expected the element end-tag, text, element "_", "assignable", "choice", "comment", "componentsneeded", "ctr", "depends", "endnote", "equation", "figure", "implements", "no-link", "provides", "refinement", "requires", "rule", "section", "selectables", "snip", "testlist" or "xref" or an element from another namespace
/home/runner/work/tls/tls/input/tls.xml:2647:25: error: element "a-component" not allowed anywhere; expected the element end-tag, text, element "_", "assignable", "choice", "comment", "componentsneeded", "ctr", "depends", "endnote", "equation", "figure", "implements", "no-link", "provides", "refinement", "requires", "rule", "section", "selectables", "snip", "testlist" or "xref" or an element from another namespace
/home/runner/work/tls/tls/input/tls.xml:2650:173: error: element "a-component" not allowed anywhere; expected the element end-tag, text, element "_", "assignable", "choice", "comment", "componentsneeded", "ctr", "depends", "endnote", "equation", "figure", "implements", "no-link", "provides", "refinement", "requires", "rule", "section", "selectables", "snip", "testlist" or "xref" or an element from another namespace
/home/runner/work/tls/tls/input/tls.xml:2651:25: error: element "a-component" not allowed anywhere; expected the element end-tag, text, element "_", "assignable", "choice", "comment", "componentsneeded", "ctr", "depends", "endnote", "equation", "figure", "implements", "no-link", "provides", "refinement", "requires", "rule", "section", "selectables", "snip", "testlist" or "xref" or an element from another namespace
/home/runner/work/tls/tls/input/tls.xml:2654:212: error: element "a-component" not allowed anywhere; expected the element end-tag, text, element "_", "assignable", "choice", "comment", "componentsneeded", "ctr", "depends", "endnote", "equation", "figure", "implements", "no-link", "provides", "refinement", "requires", "rule", "section", "selectables", "snip", "testlist" or "xref" or an element from another namespace
/home/runner/work/tls/tls/input/tls.xml:2655:25: error: element "a-component" not allowed anywhere; expected the element end-tag, text, element "_", "assignable", "choice", "comment", "componentsneeded", "ctr", "depends", "endnote", "equation", "figure", "implements", "no-link", "provides", "refinement", "requires", "rule", "section", "selectables", "snip", "testlist" or "xref" or an element from another namespace
/home/runner/work/tls/tls/input/tls.xml:2658:143: error: element "a-component" not allowed anywhere; expected the element end-tag, text, element "_", "assignable", "choice", "comment", "componentsneeded", "ctr", "depends", "endnote", "equation", "figure", "implements", "no-link", "provides", "refinement", "requires", "rule", "section", "selectables", "snip", "testlist" or "xref" or an element from another namespace
/home/runner/work/tls/tls/input/tls.xml:2659:25: error: element "a-component" not allowed anywhere; expected the element end-tag, text, element "_", "assignable", "choice", "comment", "componentsneeded", "ctr", "depends", "endnote", "equation", "figure", "implements", "no-link", "provides", "refinement", "requires", "rule", "section", "selectables", "snip", "testlist" or "xref" or an element from another namespace
/home/runner/work/tls/tls/input/tls.xml:2662:195: error: element "a-component" not allowed anywhere; expected the element end-tag, text, element "_", "assignable", "choice", "comment", "componentsneeded", "ctr", "depends", "endnote", "equation", "figure", "implements", "no-link", "provides", "refinement", "requires", "rule", "section", "selectables", "snip", "testlist" or "xref" or an element from another namespace
/home/runner/work/tls/tls/input/tls.xml:2663:25: error: element "a-component" not allowed anywhere; expected the element end-tag, text, element "_", "assignable", "choice", "comment", "componentsneeded", "ctr", "depends", "endnote", "equation", "figure", "implements", "no-link", "provides", "refinement", "requires", "rule", "section", "selectables", "snip", "testlist" or "xref" or an element from another namespace
/home/runner/work/tls/tls/input/tls.xml:2666:191: error: element "a-component" not allowed anywhere; expected the element end-tag, text, element "_", "assignable", "choice", "comment", "componentsneeded", "ctr", "depends", "endnote", "equation", "figure", "implements", "no-link", "provides", "refinement", "requires", "rule", "section", "selectables", "snip", "testlist" or "xref" or an element from another namespace
/home/runner/work/tls/tls/input/tls.xml:2667:25: error: element "a-component" not allowed anywhere; expected the element end-tag, text, element "_", "assignable", "choice", "comment", "componentsneeded", "ctr", "depends", "endnote", "equation", "figure", "implements", "no-link", "provides", "refinement", "requires", "rule", "section", "selectables", "snip", "testlist" or "xref" or an element from another namespace
/home/runner/work/tls/tls/input/tls.xml:2670:185: error: element "a-component" not allowed anywhere; expected the element end-tag, text, element "_", "assignable", "choice", "comment", "componentsneeded", "ctr", "depends", "endnote", "equation", "figure", "implements", "no-link", "provides", "refinement", "requires", "rule", "section", "selectables", "snip", "testlist" or "xref" or an element from another namespace
/home/runner/work/tls/tls/input/tls.xml:2671:25: error: element "a-component" not allowed anywhere; expected the element end-tag, text, element "_", "assignable", "choice", "comment", "componentsneeded", "ctr", "depends", "endnote", "equation", "figure", "implements", "no-link", "provides", "refinement", "requires", "rule", "section", "selectables", "snip", "testlist" or "xref" or an element from another namespace
/home/runner/work/tls/tls/input/tls.xml:2674:183: error: element "a-component" not allowed anywhere; expected the element end-tag, text, element "_", "assignable", "choice", "comment", "componentsneeded", "ctr", "depends", "endnote", "equation", "figure", "implements", "no-link", "provides", "refinement", "requires", "rule", "section", "selectables", "snip", "testlist" or "xref" or an element from another namespace
/home/runner/work/tls/tls/input/tls.xml:2675:25: error: element "a-component" not allowed anywhere; expected the element end-tag, text, element "_", "assignable", "choice", "comment", "componentsneeded", "ctr", "depends", "endnote", "equation", "figure", "implements", "no-link", "provides", "refinement", "requires", "rule", "section", "selectables", "snip", "testlist" or "xref" or an element from another namespace
/home/runner/work/tls/tls/input/tls.xml:2678:164: error: element "a-component" not allowed anywhere; expected the element end-tag, text, element "_", "assignable", "choice", "comment", "componentsneeded", "ctr", "depends", "endnote", "equation", "figure", "implements", "no-link", "provides", "refinement", "requires", "rule", "section", "selectables", "snip", "testlist" or "xref" or an element from another namespace
/home/runner/work/tls/tls/input/tls.xml:2679:25: error: element "a-component" not allowed anywhere; expected the element end-tag, text, element "_", "assignable", "choice", "comment", "componentsneeded", "ctr", "depends", "endnote", "equation", "figure", "implements", "no-link", "provides", "refinement", "requires", "rule", "section", "selectables", "snip", "testlist" or "xref" or an element from another namespace
/home/runner/work/tls/tls/input/tls.xml:2682:150: error: element "a-component" not allowed anywhere; expected the element end-tag, text, element "_", "assignable", "choice", "comment", "componentsneeded", "ctr", "depends", "endnote", "equation", "figure", "implements", "no-link", "provides", "refinement", "requires", "rule", "section", "selectables", "snip", "testlist" or "xref" or an element from another namespace
/home/runner/work/tls/tls/input/tls.xml:2683:273: error: element "a-component" not allowed anywhere; expected the element end-tag, text, element "_", "assignable", "choice", "comment", "componentsneeded", "ctr", "depends", "endnote", "equation", "figure", "implements", "no-link", "provides", "refinement", "requires", "rule", "section", "selectables", "snip", "testlist" or "xref" or an element from another namespace
/home/runner/work/tls/tls/input/tls.xml:2686:105: error: element "a-component" not allowed anywhere; expected the element end-tag, text, element "_", "assignable", "choice", "comment", "componentsneeded", "ctr", "depends", "endnote", "equation", "figure", "implements", "no-link", "provides", "refinement", "requires", "rule", "section", "selectables", "snip", "testlist" or "xref" or an element from another namespace
/home/runner/work/tls/tls/input/tls.xml:2688:125: error: element "a-component" not allowed anywhere; expected the element end-tag, text, element "_", "assignable", "choice", "comment", "componentsneeded", "ctr", "depends", "endnote", "equation", "figure", "implements", "no-link", "provides", "refinement", "requires", "rule", "section", "selectables", "snip", "testlist" or "xref" or an element from another namespace
/home/runner/work/tls/tls/input/tls.xml:2689:25: error: element "a-component" not allowed anywhere; expected the element end-tag, text, element "_", "assignable", "choice", "comment", "componentsneeded", "ctr", "depends", "endnote", "equation", "figure", "implements", "no-link", "provides", "refinement", "requires", "rule", "section", "selectables", "snip", "testlist" or "xref" or an element from another namespace
/home/runner/work/tls/tls/input/tls.xml:2692:174: error: element "a-component" not allowed anywhere; expected the element end-tag, text, element "_", "assignable", "choice", "comment", "componentsneeded", "ctr", "depends", "endnote", "equation", "figure", "implements", "no-link", "provides", "refinement", "requires", "rule", "section", "selectables", "snip", "testlist" or "xref" or an element from another namespace
/home/runner/work/tls/tls/input/tls.xml:2693:25: error: element "a-component" not allowed anywhere; expected the element end-tag, text, element "_", "assignable", "choice", "comment", "componentsneeded", "ctr", "depends", "endnote", "equation", "figure", "implements", "no-link", "provides", "refinement", "requires", "rule", "section", "selectables", "snip", "testlist" or "xref" or an element from another namespace
/home/runner/work/tls/tls/input/tls.xml:2696:105: error: element "a-component" not allowed anywhere; expected the element end-tag, text, element "_", "assignable", "choice", "comment", "componentsneeded", "ctr", "depends", "endnote", "equation", "figure", "implements", "no-link", "provides", "refinement", "requires", "rule", "section", "selectables", "snip", "testlist" or "xref" or an element from another namespace
/home/runner/work/tls/tls/input/tls.xml:2697:25: error: element "a-component" not allowed anywhere; expected the element end-tag, text, element "_", "assignable", "choice", "comment", "componentsneeded", "ctr", "depends", "endnote", "equation", "figure", "implements", "no-link", "provides", "refinement", "requires", "rule", "section", "selectables", "snip", "testlist" or "xref" or an element from another namespace
/home/runner/work/tls/tls/input/tls.xml:2700:173: error: element "a-component" not allowed anywhere; expected the element end-tag, text, element "_", "assignable", "choice", "comment", "componentsneeded", "ctr", "depends", "endnote", "equation", "figure", "implements", "no-link", "provides", "refinement", "requires", "rule", "section", "selectables", "snip", "testlist" or "xref" or an element from another namespace
/home/runner/work/tls/tls/input/tls.xml:2701:25: error: element "a-component" not allowed anywhere; expected the element end-tag, text, element "_", "assignable", "choice", "comment", "componentsneeded", "ctr", "depends", "endnote", "equation", "figure", "implements", "no-link", "provides", "refinement", "requires", "rule", "section", "selectables", "snip", "testlist" or "xref" or an element from another namespace
/home/runner/work/tls/tls/input/tls.xml:2704:212: error: element "a-component" not allowed anywhere; expected the element end-tag, text, element "_", "assignable", "choice", "comment", "componentsneeded", "ctr", "depends", "endnote", "equation", "figure", "implements", "no-link", "provides", "refinement", "requires", "rule", "section", "selectables", "snip", "testlist" or "xref" or an element from another namespace
/home/runner/work/tls/tls/input/tls.xml:2705:25: error: element "a-component" not allowed anywhere; expected the element end-tag, text, element "_", "assignable", "choice", "comment", "componentsneeded", "ctr", "depends", "endnote", "equation", "figure", "implements", "no-link", "provides", "refinement", "requires", "rule", "section", "selectables", "snip", "testlist" or "xref" or an element from another namespace
/home/runner/work/tls/tls/input/tls.xml:2708:143: error: element "a-component" not allowed anywhere; expected the element end-tag, text, element "_", "assignable", "choice", "comment", "componentsneeded", "ctr", "depends", "endnote", "equation", "figure", "implements", "no-link", "provides", "refinement", "requires", "rule", "section", "selectables", "snip", "testlist" or "xref" or an element from another namespace
/home/runner/work/tls/tls/input/tls.xml:2709:25: error: element "a-component" not allowed anywhere; expected the element end-tag, text, element "_", "assignable", "choice", "comment", "componentsneeded", "ctr", "depends", "endnote", "equation", "figure", "implements", "no-link", "provides", "refinement", "requires", "rule", "section", "selectables", "snip", "testlist" or "xref" or an element from another namespace
/home/runner/work/tls/tls/input/tls.xml:2712:195: error: element "a-component" not allowed anywhere; expected the element end-tag, text, element "_", "assignable", "choice", "comment", "componentsneeded", "ctr", "depends", "endnote", "equation", "figure", "implements", "no-link", "provides", "refinement", "requires", "rule", "section", "selectables", "snip", "testlist" or "xref" or an element from another namespace
/home/runner/work/tls/tls/input/tls.xml:2713:25: error: element "a-component" not allowed anywhere; expected the element end-tag, text, element "_", "assignable", "choice", "comment", "componentsneeded", "ctr", "depends", "endnote", "equation", "figure", "implements", "no-link", "provides", "refinement", "requires", "rule", "section", "selectables", "snip", "testlist" or "xref" or an element from another namespace
/home/runner/work/tls/tls/input/tls.xml:2716:191: error: element "a-component" not allowed anywhere; expected the element end-tag, text, element "_", "assignable", "choice", "comment", "componentsneeded", "ctr", "depends", "endnote", "equation", "figure", "implements", "no-link", "provides", "refinement", "requires", "rule", "section", "selectables", "snip", "testlist" or "xref" or an element from another namespace
/home/runner/work/tls/tls/input/tls.xml:2717:25: error: element "a-component" not allowed anywhere; expected the element end-tag, text, element "_", "assignable", "choice", "comment", "componentsneeded", "ctr", "depends", "endnote", "equation", "figure", "implements", "no-link", "provides", "refinement", "requires", "rule", "section", "selectables", "snip", "testlist" or "xref" or an element from another namespace
/home/runner/work/tls/tls/input/tls.xml:2720:262: error: element "a-component" not allowed anywhere; expected the element end-tag, text, element "_", "assignable", "choice", "comment", "componentsneeded", "ctr", "depends", "endnote", "equation", "figure", "implements", "no-link", "provides", "refinement", "requires", "rule", "section", "selectables", "snip", "testlist" or "xref" or an element from another namespace
/home/runner/work/tls/tls/input/tls.xml:2721:25: error: element "a-component" not allowed anywhere; expected the element end-tag, text, element "_", "assignable", "choice", "comment", "componentsneeded", "ctr", "depends", "endnote", "equation", "figure", "implements", "no-link", "provides", "refinement", "requires", "rule", "section", "selectables", "snip", "testlist" or "xref" or an element from another namespace
/home/runner/work/tls/tls/input/tls.xml:2724:185: error: element "a-component" not allowed anywhere; expected the element end-tag, text, element "_", "assignable", "choice", "comment", "componentsneeded", "ctr", "depends", "endnote", "equation", "figure", "implements", "no-link", "provides", "refinement", "requires", "rule", "section", "selectables", "snip", "testlist" or "xref" or an element from another namespace
/home/runner/work/tls/tls/input/tls.xml:2725:25: error: element "a-component" not allowed anywhere; expected the element end-tag, text, element "_", "assignable", "choice", "comment", "componentsneeded", "ctr", "depends", "endnote", "equation", "figure", "implements", "no-link", "provides", "refinement", "requires", "rule", "section", "selectables", "snip", "testlist" or "xref" or an element from another namespace
/home/runner/work/tls/tls/input/tls.xml:2728:183: error: element "a-component" not allowed anywhere; expected the element end-tag, text, element "_", "assignable", "choice", "comment", "componentsneeded", "ctr", "depends", "endnote", "equation", "figure", "implements", "no-link", "provides", "refinement", "requires", "rule", "section", "selectables", "snip", "testlist" or "xref" or an element from another namespace
/home/runner/work/tls/tls/input/tls.xml:2729:25: error: element "a-component" not allowed anywhere; expected the element end-tag, text, element "_", "assignable", "choice", "comment", "componentsneeded", "ctr", "depends", "endnote", "equation", "figure", "implements", "no-link", "provides", "refinement", "requires", "rule", "section", "selectables", "snip", "testlist" or "xref" or an element from another namespace
/home/runner/work/tls/tls/input/tls.xml:2732:164: error: element "a-component" not allowed anywhere; expected the element end-tag, text, element "_", "assignable", "choice", "comment", "componentsneeded", "ctr", "depends", "endnote", "equation", "figure", "implements", "no-link", "provides", "refinement", "requires", "rule", "section", "selectables", "snip", "testlist" or "xref" or an element from another namespace
/home/runner/work/tls/tls/input/tls.xml:2733:25: error: element "a-component" not allowed anywhere; expected the element end-tag, text, element "_", "assignable", "choice", "comment", "componentsneeded", "ctr", "depends", "endnote", "equation", "figure", "implements", "no-link", "provides", "refinement", "requires", "rule", "section", "selectables", "snip", "testlist" or "xref" or an element from another namespace
/home/runner/work/tls/tls/input/tls.xml:2736:197: error: element "a-component" not allowed anywhere; expected the element end-tag, text, element "_", "assignable", "choice", "comment", "componentsneeded", "ctr", "depends", "endnote", "equation", "figure", "implements", "no-link", "provides", "refinement", "requires", "rule", "section", "selectables", "snip", "testlist" or "xref" or an element from another namespace
/home/runner/work/tls/tls/input/tls.xml:2737:25: error: element "a-component" not allowed anywhere; expected the element end-tag, text, element "_", "assignable", "choice", "comment", "componentsneeded", "ctr", "depends", "endnote", "equation", "figure", "implements", "no-link", "provides", "refinement", "requires", "rule", "section", "selectables", "snip", "testlist" or "xref" or an element from another namespace
/home/runner/work/tls/tls/input/tls.xml:2740:174: error: element "a-component" not allowed anywhere; expected the element end-tag, text, element "_", "assignable", "choice", "comment", "componentsneeded", "ctr", "depends", "endnote", "equation", "figure", "implements", "no-link", "provides", "refinement", "requires", "rule", "section", "selectables", "snip", "testlist" or "xref" or an element from another namespace
/home/runner/work/tls/tls/input/tls.xml:2741:25: error: element "a-component" not allowed anywhere; expected the element end-tag, text, element "_", "assignable", "choice", "comment", "componentsneeded", "ctr", "depends", "endnote", "equation", "figure", "implements", "no-link", "provides", "refinement", "requires", "rule", "section", "selectables", "snip", "testlist" or "xref" or an element from another namespace
/home/runner/work/tls/tls/input/tls.xml:2744:150: error: element "a-component" not allowed anywhere; expected the element end-tag, text, element "_", "assignable", "choice", "comment", "componentsneeded", "ctr", "depends", "endnote", "equation", "figure", "implements", "no-link", "provides", "refinement", "requires", "rule", "section", "selectables", "snip", "testlist" or "xref" or an element from another namespace
/home/runner/work/tls/tls/input/tls.xml:2745:273: error: element "a-component" not allowed anywhere; expected the element end-tag, text, element "_", "assignable", "choice", "comment", "componentsneeded", "ctr", "depends", "endnote", "equation", "figure", "implements", "no-link", "provides", "refinement", "requires", "rule", "section", "selectables", "snip", "testlist" or "xref" or an element from another namespace
/home/runner/work/tls/tls/input/tls.xml:2748:75: error: element "a-component" not allowed anywhere; expected the element end-tag, text, element "_", "assignable", "choice", "comment", "componentsneeded", "ctr", "depends", "endnote", "equation", "figure", "implements", "no-link", "provides", "refinement", "requires", "rule", "section", "selectables", "snip", "testlist" or "xref" or an element from another namespace
/home/runner/work/tls/tls/input/tls.xml:2749:610: error: element "a-component" not allowed anywhere; expected the element end-tag, text, element "_", "assignable", "choice", "comment", "componentsneeded", "ctr", "depends", "endnote", "equation", "figure", "implements", "no-link", "provides", "refinement", "requires", "rule", "section", "selectables", "snip", "testlist" or "xref" or an element from another namespace
/home/runner/work/tls/tls/input/tls.xml:2751:132: error: element "a-component" not allowed anywhere; expected the element end-tag, text, element "_", "assignable", "choice", "comment", "componentsneeded", "ctr", "depends", "endnote", "equation", "figure", "implements", "no-link", "provides", "refinement", "requires", "rule", "section", "selectables", "snip", "testlist" or "xref" or an element from another namespace
/home/runner/work/tls/tls/input/tls.xml:2752:25: error: element "a-component" not allowed anywhere; expected the element end-tag, text, element "_", "assignable", "choice", "comment", "componentsneeded", "ctr", "depends", "endnote", "equation", "figure", "implements", "no-link", "provides", "refinement", "requires", "rule", "section", "selectables", "snip", "testlist" or "xref" or an element from another namespace
/home/runner/work/tls/tls/input/tls.xml:2755:183: error: element "a-component" not allowed anywhere; expected the element end-tag, text, element "_", "assignable", "choice", "comment", "componentsneeded", "ctr", "depends", "endnote", "equation", "figure", "implements", "no-link", "provides", "refinement", "requires", "rule", "section", "selectables", "snip", "testlist" or "xref" or an element from another namespace
/home/runner/work/tls/tls/input/tls.xml:2756:25: error: element "a-component" not allowed anywhere; expected the element end-tag, text, element "_", "assignable", "choice", "comment", "componentsneeded", "ctr", "depends", "endnote", "equation", "figure", "implements", "no-link", "provides", "refinement", "requires", "rule", "section", "selectables", "snip", "testlist" or "xref" or an element from another namespace
/home/runner/work/tls/tls/input/tls.xml:2759:131: error: element "a-component" not allowed anywhere; expected the element end-tag, text, element "_", "assignable", "choice", "comment", "componentsneeded", "ctr", "depends", "endnote", "equation", "figure", "implements", "no-link", "provides", "refinement", "requires", "rule", "section", "selectables", "snip", "testlist" or "xref" or an element from another namespace
/home/runner/work/tls/tls/input/tls.xml:2760:25: error: element "a-component" not allowed anywhere; expected the element end-tag, text, element "_", "assignable", "choice", "comment", "componentsneeded", "ctr", "depends", "endnote", "equation", "figure", "implements", "no-link", "provides", "refinement", "requires", "rule", "section", "selectables", "snip", "testlist" or "xref" or an element from another namespace
/home/runner/work/tls/tls/input/tls.xml:2763:144: error: element "a-component" not allowed anywhere; expected the element end-tag, text, element "_", "assignable", "choice", "comment", "componentsneeded", "ctr", "depends", "endnote", "equation", "figure", "implements", "no-link", "provides", "refinement", "requires", "rule", "section", "selectables", "snip", "testlist" or "xref" or an element from another namespace
/home/runner/work/tls/tls/input/tls.xml:2764:268: error: element "a-component" not allowed anywhere; expected the element end-tag, text, element "_", "assignable", "choice", "comment", "componentsneeded", "ctr", "depends", "endnote", "equation", "figure", "implements", "no-link", "provides", "refinement", "requires", "rule", "section", "selectables", "snip", "testlist" or "xref" or an element from another namespace
/home/runner/work/tls/tls/input/tls.xml:2765:25: error: element "a-component" not allowed anywhere; expected the element end-tag, text, element "_", "assignable", "choice", "comment", "componentsneeded", "ctr", "depends", "endnote", "equation", "figure", "implements", "no-link", "provides", "refinement", "requires", "rule", "section", "selectables", "snip", "testlist" or "xref" or an element from another namespace
/home/runner/work/tls/tls/input/tls.xml:2768:150: error: element "a-component" not allowed anywhere; expected the element end-tag, text, element "_", "assignable", "choice", "comment", "componentsneeded", "ctr", "depends", "endnote", "equation", "figure", "implements", "no-link", "provides", "refinement", "requires", "rule", "section", "selectables", "snip", "testlist" or "xref" or an element from another namespace
/home/runner/work/tls/tls/input/tls.xml:2769:1185: error: element "a-component" not allowed anywhere; expected the element end-tag, text, element "_", "assignable", "choice", "comment", "componentsneeded", "ctr", "depends", "endnote", "equation", "figure", "implements", "no-link", "provides", "refinement", "requires", "rule", "section", "selectables", "snip", "testlist" or "xref" or an element from another namespace
/home/runner/work/tls/tls/input/tls.xml:2775:93: error: element "a-component" not allowed anywhere; expected the element end-tag, text, element "_", "assignable", "choice", "comment", "componentsneeded", "ctr", "depends", "endnote", "equation", "figure", "implements", "no-link", "provides", "refinement", "requires", "rule", "section", "selectables", "snip", "testlist" or "xref" or an element from another namespace
/home/runner/work/tls/tls/input/tls.xml:2776:268: error: element "a-component" not allowed anywhere; expected the element end-tag, text, element "_", "assignable", "choice", "comment", "componentsneeded", "ctr", "depends", "endnote", "equation", "figure", "implements", "no-link", "provides", "refinement", "requires", "rule", "section", "selectables", "snip", "testlist" or "xref" or an element from another namespace
/home/runner/work/tls/tls/input/tls.xml:2776:354: error: element "a-component" not allowed anywhere; expected the element end-tag, text, element "_", "assignable", "choice", "comment", "componentsneeded", "ctr", "depends", "endnote", "equation", "figure", "implements", "no-link", "provides", "refinement", "requires", "rule", "section", "selectables", "snip", "testlist" or "xref" or an element from another namespace
/home/runner/work/tls/tls/input/tls.xml:2778:76: error: element "a-component" not allowed anywhere; expected the element end-tag, text, element "_", "assignable", "choice", "comment", "componentsneeded", "ctr", "depends", "endnote", "equation", "figure", "implements", "no-link", "provides", "refinement", "requires", "rule", "section", "selectables", "snip", "testlist" or "xref" or an element from another namespace
/home/runner/work/tls/tls/input/tls.xml:2779:25: error: element "a-component" not allowed anywhere; expected the element end-tag, text, element "_", "assignable", "choice", "comment", "componentsneeded", "ctr", "depends", "endnote", "equation", "figure", "implements", "no-link", "provides", "refinement", "requires", "rule", "section", "selectables", "snip", "testlist" or "xref" or an element from another namespace
/home/runner/work/tls/tls/input/tls.xml:2782:66: error: element "a-component" not allowed anywhere; expected the element end-tag, text, element "_", "assignable", "choice", "comment", "componentsneeded", "ctr", "depends", "endnote", "equation", "figure", "implements", "no-link", "provides", "refinement", "requires", "rule", "section", "selectables", "snip", "testlist" or "xref" or an element from another namespace
/home/runner/work/tls/tls/input/tls.xml:2783:25: error: element "a-component" not allowed anywhere; expected the element end-tag, text, element "_", "assignable", "choice", "comment", "componentsneeded", "ctr", "depends", "endnote", "equation", "figure", "implements", "no-link", "provides", "refinement", "requires", "rule", "section", "selectables", "snip", "testlist" or "xref" or an element from another namespace
/home/runner/work/tls/tls/input/tls.xml:2786:160: error: element "a-component" not allowed anywhere; expected the element end-tag, text, element "_", "assignable", "choice", "comment", "componentsneeded", "ctr", "depends", "endnote", "equation", "figure", "implements", "no-link", "provides", "refinement", "requires", "rule", "section", "selectables", "snip", "testlist" or "xref" or an element from another namespace
/home/runner/work/tls/tls/input/tls.xml:2787:25: error: element "a-component" not allowed anywhere; expected the element end-tag, text, element "_", "assignable", "choice", "comment", "componentsneeded", "ctr", "depends", "endnote", "equation", "figure", "implements", "no-link", "provides", "refinement", "requires", "rule", "section", "selectables", "snip", "testlist" or "xref" or an element from another namespace
/home/runner/work/tls/tls/input/tls.xml:2790:119: error: element "a-component" not allowed anywhere; expected the element end-tag, text, element "_", "assignable", "choice", "comment", "componentsneeded", "ctr", "depends", "endnote", "equation", "figure", "implements", "no-link", "provides", "refinement", "requires", "rule", "section", "selectables", "snip", "testlist" or "xref" or an element from another namespace
/home/runner/work/tls/tls/input/tls.xml:2791:2670: error: element "a-component" not allowed anywhere; expected the element end-tag, text, element "_", "assignable", "choice", "comment", "componentsneeded", "ctr", "depends", "endnote", "equation", "figure", "implements", "no-link", "provides", "refinement", "requires", "rule", "section", "selectables", "snip", "testlist" or "xref" or an element from another namespace
/home/runner/work/tls/tls/input/tls.xml:2797:80: error: element "a-component" not allowed anywhere; expected the element end-tag, text, element "_", "assignable", "choice", "comment", "componentsneeded", "ctr", "depends", "endnote", "equation", "figure", "implements", "no-link", "provides", "refinement", "requires", "rule", "section", "selectables", "snip", "testlist" or "xref" or an element from another namespace
/home/runner/work/tls/tls/input/tls.xml:2799:76: error: element "a-component" not allowed anywhere; expected the element end-tag, text, element "_", "assignable", "choice", "comment", "componentsneeded", "ctr", "depends", "endnote", "equation", "figure", "implements", "no-link", "provides", "refinement", "requires", "rule", "section", "selectables", "snip", "testlist" or "xref" or an element from another namespace
/home/runner/work/tls/tls/input/tls.xml:2800:25: error: element "a-component" not allowed anywhere; expected the element end-tag, text, element "_", "assignable", "choice", "comment", "componentsneeded", "ctr", "depends", "endnote", "equation", "figure", "implements", "no-link", "provides", "refinement", "requires", "rule", "section", "selectables", "snip", "testlist" or "xref" or an element from another namespace
/home/runner/work/tls/tls/input/tls.xml:2803:66: error: element "a-component" not allowed anywhere; expected the element end-tag, text, element "_", "assignable", "choice", "comment", "componentsneeded", "ctr", "depends", "endnote", "equation", "figure", "implements", "no-link", "provides", "refinement", "requires", "rule", "section", "selectables", "snip", "testlist" or "xref" or an element from another namespace
/home/runner/work/tls/tls/input/tls.xml:2804:25: error: element "a-component" not allowed anywhere; expected the element end-tag, text, element "_", "assignable", "choice", "comment", "componentsneeded", "ctr", "depends", "endnote", "equation", "figure", "implements", "no-link", "provides", "refinement", "requires", "rule", "section", "selectables", "snip", "testlist" or "xref" or an element from another namespace
/home/runner/work/tls/tls/input/tls.xml:2807:150: error: element "a-component" not allowed anywhere; expected the element end-tag, text, element "_", "assignable", "choice", "comment", "componentsneeded", "ctr", "depends", "endnote", "equation", "figure", "implements", "no-link", "provides", "refinement", "requires", "rule", "section", "selectables", "snip", "testlist" or "xref" or an element from another namespace
/home/runner/work/tls/tls/input/tls.xml:2808:25: error: element "a-component" not allowed anywhere; expected the element end-tag, text, element "_", "assignable", "choice", "comment", "componentsneeded", "ctr", "depends", "endnote", "equation", "figure", "implements", "no-link", "provides", "refinement", "requires", "rule", "section", "selectables", "snip", "testlist" or "xref" or an element from another namespace
/home/runner/work/tls/tls/input/tls.xml:2811:139: error: element "a-component" not allowed anywhere; expected the element end-tag, text, element "_", "assignable", "choice", "comment", "componentsneeded", "ctr", "depends", "endnote", "equation", "figure", "implements", "no-link", "provides", "refinement", "requires", "rule", "section", "selectables", "snip", "testlist" or "xref" or an element from another namespace
/home/runner/work/tls/tls/input/tls.xml:2812:168: error: element "a-component" not allowed anywhere; expected the element end-tag, text, element "_", "assignable", "choice", "comment", "componentsneeded", "ctr", "depends", "endnote", "equation", "figure", "implements", "no-link", "provides", "refinement", "requires", "rule", "section", "selectables", "snip", "testlist" or "xref" or an element from another namespace
/home/runner/work/tls/tls/input/tls.xml:2813:25: error: element "a-component" not allowed anywhere; expected the element end-tag, text, element "_", "assignable", "choice", "comment", "componentsneeded", "ctr", "depends", "endnote", "equation", "figure", "implements", "no-link", "provides", "refinement", "requires", "rule", "section", "selectables", "snip", "testlist" or "xref" or an element from another namespace
/home/runner/work/tls/tls/input/tls.xml:2816:237: error: element "a-component" not allowed anywhere; expected the element end-tag, text, element "_", "assignable", "choice", "comment", "componentsneeded", "ctr", "depends", "endnote", "equation", "figure", "implements", "no-link", "provides", "refinement", "requires", "rule", "section", "selectables", "snip", "testlist" or "xref" or an element from another namespace
/home/runner/work/tls/tls/input/tls.xml:2817:1082: error: element "a-component" not allowed anywhere; expected the element end-tag, text, element "_", "assignable", "choice", "comment", "componentsneeded", "ctr", "depends", "endnote", "equation", "figure", "implements", "no-link", "provides", "refinement", "requires", "rule", "section", "selectables", "snip", "testlist" or "xref" or an element from another namespace
/home/runner/work/tls/tls/input/tls.xml:2822:31: error: element "a-component" not allowed anywhere; expected the element end-tag, text, element "_", "assignable", "choice", "comment", "componentsneeded", "ctr", "depends", "endnote", "equation", "figure", "implements", "no-link", "provides", "refinement", "requires", "rule", "section", "selectables", "snip", "testlist" or "xref" or an element from another namespace
/home/runner/work/tls/tls/input/tls.xml:2823:2146: error: element "a-component" not allowed anywhere; expected the element end-tag, text, element "_", "assignable", "choice", "comment", "componentsneeded", "ctr", "depends", "endnote", "equation", "figure", "implements", "no-link", "provides", "refinement", "requires", "rule", "section", "selectables", "snip", "testlist" or "xref" or an element from another namespace
/home/runner/work/tls/tls/input/tls.xml:2824:2862: error: element "a-component" not allowed anywhere; expected the element end-tag, text, element "_", "assignable", "choice", "comment", "componentsneeded", "ctr", "depends", "endnote", "equation", "figure", "implements", "no-link", "provides", "refinement", "requires", "rule", "section", "selectables", "snip", "testlist" or "xref" or an element from another namespace
/home/runner/work/tls/tls/input/tls.xml:2825:10111: error: element "a-component" not allowed anywhere; expected the element end-tag, text, element "_", "assignable", "choice", "comment", "componentsneeded", "ctr", "depends", "endnote", "equation", "figure", "implements", "no-link", "provides", "refinement", "requires", "rule", "section", "selectables", "snip", "testlist" or "xref" or an element from another namespace
/home/runner/work/tls/tls/input/tls.xml:2833:18: error: element "a-component" not allowed anywhere; expected the element end-tag, text, element "_", "assignable", "choice", "comment", "componentsneeded", "ctr", "depends", "endnote", "equation", "figure", "implements", "no-link", "provides", "refinement", "requires", "rule", "section", "selectables", "snip", "testlist" or "xref" or an element from another namespace
